0 0
1 0
2 0
3 0
4 0
5 0
6 0
7 0
8 0
9 0
10 0
11 0
12 0
13 0
14 0
15 0
16 0
17 0
18 0
19 0
20 0
21 0
22 0
23 0
24 0
25 0
26 0
27 0
28 0
29 0
30 0
31 0
32 0
33 0
34 0
35 0
36 0
37 0
38 0
39 0
40 0
41 0
42 0
43 0
44 0
45 0
46 0
47 0
48 0
49 0
50 0
51 0
52 0
53 0
54 0
55 0
56 0
57 0
58 0
59 0
60 26732950
61 9121
62 407195
63 5170
64 5196
65 179926
66 9106439
67 17139
68 156325
69 123233
70 48950
71 49698
72 81555
73 16814
74 890377
75 19152
76 15829
77 78338
78 399992
79 28709
80 10993
81 39860
82 79732
83 7129
84 9486
85 67178
86 105554
87 15482
88 61496
89 8084
90 60925
91 5135
92 7870
93 7777
94 116669
95 19369
96 10748
97 8094
98 46097
99 28933
100 5606
101 7129
102 83672
103 87753
104 7451
105 7403
106 182297
107 183594
108 4026
109 4665
110 13921
111 10660
112 9355
113 4792
114 12386
115 5268
116 5064
117 3131
118 74672
119 8216
120 18601
121 5660
122 29138
123 3240
124 18733
125 11808
126 9763
127 4993
128 12823
129 3438
130 5501
131 7605
132 6169
133 4728
134 24190
135 5250
136 3211
137 6950
138 7250
139 2661
140 5816
141 13908
142 3138
143 3854
144 5404
145 3210
146 7375
147 3853
148 10529
149 29776
150 39436
151 3872
152 4224
153 3851
154 6403
155 9864
156 7691
157 3920
158 18105
159 9087
160 10044
161 5223
162 2821
163 3175
164 3231
165 3181
166 5291
167 3634
168 2418
169 2625
170 3388
171 2108
172 1814
173 6045
174 3056
175 2282
176 2010
177 2638
178 5181
179 3970
180 3680
181 3609
182 2286
183 3662
184 3649
185 2144
186 2335
187 2031
188 2657
189 1572
190 4490
191 3285
192 1700
193 2323
194 3375
195 3860
196 2876
197 1744
198 1894
199 5285
200 2658
201 2052
202 2798
203 2403
204 8229
205 2840
206 5272
207 5925
208 2627
209 3158
210 7014
211 3631
212 2224
213 3318
214 1815
215 2748
216 3536
217 2541
218 24121
219 5978
220 1942
221 8424
222 3371
223 1797
224 19034
225 4518
226 4542
227 2829
228 2317
229 1361
230 2983
231 4437
232 10864
233 1910
234 3746
235 2006
236 3455
237 5278
238 2840
239 1847
240 2752
241 2630
242 1941
243 2125
244 2388
245 1353
246 493017
247 6557
248 1193
249 1885
250 2311
251 1559
252 2947
253 4405
254 1747
255 1921
256 1038
257 2900
258 5289
259 1868
260 6933
261 1615
262 3040
263 1645
264 2904
265 18840
266 5130
267 2331
268 1714
269 2195
270 1260
271 1194
272 2233
273 2987
274 2595
275 5351
276 1919
277 1416
278 3758
279 2200
280 2693
281 1508
282 2755
283 1486
284 2262
285 1376
286 2699
287 3212
288 965
289 1250
290 2065
291 3675
292 3307
293 1649
294 7568
295 1214
296 1682
297 3920
298 9240
299 16598
300 8181
301 3836
302 1947
303 2225
304 2967
305 2046
306 8165
307 1477
308 2417
309 3772
310 148224
311 5558
312 2141
313 1815
314 2410
315 1923
316 2087
317 2557
318 2282
319 1905
320 2217
321 1332
322 1891
323 1640
324 2336
325 2757
326 3057
327 6776
328 4661
329 7007
330 6584
331 3207
332 1411
333 922
334 1434
335 2723
336 11897
337 10626
338 9768
339 4606
340 1612
341 33764
342 4744
343 2776
344 2063
345 2445
346 4034
347 7414
348 8269
349 6760
350 2934
351 2564
352 3453
353 4284
354 8805
355 4119
356 5005
357 2572
358 97155
359 84486
360 67459
361 64109
362 60756
363 26080
364 2020
365 1285
366 2819
367 2120
368 1328
369 1086
370 1838
371 9635
372 15850
373 8454
374 8481
375 5244
376 2745
377 11849
378 7426
379 2626
380 2061
381 2296
382 3605
383 31096
384 16738
385 9404
386 6319
387 4734
388 7434
389 2215
390 3801
391 3315
392 3498
393 5245
394 2084
395 2475
396 1772
397 5872
398 2552
399 1476
400 2786
401 3062
402 4141
403 4418
404 5501
405 4916
406 3939
407 4339
408 1908
409 17775
410 1840
411 3623
412 1859
413 7546
414 4593
415 5237
416 1712
417 5234
418 2913
419 7123
420 1578
421 10877
422 2052
423 42058
424 2935
425 10375
426 2233
427 9284
428 2076
429 4728
430 2034
431 5607
432 2276
433 4226
434 1468
435 3343
436 2438
437 3445
438 14813
439 6668
440 84869
441 4937
442 2418
443 4982
444 5364
445 14030
446 4065
447 4922
448 2425
449 3655
450 2514
451 4139
452 3577
453 4623
454 2406
455 4083
456 2540
457 3325
458 4574
459 2478
460 2043
461 2964
462 2191
463 3490
464 1874
465 16295
466 2044
467 3057
468 2368
469 2584
470 4105
471 2934
472 2639
473 4840
474 2720
475 3700
476 2293
477 3526
478 2635
479 4270
480 13297
481 4237
482 5215
483 3613
484 4955
485 5281
486 2753
487 6310
488 3300
489 3703
490 3362
491 3324
492 3548
493 2549
494 2863
495 3459
496 4694
497 3171
498 4198
499 61744
500 3363
501 2926
502 7071
503 3861
504 3352
505 3111
506 5191
507 26319
508 3619
509 4686
510 6985
511 8785
512 4177
513 3343
514 3810
515 4492
516 4502
517 4830
518 5573
519 6028
520 3789
521 4485
522 5637
523 4830
524 4383
525 4587
526 2975
527 8074
528 3094
529 2598
530 4155
531 5002
532 3092
533 4928
534 5522
535 3655
536 2631
537 3384
538 2635
539 3674
540 3037
541 3131
542 3250
543 3979
544 2767
545 3806
546 4290
547 3879
548 3752
549 2918
550 3424
551 3119
552 3846
553 5536
554 6046
555 4435
556 3551
557 3618
558 3628
559 4882
560 8665
561 9587
562 4686
563 3255
564 4358
565 3107
566 4796
567 3510
568 3521
569 7067
570 4289
571 3671
572 3744
573 3008
574 3363
575 36414
576 3888
577 4001
578 3078
579 2481
580 2725
581 2756
582 2658
583 2867
584 2496
585 3550
586 3507
587 2645
588 2186
589 3682
590 170045
591 5680
592 4051
593 3452
594 3569
595 3062
596 2463
597 3192
598 3434
599 8189
600 2829
601 3904
602 4242
603 3906
604 3179
605 2998
606 4411
607 3459
608 4594
609 5800
610 5213
611 3806
612 4681
613 3241
614 3718
615 8475
616 2639
617 2882
618 3739
619 3258
620 2990
621 2686
622 3340
623 2253
624 2890
625 3118
626 4296
627 4906
628 4268
629 3150
630 3338
631 2512
632 2599
633 2070
634 3087
635 3154
636 4355
637 3126
638 3208
639 2362
640 2440
641 2507
642 3296
643 9896
644 2120
645 2073
646 2986
647 2948
648 2517
649 2696
650 2447
651 1921
652 1788
653 2695
654 2988
655 3465
656 2013
657 2302
658 2409
659 2386
660 2525
661 3009
662 3535
663 1968
664 2799
665 2267
666 2714
667 3510
668 2319
669 2933
670 3201
671 2989
672 2291
673 2755
674 3003
675 1569
676 1969
677 1683
678 2355
679 2020
680 2362
681 1752
682 2040
683 1969
684 2232
685 1688
686 1699
687 1719
688 1736
689 1890
690 2209
691 25138
692 1896
693 1868
694 2611
695 1960
696 1897
697 1734
698 2186
699 1887
700 1829
701 2837
702 5968
703 3079
704 1720
705 2044
706 2057
707 2502
708 1421
709 1785
710 2805
711 1961
712 1568
713 1803
714 7658
715 1524
716 2733
717 1819
718 1996
719 2132
720 3760
721 1742
722 1604
723 1284
724 1415
725 1262
726 2009
727 1743
728 1744
729 2428
730 1600
731 1418
732 1444
733 1728
734 1349
735 2063
736 1550
737 1838
738 1699
739 2116
740 1088
741 2344
742 1503
743 2066
744 1040
745 1792
746 5497
747 3308
748 1488
749 1636
750 4432
751 1379
752 7066
753 2239
754 2120
755 1552
756 1509
757 1400
758 2299
759 2002
760 1590
761 6050
762 2623
763 2623
764 24305
765 2110
766 2351
767 1900
768 1436
769 1845
770 4888
771 1534
772 983
773 2882
774 2347
775 1466
776 903
777 1725
778 2535
779 1370
780 1776
781 1358
782 3179
783 1333
784 974
785 1145
786 3342
787 2164
788 1680
789 1023
790 2080
791 1185
792 1758
793 1140
794 2279
795 1367
796 946
797 1325
798 2192
799 1253
800 1423
801 1301
802 1785
803 1082
804 1662
805 1327
806 1618
807 794
808 1005
809 1596
810 1575
811 1286
812 864
813 1752
814 4430
815 958
816 855
817 1351
818 1626
819 1824
820 2891
821 815
822 1312
823 1254
824 1129
825 1089
826 2024
827 815
828 852
829 1102
830 1958
831 1509
832 1325
833 2875
834 1248
835 797
836 764
837 1198
838 1105
839 1627
840 2567
841 3990
842 5793
843 3681
844 14689
845 1430
846 2242
847 696
848 1190
849 768
850 2533
851 2665
852 1016
853 749
854 1406
855 1187
856 733
857 820
858 1727
859 1364
860 651
861 734
862 6444
863 889
864 980
865 1777
866 1264
867 1024
868 1783
869 1179
870 679
871 851
872 457
873 1509
874 1332
875 965
876 24256
877 1049
878 902
879 35703
880 467
881 1130
882 677
883 677
884 684
885 862
886 1372
887 773
888 717
889 1179
890 799
891 16329
892 1399
893 1634
894 868
895 778
896 1033
897 891
898 1799
899 722
900 988
901 631
902 1015
903 473
904 2147
905 777
906 1970
907 965
908 1471
909 788
910 787
911 11942
912 467
913 835
914 10158
915 1709
916 734
917 684
918 868
919 822
920 888
921 5811
922 1088
923 1438
924 874
925 1189
926 548
927 454
928 592
929 914
930 1375
931 571
932 7766
933 1295
934 972
935 953
936 1257
937 817
938 1037
939 638
940 663
941 637
942 568
943 528
944 614
945 1040
946 3782
947 540
948 550
949 650
950 731
951 531
952 474
953 1087
954 1138
955 562
956 459
957 917
958 813
959 409
960 457
961 1006
962 535
963 540
964 1366
965 1388
966 552
967 790
968 660
969 1000
970 610
971 542
972 484
973 1105
974 1483
975 756
976 623
977 1102
978 1244
979 883
980 579
981 1333
982 595
983 3710
984 986
985 1177
986 2009
987 6028
988 409
989 1303
990 691
991 1190
992 741
993 2036
994 643
995 1666
996 547
997 813
998 568
999 694
1000 1492
1001 1161
1002 786
1003 373
1004 610
1005 556
1006 700
1007 1130
1008 946
1009 795
1010 571
1011 609
1012 824
1013 984
1014 552
1015 598
1016 1407
1017 720
1018 2095
1019 1325
1020 965
1021 740
1022 983
1023 1298
1024 624
1025 630
1026 944
1027 720
1028 406
1029 2152
1030 1457
1031 1442
1032 1241
1033 1265
1034 1607
1035 653
1036 646
1037 1121
1038 1643
1039 436
1040 504
1041 586
1042 1115
1043 995
1044 918
1045 617
1046 2355
1047 694
1048 952
1049 541
1050 2667
1051 713
1052 1050
1053 1038
1054 1081
1055 898
1056 471
1057 8420
1058 1434
1059 571
1060 486
1061 579
1062 571
1063 445
1064 438
1065 409
1066 642
1067 541
1068 645
1069 528
1070 679
1071 978
1072 869
1073 478
1074 833
1075 695
1076 716
1077 726
1078 521
1079 409
1080 923
1081 479
1082 1415
1083 13338
1084 1020
1085 337
1086 925
1087 1437
1088 595
1089 325
1090 1036
1091 532
1092 9854
1093 515
1094 621
1095 1380
1096 818
1097 429
1098 726
1099 477
1100 449
1101 379
1102 499
1103 504
1104 555
1105 1084
1106 575
1107 612
1108 823
1109 510
1110 752
1111 696
1112 431
1113 519
1114 1113
1115 400
1116 684
1117 1015
1118 816
1119 904
1120 459
1121 2404
1122 506
1123 359
1124 455
1125 457
1126 1178
1127 659
1128 742
1129 335
1130 818
1131 974
1132 645
1133 642
1134 798
1135 880
1136 556
1137 532
1138 1046
1139 949
1140 18180
1141 840
1142 1089
1143 1710
1144 852
1145 941
1146 774
1147 1073
1148 1501
1149 828
1150 723
1151 972
1152 1455
1153 685
1154 1049
1155 775
1156 570
1157 793
1158 944
1159 3031
1160 3256
1161 790
1162 3325
1163 2648
1164 1633
1165 1726
1166 4060
1167 2433
1168 1235
1169 1418
1170 997
1171 792
1172 774
1173 869
1174 1513
1175 5072
1176 882
1177 984
1178 1432
1179 1633
1180 1592
1181 1306
1182 1456
1183 1242
1184 3007
1185 6307
1186 19034
1187 2448
1188 1727
1189 9583
1190 2111
1191 2013
1192 871
1193 1299
1194 2782
1195 1045
1196 1616
1197 2438
1198 1141
1199 1686
1200 1096
1201 1255
1202 2907
1203 825
1204 1470
1205 1731
1206 1964
1207 1445
1208 1435
1209 750
1210 916
1211 1038
1212 1465
1213 1779
1214 1585
1215 1202
1216 1134
1217 1116
1218 1727
1219 1860
1220 4746
1221 1535
1222 1636
1223 1134
1224 1085
1225 1211
1226 1851
1227 3298
1228 1289
1229 1641
1230 7116
1231 2362
1232 1076
1233 1286
1234 2398
1235 1190
1236 1908
1237 1398
1238 1455
1239 1377
1240 1572
1241 1568
1242 1469
1243 1335
1244 1261
1245 1261
1246 1835
1247 1089
1248 884
1249 1465
1250 2099
1251 1753
1252 3241
1253 1834
1254 3493
1255 1671
1256 1955
1257 980
1258 1088
1259 2273
1260 2029
1261 924
1262 1728
1263 1144
1264 1397
1265 1558
1266 4236
1267 2805
1268 1145
1269 911
1270 2892
1271 1692
1272 1174
1273 866
1274 1557
1275 4581
1276 2307
1277 2504
1278 1337
1279 5814
1280 1936
1281 1464
1282 1521
1283 2264
1284 2660
1285 2804
1286 3403
1287 3059
1288 1815
1289 1621
1290 1421
1291 2324
1292 925
1293 1509
1294 8448
1295 1083
1296 1830
1297 7665
1298 1279
1299 1048
1300 1752
1301 4835
1302 1520
1303 3681
1304 797
1305 936
1306 2836
1307 1142
1308 1174
1309 1313
1310 1454
1311 1574
1312 1097
1313 897
1314 52322
1315 2868
1316 1075
1317 2280
1318 1147
1319 1797
1320 1073
1321 1419
1322 1406
1323 1463
1324 1671
1325 813
1326 1050
1327 4067
1328 1414
1329 1771
1330 1588
1331 1396
1332 4385
1333 2333
1334 1332
1335 1712
1336 1025
1337 855
1338 1706
1339 1471
1340 1228
1341 2269
1342 3883
1343 1165
1344 924
1345 1268
1346 2397
1347 2881
1348 864
1349 4463
1350 6884
1351 1475
1352 2093
1353 2520
1354 27329
1355 1273
1356 4723
1357 3767
1358 2347
1359 3669
1360 5133
1361 1174
1362 1912
1363 5914
1364 2888
1365 779
1366 1359
1367 751
1368 1289
1369 871
1370 1841
1371 995
1372 1720
1373 1120
1374 13153
1375 3501
1376 6145
1377 2006
1378 2641
1379 2533
1380 6899
1381 1113
1382 781
1383 1320
1384 2514
1385 1812
1386 3599
1387 727
1388 5015
1389 1492
1390 4144
1391 1409
1392 4793
1393 1054
1394 4395
1395 1288
1396 2416
1397 923
1398 1149
1399 1347
1400 1703
1401 1086
1402 1402
1403 1684
1404 6813
1405 1938
1406 3847
1407 1697
1408 3349
1409 3008
1410 2845
1411 1194
1412 2467
1413 753
1414 325432
1415 1030
1416 1621
1417 3293
1418 2680
1419 2273
1420 897
1421 1021
1422 7331
1423 976
1424 15477
1425 904
1426 43310
1427 3530
1428 723
1429 1287
1430 1963
1431 796
1432 1019
1433 954
1434 1293716
1435 2744
1436 6013
1437 1746
1438 2053
1439 903
1440 32135
1441 1544
1442 1562698
1443 719
1444 9905
1445 793
1446 9983
1447 1088
1448 7703
1449 654
1450 1998
1451 765
1452 21472
1453 1074
1454 3255624
1455 2343
1456 6056
1457 2306
1458 3731
1459 1606
1460 1361
1461 866
1462 35581
1463 1541
1464 3535903
1465 1613
1466 117689
1467 2333
1468 647020
1469 924
1470 8898
1471 1197
1472 10108
1473 1439
1474 90939
1475 702
1476 2649
1477 681
1478 1826
1479 3770
1480 2917
1481 1610
1482 9327
1483 998
1484 329981
1485 727
1486 4764
1487 1783
1488 854
1489 2368
1490 3794
1491 2627
1492 2031
1493 868
1494 241770
1495 910
1496 7725
1497 584
1498 8820
1499 2131
1500 2360
1501 699
1502 13564
1503 1507
1504 2869
1505 1882
1506 1344596
1507 1201
1508 2899
1509 1009
1510 270032
1511 799
1512 8620
1513 4221
1514 47547419
1515 0
1516 0
1517 0
1518 0
1519 0
1520 0
1521 0
1522 0
1523 0
1524 0
1525 0
1526 0
1527 0
1528 0
1529 0
1530 0
1531 0
1532 0
1533 0
1534 0
1535 0
1536 0
1537 0
1538 0
1539 0
1540 0
1541 0
1542 0
1543 0
1544 0
1545 0
1546 0
1547 0
1548 0
1549 0
1550 0
1551 0
1552 0
1553 0
1554 0
1555 0
1556 0
1557 0
1558 0
1559 0
1560 0
1561 0
1562 0
1563 0
1564 0
1565 0
1566 0
1567 0
1568 0
1569 0
1570 0
1571 0
1572 0
1573 0
1574 0
1575 0
1576 0
1577 0
1578 0
1579 0
1580 0
1581 0
1582 0
1583 0
1584 0
1585 0
1586 0
1587 0
1588 0
1589 0
1590 0
1591 0
1592 0
1593 0
1594 0
1595 0
1596 0
1597 0
1598 0
1599 0
