0 0
1 0
2 0
3 0
4 0
5 0
6 0
7 0
8 0
9 0
10 0
11 0
12 0
13 0
14 0
15 0
16 0
17 0
18 0
19 0
20 0
21 0
22 0
23 0
24 0
25 0
26 0
27 0
28 0
29 0
30 0
31 0
32 0
33 0
34 0
35 0
36 0
37 0
38 0
39 0
40 0
41 0
42 0
43 0
44 0
45 0
46 0
47 0
48 0
49 0
50 0
51 0
52 0
53 0
54 0
55 0
56 0
57 0
58 0
59 0
60 23534604
61 13400
62 365048
63 7765
64 5194
65 164148
66 8527264
67 18327
68 140383
69 111814
70 33132
71 46105
72 63651
73 27629
74 778345
75 61504
76 20022
77 79908
78 372611
79 67060
80 17509
81 241075
82 72698
83 3561
84 4573
85 58724
86 90365
87 25370
88 56609
89 10086
90 65321
91 3621
92 42218
93 11886
94 104301
95 16733
96 34735
97 8002
98 44328
99 14147
100 25261
101 17554
102 79197
103 78726
104 3692
105 5975
106 162604
107 164693
108 4017
109 26599
110 19404
111 54886
112 8052
113 5591
114 10832
115 3745
116 5692
117 2988
118 39083
119 9952
120 30763
121 35229
122 20791
123 7086
124 11845
125 12799
126 12739
127 4753
128 9305
129 15776
130 3721
131 8157
132 5800
133 4605
134 23682
135 4291
136 3188
137 6989
138 4650
139 4772
140 5671
141 26231
142 3020
143 24563
144 3313
145 3906
146 6091
147 3542
148 8718
149 34937
150 33617
151 3286
152 2836
153 2669
154 3954
155 8757
156 9211
157 6646
158 16603
159 7839
160 13898
161 4973
162 3153
163 6757
164 2630
165 2864
166 55545
167 3291
168 2309
169 2075
170 30319
171 2655
172 2028
173 4312
174 3132
175 2168
176 1948
177 2746
178 4207
179 3898
180 16081
181 4740
182 53615
183 1811
184 2959
185 2184
186 6170
187 1662
188 2285
189 3193
190 30483
191 1894
192 1638
193 2070
194 3343
195 1710
196 1513
197 2746
198 2910
199 4411
200 3202
201 2737
202 7350
203 2114
204 6271
205 2148
206 9597
207 5011
208 2288
209 2970
210 4459
211 3389
212 1872
213 2711
214 4261
215 2074
216 3025
217 2238
218 23166
219 4203
220 1957
221 7377
222 2745
223 2133
224 15701
225 4458
226 4388
227 2480
228 9891
229 1147
230 2493
231 4120
232 9913
233 1601
234 3802
235 1627
236 2704
237 4652
238 1835
239 1635
240 2196
241 2330
242 2551
243 5817
244 4469
245 4901
246 1504
247 5708
248 1299
249 2008
250 3037
251 1822
252 2608
253 3802
254 1428
255 1844
256 939
257 2499
258 4843
259 2090
260 4327
261 1466
262 3792
263 1530
264 2345
265 20046
266 4679
267 2092
268 1713
269 6641
270 1217
271 1129
272 1896
273 2578
274 1938
275 3190
276 1724
277 1296
278 2642
279 1936
280 2289
281 1185
282 2229
283 1475
284 2055
285 1473
286 2198
287 2720
288 1042
289 1063
290 1293
291 3121
292 3160
293 1410
294 2652
295 1079
296 1470
297 3559
298 12523
299 13535
300 6884
301 2991
302 1902
303 1660
304 1856
305 1370
306 6930
307 743
308 1855
309 976
310 1552
311 3936
312 1397
313 774
314 1538
315 973
316 1901
317 1626
318 2767
319 1293
320 1769
321 879
322 1304
323 1054
324 1579
325 1814
326 2352
327 5865
328 4367
329 6955
330 10309
331 3494
332 1299
333 1024
334 1511
335 2015
336 10154
337 9383
338 8126
339 4237
340 1001
341 29414
342 3576
343 1497
344 1105
345 1260
346 2662
347 6193
348 7028
349 5654
350 2700
351 3013
352 2713
353 3161
354 3373
355 3535
356 4438
357 2295
358 84003
359 73057
360 59223
361 56843
362 53373
363 23282
364 1688
365 1195
366 1967
367 2043
368 1201
369 1132
370 1646
371 8252
372 14395
373 7587
374 7135
375 4779
376 2399
377 11358
378 6503
379 2403
380 1850
381 2172
382 2835
383 28462
384 14173
385 10129
386 5683
387 4373
388 6977
389 2039
390 3335
391 3134
392 3267
393 4958
394 2134
395 2262
396 1627
397 5016
398 1878
399 1274
400 2505
401 2729
402 3647
403 4084
404 4906
405 3609
406 3817
407 4694
408 1871
409 16164
410 2066
411 3734
412 1440
413 7268
414 1438
415 5290
416 1598
417 5064
418 2489
419 9991
420 1514
421 10137
422 1736
423 37547
424 2331
425 8657
426 2032
427 8042
428 1896
429 4488
430 1440
431 5021
432 1933
433 3877
434 1696
435 2921
436 2129
437 3170
438 1940
439 5920
440 75895
441 4337
442 2163
443 4431
444 4339
445 12533
446 3818
447 4041
448 2016
449 3351
450 2106
451 3771
452 3071
453 3964
454 2097
455 3247
456 2344
457 3091
458 4134
459 2280
460 1872
461 2658
462 1792
463 3002
464 1611
465 14223
466 1788
467 2583
468 2374
469 2411
470 2538
471 2672
472 2249
473 2731
474 2329
475 3411
476 2099
477 3159
478 2548
479 3956
480 11857
481 3840
482 4942
483 3258
484 5456
485 4536
486 2638
487 3658
488 2753
489 3232
490 2810
491 3129
492 3327
493 2417
494 4860
495 3124
496 4319
497 3682
498 4191
499 55167
500 2992
501 3192
502 3506
503 3608
504 3301
505 2968
506 4864
507 29334
508 3273
509 4215
510 6271
511 7677
512 3713
513 2903
514 3465
515 4104
516 4253
517 4350
518 4874
519 5092
520 3319
521 3911
522 4693
523 4401
524 4060
525 4214
526 2490
527 7041
528 2732
529 2531
530 3930
531 4508
532 2728
533 4367
534 4906
535 3416
536 2785
537 2959
538 3151
539 3646
540 2863
541 2959
542 2799
543 3238
544 2673
545 3281
546 4247
547 3467
548 3390
549 2615
550 2998
551 2843
552 3259
553 5147
554 5658
555 4009
556 3561
557 3614
558 3203
559 4656
560 7850
561 9303
562 4400
563 2783
564 3350
565 2651
566 3328
567 3351
568 3576
569 6555
570 3328
571 3277
572 3296
573 2812
574 3007
575 32093
576 3595
577 3890
578 3121
579 2230
580 2412
581 2484
582 2285
583 2629
584 2321
585 3269
586 3172
587 2351
588 1886
589 3245
590 171249
591 5075
592 3857
593 3285
594 3263
595 2990
596 2255
597 2843
598 3229
599 6887
600 2532
601 3469
602 4109
603 3350
604 2856
605 2735
606 5084
607 3199
608 4176
609 5099
610 4620
611 3543
612 4295
613 2917
614 3258
615 2719
616 2608
617 2619
618 3468
619 2960
620 2719
621 11781
622 3191
623 2271
624 2742
625 2798
626 4003
627 4311
628 3842
629 2745
630 2733
631 2105
632 2243
633 1711
634 2806
635 2758
636 3720
637 2887
638 2811
639 2010
640 2581
641 2361
642 3677
643 2331
644 1971
645 1824
646 2619
647 2507
648 2392
649 3000
650 2287
651 5772
652 1855
653 7844
654 2690
655 2285
656 1966
657 4810
658 2152
659 2033
660 2298
661 2630
662 3302
663 2303
664 2461
665 2009
666 2589
667 3255
668 2224
669 2664
670 2810
671 1950
672 2131
673 2557
674 2761
675 1529
676 1691
677 1599
678 2161
679 1831
680 2134
681 1626
682 1995
683 1927
684 2004
685 1817
686 1679
687 1490
688 1731
689 1564
690 2170
691 22766
692 1691
693 1683
694 2030
695 1733
696 1787
697 1515
698 2070
699 1647
700 1746
701 2414
702 4218
703 2681
704 1660
705 1937
706 2007
707 2392
708 1348
709 1565
710 1886
711 1872
712 1397
713 1789
714 7445
715 1412
716 2491
717 1744
718 1773
719 2084
720 3295
721 1586
722 1365
723 1269
724 1295
725 1205
726 1932
727 1520
728 1537
729 2112
730 1607
731 1266
732 1339
733 1490
734 1248
735 2518
736 1356
737 1581
738 1788
739 1790
740 933
741 2119
742 1358
743 1966
744 992
745 1550
746 3936
747 3089
748 1223
749 1484
750 3875
751 1204
752 6272
753 2238
754 2289
755 1590
756 1258
757 1264
758 1977
759 1932
760 1436
761 5716
762 2341
763 2341
764 11892
765 1777
766 2320
767 1736
768 1442
769 2244
770 4470
771 1929
772 881
773 2443
774 2104
775 1651
776 904
777 2370
778 2627
779 1407
780 1603
781 1453
782 3066
783 1430
784 1012
785 1248
786 3163
787 2281
788 1509
789 1175
790 2177
791 1134
792 1205
793 916
794 1921
795 1105
796 814
797 1828
798 2120
799 1176
800 1300
801 1432
802 1693
803 1287
804 1498
805 1673
806 1507
807 1089
808 934
809 1784
810 1540
811 2014
812 786
813 1920
814 3188
815 1358
816 1107
817 1861
818 1596
819 2235
820 2723
821 1075
822 1235
823 1586
824 1000
825 1937
826 1981
827 1204
828 778
829 1343
830 1758
831 2171
832 1234
833 2686
834 1146
835 992
836 983
837 1384
838 1175
839 1227
840 2146
841 3956
842 6254
843 3531
844 13232
845 1432
846 2311
847 701
848 1103
849 815
850 2736
851 2400
852 995
853 720
854 1231
855 1063
856 637
857 753
858 1606
859 1190
860 582
861 655
862 5701
863 752
864 982
865 1526
866 1291
867 953
868 1667
869 1064
870 570
871 506
872 492
873 1393
874 1212
875 914
876 21850
877 1024
878 785
879 31598
880 461
881 986
882 724
883 756
884 612
885 784
886 1196
887 852
888 788
889 1071
890 858
891 14466
892 531
893 1383
894 846
895 726
896 896
897 856
898 1560
899 614
900 848
901 594
902 718
903 538
904 1569
905 1115
906 1827
907 793
908 1407
909 767
910 772
911 10594
912 480
913 775
914 9364
915 1584
916 707
917 555
918 754
919 749
920 827
921 4996
922 1021
923 778
924 761
925 496
926 540
927 399
928 588
929 812
930 1131
931 496
932 492
933 1138
934 899
935 880
936 1124
937 672
938 950
939 609
940 631
941 530
942 1129
943 486
944 572
945 957
946 3659
947 471
948 486
949 620
950 703
951 590
952 443
953 1297
954 1042
955 816
956 416
957 2472
958 733
959 629
960 364
961 1003
962 1149
963 477
964 666
965 1356
966 480
967 956
968 608
969 936
970 617
971 440
972 437
973 986
974 1064
975 717
976 536
977 969
978 1221
979 801
980 519
981 1142
982 513
983 3290
984 866
985 1031
986 1702
987 5373
988 324
989 1160
990 572
991 1106
992 625
993 1830
994 611
995 1468
996 491
997 700
998 547
999 712
1000 1495
1001 1032
1002 803
1003 360
1004 578
1005 534
1006 635
1007 1027
1008 839
1009 744
1010 609
1011 529
1012 775
1013 1030
1014 1294
1015 529
1016 1291
1017 591
1018 1563
1019 1024
1020 687
1021 602
1022 1005
1023 1208
1024 597
1025 551
1026 971
1027 608
1028 402
1029 727
1030 398
1031 689
1032 799
1033 555
1034 1286
1035 413
1036 463
1037 866
1038 1315
1039 385
1040 404
1041 474
1042 812
1043 843
1044 776
1045 520
1046 2025
1047 502
1048 739
1049 434
1050 2425
1051 558
1052 825
1053 923
1054 953
1055 761
1056 344
1057 4744
1058 1723
1059 512
1060 406
1061 622
1062 553
1063 776
1064 388
1065 1928
1066 558
1067 1668
1068 620
1069 616
1070 503
1071 826
1072 673
1073 373
1074 763
1075 510
1076 657
1077 616
1078 480
1079 397
1080 832
1081 401
1082 702
1083 495
1084 872
1085 339
1086 826
1087 1395
1088 530
1089 290
1090 938
1091 432
1092 8071
1093 536
1094 509
1095 1232
1096 704
1097 391
1098 668
1099 519
1100 430
1101 531
1102 480
1103 485
1104 493
1105 1091
1106 489
1107 468
1108 745
1109 479
1110 658
1111 665
1112 409
1113 480
1114 1722
1115 674
1116 652
1117 967
1118 635
1119 829
1120 430
1121 2210
1122 984
1123 369
1124 424
1125 381
1126 1011
1127 650
1128 657
1129 337
1130 781
1131 874
1132 462
1133 636
1134 924
1135 987
1136 602
1137 591
1138 676
1139 762
1140 16590
1141 826
1142 995
1143 1550
1144 671
1145 927
1146 768
1147 961
1148 1279
1149 742
1150 804
1151 948
1152 1335
1153 744
1154 999
1155 467
1156 451
1157 756
1158 1152
1159 2674
1160 2844
1161 558
1162 2072
1163 793
1164 533
1165 1116
1166 2489
1167 1266
1168 737
1169 1052
1170 806
1171 477
1172 593
1173 528
1174 1216
1175 4215
1176 703
1177 762
1178 1401
1179 1093
1180 1405
1181 1023
1182 1237
1183 838
1184 1644
1185 5394
1186 16679
1187 2106
1188 1509
1189 8439
1190 1720
1191 1717
1192 765
1193 1064
1194 2456
1195 860
1196 1333
1197 2240
1198 728
1199 1342
1200 917
1201 1195
1202 2615
1203 786
1204 1285
1205 1526
1206 1722
1207 1183
1208 1290
1209 758
1210 782
1211 847
1212 1295
1213 1455
1214 1366
1215 861
1216 995
1217 1377
1218 1685
1219 1604
1220 4470
1221 1491
1222 2781
1223 996
1224 1015
1225 1081
1226 1713
1227 2985
1228 1141
1229 1468
1230 6924
1231 1981
1232 1081
1233 1231
1234 2231
1235 1004
1236 1688
1237 1199
1238 1260
1239 1069
1240 1280
1241 1081
1242 1099
1243 941
1244 1047
1245 1024
1246 1232
1247 864
1248 796
1249 1034
1250 1829
1251 1152
1252 2606
1253 1493
1254 2577
1255 1438
1256 1703
1257 885
1258 989
1259 1801
1260 1677
1261 836
1262 1374
1263 984
1264 1318
1265 1311
1266 4716
1267 2163
1268 910
1269 844
1270 2703
1271 1642
1272 1117
1273 789
1274 1820
1275 4171
1276 1968
1277 2081
1278 1086
1279 4262
1280 1428
1281 1142
1282 1480
1283 1294
1284 1005
1285 982
1286 1312
1287 1384
1288 826
1289 771
1290 964
1291 1820
1292 751
1293 1293
1294 11836
1295 1062
1296 1991
1297 6922
1298 1194
1299 925
1300 1466
1301 4246
1302 1352
1303 3176
1304 609
1305 878
1306 2596
1307 1036
1308 1073
1309 1379
1310 1274
1311 1485
1312 900
1313 962
1314 36545
1315 2614
1316 935
1317 2012
1318 1688
1319 1636
1320 969
1321 1040
1322 1119
1323 1264
1324 2253
1325 789
1326 1025
1327 3406
1328 1166
1329 1521
1330 1344
1331 1154
1332 3649
1333 2172
1334 1208
1335 1441
1336 1034
1337 642
1338 1483
1339 1205
1340 1144
1341 1770
1342 3339
1343 876
1344 774
1345 1189
1346 2101
1347 2334
1348 834
1349 2309
1350 7886
1351 1336
1352 1508
1353 2210
1354 20854
1355 1218
1356 3756
1357 3610
1358 2405
1359 3200
1360 4461
1361 1146
1362 1845
1363 8069
1364 15725
1365 2031
1366 1646
1367 654
1368 1118
1369 764
1370 1642
1371 898
1372 824
1373 1062
1374 8010
1375 3141
1376 5469
1377 1758
1378 2482
1379 2150
1380 6238
1381 966
1382 763
1383 1211
1384 2184
1385 1811
1386 4945
1387 763
1388 5369
1389 1275
1390 3366
1391 1099
1392 1398
1393 912
1394 2649
1395 1117
1396 1663
1397 907
1398 984
1399 1146
1400 1514
1401 991
1402 1281
1403 1570
1404 19376
1405 2220
1406 6122
1407 5586
1408 2820
1409 16124
1410 2956
1411 1090
1412 3679
1413 777
1414 330499
1415 911
1416 1488
1417 1832
1418 2717
1419 2112
1420 836
1421 978
1422 6696
1423 704
1424 21869
1425 857
1426 38594
1427 3402
1428 709
1429 1042
1430 850
1431 796
1432 1162
1433 875
1434 1076742
1435 2240
1436 8047
1437 1408
1438 1793
1439 903
1440 24073
1441 1205
1442 1428573
1443 567
1444 7178
1445 771
1446 10524
1447 906
1448 7629
1449 767
1450 1610
1451 820
1452 8212
1453 1230
1454 2720313
1455 1216
1456 6322
1457 2037
1458 3656
1459 1184
1460 2346
1461 723
1462 29564
1463 1994
1464 3028860
1465 965
1466 139770
1467 1015
1468 556238
1469 854
1470 3198
1471 1103
1472 6266
1473 1247
1474 74649
1475 591
1476 2192
1477 613
1478 1235
1479 3204
1480 2550
1481 1215
1482 11921
1483 917
1484 300125
1485 953
1486 3212
1487 1468
1488 650
1489 1979
1490 9606
1491 2226
1492 985
1493 811
1494 145458
1495 823
1496 23009
1497 611
1498 8594
1499 1848
1500 2387
1501 520
1502 18985
1503 2461
1504 3045
1505 620
1506 1273158
1507 1139
1508 1144
1509 1165
1510 279188
1511 717
1512 4895
1513 10326
1514 42595737
1515 0
1516 0
1517 0
1518 0
1519 0
1520 0
1521 0
1522 0
1523 0
1524 0
1525 0
1526 0
1527 0
1528 0
1529 0
1530 0
1531 0
1532 0
1533 0
1534 0
1535 0
1536 0
1537 0
1538 0
1539 0
1540 0
1541 0
1542 0
1543 0
1544 0
1545 0
1546 0
1547 0
1548 0
1549 0
1550 0
1551 0
1552 0
1553 0
1554 0
1555 0
1556 0
1557 0
1558 0
1559 0
1560 0
1561 0
1562 0
1563 0
1564 0
1565 0
1566 0
1567 0
1568 0
1569 0
1570 0
1571 0
1572 0
1573 0
1574 0
1575 0
1576 0
1577 0
1578 0
1579 0
1580 0
1581 0
1582 0
1583 0
1584 0
1585 0
1586 0
1587 0
1588 0
1589 0
1590 0
1591 0
1592 0
1593 0
1594 0
1595 0
1596 0
1597 0
1598 0
1599 0
