0 0
1 0
2 0
3 0
4 0
5 0
6 0
7 0
8 0
9 0
10 0
11 0
12 0
13 0
14 0
15 0
16 0
17 0
18 0
19 0
20 0
21 0
22 0
23 0
24 0
25 0
26 0
27 0
28 0
29 0
30 0
31 0
32 0
33 0
34 0
35 0
36 0
37 0
38 0
39 0
40 0
41 0
42 0
43 0
44 0
45 0
46 0
47 0
48 0
49 0
50 0
51 0
52 0
53 0
54 0
55 0
56 0
57 0
58 0
59 0
60 23523286
61 16504
62 363962
63 10242
64 10797
65 165050
66 8402891
67 16614
68 141012
69 113384
70 45772
71 49822
72 71874
73 17525
74 775576
75 51762
76 20466
77 57425
78 391544
79 36894
80 24548
81 117896
82 75202
83 11736
84 8042
85 59234
86 101068
87 16208
88 54893
89 6529
90 62412
91 4165
92 53909
93 9250
94 115389
95 17101
96 22459
97 9097
98 44365
99 21887
100 5548
101 18973
102 71704
103 78497
104 4123
105 8461
106 160853
107 163038
108 4662
109 34852
110 15711
111 59121
112 11608
113 5436
114 12282
115 4864
116 5132
117 3832
118 44454
119 11754
120 17133
121 12318
122 9838
123 8074
124 15178
125 11380
126 10009
127 4634
128 9661
129 3596
130 12947
131 7704
132 8844
133 3497
134 22862
135 5150
136 3300
137 7032
138 4058
139 6261
140 6000
141 27782
142 2840
143 3789
144 3385
145 4669
146 6477
147 3459
148 11663
149 27086
150 36005
151 3603
152 3388
153 3688
154 4183
155 10277
156 5655
157 4840
158 16445
159 8210
160 3963
161 4896
162 3087
163 9953
164 2892
165 6750
166 4881
167 3647
168 2339
169 1998
170 3060
171 2436
172 5824
173 2921
174 2698
175 2143
176 2141
177 4599
178 2523
179 5177
180 3711
181 3099
182 2860
183 2797
184 4616
185 2700
186 1972
187 1774
188 2214
189 1603
190 3895
191 1887
192 1364
193 2638
194 3068
195 3417
196 5166
197 1929
198 2063
199 5259
200 2201
201 2292
202 2954
203 2189
204 6448
205 2620
206 4214
207 5117
208 2674
209 2946
210 4258
211 3296
212 1884
213 2425
214 2147
215 2527
216 3050
217 2211
218 20263
219 5098
220 1707
221 7341
222 2911
223 1695
224 14668
225 4048
226 3693
227 2551
228 1561
229 1244
230 2648
231 4305
232 9297
233 1623
234 1990
235 1494
236 2770
237 4528
238 1960
239 1542
240 2239
241 2419
242 2490
243 1896
244 2271
245 1296
246 1704
247 5780
248 1081
249 1692
250 1968
251 1475
252 2668
253 3762
254 1318
255 1773
256 1048
257 2553
258 4746
259 2016
260 8616
261 1483
262 2448
263 1648
264 2125
265 17380
266 3946
267 2515
268 1373
269 10116
270 1061
271 1101
272 1822
273 2443
274 2011
275 7561
276 1616
277 1275
278 2820
279 2026
280 2204
281 1220
282 1878
283 1433
284 1978
285 1242
286 2508
287 3129
288 879
289 1541
290 1338
291 3213
292 2991
293 1434
294 2258
295 1249
296 1474
297 3598
298 8252
299 14885
300 6759
301 1687
302 1619
303 1567
304 1820
305 1384
306 7052
307 836
308 1628
309 869
310 1584
311 3882
312 1246
313 755
314 1580
315 1043
316 1423
317 1491
318 1794
319 1272
320 1695
321 3510
322 1379
323 1253
324 3507
325 885
326 1927
327 7175
328 3615
329 6320
330 7238
331 3253
332 1272
333 1686
334 1578
335 2303
336 10744
337 8739
338 7959
339 3487
340 1027
341 30479
342 3980
343 1337
344 1005
345 1409
346 2591
347 6078
348 6714
349 5608
350 2702
351 3482
352 2830
353 2934
354 3089
355 3463
356 4484
357 2067
358 83469
359 71627
360 58733
361 56311
362 52983
363 23130
364 1606
365 967
366 2068
367 1849
368 1297
369 1006
370 1721
371 8984
372 14149
373 7325
374 7522
375 4654
376 2376
377 10365
378 6704
379 2406
380 1929
381 2196
382 3835
383 27899
384 14745
385 10224
386 5532
387 4079
388 7084
389 2371
390 3357
391 2804
392 3129
393 4662
394 1956
395 2116
396 1512
397 4637
398 1902
399 1345
400 2253
401 2449
402 3240
403 4027
404 4842
405 5524
406 3201
407 4925
408 1684
409 15868
410 2033
411 3149
412 1418
413 6992
414 1965
415 4960
416 1537
417 4942
418 2612
419 6280
420 1328
421 9803
422 1671
423 37161
424 2388
425 8535
426 1861
427 7915
428 1740
429 4286
430 1579
431 5226
432 2054
433 4159
434 1300
435 2680
436 2072
437 3132
438 2269
439 5997
440 74621
441 4188
442 2038
443 3858
444 4519
445 12172
446 3735
447 3979
448 1906
449 3178
450 2116
451 3638
452 3252
453 3871
454 2750
455 2232
456 2167
457 2626
458 4095
459 2187
460 1871
461 2707
462 1961
463 2776
464 1635
465 14132
466 1630
467 2615
468 2182
469 2291
470 3463
471 2618
472 2044
473 3196
474 2415
475 3363
476 2819
477 3180
478 2364
479 3874
480 11731
481 3113
482 4503
483 3125
484 4544
485 4629
486 2729
487 4484
488 3917
489 3245
490 2773
491 2900
492 3008
493 2215
494 2592
495 3176
496 4244
497 3298
498 3582
499 54164
500 3039
501 2545
502 3512
503 3283
504 2943
505 2878
506 4577
507 23226
508 3468
509 3999
510 5934
511 7497
512 3625
513 2703
514 3358
515 3881
516 4172
517 4239
518 4988
519 5175
520 3369
521 3808
522 5049
523 4363
524 3980
525 4182
526 2657
527 7214
528 2668
529 2361
530 3703
531 4371
532 2734
533 4278
534 4632
535 3168
536 2479
537 2702
538 3149
539 3313
540 2687
541 2740
542 2691
543 3268
544 2808
545 3091
546 3417
547 3249
548 3256
549 2837
550 2632
551 2821
552 3130
553 4808
554 5386
555 4019
556 3541
557 3671
558 3212
559 4183
560 7817
561 9230
562 4182
563 2872
564 3352
565 2734
566 3339
567 3265
568 3676
569 6150
570 2879
571 3187
572 3234
573 2716
574 2731
575 31698
576 3598
577 3545
578 2840
579 2169
580 2264
581 2385
582 2310
583 2593
584 2281
585 3483
586 3022
587 2360
588 1965
589 3229
590 157931
591 5025
592 3449
593 3328
594 3004
595 2837
596 2274
597 2704
598 3051
599 6692
600 2499
601 3338
602 3645
603 3319
604 2669
605 2677
606 3671
607 3023
608 4117
609 4975
610 4465
611 3048
612 4153
613 2785
614 3218
615 2545
616 2435
617 2511
618 3077
619 2783
620 2695
621 14820
622 2757
623 2076
624 2603
625 2752
626 3928
627 4417
628 3785
629 2696
630 2480
631 2092
632 2215
633 1828
634 2761
635 2606
636 3809
637 2897
638 2895
639 2070
640 2324
641 2226
642 3424
643 2681
644 2754
645 1759
646 2692
647 2389
648 2529
649 2893
650 1942
651 6971
652 1702
653 9699
654 2789
655 2272
656 1828
657 3658
658 2212
659 2332
660 2187
661 2565
662 3177
663 1628
664 2511
665 1683
666 2648
667 2021
668 2024
669 2742
670 2938
671 2826
672 1908
673 2463
674 2558
675 1386
676 1690
677 1578
678 2165
679 1808
680 1786
681 1698
682 1810
683 1750
684 1963
685 1666
686 1419
687 1461
688 1525
689 1751
690 1998
691 22206
692 1533
693 1647
694 1935
695 1703
696 1711
697 1590
698 1993
699 1630
700 1706
701 2598
702 3942
703 2734
704 1503
705 1911
706 1979
707 2344
708 1265
709 1730
710 2602
711 1759
712 1384
713 1774
714 7078
715 1382
716 2481
717 1533
718 1606
719 1955
720 3189
721 1539
722 1413
723 1138
724 1276
725 1092
726 1751
727 1690
728 1569
729 2009
730 1411
731 1211
732 1312
733 1414
734 1082
735 2614
736 1208
737 1592
738 1600
739 1861
740 993
741 2001
742 1387
743 2054
744 941
745 1577
746 3916
747 3000
748 1248
749 1404
750 3812
751 1156
752 6168
753 2260
754 1937
755 1925
756 1254
757 1176
758 1905
759 2053
760 1299
761 5860
762 2174
763 2563
764 9677
765 1717
766 2013
767 1687
768 1373
769 2916
770 4379
771 2395
772 924
773 2915
774 1901
775 1629
776 845
777 2731
778 2337
779 1425
780 1453
781 1646
782 2873
783 1543
784 795
785 1356
786 2979
787 2211
788 1428
789 1284
790 2160
791 803
792 1157
793 860
794 1476
795 847
796 726
797 2294
798 2122
799 1331
800 1929
801 1718
802 1487
803 1400
804 1320
805 2088
806 1460
807 1284
808 909
809 1779
810 1412
811 2531
812 685
813 2239
814 3061
815 1672
816 1032
817 2507
818 1525
819 2512
820 1727
821 1425
822 1059
823 1919
824 941
825 2663
826 1759
827 1486
828 718
829 1767
830 1505
831 2529
832 1151
833 3013
834 919
835 1242
836 1118
837 1591
838 1089
839 1477
840 2708
841 4365
842 5293
843 3646
844 12905
845 1373
846 2309
847 713
848 995
849 767
850 2546
851 1835
852 851
853 679
854 1396
855 1047
856 606
857 690
858 1414
859 1180
860 552
861 648
862 5584
863 707
864 943
865 1451
866 1088
867 897
868 1554
869 991
870 555
871 446
872 406
873 1373
874 1143
875 843
876 21269
877 985
878 699
879 31255
880 387
881 932
882 637
883 669
884 602
885 770
886 1114
887 732
888 645
889 1013
890 775
891 14228
892 513
893 1430
894 723
895 731
896 860
897 866
898 1469
899 635
900 881
901 597
902 730
903 499
904 1663
905 843
906 2032
907 850
908 1360
909 750
910 707
911 10294
912 386
913 671
914 7379
915 1433
916 701
917 568
918 744
919 716
920 778
921 4981
922 916
923 778
924 779
925 484
926 511
927 347
928 546
929 757
930 1082
931 487
932 508
933 1092
934 892
935 870
936 1104
937 673
938 937
939 631
940 633
941 580
942 1333
943 454
944 542
945 915
946 3523
947 450
948 433
949 618
950 682
951 618
952 658
953 1703
954 989
955 1305
956 921
957 3963
958 734
959 861
960 391
961 809
962 502
963 415
964 688
965 1392
966 477
967 677
968 597
969 839
970 604
971 495
972 395
973 934
974 1028
975 723
976 572
977 989
978 1117
979 774
980 503
981 1092
982 567
983 3240
984 870
985 986
986 1671
987 5279
988 314
989 1169
990 636
991 1089
992 680
993 1743
994 597
995 1504
996 568
997 717
998 469
999 715
1000 1359
1001 1039
1002 698
1003 357
1004 575
1005 536
1006 603
1007 999
1008 868
1009 678
1010 673
1011 525
1012 735
1013 862
1014 524
1015 501
1016 1286
1017 580
1018 1453
1019 1304
1020 712
1021 624
1022 680
1023 1238
1024 550
1025 545
1026 839
1027 616
1028 381
1029 658
1030 429
1031 634
1032 778
1033 542
1034 922
1035 419
1036 479
1037 879
1038 1222
1039 346
1040 360
1041 462
1042 723
1043 801
1044 745
1045 512
1046 2099
1047 507
1048 738
1049 484
1050 2335
1051 568
1052 769
1053 819
1054 686
1055 774
1056 367
1057 1856
1058 2148
1059 510
1060 396
1061 667
1062 445
1063 1208
1064 330
1065 3445
1066 505
1067 2901
1068 476
1069 631
1070 447
1071 817
1072 614
1073 382
1074 492
1075 475
1076 636
1077 607
1078 415
1079 408
1080 760
1081 423
1082 667
1083 438
1084 833
1085 329
1086 750
1087 1294
1088 484
1089 284
1090 957
1091 531
1092 7747
1093 464
1094 596
1095 1280
1096 712
1097 406
1098 655
1099 506
1100 363
1101 549
1102 473
1103 435
1104 436
1105 1093
1106 599
1107 1737
1108 1140
1109 797
1110 1386
1111 1177
1112 4731
1113 464
1114 1596
1115 379
1116 591
1117 865
1118 626
1119 795
1120 384
1121 2065
1122 914
1123 324
1124 327
1125 364
1126 1025
1127 550
1128 747
1129 313
1130 693
1131 861
1132 419
1133 560
1134 841
1135 910
1136 518
1137 461
1138 580
1139 740
1140 7485
1141 743
1142 1032
1143 1506
1144 751
1145 794
1146 708
1147 976
1148 1415
1149 786
1150 813
1151 878
1152 1339
1153 597
1154 951
1155 704
1156 570
1157 796
1158 750
1159 2730
1160 2836
1161 552
1162 1929
1163 879
1164 477
1165 1075
1166 2443
1167 1408
1168 654
1169 1067
1170 885
1171 668
1172 719
1173 542
1174 1155
1175 4107
1176 717
1177 667
1178 1474
1179 1171
1180 1364
1181 1175
1182 1164
1183 957
1184 2513
1185 5453
1186 15872
1187 2072
1188 1330
1189 8506
1190 1840
1191 1470
1192 676
1193 896
1194 2220
1195 903
1196 1287
1197 2172
1198 1006
1199 1452
1200 836
1201 1219
1202 2415
1203 779
1204 1339
1205 1402
1206 1779
1207 1265
1208 1273
1209 690
1210 704
1211 835
1212 1329
1213 1551
1214 1233
1215 967
1216 1064
1217 1358
1218 1580
1219 1561
1220 4672
1221 1699
1222 2780
1223 1027
1224 971
1225 1005
1226 1565
1227 2903
1228 1234
1229 1563
1230 6391
1231 2022
1232 1069
1233 1212
1234 2274
1235 1054
1236 1897
1237 1039
1238 1074
1239 1146
1240 1253
1241 1218
1242 1233
1243 918
1244 1003
1245 1241
1246 1193
1247 1022
1248 901
1249 969
1250 1640
1251 1034
1252 2633
1253 1649
1254 5198
1255 1368
1256 1678
1257 896
1258 1098
1259 1807
1260 1686
1261 737
1262 1377
1263 1029
1264 1209
1265 1317
1266 3766
1267 4846
1268 999
1269 757
1270 3152
1271 1546
1272 1052
1273 705
1274 1348
1275 4388
1276 1919
1277 2122
1278 1142
1279 4419
1280 1755
1281 1391
1282 1104
1283 1310
1284 1033
1285 1042
1286 1202
1287 1782
1288 729
1289 893
1290 1053
1291 2007
1292 830
1293 1234
1294 5231
1295 995
1296 1598
1297 6876
1298 1185
1299 1022
1300 1448
1301 4177
1302 1497
1303 3432
1304 725
1305 784
1306 2430
1307 1083
1308 1050
1309 1336
1310 1485
1311 1425
1312 1023
1313 897
1314 31796
1315 2566
1316 981
1317 1765
1318 1181
1319 1695
1320 905
1321 1157
1322 1221
1323 1192
1324 1173
1325 713
1326 965
1327 3540
1328 1212
1329 1573
1330 1290
1331 1229
1332 3726
1333 2137
1334 1319
1335 1425
1336 788
1337 749
1338 1370
1339 1271
1340 973
1341 1826
1342 3027
1343 1005
1344 797
1345 1062
1346 2114
1347 2251
1348 756
1349 3731
1350 8441
1351 1285
1352 1327
1353 2167
1354 19025
1355 1277
1356 4035
1357 3687
1358 1442
1359 3195
1360 4583
1361 1117
1362 1630
1363 4270
1364 753
1365 2559
1366 1226
1367 648
1368 735
1369 721
1370 955
1371 887
1372 932
1373 1119
1374 4768
1375 3150
1376 5459
1377 1578
1378 2499
1379 2532
1380 6671
1381 991
1382 771
1383 1115
1384 3141
1385 1572
1386 2100
1387 772
1388 4334
1389 1250
1390 3175
1391 1234
1392 1355
1393 963
1394 3790
1395 1016
1396 1969
1397 886
1398 933
1399 1212
1400 1425
1401 980
1402 1388
1403 1368
1404 8631
1405 2283
1406 3841
1407 6880
1408 2835
1409 10931
1410 3206
1411 1019
1412 2743
1413 745
1414 448560
1415 959
1416 1656
1417 4795
1418 2972
1419 2041
1420 988
1421 905
1422 7874
1423 729
1424 28985
1425 777
1426 43074
1427 3350
1428 601
1429 1099
1430 2184
1431 844
1432 1221
1433 771
1434 1093375
1435 2313
1436 11264
1437 1469
1438 1601
1439 886
1440 34555
1441 2053
1442 1378305
1443 584
1444 7222
1445 778
1446 9631
1447 842
1448 11412
1449 856
1450 1399
1451 863
1452 17701
1453 1064
1454 2771457
1455 1350
1456 5671
1457 2061
1458 3401
1459 1163
1460 922
1461 605
1462 42244
1463 1732
1464 3091259
1465 1170
1466 43646
1467 1140
1468 532324
1469 781
1470 3614
1471 1024
1472 5040
1473 1368
1474 156160
1475 637
1476 2116
1477 536
1478 1637
1479 3230
1480 2425
1481 1240
1482 10182
1483 814
1484 292374
1485 695
1486 3739
1487 1466
1488 746
1489 2078
1490 7675
1491 2390
1492 942
1493 823
1494 172252
1495 871
1496 6571
1497 561
1498 6523
1499 1808
1500 2165
1501 592
1502 10142
1503 1214
1504 4860
1505 687
1506 1197229
1507 1113
1508 975
1509 1368
1510 236763
1511 664
1512 4176
1513 4650
1514 42651021
1515 0
1516 0
1517 0
1518 0
1519 0
1520 0
1521 0
1522 0
1523 0
1524 0
1525 0
1526 0
1527 0
1528 0
1529 0
1530 0
1531 0
1532 0
1533 0
1534 0
1535 0
1536 0
1537 0
1538 0
1539 0
1540 0
1541 0
1542 0
1543 0
1544 0
1545 0
1546 0
1547 0
1548 0
1549 0
1550 0
1551 0
1552 0
1553 0
1554 0
1555 0
1556 0
1557 0
1558 0
1559 0
1560 0
1561 0
1562 0
1563 0
1564 0
1565 0
1566 0
1567 0
1568 0
1569 0
1570 0
1571 0
1572 0
1573 0
1574 0
1575 0
1576 0
1577 0
1578 0
1579 0
1580 0
1581 0
1582 0
1583 0
1584 0
1585 0
1586 0
1587 0
1588 0
1589 0
1590 0
1591 0
1592 0
1593 0
1594 0
1595 0
1596 0
1597 0
1598 0
1599 0
