0 0
1 0
2 0
3 0
4 0
5 0
6 0
7 0
8 0
9 0
10 0
11 0
12 0
13 0
14 0
15 0
16 0
17 0
18 0
19 0
20 0
21 0
22 0
23 0
24 0
25 0
26 0
27 0
28 0
29 0
30 0
31 0
32 0
33 0
34 0
35 0
36 0
37 0
38 0
39 0
40 0
41 0
42 0
43 0
44 0
45 0
46 0
47 0
48 0
49 0
50 0
51 0
52 0
53 0
54 0
55 0
56 0
57 0
58 0
59 0
60 23276943
61 13930
62 364050
63 9202
64 6654
65 160836
66 8278076
67 20202
68 142015
69 117672
70 44646
71 48568
72 69557
73 19707
74 779896
75 40549
76 18072
77 81042
78 393874
79 37497
80 21142
81 99781
82 71196
83 8501
84 5546
85 89455
86 110694
87 27865
88 55253
89 6834
90 65400
91 9336
92 11772
93 14385
94 123871
95 17490
96 18422
97 9443
98 45601
99 35281
100 10699
101 23592
102 83495
103 77400
104 3954
105 9432
106 162092
107 163046
108 4157
109 9408
110 14181
111 15658
112 9122
113 5158
114 8761
115 7846
116 5946
117 3863
118 38485
119 8499
120 17783
121 16548
122 18749
123 3726
124 10730
125 10744
126 13270
127 4699
128 9297
129 3277
130 11388
131 7057
132 5800
133 3536
134 21867
135 5190
136 3218
137 6718
138 4166
139 2575
140 4736
141 16163
142 6396
143 4057
144 4992
145 2967
146 6875
147 3693
148 11408
149 28624
150 34249
151 3655
152 3749
153 3349
154 3796
155 10511
156 8033
157 3836
158 16406
159 7851
160 4066
161 4834
162 3265
163 7095
164 2701
165 2751
166 4630
167 4026
168 2517
169 2135
170 3099
171 3951
172 2067
173 2889
174 2624
175 2342
176 2557
177 2658
178 2349
179 4000
180 3466
181 3406
182 2331
183 4204
184 3692
185 3682
186 5325
187 2022
188 2460
189 1501
190 4311
191 2299
192 1778
193 2369
194 3090
195 4486
196 5038
197 1617
198 1651
199 5092
200 2555
201 3324
202 3041
203 2263
204 6374
205 2188
206 7347
207 5011
208 1899
209 2782
210 4451
211 4536
212 1938
213 2746
214 1911
215 2646
216 3596
217 2414
218 18160
219 5475
220 1656
221 7459
222 3276
223 1716
224 14960
225 3870
226 4416
227 2662
228 1669
229 1174
230 2514
231 4120
232 9203
233 1684
234 2112
235 1605
236 3011
237 4285
238 2540
239 3230
240 2400
241 2224
242 4232
243 2011
244 2350
245 1628
246 1530
247 5776
248 1119
249 1999
250 5362
251 1834
252 6168
253 5645
254 1587
255 4621
256 3192
257 2863
258 7146
259 3572
260 4356
261 3349
262 3781
263 1705
264 3270
265 16387
266 4828
267 2927
268 2104
269 4627
270 1530
271 1387
272 2044
273 2901
274 2479
275 6204
276 1939
277 1391
278 2697
279 2104
280 2399
281 1481
282 1965
283 1486
284 1941
285 1600
286 2002
287 3048
288 883
289 1583
290 1218
291 3396
292 3129
293 1512
294 1740
295 1244
296 1572
297 3789
298 9272
299 15846
300 7500
301 1516
302 1780
303 1814
304 1956
305 1573
306 7143
307 1743
308 2193
309 939
310 1728
311 4091
312 1415
313 711
314 1827
315 1051
316 1715
317 1795
318 1944
319 1445
320 1781
321 2853
322 1447
323 1231
324 3182
325 1343
326 2343
327 7991
328 3755
329 5861
330 6497
331 3005
332 1289
333 1540
334 1451
335 2051
336 9828
337 9488
338 7620
339 3828
340 1226
341 29559
342 4276
343 1436
344 1099
345 1403
346 2791
347 6242
348 6438
349 5671
350 2668
351 2159
352 2668
353 3014
354 3258
355 3524
356 4725
357 2965
358 85507
359 74508
360 59111
361 56523
362 53530
363 22884
364 1800
365 1113
366 2387
367 2003
368 1180
369 1111
370 1633
371 8688
372 14638
373 8373
374 7154
375 4712
376 2390
377 11301
378 6734
379 2363
380 1933
381 2396
382 2067
383 27561
384 15089
385 8160
386 5795
387 4311
388 6975
389 2392
390 3448
391 3116
392 3184
393 4774
394 1868
395 2235
396 1593
397 5008
398 2057
399 1349
400 2297
401 2556
402 3390
403 3912
404 5346
405 4254
406 3186
407 3482
408 1922
409 15397
410 1747
411 3009
412 1674
413 6523
414 4892
415 4785
416 1738
417 4926
418 2751
419 6016
420 1329
421 9630
422 1660
423 37365
424 2502
425 8334
426 1839
427 8119
428 1990
429 4293
430 1511
431 5156
432 2389
433 3756
434 1386
435 2967
436 2085
437 4830
438 2060
439 5685
440 75113
441 4217
442 2351
443 4435
444 4622
445 12238
446 3204
447 4227
448 2038
449 3390
450 2267
451 3872
452 3239
453 4024
454 2201
455 2153
456 2275
457 2734
458 4031
459 2363
460 1999
461 2680
462 1878
463 3351
464 1717
465 14475
466 1885
467 2622
468 2337
469 2388
470 2621
471 2706
472 2246
473 2865
474 2403
475 3503
476 2852
477 3255
478 3048
479 4063
480 11958
481 3386
482 5388
483 3118
484 3873
485 5177
486 2760
487 4033
488 3128
489 3644
490 2551
491 3521
492 3441
493 2450
494 2758
495 3142
496 4255
497 3405
498 4131
499 54554
500 3108
501 2783
502 3392
503 3333
504 3051
505 2802
506 4671
507 23242
508 3370
509 4026
510 6008
511 7617
512 3810
513 2925
514 3513
515 4210
516 4088
517 4494
518 5010
519 5483
520 3766
521 3969
522 5324
523 4710
524 3960
525 4410
526 2696
527 7267
528 2827
529 2364
530 3941
531 4845
532 2634
533 4541
534 4707
535 3272
536 2296
537 3007
538 2344
539 3464
540 2743
541 3049
542 2860
543 3460
544 2700
545 3326
546 3847
547 3313
548 3624
549 2403
550 2673
551 3119
552 3362
553 5033
554 5443
555 4097
556 3795
557 3407
558 3397
559 3905
560 7602
561 9183
562 4261
563 2899
564 3262
565 2703
566 3090
567 3359
568 2982
569 6127
570 3057
571 3348
572 3286
573 2814
574 3236
575 31807
576 3337
577 3482
578 2907
579 2246
580 2409
581 2400
582 2356
583 2649
584 2332
585 3410
586 3151
587 2270
588 7921
589 3144
590 134979
591 4963
592 3790
593 3063
594 3099
595 2640
596 2211
597 2862
598 3251
599 6607
600 2617
601 3719
602 4313
603 3700
604 2953
605 2751
606 3876
607 3168
608 4158
609 5239
610 4962
611 3242
612 4343
613 2891
614 3286
615 2803
616 2923
617 2692
618 3123
619 2996
620 2625
621 2343
622 3578
623 2139
624 2557
625 2828
626 3707
627 4392
628 4052
629 2784
630 2622
631 2087
632 2219
633 1913
634 2693
635 2768
636 4032
637 2920
638 2838
639 2187
640 2421
641 2256
642 3169
643 2460
644 2045
645 1952
646 2687
647 2552
648 2367
649 2482
650 2177
651 1742
652 1638
653 1924
654 2787
655 2455
656 1864
657 4257
658 2169
659 1907
660 2282
661 2603
662 3363
663 2197
664 2597
665 1689
666 2687
667 2130
668 2207
669 2566
670 2789
671 1943
672 2006
673 2482
674 2726
675 1594
676 1672
677 1680
678 1965
679 1895
680 2450
681 1825
682 2020
683 1816
684 2002
685 1649
686 1592
687 1548
688 1741
689 1644
690 1990
691 22298
692 1599
693 1631
694 1924
695 1661
696 1770
697 1490
698 1901
699 2158
700 1730
701 2697
702 4258
703 2914
704 1561
705 1857
706 1890
707 2600
708 1405
709 1631
710 1912
711 1827
712 1370
713 1638
714 7103
715 1417
716 2526
717 1627
718 1879
719 1950
720 3263
721 1603
722 1397
723 1201
724 1226
725 1154
726 1902
727 1563
728 1608
729 2099
730 1445
731 1379
732 1367
733 1565
734 991
735 1868
736 1293
737 1628
738 1695
739 1905
740 895
741 2121
742 1397
743 1967
744 947
745 1585
746 4468
747 2950
748 1350
749 1465
750 3803
751 1242
752 6249
753 2002
754 2196
755 1364
756 1369
757 1248
758 1967
759 1799
760 1415
761 5388
762 2239
763 2407
764 27848
765 1778
766 2034
767 1798
768 1350
769 1612
770 4455
771 1544
772 832
773 2306
774 1983
775 1503
776 874
777 1963
778 2566
779 1373
780 1579
781 1294
782 2879
783 1281
784 757
785 1070
786 2809
787 1649
788 1484
789 904
790 1765
791 766
792 1099
793 892
794 1519
795 887
796 815
797 1281
798 1962
799 1098
800 1243
801 1268
802 1502
803 975
804 1426
805 1262
806 1353
807 730
808 973
809 1154
810 1269
811 1192
812 775
813 1534
814 2720
815 860
816 779
817 1304
818 1491
819 1621
820 2164
821 765
822 1201
823 1044
824 938
825 1013
826 1751
827 879
828 749
829 824
830 1636
831 1567
832 1326
833 2630
834 1041
835 638
836 736
837 1057
838 844
839 1051
840 2132
841 2976
842 6031
843 3217
844 12789
845 1342
846 2149
847 630
848 1089
849 765
850 2456
851 2413
852 965
853 714
854 1276
855 1094
856 671
857 789
858 1803
859 1284
860 661
861 663
862 5586
863 859
864 906
865 1490
866 1465
867 938
868 1707
869 1137
870 547
871 568
872 491
873 1428
874 1201
875 892
876 21599
877 960
878 746
879 31341
880 425
881 1031
882 600
883 694
884 614
885 781
886 1185
887 725
888 867
889 1037
890 758
891 14366
892 536
893 1444
894 898
895 804
896 925
897 826
898 1709
899 694
900 914
901 638
902 754
903 435
904 1545
905 724
906 1709
907 788
908 1319
909 713
910 824
911 10575
912 560
913 748
914 8519
915 1521
916 650
917 648
918 727
919 784
920 813
921 5008
922 948
923 789
924 840
925 553
926 557
927 441
928 565
929 816
930 1207
931 530
932 536
933 1122
934 936
935 863
936 1104
937 753
938 919
939 618
940 629
941 609
942 452
943 460
944 526
945 1036
946 3253
947 473
948 510
949 615
950 655
951 576
952 449
953 1478
954 1044
955 965
956 418
957 2761
958 750
959 690
960 400
961 750
962 578
963 409
964 651
965 1175
966 484
967 721
968 568
969 907
970 597
971 491
972 364
973 980
974 1055
975 738
976 522
977 996
978 1153
979 778
980 522
981 1113
982 497
983 3248
984 838
985 1032
986 1808
987 5250
988 353
989 1146
990 652
991 1080
992 704
993 1768
994 716
995 1525
996 585
997 763
998 505
999 764
1000 1455
1001 1097
1002 736
1003 391
1004 615
1005 596
1006 602
1007 1014
1008 895
1009 735
1010 648
1011 548
1012 681
1013 908
1014 1309
1015 559
1016 1525
1017 775
1018 1844
1019 1018
1020 502
1021 659
1022 686
1023 1339
1024 605
1025 606
1026 1028
1027 650
1028 414
1029 618
1030 467
1031 692
1032 839
1033 570
1034 933
1035 432
1036 487
1037 888
1038 1331
1039 390
1040 407
1041 463
1042 737
1043 808
1044 768
1045 550
1046 1964
1047 527
1048 788
1049 462
1050 2268
1051 568
1052 730
1053 869
1054 724
1055 753
1056 374
1057 3402
1058 1895
1059 434
1060 441
1061 624
1062 599
1063 746
1064 380
1065 1710
1066 572
1067 1538
1068 538
1069 511
1070 430
1071 854
1072 626
1073 366
1074 530
1075 499
1076 665
1077 632
1078 427
1079 400
1080 806
1081 394
1082 653
1083 492
1084 843
1085 338
1086 722
1087 1329
1088 503
1089 310
1090 979
1091 422
1092 7576
1093 496
1094 476
1095 1313
1096 730
1097 390
1098 617
1099 468
1100 376
1101 333
1102 468
1103 466
1104 443
1105 1164
1106 472
1107 430
1108 736
1109 464
1110 596
1111 659
1112 391
1113 465
1114 4122
1115 418
1116 701
1117 903
1118 692
1119 804
1120 438
1121 2144
1122 496
1123 317
1124 396
1125 428
1126 1068
1127 633
1128 580
1129 348
1130 743
1131 882
1132 513
1133 515
1134 794
1135 869
1136 491
1137 408
1138 646
1139 658
1140 4680
1141 647
1142 993
1143 1441
1144 744
1145 949
1146 782
1147 824
1148 1269
1149 695
1150 583
1151 813
1152 1460
1153 551
1154 1140
1155 546
1156 592
1157 714
1158 705
1159 2605
1160 2951
1161 624
1162 2084
1163 889
1164 541
1165 1145
1166 2444
1167 1144
1168 794
1169 1168
1170 950
1171 531
1172 548
1173 652
1174 1114
1175 4245
1176 713
1177 657
1178 1142
1179 1180
1180 1279
1181 1140
1182 1203
1183 956
1184 2614
1185 5361
1186 15665
1187 2335
1188 1504
1189 8218
1190 2049
1191 1826
1192 921
1193 994
1194 2396
1195 886
1196 1666
1197 2171
1198 988
1199 1358
1200 1064
1201 1198
1202 2408
1203 881
1204 1456
1205 1586
1206 1706
1207 1341
1208 1379
1209 810
1210 690
1211 952
1212 1493
1213 1586
1214 1370
1215 1177
1216 958
1217 1468
1218 1722
1219 1576
1220 4674
1221 1653
1222 2987
1223 1106
1224 991
1225 942
1226 1869
1227 3134
1228 1303
1229 1493
1230 6547
1231 2031
1232 1069
1233 1116
1234 2259
1235 1147
1236 1582
1237 1156
1238 1252
1239 1233
1240 1236
1241 1139
1242 1151
1243 964
1244 922
1245 953
1246 1120
1247 1260
1248 810
1249 941
1250 1721
1251 1014
1252 2676
1253 1560
1254 4823
1255 1497
1256 1668
1257 964
1258 1154
1259 1846
1260 1755
1261 821
1262 1402
1263 883
1264 1123
1265 1283
1266 3365
1267 2716
1268 915
1269 1007
1270 2631
1271 1641
1272 1201
1273 796
1274 1688
1275 4289
1276 1925
1277 2133
1278 1183
1279 4922
1280 1289
1281 1178
1282 1307
1283 1423
1284 7009
1285 1109
1286 1301
1287 1668
1288 822
1289 987
1290 919
1291 2113
1292 876
1293 1633
1294 3700
1295 1141
1296 1546
1297 6853
1298 1101
1299 904
1300 1482
1301 4355
1302 1506
1303 3361
1304 743
1305 952
1306 2351
1307 1189
1308 1056
1309 1487
1310 1730
1311 1363
1312 1045
1313 1098
1314 27319
1315 2814
1316 1023
1317 1966
1318 967
1319 1491
1320 841
1321 1122
1322 1191
1323 1127
1324 1902
1325 819
1326 1174
1327 3512
1328 1319
1329 1691
1330 1371
1331 1128
1332 3645
1333 2241
1334 1121
1335 1285
1336 1006
1337 713
1338 1458
1339 1368
1340 960
1341 1783
1342 3194
1343 905
1344 702
1345 1114
1346 2339
1347 2405
1348 907
1349 3997
1350 2191
1351 1361
1352 3180
1353 2113
1354 22783
1355 1103
1356 2962
1357 3240
1358 2512
1359 3313
1360 4510
1361 2204
1362 1682
1363 6113
1364 968
1365 728
1366 1343
1367 690
1368 1344
1369 731
1370 1062
1371 918
1372 825
1373 968
1374 4940
1375 3121
1376 5389
1377 1806
1378 2308
1379 2110
1380 6326
1381 964
1382 742
1383 1538
1384 2622
1385 1540
1386 10807
1387 654
1388 5078
1389 1160
1390 3541
1391 1221
1392 7703
1393 936
1394 2416
1395 1008
1396 1579
1397 773
1398 1906
1399 1147
1400 1417
1401 970
1402 1180
1403 1386
1404 14594
1405 1837
1406 11633
1407 1525
1408 2818
1409 2753
1410 3257
1411 1037
1412 3957
1413 784
1414 382764
1415 956
1416 1743
1417 4315
1418 3044
1419 2036
1420 1054
1421 987
1422 3000
1423 821
1424 15547
1425 787
1426 37854
1427 3377
1428 649
1429 1110
1430 1330
1431 785
1432 6969
1433 1016
1434 1168022
1435 2281
1436 7683
1437 1400
1438 1862
1439 868
1440 23222
1441 1271
1442 1327511
1443 651
1444 3960
1445 740
1446 10409
1447 837
1448 4956
1449 663
1450 1578
1451 856
1452 4251
1453 1101
1454 2663727
1455 1393
1456 8918
1457 2031
1458 3402
1459 1242
1460 940
1461 596
1462 36056
1463 1204
1464 3108379
1465 1280
1466 71800
1467 1116
1468 579601
1469 899
1470 6993
1471 899
1472 9894
1473 1239
1474 95395
1475 571
1476 2361
1477 562
1478 2291
1479 3349
1480 2441
1481 1236
1482 7760
1483 794
1484 258649
1485 738
1486 4646
1487 1626
1488 797
1489 2128
1490 2897
1491 2274
1492 1157
1493 775
1494 109816
1495 843
1496 9565
1497 580
1498 8879
1499 1842
1500 1860
1501 601
1502 7318
1503 1345
1504 1931
1505 675
1506 1245223
1507 1116
1508 900
1509 1240
1510 271521
1511 673
1512 1201
1513 8934
1514 42144383
1515 0
1516 0
1517 0
1518 0
1519 0
1520 0
1521 0
1522 0
1523 0
1524 0
1525 0
1526 0
1527 0
1528 0
1529 0
1530 0
1531 0
1532 0
1533 0
1534 0
1535 0
1536 0
1537 0
1538 0
1539 0
1540 0
1541 0
1542 0
1543 0
1544 0
1545 0
1546 0
1547 0
1548 0
1549 0
1550 0
1551 0
1552 0
1553 0
1554 0
1555 0
1556 0
1557 0
1558 0
1559 0
1560 0
1561 0
1562 0
1563 0
1564 0
1565 0
1566 0
1567 0
1568 0
1569 0
1570 0
1571 0
1572 0
1573 0
1574 0
1575 0
1576 0
1577 0
1578 0
1579 0
1580 0
1581 0
1582 0
1583 0
1584 0
1585 0
1586 0
1587 0
1588 0
1589 0
1590 0
1591 0
1592 0
1593 0
1594 0
1595 0
1596 0
1597 0
1598 0
1599 0
