0 0
1 0
2 0
3 0
4 0
5 0
6 0
7 0
8 0
9 0
10 0
11 0
12 0
13 0
14 0
15 0
16 0
17 0
18 0
19 0
20 0
21 0
22 0
23 0
24 0
25 0
26 0
27 0
28 0
29 0
30 0
31 0
32 0
33 0
34 0
35 0
36 0
37 0
38 0
39 0
40 0
41 0
42 0
43 0
44 0
45 0
46 0
47 0
48 0
49 0
50 0
51 0
52 0
53 0
54 0
55 0
56 0
57 0
58 0
59 0
60 23105503
61 9575
62 357362
63 6636
64 6181
65 159200
66 7868489
67 14024
68 141078
69 109543
70 39753
71 46112
72 75246
73 12330
74 764791
75 195750
76 8621
77 89919
78 336471
79 33033
80 21485
81 62418
82 63818
83 5273
84 9166
85 84041
86 92567
87 37775
88 58263
89 8079
90 62831
91 3707
92 7448
93 9762
94 96484
95 16586
96 12972
97 8239
98 44886
99 34504
100 4364
101 12642
102 78830
103 75692
104 3447
105 4911
106 160947
107 162965
108 3886
109 4470
110 10554
111 11614
112 8030
113 4549
114 10922
115 3181
116 4923
117 2571
118 38684
119 7307
120 17002
121 10180
122 26435
123 2529
124 13488
125 9455
126 7436
127 3811
128 10127
129 2886
130 3193
131 7815
132 4678
133 3036
134 21380
135 5164
136 2609
137 5763
138 4977
139 3894
140 3697
141 13493
142 4091
143 3030
144 2706
145 2313
146 6837
147 3282
148 11368
149 27221
150 32847
151 4067
152 3176
153 2770
154 3652
155 8198
156 9000
157 3537
158 15730
159 7540
160 10968
161 4244
162 2668
163 6100
164 3550
165 2560
166 5679
167 3602
168 1955
169 2129
170 3303
171 2080
172 1432
173 3055
174 3168
175 1933
176 1510
177 2423
178 1910
179 3420
180 3179
181 2564
182 1873
183 3273
184 2535
185 2010
186 2032
187 1780
188 2027
189 1138
190 3569
191 1549
192 1215
193 1973
194 2271
195 3455
196 2013
197 1156
198 1142
199 4562
200 2103
201 2033
202 1780
203 2016
204 7838
205 1795
206 3385
207 4730
208 3099
209 2684
210 3845
211 4415
212 3388
213 1816
214 1210
215 1976
216 2617
217 1878
218 24874
219 2830
220 1520
221 7057
222 4953
223 1881
224 14567
225 4384
226 6245
227 2477
228 1737
229 1028
230 3125
231 3465
232 12211
233 1372
234 1703
235 1509
236 3300
237 4116
238 1977
239 1559
240 2266
241 2194
242 2999
243 1847
244 3208
245 1167
246 1320
247 5618
248 2183
249 1816
250 2170
251 1626
252 9406
253 5246
254 1390
255 5610
256 1163
257 2779
258 10598
259 1665
260 6305
261 4149
262 4839
263 2347
264 3909
265 20111
266 6627
267 3148
268 1886
269 4850
270 3756
271 1519
272 2550
273 2989
274 3762
275 4133
276 2718
277 1601
278 4705
279 2384
280 2928
281 1549
282 4474
283 1331
284 2485
285 1751
286 2720
287 2919
288 1404
289 2026
290 1884
291 3585
292 3446
293 1609
294 2167
295 1161
296 2394
297 3867
298 9494
299 13821
300 6881
301 5677
302 2817
303 1692
304 2888
305 2167
306 8231
307 1475
308 2448
309 1667
310 2463
311 3948
312 1995
313 756
314 2642
315 1251
316 1554
317 1753
318 2355
319 1480
320 2820
321 1528
322 1789
323 1776
324 5127
325 1339
326 2543
327 9491
328 5299
329 7372
330 10479
331 3647
332 4670
333 4136
334 1045
335 2541
336 11158
337 9971
338 15121
339 3958
340 1963
341 32883
342 3880
343 1750
344 1861
345 1823
346 6866
347 6530
348 8700
349 6163
350 4246
351 3976
352 3246
353 4187
354 4097
355 3521
356 6474
357 2594
358 83796
359 71263
360 57966
361 56061
362 56456
363 23158
364 4962
365 4063
366 1889
367 5003
368 4528
369 941
370 4536
371 11593
372 23600
373 7535
374 8367
375 11152
376 5617
377 12813
378 6657
379 2281
380 8368
381 2038
382 4911
383 28122
384 13913
385 8229
386 5764
387 4482
388 8248
389 2085
390 3298
391 2784
392 4471
393 4933
394 5282
395 2189
396 2945
397 7856
398 1958
399 1486
400 2211
401 2527
402 7128
403 4409
404 4884
405 4546
406 4482
407 3745
408 2708
409 16791
410 2235
411 4313
412 1551
413 6921
414 4705
415 5185
416 2481
417 6540
418 4168
419 6521
420 2384
421 11303
422 4201
423 37921
424 2411
425 9439
426 4516
427 8116
428 3088
429 5216
430 6790
431 5247
432 1803
433 7567
434 4266
435 2729
436 3805
437 5027
438 7071
439 7030
440 75123
441 5447
442 6892
443 4453
444 6018
445 14861
446 4477
447 4283
448 1931
449 3422
450 5128
451 3703
452 3359
453 4461
454 3691
455 3119
456 2408
457 7726
458 4632
459 2533
460 1755
461 2501
462 4573
463 2719
464 1923
465 15185
466 2247
467 2475
468 6657
469 2750
470 3982
471 7262
472 4268
473 3856
474 4079
475 5304
476 7640
477 3364
478 3760
479 3952
480 14868
481 3120
482 5354
483 3178
484 5409
485 5340
486 2475
487 3687
488 2801
489 3384
490 3126
491 3416
492 3114
493 2291
494 2511
495 3210
496 4178
497 3189
498 3944
499 54842
500 3176
501 2700
502 3369
503 3244
504 5221
505 2871
506 4372
507 25294
508 3359
509 3927
510 6058
511 7440
512 5575
513 2935
514 3685
515 3890
516 3882
517 4674
518 4732
519 5447
520 3384
521 3881
522 4829
523 4410
524 3859
525 3922
526 2552
527 7317
528 2628
529 2293
530 3686
531 4600
532 2574
533 4600
534 5867
535 3014
536 2438
537 3712
538 3358
539 3300
540 4579
541 2785
542 4856
543 3959
544 3885
545 3269
546 4889
547 3350
548 5390
549 2373
550 3474
551 2930
552 3346
553 4852
554 5216
555 3765
556 3107
557 3345
558 3216
559 4222
560 7541
561 8505
562 3878
563 2902
564 3353
565 2667
566 3048
567 3180
568 3580
569 6539
570 2790
571 3682
572 3235
573 2709
574 2823
575 31709
576 3908
577 3339
578 2797
579 2238
580 2563
581 2380
582 2324
583 2972
584 2329
585 3116
586 3031
587 2300
588 2194
589 3195
590 155874
591 4482
592 3820
593 3239
594 3004
595 2720
596 2167
597 2670
598 2958
599 5822
600 2640
601 3450
602 4105
603 3488
604 2655
605 13423
606 3602
607 3152
608 4042
609 4982
610 4572
611 3133
612 4212
613 2844
614 3236
615 2637
616 2401
617 2519
618 3211
619 3079
620 2523
621 2281
622 3256
623 1979
624 3548
625 2771
626 3661
627 4371
628 3705
629 2603
630 2676
631 2039
632 2340
633 1738
634 2731
635 2620
636 3730
637 2702
638 2866
639 2108
640 2256
641 2328
642 10138
643 2229
644 1987
645 1919
646 2910
647 2450
648 2441
649 2255
650 2127
651 1820
652 2236
653 1760
654 2513
655 2769
656 2854
657 3369
658 2181
659 2886
660 2828
661 2582
662 2934
663 1699
664 3409
665 1933
666 2329
667 3275
668 2155
669 2621
670 2926
671 2338
672 1963
673 2345
674 2644
675 1472
676 1739
677 1690
678 2088
679 1874
680 2041
681 1633
682 3334
683 1710
684 1944
685 2057
686 1524
687 1532
688 1584
689 1525
690 2072
691 22417
692 1712
693 1626
694 2677
695 1618
696 1769
697 2258
698 1920
699 1725
700 1823
701 2473
702 4530
703 2961
704 1719
705 1918
706 1833
707 2254
708 1330
709 1645
710 2129
711 1622
712 1391
713 1667
714 6922
715 1354
716 2498
717 1560
718 1854
719 1946
720 3260
721 1557
722 1426
723 1181
724 1234
725 1143
726 1871
727 1465
728 1547
729 2379
730 1406
731 1172
732 1276
733 1463
734 1724
735 1826
736 2210
737 1597
738 1796
739 1884
740 1929
741 2138
742 1378
743 1900
744 1953
745 1622
746 3833
747 3028
748 1230
749 1374
750 3855
751 1254
752 6228
753 2029
754 2005
755 1327
756 1296
757 1218
758 2007
759 3962
760 1384
761 5346
762 2290
763 2135
764 15887
765 1811
766 2144
767 1827
768 1297
769 1552
770 5417
771 1537
772 880
773 2390
774 4248
775 1385
776 817
777 1835
778 4559
779 1374
780 1591
781 1151
782 3901
783 1130
784 845
785 1017
786 3168
787 1853
788 1436
789 3094
790 2017
791 1076
792 1146
793 838
794 1778
795 968
796 771
797 1118
798 2052
799 1104
800 1215
801 1157
802 1551
803 954
804 1406
805 1294
806 4687
807 720
808 916
809 1336
810 5058
811 1184
812 690
813 1634
814 7397
815 883
816 723
817 1266
818 5104
819 1766
820 3261
821 701
822 4751
823 997
824 2594
825 1103
826 5468
827 700
828 2325
829 1637
830 3020
831 1544
832 1176
833 2376
834 3368
835 633
836 1629
837 1079
838 4964
839 1383
840 3741
841 3750
842 8351
843 3075
844 14141
845 1303
846 4491
847 612
848 3598
849 702
850 3047
851 2943
852 3091
853 730
854 2698
855 1024
856 3485
857 710
858 2723
859 1192
860 1363
861 631
862 6421
863 750
864 3762
865 1328
866 1164
867 918
868 4306
869 1053
870 1249
871 473
872 2973
873 1384
874 3063
875 874
876 22114
877 1022
878 2563
879 31403
880 3429
881 982
882 1574
883 717
884 3565
885 804
886 1179
887 739
888 3703
889 1040
890 767
891 14241
892 2081
893 1453
894 831
895 729
896 2776
897 807
898 1473
899 637
900 2661
901 563
902 763
903 437
904 4095
905 678
906 1732
907 685
908 2686
909 702
910 628
911 10606
912 1918
913 694
914 15106
915 1449
916 662
917 609
918 749
919 673
920 970
921 4959
922 1388
923 757
924 946
925 516
926 947
927 390
928 2126
929 771
930 2279
931 468
932 2280
933 1178
934 2042
935 805
936 2925
937 717
938 2073
939 565
940 1196
941 569
942 964
943 442
944 2143
945 949
946 3398
947 493
948 3582
949 611
950 853
951 549
952 4527
953 1331
954 1234
955 871
956 2931
957 2577
958 1096
959 612
960 1386
961 915
962 480
963 483
964 642
965 1714
966 500
967 734
968 532
969 1037
970 806
971 460
972 377
973 932
974 1237
975 677
976 544
977 990
978 1227
979 754
980 1319
981 1206
982 509
983 3101
984 1645
985 973
986 2516
987 5293
988 1320
989 1097
990 1402
991 1049
992 832
993 1747
994 1423
995 1409
996 699
997 712
998 453
999 653
1000 2303
1001 1112
1002 778
1003 355
1004 1588
1005 584
1006 619
1007 1033
1008 1950
1009 704
1010 562
1011 485
1012 720
1013 998
1014 459
1015 476
1016 1319
1017 648
1018 2314
1019 953
1020 694
1021 601
1022 1018
1023 1147
1024 591
1025 558
1026 970
1027 666
1028 395
1029 765
1030 482
1031 687
1032 849
1033 499
1034 885
1035 409
1036 430
1037 871
1038 1802
1039 376
1040 373
1041 446
1042 1272
1043 795
1044 783
1045 465
1046 2456
1047 489
1048 738
1049 441
1050 2230
1051 587
1052 749
1053 846
1054 917
1055 735
1056 406
1057 6148
1058 789
1059 401
1060 419
1061 563
1062 467
1063 695
1064 375
1065 1806
1066 2064
1067 1553
1068 554
1069 491
1070 1932
1071 862
1072 646
1073 377
1074 1962
1075 472
1076 633
1077 619
1078 456
1079 363
1080 835
1081 382
1082 668
1083 820
1084 927
1085 322
1086 708
1087 1317
1088 515
1089 413
1090 1509
1091 408
1092 6376
1093 451
1094 2810
1095 1260
1096 677
1097 382
1098 2911
1099 472
1100 358
1101 346
1102 2873
1103 429
1104 483
1105 1044
1106 554
1107 420
1108 740
1109 467
1110 540
1111 625
1112 438
1113 459
1114 2417
1115 421
1116 616
1117 851
1118 646
1119 776
1120 430
1121 2045
1122 533
1123 340
1124 362
1125 361
1126 962
1127 608
1128 536
1129 319
1130 1616
1131 854
1132 527
1133 568
1134 1662
1135 854
1136 420
1137 583
1138 1733
1139 905
1140 8900
1141 748
1142 955
1143 1642
1144 685
1145 889
1146 672
1147 874
1148 1208
1149 794
1150 556
1151 778
1152 1313
1153 628
1154 1005
1155 632
1156 569
1157 725
1158 686
1159 2638
1160 2836
1161 590
1162 2151
1163 731
1164 557
1165 1047
1166 2547
1167 1242
1168 630
1169 1056
1170 749
1171 596
1172 690
1173 481
1174 1075
1175 4336
1176 579
1177 713
1178 1232
1179 1122
1180 1288
1181 1045
1182 1238
1183 1049
1184 3089
1185 5172
1186 17510
1187 2183
1188 2987
1189 8539
1190 1653
1191 1494
1192 2709
1193 1021
1194 2479
1195 929
1196 1912
1197 1915
1198 895
1199 1240
1200 1520
1201 1077
1202 2526
1203 791
1204 1345
1205 1556
1206 1608
1207 1245
1208 1266
1209 668
1210 606
1211 740
1212 1284
1213 1480
1214 1250
1215 939
1216 878
1217 1089
1218 1501
1219 1645
1220 4158
1221 1229
1222 1437
1223 984
1224 1044
1225 1014
1226 1683
1227 3132
1228 1239
1229 1382
1230 6645
1231 2319
1232 1000
1233 1055
1234 2246
1235 882
1236 1798
1237 1203
1238 1018
1239 1161
1240 1098
1241 1207
1242 1165
1243 895
1244 958
1245 955
1246 1570
1247 912
1248 921
1249 852
1250 1685
1251 1126
1252 3442
1253 1521
1254 2588
1255 1290
1256 2681
1257 1838
1258 1973
1259 1807
1260 2757
1261 1801
1262 2281
1263 1047
1264 1250
1265 2218
1266 4540
1267 3976
1268 1019
1269 838
1270 2527
1271 1592
1272 1145
1273 815
1274 1554
1275 4051
1276 1988
1277 2065
1278 1063
1279 4089
1280 2363
1281 1072
1282 1166
1283 1245
1284 1827
1285 997
1286 1607
1287 1194
1288 1742
1289 770
1290 914
1291 1886
1292 766
1293 1296
1294 2730
1295 899
1296 2536
1297 6711
1298 1099
1299 965
1300 2541
1301 4263
1302 1288
1303 2937
1304 1696
1305 876
1306 2208
1307 1141
1308 923
1309 1456
1310 1270
1311 1353
1312 869
1313 813
1314 30756
1315 2634
1316 949
1317 1927
1318 1199
1319 1529
1320 847
1321 1097
1322 1272
1323 1207
1324 1599
1325 718
1326 898
1327 3336
1328 1155
1329 1515
1330 1222
1331 1259
1332 3755
1333 2053
1334 1319
1335 1333
1336 774
1337 834
1338 1324
1339 1205
1340 1030
1341 1798
1342 3047
1343 766
1344 770
1345 1060
1346 2291
1347 2341
1348 800
1349 1550
1350 8627
1351 1229
1352 1583
1353 2157
1354 27555
1355 1053
1356 2780
1357 2998
1358 2651
1359 3229
1360 4455
1361 1050
1362 1692
1363 4523
1364 1268
1365 955
1366 3269
1367 620
1368 1607
1369 727
1370 847
1371 835
1372 798
1373 1106
1374 5743
1375 3021
1376 6325
1377 1686
1378 2499
1379 2017
1380 6146
1381 911
1382 667
1383 1172
1384 2306
1385 1671
1386 3445
1387 683
1388 4220
1389 1221
1390 3155
1391 1185
1392 1769
1393 920
1394 2565
1395 988
1396 3236
1397 748
1398 821
1399 1066
1400 1644
1401 986
1402 1031
1403 1351
1404 8693
1405 1762
1406 5211
1407 1330
1408 2884
1409 2650
1410 3470
1411 965
1412 3332
1413 884
1414 280199
1415 853
1416 1544
1417 3814
1418 3706
1419 2080
1420 804
1421 914
1422 5553
1423 732
1424 11545
1425 782
1426 46360
1427 3187
1428 622
1429 1025
1430 3507
1431 735
1432 746
1433 771
1434 1057435
1435 2253
1436 4978
1437 1447
1438 1798
1439 851
1440 40084
1441 1369
1442 1386825
1443 739
1444 14117
1445 634
1446 9108
1447 879
1448 4295
1449 679
1450 1402
1451 777
1452 9364
1453 1368
1454 2646656
1455 1308
1456 6516
1457 2040
1458 3234
1459 1207
1460 1523
1461 658
1462 37566
1463 1218
1464 3118539
1465 1065
1466 49152
1467 1160
1468 539880
1469 790
1470 6532
1471 991
1472 6216
1473 1227
1474 69564
1475 989
1476 2310
1477 673
1478 2230
1479 3353
1480 2468
1481 1254
1482 7707
1483 763
1484 215078
1485 656
1486 1969
1487 1620
1488 817
1489 2074
1490 5392
1491 2293
1492 1745
1493 735
1494 274537
1495 767
1496 21639
1497 549
1498 8749
1499 1966
1500 1660
1501 610
1502 19058
1503 961
1504 2531
1505 654
1506 1229132
1507 1088
1508 2356
1509 1013
1510 260911
1511 664
1512 4422
1513 10552
1514 41429708
1515 0
1516 0
1517 0
1518 0
1519 0
1520 0
1521 0
1522 0
1523 0
1524 0
1525 0
1526 0
1527 0
1528 0
1529 0
1530 0
1531 0
1532 0
1533 0
1534 0
1535 0
1536 0
1537 0
1538 0
1539 0
1540 0
1541 0
1542 0
1543 0
1544 0
1545 0
1546 0
1547 0
1548 0
1549 0
1550 0
1551 0
1552 0
1553 0
1554 0
1555 0
1556 0
1557 0
1558 0
1559 0
1560 0
1561 0
1562 0
1563 0
1564 0
1565 0
1566 0
1567 0
1568 0
1569 0
1570 0
1571 0
1572 0
1573 0
1574 0
1575 0
1576 0
1577 0
1578 0
1579 0
1580 0
1581 0
1582 0
1583 0
1584 0
1585 0
1586 0
1587 0
1588 0
1589 0
1590 0
1591 0
1592 0
1593 0
1594 0
1595 0
1596 0
1597 0
1598 0
1599 0
