0 0
1 0
2 0
3 0
4 0
5 0
6 0
7 0
8 0
9 0
10 0
11 0
12 0
13 0
14 0
15 0
16 0
17 0
18 0
19 0
20 0
21 0
22 0
23 0
24 0
25 0
26 0
27 0
28 0
29 0
30 0
31 0
32 0
33 0
34 0
35 0
36 0
37 0
38 0
39 0
40 0
41 0
42 0
43 0
44 0
45 0
46 0
47 0
48 0
49 0
50 0
51 0
52 0
53 0
54 0
55 0
56 0
57 0
58 0
59 0
60 26095068
61 11489
62 408235
63 7670
64 6968
65 182046
66 9184408
67 17795
68 154452
69 125310
70 48442
71 49453
72 76162
73 16443
74 876094
75 45347
76 20421
77 104483
78 396520
79 45988
80 10626
81 139147
82 82767
83 5767
84 6124
85 68240
86 105627
87 35057
88 63775
89 5347
90 74155
91 5633
92 9956
93 9471
94 116758
95 16420
96 27148
97 9491
98 48428
99 8024
100 26462
101 17552
102 85406
103 87535
104 3822
105 9393
106 182695
107 185400
108 5230
109 9737
110 16595
111 19023
112 8838
113 5527
114 11767
115 4438
116 6793
117 3641
118 45038
119 10486
120 19774
121 7701
122 21586
123 3684
124 10918
125 12461
126 17317
127 5045
128 10634
129 4333
130 3932
131 8496
132 6026
133 3702
134 26244
135 5117
136 6198
137 17082
138 3781
139 2383
140 5420
141 18559
142 3053
143 24091
144 5659
145 3411
146 6835
147 3805
148 9976
149 30829
150 38551
151 4315
152 3964
153 3646
154 5420
155 10510
156 8592
157 4046
158 18188
159 8648
160 4359
161 5654
162 3256
163 3552
164 3079
165 2897
166 5018
167 4295
168 2674
169 2480
170 3613
171 5091
172 2274
173 3065
174 2804
175 2401
176 2365
177 2881
178 2996
179 4445
180 3739
181 3320
182 2353
183 4045
184 3241
185 2608
186 5706
187 2467
188 2510
189 1650
190 4136
191 2539
192 1709
193 2330
194 2883
195 2349
196 2335
197 1703
198 1810
199 5257
200 2695
201 3292
202 2925
203 2521
204 7082
205 2408
206 4217
207 5370
208 1954
209 3567
210 5206
211 2889
212 1541
213 2090
214 2252
215 3287
216 4515
217 2390
218 24139
219 8418
220 1949
221 8775
222 3617
223 1681
224 16928
225 4521
226 4051
227 2862
228 2081
229 1245
230 2600
231 5089
232 11237
233 1510
234 2252
235 1609
236 3165
237 5033
238 2514
239 1863
240 2583
241 2475
242 1791
243 2152
244 2537
245 1605
246 2366
247 6475
248 1301
249 2093
250 2306
251 1749
252 2917
253 4243
254 1524
255 1977
256 1145
257 12807
258 5339
259 1970
260 5297
261 2879
262 3024
263 1654
264 2598
265 19791
266 5139
267 2357
268 1744
269 1896
270 1267
271 1411
272 2215
273 2884
274 2124
275 4377
276 2237
277 1492
278 2977
279 2132
280 2618
281 1604
282 2299
283 1738
284 2141
285 1288
286 2339
287 2760
288 1494
289 1427
290 1404
291 4038
292 3461
293 1556
294 1836
295 1208
296 1831
297 4489
298 9882
299 16124
300 8333
301 1694
302 1789
303 1806
304 2322
305 1742
306 7919
307 864
308 12801
309 1036
310 1821
311 4481
312 1295
313 789
314 1957
315 1277
316 1514
317 1697
318 1987
319 1498
320 1935
321 1186
322 1520
323 1134
324 1933
325 1482
326 1796
327 6675
328 4308
329 7244
330 6791
331 3390
332 1439
333 780
334 1078
335 2403
336 11542
337 11308
338 8460
339 4447
340 1532
341 33214
342 5099
343 1621
344 1287
345 1467
346 2822
347 6883
348 7755
349 6438
350 2938
351 2493
352 3028
353 3033
354 3902
355 4061
356 5281
357 2283
358 94383
359 82537
360 66691
361 64050
362 60631
363 26290
364 1930
365 1086
366 2211
367 2279
368 1252
369 1171
370 1943
371 9419
372 16135
373 8177
374 8100
375 5231
376 2635
377 11910
378 7267
379 2520
380 2086
381 2181
382 2988
383 31028
384 18116
385 9176
386 6396
387 4556
388 7874
389 2134
390 3569
391 3254
392 3498
393 5304
394 2052
395 2466
396 1548
397 5548
398 2135
399 1555
400 2607
401 2790
402 4016
403 4514
404 5586
405 3728
406 3726
407 4079
408 1877
409 17502
410 1777
411 3669
412 1825
413 7649
414 2036
415 5543
416 1731
417 5646
418 2745
419 6914
420 1437
421 11260
422 1899
423 42272
424 2715
425 10208
426 2067
427 9090
428 2092
429 4845
430 1621
431 5573
432 2071
433 4152
434 1452
435 3166
436 2167
437 3366
438 2112
439 6448
440 85234
441 4672
442 2365
443 4665
444 5054
445 13689
446 4656
447 4606
448 2190
449 3631
450 2383
451 3967
452 3699
453 4504
454 3521
455 2324
456 2442
457 3224
458 4430
459 2493
460 1981
461 2874
462 2248
463 3441
464 1756
465 16120
466 1957
467 2915
468 2456
469 2668
470 2100
471 2946
472 2514
473 2814
474 2650
475 3636
476 2418
477 3447
478 2663
479 4277
480 13339
481 3323
482 5346
483 3418
484 4947
485 4996
486 2749
487 4159
488 3122
489 3697
490 3135
491 3181
492 3467
493 2511
494 2638
495 3370
496 4680
497 3104
498 4054
499 61931
500 3390
501 2896
502 3788
503 3481
504 3357
505 3196
506 4970
507 26655
508 3765
509 4771
510 6827
511 8486
512 4042
513 3207
514 3705
515 4379
516 4585
517 4624
518 5426
519 5819
520 3817
521 4252
522 5656
523 4957
524 4550
525 6063
526 2816
527 7831
528 2970
529 2684
530 4159
531 5225
532 2902
533 4616
534 5245
535 3535
536 2780
537 3124
538 2384
539 3530
540 3033
541 3047
542 3245
543 3858
544 2800
545 3627
546 4249
547 3863
548 3763
549 3492
550 3194
551 3338
552 3613
553 5419
554 5774
555 4339
556 4415
557 3811
558 3969
559 5257
560 8543
561 9525
562 4566
563 3056
564 3738
565 3098
566 3436
567 3549
568 3300
569 7159
570 3371
571 3823
572 3764
573 3041
574 3336
575 36081
576 3826
577 3945
578 3233
579 2583
580 2608
581 2606
582 2543
583 2915
584 2557
585 3547
586 3552
587 2608
588 2232
589 3460
590 148727
591 5331
592 4088
593 3553
594 3408
595 3153
596 2447
597 2993
598 3381
599 7325
600 2763
601 3909
602 4239
603 3810
604 3325
605 2895
606 4612
607 3501
608 4707
609 5621
610 5275
611 3539
612 4645
613 3086
614 3752
615 3467
616 2767
617 2787
618 3682
619 3634
620 3087
621 2628
622 3218
623 2192
624 2747
625 3067
626 4257
627 4899
628 4394
629 2909
630 2797
631 2295
632 2455
633 2004
634 2941
635 3223
636 4107
637 2995
638 3116
639 2347
640 2694
641 2505
642 3487
643 2425
644 2175
645 2069
646 2947
647 2757
648 2572
649 2586
650 2444
651 2019
652 1996
653 2145
654 2848
655 2434
656 2141
657 2318
658 2386
659 2546
660 2426
661 2864
662 3120
663 1994
664 2732
665 2024
666 3684
667 2203
668 2319
669 2877
670 3269
671 2480
672 2202
673 2712
674 2976
675 1495
676 1807
677 1786
678 2323
679 2039
680 2289
681 1658
682 1911
683 2042
684 2213
685 1880
686 1668
687 1640
688 1613
689 1886
690 2205
691 25581
692 1892
693 1734
694 2126
695 1935
696 2038
697 1641
698 2124
699 1859
700 1945
701 2760
702 4251
703 3043
704 1730
705 2176
706 1995
707 2533
708 1442
709 1765
710 2240
711 1896
712 1518
713 1836
714 8326
715 1552
716 2710
717 1726
718 1881
719 2166
720 3630
721 1737
722 1506
723 1215
724 1304
725 1200
726 1973
727 1754
728 1724
729 2409
730 1561
731 1411
732 1433
733 1656
734 1303
735 2069
736 1219
737 1908
738 1856
739 2093
740 1006
741 2357
742 1504
743 2200
744 1077
745 1774
746 5581
747 3452
748 1354
749 1588
750 4466
751 1315
752 7044
753 2378
754 3099
755 1430
756 1521
757 1407
758 2257
759 1991
760 1613
761 5906
762 2494
763 2472
764 6373
765 2056
766 2413
767 1905
768 1421
769 1729
770 4930
771 1725
772 1002
773 2656
774 2185
775 1501
776 1072
777 1793
778 2656
779 1525
780 1816
781 1336
782 3153
783 1253
784 890
785 1130
786 3330
787 1767
788 1687
789 967
790 2049
791 926
792 1285
793 933
794 1683
795 755
796 919
797 1251
798 2272
799 1183
800 1392
801 1326
802 1612
803 1107
804 1623
805 1401
806 1544
807 800
808 1014
809 1260
810 1598
811 1365
812 819
813 1713
814 6826
815 922
816 846
817 1329
818 1644
819 1821
820 2869
821 764
822 1175
823 1205
824 1196
825 1161
826 1910
827 840
828 855
829 992
830 1609
831 1456
832 1509
833 2749
834 972
835 684
836 808
837 1184
838 965
839 1456
840 2024
841 3495
842 6445
843 3718
844 14728
845 1408
846 2283
847 715
848 1175
849 848
850 2903
851 3639
852 762
853 728
854 2043
855 1132
856 720
857 810
858 1756
859 1263
860 671
861 716
862 6262
863 862
864 1166
865 1706
866 1224
867 1209
868 2144
869 1511
870 584
871 545
872 422
873 1544
874 1336
875 973
876 24543
877 1171
878 818
879 35613
880 484
881 1149
882 685
883 664
884 687
885 863
886 1246
887 773
888 756
889 1168
890 863
891 16185
892 2998
893 1588
894 873
895 785
896 991
897 894
898 1632
899 700
900 862
901 570
902 762
903 503
904 1815
905 773
906 1933
907 800
908 1459
909 776
910 768
911 11845
912 493
913 822
914 10774
915 1649
916 709
917 631
918 751
919 834
920 799
921 5642
922 1012
923 844
924 832
925 541
926 574
927 418
928 599
929 881
930 1334
931 547
932 542
933 1246
934 1021
935 919
936 1276
937 799
938 1092
939 663
940 729
941 612
942 522
943 529
944 652
945 1073
946 3618
947 521
948 450
949 576
950 726
951 563
952 525
953 1033
954 1072
955 492
956 438
957 953
958 922
959 417
960 455
961 946
962 529
963 406
964 684
965 1415
966 533
967 816
968 621
969 997
970 631
971 515
972 455
973 1042
974 1231
975 749
976 611
977 1032
978 1228
979 824
980 549
981 7557
982 553
983 3630
984 952
985 1176
986 1936
987 5979
988 351
989 1298
990 661
991 1173
992 694
993 2050
994 631
995 1671
996 467
997 761
998 563
999 776
1000 1424
1001 1251
1002 825
1003 428
1004 701
1005 604
1006 655
1007 1178
1008 996
1009 818
1010 641
1011 554
1012 816
1013 1087
1014 577
1015 616
1016 1381
1017 585
1018 1426
1019 1809
1020 772
1021 805
1022 935
1023 1295
1024 601
1025 620
1026 1040
1027 698
1028 453
1029 922
1030 554
1031 805
1032 920
1033 650
1034 1028
1035 460
1036 491
1037 972
1038 1291
1039 404
1040 432
1041 565
1042 811
1043 878
1044 840
1045 570
1046 2349
1047 590
1048 846
1049 514
1050 2604
1051 679
1052 928
1053 968
1054 900
1055 878
1056 467
1057 6042
1058 890
1059 502
1060 469
1061 658
1062 496
1063 365
1064 372
1065 367
1066 655
1067 476
1068 723
1069 529
1070 437
1071 914
1072 755
1073 429
1074 528
1075 537
1076 739
1077 706
1078 465
1079 417
1080 969
1081 457
1082 10754
1083 1673
1084 982
1085 405
1086 874
1087 1501
1088 562
1089 337
1090 954
1091 440
1092 8326
1093 512
1094 547
1095 1484
1096 831
1097 398
1098 659
1099 482
1100 467
1101 348
1102 514
1103 498
1104 542
1105 1093
1106 595
1107 511
1108 880
1109 509
1110 690
1111 718
1112 446
1113 515
1114 1177
1115 429
1116 686
1117 988
1118 661
1119 847
1120 545
1121 2322
1122 1528
1123 377
1124 450
1125 421
1126 1091
1127 615
1128 649
1129 401
1130 856
1131 950
1132 567
1133 557
1134 818
1135 937
1136 512
1137 563
1138 708
1139 914
1140 2686
1141 808
1142 1072
1143 1749
1144 813
1145 933
1146 655
1147 920
1148 1433
1149 862
1150 647
1151 1003
1152 1418
1153 747
1154 1185
1155 780
1156 581
1157 933
1158 825
1159 2913
1160 3389
1161 871
1162 2347
1163 1070
1164 699
1165 1300
1166 2994
1167 1440
1168 869
1169 1176
1170 906
1171 625
1172 676
1173 610
1174 1280
1175 4822
1176 798
1177 816
1178 1437
1179 1408
1180 1731
1181 1239
1182 1590
1183 1208
1184 4198
1185 5979
1186 19089
1187 2134
1188 1800
1189 9388
1190 2100
1191 1755
1192 808
1193 1270
1194 2766
1195 1062
1196 1662
1197 2399
1198 1241
1199 1325
1200 1139
1201 1280
1202 2855
1203 735
1204 1471
1205 1571
1206 1991
1207 1326
1208 1470
1209 756
1210 827
1211 805
1212 1438
1213 1618
1214 1262
1215 1075
1216 1163
1217 1113
1218 1826
1219 1658
1220 5013
1221 1482
1222 1621
1223 1153
1224 1237
1225 1146
1226 1713
1227 3324
1228 1272
1229 1610
1230 7101
1231 2493
1232 1148
1233 1112
1234 2571
1235 1062
1236 2089
1237 1210
1238 1198
1239 1271
1240 1543
1241 1575
1242 1323
1243 1105
1244 1122
1245 1361
1246 1324
1247 1129
1248 949
1249 1032
1250 1639
1251 1313
1252 3106
1253 1764
1254 5374
1255 1531
1256 1902
1257 1061
1258 1123
1259 2062
1260 2007
1261 890
1262 1413
1263 1108
1264 1509
1265 1353
1266 4693
1267 3465
1268 1211
1269 817
1270 2898
1271 1818
1272 1220
1273 939
1274 1655
1275 4312
1276 2176
1277 2250
1278 1264
1279 6000
1280 1645
1281 1213
1282 1417
1283 1656
1284 1180
1285 1420
1286 1541
1287 1629
1288 1065
1289 914
1290 1215
1291 2170
1292 965
1293 1498
1294 6404
1295 1064
1296 2117
1297 7741
1298 1312
1299 1115
1300 1762
1301 4828
1302 1801
1303 3386
1304 811
1305 946
1306 2414
1307 910
1308 1232
1309 1449
1310 2133
1311 1424
1312 1111
1313 931
1314 37581
1315 2971
1316 1094
1317 2220
1318 1155
1319 1845
1320 1132
1321 1212
1322 1534
1323 1349
1324 1726
1325 790
1326 1057
1327 3924
1328 1508
1329 1669
1330 1426
1331 1320
1332 4341
1333 2330
1334 5395
1335 1574
1336 866
1337 775
1338 1602
1339 1430
1340 1056
1341 1884
1342 3562
1343 1071
1344 831
1345 1303
1346 2314
1347 2643
1348 868
1349 6921
1350 6920
1351 1429
1352 1968
1353 2338
1354 21059
1355 1206
1356 3667
1357 3494
1358 1997
1359 3635
1360 5066
1361 1222
1362 1881
1363 9031
1364 4993
1365 829
1366 1402
1367 774
1368 1458
1369 731
1370 1303
1371 960
1372 1066
1373 1298
1374 5791
1375 3527
1376 6141
1377 2069
1378 2704
1379 2441
1380 7128
1381 1098
1382 806
1383 1332
1384 2648
1385 1875
1386 3315
1387 824
1388 5145
1389 1472
1390 3716
1391 1292
1392 1660
1393 1070
1394 4388
1395 1208
1396 2931
1397 894
1398 2313
1399 1265
1400 1921
1401 1166
1402 1216
1403 1665
1404 13240
1405 1960
1406 4834
1407 1787
1408 3072
1409 2985
1410 3966
1411 1146
1412 3566
1413 896
1414 343469
1415 1051
1416 1610
1417 6160
1418 3835
1419 2375
1420 9776
1421 993
1422 3645
1423 923
1424 22077
1425 896
1426 45479
1427 3803
1428 709
1429 1205
1430 2296
1431 875
1432 1125
1433 919
1434 1220030
1435 2737
1436 4155
1437 1576
1438 1873
1439 934
1440 35889
1441 1528
1442 1555491
1443 753
1444 23042
1445 756
1446 9426
1447 971
1448 10163
1449 695
1450 1645
1451 954
1452 6741
1453 1145
1454 2916321
1455 1533
1456 16128
1457 2407
1458 3764
1459 1237
1460 956
1461 763
1462 36069
1463 1539
1464 3455313
1465 1377
1466 28499
1467 1096
1468 676975
1469 926
1470 4496
1471 1014
1472 7771
1473 1337
1474 90209
1475 1137
1476 2513
1477 699
1478 2370
1479 3576
1480 2864
1481 1439
1482 24715
1483 849
1484 306227
1485 756
1486 4858
1487 1685
1488 833
1489 2250
1490 11036
1491 2607
1492 1376
1493 859
1494 189523
1495 836
1496 58410
1497 637
1498 7994
1499 2208
1500 2162
1501 765
1502 20986
1503 3375
1504 2487
1505 817
1506 1347426
1507 1216
1508 1143
1509 1160
1510 273370
1511 713
1512 3840
1513 3676
1514 47571155
1515 0
1516 0
1517 0
1518 0
1519 0
1520 0
1521 0
1522 0
1523 0
1524 0
1525 0
1526 0
1527 0
1528 0
1529 0
1530 0
1531 0
1532 0
1533 0
1534 0
1535 0
1536 0
1537 0
1538 0
1539 0
1540 0
1541 0
1542 0
1543 0
1544 0
1545 0
1546 0
1547 0
1548 0
1549 0
1550 0
1551 0
1552 0
1553 0
1554 0
1555 0
1556 0
1557 0
1558 0
1559 0
1560 0
1561 0
1562 0
1563 0
1564 0
1565 0
1566 0
1567 0
1568 0
1569 0
1570 0
1571 0
1572 0
1573 0
1574 0
1575 0
1576 0
1577 0
1578 0
1579 0
1580 0
1581 0
1582 0
1583 0
1584 0
1585 0
1586 0
1587 0
1588 0
1589 0
1590 0
1591 0
1592 0
1593 0
1594 0
1595 0
1596 0
1597 0
1598 0
1599 0
