0 0
1 0
2 0
3 0
4 0
5 0
6 0
7 0
8 0
9 0
10 0
11 0
12 0
13 0
14 0
15 0
16 0
17 0
18 0
19 0
20 0
21 0
22 0
23 0
24 0
25 0
26 0
27 0
28 0
29 0
30 0
31 0
32 0
33 0
34 0
35 0
36 0
37 0
38 0
39 0
40 0
41 0
42 0
43 0
44 0
45 0
46 0
47 0
48 0
49 0
50 0
51 0
52 0
53 0
54 0
55 0
56 0
57 0
58 0
59 0
60 23699495
61 10110
62 362086
63 7971
64 4866
65 161217
66 8196910
67 15717
68 138443
69 110338
70 45240
71 44895
72 65073
73 10684
74 780943
75 24315
76 9952
77 87828
78 356360
79 28157
80 12366
81 32600
82 70291
83 3351
84 4147
85 57117
86 90366
87 29046
88 54536
89 7676
90 62855
91 9965
92 12859
93 22498
94 108000
95 15050
96 8290
97 8691
98 40683
99 10110
100 23487
101 16337
102 82830
103 77059
104 3405
105 11636
106 163145
107 163399
108 3479
109 4404
110 14082
111 7011
112 8341
113 4986
114 10827
115 6877
116 84591
117 2951
118 44570
119 7639
120 19041
121 17889
122 26670
123 2720
124 16308
125 9571
126 13592
127 3987
128 9115
129 2741
130 4018
131 7229
132 6094
133 2961
134 22795
135 4964
136 3229
137 14561
138 7087
139 3208
140 4630
141 13335
142 6159
143 17851
144 7357
145 2392
146 7390
147 3012
148 10848
149 26330
150 33096
151 3155
152 3619
153 2650
154 5063
155 8761
156 4698
157 4392
158 16209
159 8239
160 3531
161 4938
162 5860
163 5796
164 2465
165 3672
166 5426
167 3681
168 3559
169 3485
170 4439
171 2345
172 3032
173 2532
174 2227
175 2024
176 2771
177 2021
178 3319
179 4790
180 3072
181 2760
182 2101
183 4370
184 3979
185 2622
186 4368
187 16070
188 2184
189 1214
190 3981
191 2024
192 1187
193 1843
194 2990
195 3440
196 1383
197 2243
198 1953
199 4454
200 2391
201 1937
202 2926
203 2241
204 6696
205 2515
206 7421
207 4672
208 1773
209 2935
210 6376
211 4237
212 2593
213 1884
214 1390
215 2584
216 3373
217 2195
218 20378
219 7603
220 2653
221 8092
222 5458
223 1587
224 14749
225 4128
226 4402
227 2741
228 1978
229 1376
230 2466
231 3958
232 9256
233 1380
234 3173
235 1403
236 2566
237 4207
238 2280
239 1538
240 2210
241 2140
242 3853
243 1868
244 2189
245 1169
246 24705
247 5991
248 1936
249 5060
250 2599
251 1620
252 2636
253 4030
254 1722
255 2101
256 1173
257 10245
258 6016
259 2094
260 7168
261 2379
262 3057
263 1970
264 10713
265 25600
266 9393
267 6278
268 1645
269 1773
270 1263
271 1321
272 2033
273 2743
274 2214
275 3369
276 1869
277 1737
278 3386
279 2098
280 2111
281 1591
282 129356
283 1511
284 1866
285 1483
286 2214
287 2788
288 1039
289 1561
290 1679
291 3400
292 3433
293 1861
294 1998
295 1231
296 1625
297 3558
298 9263
299 14562
300 7490
301 1505
302 1934
303 1652
304 1985
305 1566
306 7671
307 1739
308 9630
309 1113
310 1687
311 5046
312 1518
313 924
314 1916
315 1171
316 1984
317 1812
318 1937
319 1538
320 1860
321 1019
322 1819
323 1262
324 1746
325 1216
326 2121
327 5924
328 3869
329 6073
330 6208
331 3320
332 1380
333 845
334 1315
335 2240
336 9638
337 9071
338 10283
339 4088
340 1637
341 29815
342 3765
343 1850
344 1339
345 1593
346 3118
347 6312
348 7043
349 5639
350 2676
351 2230
352 2975
353 3624
354 5000
355 3547
356 4773
357 2094
358 85629
359 74226
360 59214
361 56883
362 54143
363 23607
364 1739
365 1225
366 2336
367 2032
368 1072
369 1004
370 1716
371 8289
372 14826
373 7815
374 7338
375 4966
376 2484
377 10696
378 7198
379 2586
380 1963
381 2115
382 3177
383 28020
384 15896
385 8387
386 6117
387 4192
388 6882
389 2045
390 3509
391 2892
392 3453
393 4898
394 2103
395 2127
396 1612
397 4994
398 2036
399 1390
400 2477
401 2854
402 3610
403 4031
404 4387
405 3203
406 3473
407 3974
408 2146
409 15930
410 2065
411 3364
412 1757
413 6942
414 3239
415 5172
416 1670
417 5118
418 3311
419 6697
420 1491
421 10053
422 1958
423 37096
424 2329
425 8483
426 2277
427 8148
428 1739
429 4301
430 1612
431 4789
432 1933
433 4386
434 1740
435 2991
436 2076
437 2995
438 3821
439 5814
440 75531
441 4260
442 3358
443 4194
444 4702
445 12380
446 3577
447 4379
448 2099
449 3219
450 2518
451 3496
452 3201
453 4051
454 3896
455 2294
456 2381
457 2625
458 7217
459 2181
460 1779
461 2543
462 1876
463 3832
464 1619
465 14358
466 1846
467 2587
468 2257
469 2267
470 2536
471 2669
472 2202
473 2787
474 4752
475 3360
476 2089
477 3157
478 2343
479 3810
480 11726
481 3762
482 5186
483 3076
484 5049
485 4282
486 2476
487 3701
488 2625
489 3110
490 3610
491 2950
492 3157
493 2433
494 2465
495 3184
496 4571
497 3436
498 4240
499 55239
500 3122
501 2817
502 3467
503 3437
504 3116
505 3037
506 5829
507 23679
508 3424
509 4402
510 6468
511 7962
512 3923
513 3309
514 4289
515 4407
516 4327
517 4750
518 5231
519 5571
520 3709
521 4336
522 6293
523 4864
524 4152
525 4365
526 2647
527 7451
528 2947
529 2583
530 4006
531 4946
532 2780
533 4268
534 4704
535 3315
536 2470
537 2973
538 11320
539 3295
540 2646
541 2779
542 2879
543 3692
544 2732
545 3125
546 3889
547 3372
548 3315
549 2608
550 2734
551 3361
552 3348
553 4873
554 21861
555 3996
556 3371
557 3384
558 3345
559 4914
560 7580
561 8742
562 4208
563 2820
564 3361
565 2871
566 3308
567 3046
568 3060
569 6753
570 4696
571 3286
572 3272
573 2706
574 3049
575 32204
576 3217
577 3463
578 3191
579 2181
580 2261
581 2334
582 2282
583 2533
584 2191
585 3143
586 5369
587 2364
588 1982
589 3061
590 116934
591 4794
592 3584
593 3000
594 3311
595 2843
596 2250
597 2869
598 3352
599 6277
600 2525
601 3446
602 7157
603 3388
604 2807
605 2784
606 3634
607 3208
608 4049
609 5121
610 4976
611 3253
612 4173
613 3133
614 3349
615 4095
616 2620
617 2617
618 7387
619 3034
620 2639
621 2405
622 3096
623 2098
624 2568
625 2780
626 4428
627 4508
628 4043
629 2618
630 3386
631 2089
632 2182
633 1878
634 7314
635 2719
636 3746
637 2679
638 2900
639 2101
640 2372
641 2250
642 3910
643 2294
644 1884
645 1867
646 2622
647 2602
648 2197
649 2373
650 5434
651 1755
652 1901
653 1903
654 2811
655 2298
656 1899
657 4508
658 2497
659 2297
660 2226
661 2651
662 3334
663 2543
664 2429
665 1654
666 4978
667 2103
668 2252
669 2676
670 2971
671 2303
672 1910
673 2457
674 2943
675 1429
676 1722
677 1579
678 2261
679 2192
680 1931
681 1627
682 3128
683 1835
684 1968
685 1696
686 1684
687 1446
688 1432
689 1663
690 2270
691 22285
692 1655
693 1593
694 1938
695 1732
696 1741
697 1428
698 2717
699 1567
700 1801
701 2620
702 3985
703 2745
704 1638
705 1904
706 2268
707 2247
708 1232
709 1494
710 2193
711 1881
712 1402
713 1613
714 7992
715 1364
716 2375
717 1687
718 1810
719 1880
720 3289
721 1584
722 1551
723 1212
724 1254
725 1127
726 1784
727 1527
728 1550
729 2205
730 1899
731 1689
732 1299
733 1328
734 1129
735 1840
736 1250
737 1669
738 2158
739 1826
740 985
741 2134
742 1434
743 2014
744 891
745 1623
746 4406
747 2977
748 1237
749 1442
750 3889
751 1168
752 6351
753 2139
754 2477
755 1363
756 1235
757 1275
758 2018
759 1850
760 1415
761 5302
762 2550
763 2264
764 12405
765 1870
766 2610
767 1767
768 1286
769 1540
770 4780
771 1525
772 907
773 2467
774 2017
775 1276
776 802
777 1582
778 2645
779 1347
780 1644
781 1172
782 3744
783 1131
784 868
785 1017
786 3109
787 1606
788 1471
789 1025
790 1942
791 748
792 1268
793 891
794 2057
795 803
796 815
797 1371
798 2182
799 1132
800 1365
801 1232
802 2155
803 975
804 1516
805 1312
806 1436
807 730
808 948
809 1089
810 1859
811 1180
812 736
813 1529
814 4779
815 773
816 747
817 1174
818 1558
819 1647
820 1849
821 705
822 1200
823 1010
824 1370
825 986
826 2023
827 695
828 872
829 981
830 1913
831 1368
832 1245
833 2396
834 1333
835 649
836 784
837 1023
838 70960
839 1195
840 1915
841 3233
842 5911
843 3772
844 13389
845 1379
846 2467
847 580
848 974
849 779
850 2426
851 2070
852 815
853 711
854 1289
855 1110
856 642
857 747
858 1902
859 1176
860 618
861 695
862 6056
863 779
864 923
865 1401
866 1543
867 942
868 1744
869 1027
870 646
871 503
872 488
873 1387
874 1481
875 909
876 21472
877 865
878 1141
879 31689
880 420
881 980
882 946
883 752
884 595
885 797
886 1184
887 722
888 753
889 986
890 974
891 14273
892 544
893 1427
894 962
895 711
896 951
897 780
898 1968
899 608
900 804
901 511
902 784
903 422
904 1667
905 679
906 1978
907 787
908 1263
909 681
910 844
911 10486
912 451
913 708
914 9723
915 1487
916 685
917 617
918 987
919 730
920 813
921 4953
922 1160
923 769
924 839
925 535
926 658
927 377
928 582
929 833
930 1594
931 467
932 508
933 1093
934 1881
935 868
936 1111
937 762
938 1199
939 642
940 685
941 571
942 561
943 449
944 561
945 1000
946 3406
947 493
948 470
949 570
950 1372
951 511
952 427
953 1008
954 1398
955 453
956 454
957 855
958 790
959 393
960 374
961 836
962 857
963 462
964 675
965 1248
966 852
967 671
968 574
969 891
970 950
971 408
972 367
973 950
974 1231
975 664
976 509
977 961
978 1329
979 735
980 514
981 1179
982 871
983 3247
984 869
985 1010
986 1989
987 5372
988 325
989 1098
990 685
991 1056
992 635
993 1808
994 1006
995 1590
996 426
997 685
998 1084
999 655
1000 1347
1001 1077
1002 979
1003 354
1004 583
1005 567
1006 658
1007 1012
1008 911
1009 699
1010 874
1011 543
1012 699
1013 921
1014 5792
1015 571
1016 1513
1017 699
1018 2190
1019 1137
1020 471
1021 596
1022 801
1023 1219
1024 567
1025 571
1026 1270
1027 600
1028 341
1029 1004
1030 11419
1031 799
1032 913
1033 638
1034 1221
1035 499
1036 447
1037 973
1038 1424
1039 404
1040 390
1041 448
1042 918
1043 775
1044 785
1045 544
1046 4436
1047 552
1048 789
1049 462
1050 2515
1051 591
1052 751
1053 873
1054 909
1055 780
1056 400
1057 4168
1058 1180
1059 402
1060 455
1061 481
1062 3833
1063 364
1064 363
1065 299
1066 1125
1067 484
1068 542
1069 454
1070 501
1071 841
1072 683
1073 367
1074 766
1075 471
1076 877
1077 640
1078 5841
1079 408
1080 813
1081 420
1082 8586
1083 3383
1084 844
1085 343
1086 906
1087 1293
1088 545
1089 306
1090 1395
1091 450
1092 7059
1093 472
1094 8330
1095 1327
1096 771
1097 371
1098 928
1099 445
1100 480
1101 387
1102 702
1103 437
1104 663
1105 1154
1106 821
1107 459
1108 787
1109 445
1110 9538
1111 690
1112 423
1113 498
1114 2000
1115 448
1116 752
1117 922
1118 790
1119 769
1120 429
1121 2134
1122 956
1123 347
1124 360
1125 408
1126 7747
1127 610
1128 616
1129 349
1130 905
1131 904
1132 519
1133 583
1134 875
1135 904
1136 451
1137 477
1138 903
1139 705
1140 5975
1141 677
1142 5335
1143 1370
1144 656
1145 762
1146 973
1147 961
1148 1266
1149 729
1150 702
1151 1385
1152 1362
1153 621
1154 1524
1155 625
1156 517
1157 794
1158 3783
1159 2673
1160 2955
1161 554
1162 2594
1163 1093
1164 794
1165 1196
1166 2820
1167 1526
1168 799
1169 1140
1170 984
1171 633
1172 621
1173 618
1174 2651
1175 4274
1176 745
1177 667
1178 1465
1179 1250
1180 1545
1181 1056
1182 1430
1183 933
1184 3118
1185 5455
1186 17086
1187 2223
1188 1533
1189 8321
1190 2774
1191 1618
1192 872
1193 1257
1194 2613
1195 1093
1196 1466
1197 2010
1198 905
1199 1274
1200 1038
1201 1238
1202 2712
1203 713
1204 1287
1205 1416
1206 2260
1207 1372
1208 1243
1209 748
1210 984
1211 814
1212 1304
1213 1371
1214 1290
1215 999
1216 1025
1217 966
1218 1924
1219 1596
1220 4351
1221 1337
1222 1718
1223 930
1224 924
1225 1124
1226 2182
1227 2987
1228 1294
1229 1474
1230 6393
1231 2176
1232 1096
1233 1092
1234 2435
1235 1157
1236 1878
1237 1328
1238 1349
1239 1116
1240 1319
1241 1123
1242 1340
1243 947
1244 886
1245 992
1246 1124
1247 933
1248 910
1249 1168
1250 2023
1251 1221
1252 2722
1253 1632
1254 4566
1255 1479
1256 1728
1257 922
1258 1193
1259 1719
1260 1703
1261 881
1262 1632
1263 1115
1264 1133
1265 1329
1266 4025
1267 4571
1268 1048
1269 1104
1270 2890
1271 1618
1272 1162
1273 803
1274 1853
1275 3936
1276 2029
1277 2119
1278 1131
1279 4279
1280 1421
1281 1199
1282 1727
1283 1564
1284 1317
1285 1288
1286 1950
1287 1648
1288 1023
1289 848
1290 1522
1291 2052
1292 877
1293 1254
1294 6168
1295 902
1296 1599
1297 7073
1298 1561
1299 1083
1300 1449
1301 4345
1302 1664
1303 3292
1304 629
1305 918
1306 2722
1307 1123
1308 995
1309 1372
1310 2160
1311 4449
1312 995
1313 988
1314 300556
1315 2859
1316 941
1317 2078
1318 1031
1319 1693
1320 1026
1321 1240
1322 1501
1323 1173
1324 1686
1325 725
1326 1153
1327 3575
1328 1237
1329 1669
1330 1651
1331 1285
1332 3737
1333 2167
1334 1351
1335 1432
1336 909
1337 731
1338 1743
1339 1339
1340 934
1341 1851
1342 3263
1343 906
1344 702
1345 1201
1346 3006
1347 2483
1348 791
1349 5223
1350 3888
1351 1379
1352 1979
1353 2164
1354 22673
1355 1104
1356 3404
1357 3145
1358 2852
1359 3155
1360 4540
1361 1071
1362 2039
1363 5366
1364 1044
1365 629
1366 2665
1367 680
1368 1385
1369 646
1370 1544
1371 958
1372 822
1373 1138
1374 15593
1375 3128
1376 5740
1377 1709
1378 2874
1379 2024
1380 6447
1381 881
1382 711
1383 1138
1384 2363
1385 1604
1386 3731
1387 761
1388 4042
1389 1148
1390 3278
1391 1212
1392 1832
1393 911
1394 2464
1395 1124
1396 2368
1397 859
1398 896
1399 1111
1400 1535
1401 937
1402 1457
1403 1416
1404 10153
1405 1727
1406 88136
1407 1701
1408 2812
1409 2697
1410 4605
1411 1034
1412 2246
1413 809
1414 383628
1415 933
1416 1530
1417 7507
1418 3636
1419 1987
1420 930
1421 899
1422 4199
1423 855
1424 25471
1425 873
1426 48440
1427 3470
1428 643
1429 1149
1430 2550
1431 821
1432 889
1433 872
1434 1111573
1435 2384
1436 6799
1437 1441
1438 1696
1439 840
1440 31646
1441 1392
1442 1426844
1443 586
1444 3804
1445 667
1446 9450
1447 948
1448 4682
1449 679
1450 1927
1451 705
1452 5167
1453 902
1454 2668679
1455 1504
1456 7325
1457 2076
1458 3778
1459 1142
1460 1759
1461 583
1462 30765
1463 1351
1464 2908100
1465 1095
1466 123411
1467 1049
1468 501341
1469 747
1470 4405
1471 906
1472 10478
1473 1178
1474 68030
1475 496
1476 2339
1477 920
1478 1737
1479 3215
1480 2679
1481 1251
1482 5988
1483 783
1484 297484
1485 650
1486 2812
1487 1545
1488 742
1489 2075
1490 4003
1491 2329
1492 1536
1493 683
1494 339109
1495 671
1496 15186
1497 629
1498 7697
1499 1910
1500 2552
1501 590
1502 20719
1503 1596
1504 2636
1505 1895
1506 1515070
1507 1080
1508 2202
1509 1006
1510 227678
1511 660
1512 12099
1513 3531
1514 42049551
1515 0
1516 0
1517 0
1518 0
1519 0
1520 0
1521 0
1522 0
1523 0
1524 0
1525 0
1526 0
1527 0
1528 0
1529 0
1530 0
1531 0
1532 0
1533 0
1534 0
1535 0
1536 0
1537 0
1538 0
1539 0
1540 0
1541 0
1542 0
1543 0
1544 0
1545 0
1546 0
1547 0
1548 0
1549 0
1550 0
1551 0
1552 0
1553 0
1554 0
1555 0
1556 0
1557 0
1558 0
1559 0
1560 0
1561 0
1562 0
1563 0
1564 0
1565 0
1566 0
1567 0
1568 0
1569 0
1570 0
1571 0
1572 0
1573 0
1574 0
1575 0
1576 0
1577 0
1578 0
1579 0
1580 0
1581 0
1582 0
1583 0
1584 0
1585 0
1586 0
1587 0
1588 0
1589 0
1590 0
1591 0
1592 0
1593 0
1594 0
1595 0
1596 0
1597 0
1598 0
1599 0
