0 0
1 0
2 0
3 0
4 0
5 0
6 0
7 0
8 0
9 0
10 0
11 0
12 0
13 0
14 0
15 0
16 0
17 0
18 0
19 0
20 0
21 0
22 0
23 0
24 0
25 0
26 0
27 0
28 0
29 0
30 0
31 0
32 0
33 0
34 0
35 0
36 0
37 0
38 0
39 0
40 0
41 0
42 0
43 0
44 0
45 0
46 0
47 0
48 0
49 0
50 0
51 0
52 0
53 0
54 0
55 0
56 0
57 0
58 0
59 0
60 23321402
61 10373
62 360720
63 6299
64 6103
65 160354
66 8143806
67 14803
68 142548
69 110240
70 40096
71 47248
72 74787
73 20298
74 784712
75 27971
76 11291
77 186021
78 361680
79 56292
80 10520
81 43281
82 70811
83 5392
84 5194
85 59737
86 98890
87 55015
88 55438
89 5182
90 64007
91 4547
92 16122
93 13426
94 109140
95 15539
96 9727
97 8027
98 46414
99 30109
100 6732
101 11522
102 80279
103 75864
104 3754
105 8012
106 161355
107 174553
108 3746
109 17030
110 12068
111 11075
112 7303
113 6050
114 11545
115 3206
116 4575
117 2874
118 78659
119 7520
120 16875
121 5883
122 44586
123 4316
124 9613
125 10346
126 8665
127 4649
128 8493
129 3440
130 5463
131 7108
132 5189
133 2995
134 21967
135 4721
136 3007
137 5920
138 3558
139 2917
140 4296
141 13472
142 3591
143 3302
144 4422
145 2909
146 5283
147 3371
148 8445
149 26339
150 33657
151 3447
152 3290
153 3342
154 4439
155 8872
156 8832
157 3799
158 16105
159 7601
160 9659
161 4665
162 2623
163 2916
164 2243
165 2649
166 4370
167 3342
168 2089
169 2059
170 2545
171 2597
172 1709
173 2460
174 2139
175 1960
176 1825
177 2184
178 2011
179 3591
180 3278
181 2708
182 1930
183 3194
184 3371
185 1804
186 3213
187 2507
188 2022
189 1382
190 3582
191 1866
192 1215
193 1822
194 2575
195 1703
196 2777
197 1380
198 1775
199 4666
200 1968
201 1549
202 2585
203 2031
204 6548
205 1944
206 3637
207 4683
208 1636
209 3190
210 4535
211 2527
212 1335
213 1855
214 2042
215 2516
216 4542
217 2056
218 18299
219 3349
220 1541
221 7300
222 2833
223 1586
224 14533
225 4029
226 3614
227 2543
228 1628
229 1039
230 2409
231 3638
232 9293
233 1341
234 1965
235 1326
236 2854
237 4263
238 1545
239 1381
240 2246
241 2126
242 1679
243 1897
244 2207
245 1235
246 1287
247 6100
248 1039
249 1689
250 1957
251 1345
252 2424
253 3721
254 1388
255 3216
256 861
257 2472
258 4644
259 1679
260 3935
261 3153
262 2660
263 1566
264 2143
265 18815
266 4671
267 2283
268 1590
269 1584
270 1006
271 948
272 1858
273 2597
274 2046
275 5012
276 1660
277 1209
278 3075
279 2086
280 2223
281 1174
282 2417
283 1707
284 1911
285 1454
286 2309
287 2538
288 1306
289 1121
290 1547
291 3411
292 3136
293 2239
294 1870
295 1091
296 1529
297 3521
298 8612
299 15146
300 7433
301 1633
302 1640
303 2136
304 2544
305 2148
306 7864
307 1399
308 4172
309 1501
310 2944
311 4828
312 2512
313 1740
314 2465
315 1692
316 1982
317 1992
318 2291
319 1897
320 2298
321 1957
322 1725
323 1558
324 2503
325 1514
326 2364
327 6572
328 4164
329 6754
330 7079
331 3543
332 1425
333 1369
334 1526
335 2133
336 10573
337 9851
338 9214
339 4868
340 2308
341 29864
342 4442
343 2822
344 2515
345 2881
346 3826
347 6751
348 7392
349 6039
350 2665
351 2371
352 3110
353 3436
354 10766
355 3769
356 4694
357 2292
358 84195
359 72798
360 58900
361 56699
362 53285
363 22897
364 1641
365 1139
366 2612
367 1850
368 1040
369 1008
370 1542
371 8482
372 14241
373 9199
374 7834
375 4771
376 2421
377 10997
378 6777
379 2230
380 1876
381 2034
382 2912
383 27511
384 13943
385 8102
386 5641
387 4083
388 6781
389 2006
390 3315
391 5427
392 3094
393 4570
394 1928
395 2115
396 1491
397 5133
398 1807
399 1418
400 2265
401 2436
402 3385
403 3879
404 4556
405 3861
406 3645
407 3730
408 1884
409 16332
410 2100
411 3712
412 1571
413 6909
414 1629
415 5127
416 1544
417 4790
418 2508
419 6232
420 1257
421 9810
422 1670
423 36754
424 2397
425 8650
426 1928
427 8056
428 1903
429 4389
430 1393
431 4931
432 2003
433 3521
434 1295
435 2795
436 1995
437 2807
438 1809
439 5639
440 74765
441 4275
442 1962
443 4100
444 4524
445 12316
446 3827
447 4068
448 1819
449 3257
450 2082
451 3666
452 3203
453 4153
454 2712
455 2804
456 2228
457 2815
458 4193
459 2193
460 1692
461 2605
462 1915
463 2779
464 1726
465 13896
466 1734
467 2658
468 2319
469 2444
470 2239
471 2616
472 2247
473 2329
474 2291
475 3257
476 2158
477 3128
478 2710
479 3766
480 11685
481 3033
482 4897
483 3084
484 3846
485 4899
486 2959
487 4402
488 4225
489 3406
490 3516
491 3180
492 3343
493 2372
494 2760
495 3148
496 4256
497 2877
498 3644
499 54565
500 2937
501 2594
502 3459
503 3172
504 3122
505 2851
506 4640
507 23427
508 3427
509 4026
510 6262
511 7693
512 3570
513 2757
514 3426
515 4004
516 5600
517 4405
518 5015
519 5017
520 3611
521 3700
522 4808
523 4305
524 3790
525 4046
526 2415
527 7197
528 2506
529 2234
530 3864
531 4476
532 2653
533 4242
534 4685
535 3115
536 2341
537 2624
538 2462
539 3386
540 2652
541 2772
542 2659
543 3160
544 2565
545 3101
546 3771
547 3411
548 3378
549 2549
550 2559
551 2678
552 3256
553 4839
554 5253
555 3826
556 3536
557 3481
558 3423
559 4542
560 8005
561 8544
562 4265
563 2796
564 3677
565 2693
566 3316
567 3444
568 3212
569 6417
570 3052
571 3241
572 3363
573 2670
574 2993
575 31655
576 3473
577 3527
578 3117
579 2333
580 2352
581 2420
582 2340
583 2653
584 2225
585 3344
586 3151
587 2349
588 2102
589 3109
590 177404
591 4720
592 3738
593 3435
594 3123
595 2831
596 2448
597 2821
598 3275
599 6226
600 2668
601 4044
602 4762
603 3472
604 2969
605 2675
606 3863
607 3292
608 4355
609 5382
610 4846
611 3243
612 4317
613 3013
614 3454
615 10798
616 2905
617 2583
618 3329
619 3610
620 2524
621 2319
622 3103
623 2111
624 2840
625 2826
626 5089
627 4355
628 4250
629 2801
630 2865
631 2033
632 2177
633 1877
634 2770
635 2641
636 3948
637 2827
638 2787
639 2072
640 2374
641 2570
642 5351
643 2657
644 3020
645 1825
646 2715
647 2477
648 2367
649 2303
650 2031
651 1873
652 1753
653 1830
654 2692
655 2654
656 2325
657 2192
658 2648
659 2184
660 2780
661 2496
662 3796
663 1773
664 2480
665 2024
666 2491
667 3213
668 2232
669 2728
670 3139
671 2711
672 2079
673 2522
674 2566
675 1414
676 1744
677 1612
678 2251
679 1882
680 2045
681 1593
682 1919
683 1761
684 2121
685 1661
686 1486
687 1452
688 1454
689 1628
690 2000
691 22321
692 1662
693 1764
694 2073
695 1727
696 1797
697 2542
698 1947
699 1676
700 1706
701 2529
702 3859
703 2707
704 1538
705 1845
706 1741
707 2325
708 1301
709 1601
710 2460
711 1709
712 1448
713 1573
714 6899
715 1350
716 2419
717 1549
718 1733
719 1974
720 3180
721 1527
722 1444
723 1155
724 1231
725 1146
726 1673
727 1643
728 1696
729 2018
730 1333
731 1245
732 1262
733 1467
734 961
735 1784
736 1165
737 1582
738 1566
739 2001
740 881
741 2063
742 1358
743 1959
744 933
745 1520
746 4058
747 3106
748 1160
749 1408
750 3812
751 1143
752 6162
753 2139
754 3565
755 1607
756 1230
757 1193
758 1898
759 1888
760 1355
761 5376
762 2402
763 2355
764 20629
765 1773
766 2241
767 2226
768 1340
769 2304
770 4633
771 1950
772 957
773 2726
774 1932
775 1511
776 926
777 2110
778 2782
779 1484
780 1621
781 1346
782 2888
783 1461
784 761
785 1122
786 3026
787 2314
788 1446
789 1108
790 1811
791 1112
792 1869
793 1092
794 2508
795 1529
796 1040
797 1536
798 2077
799 1320
800 1929
801 1506
802 1617
803 1201
804 1685
805 1615
806 1414
807 1021
808 1006
809 1754
810 1531
811 1884
812 783
813 1880
814 1776
815 1394
816 717
817 1879
818 1382
819 2093
820 2258
821 1113
822 1174
823 1784
824 1006
825 1807
826 1835
827 1018
828 755
829 1361
830 1456
831 2187
832 1268
833 2885
834 858
835 918
836 689
837 1285
838 863
839 1669
840 2441
841 3790
842 5392
843 2756
844 12581
845 1384
846 2332
847 688
848 2499
849 696
850 2356
851 2725
852 1068
853 744
854 1228
855 1051
856 601
857 735
858 1635
859 1205
860 619
861 681
862 5653
863 817
864 937
865 1510
866 1137
867 930
868 2087
869 1012
870 596
871 566
872 576
873 1351
874 1171
875 832
876 21424
877 983
878 773
879 31327
880 413
881 938
882 573
883 820
884 569
885 800
886 1088
887 811
888 1051
889 1016
890 808
891 14092
892 512
893 1357
894 924
895 735
896 870
897 851
898 1629
899 593
900 770
901 579
902 702
903 425
904 1623
905 689
906 1629
907 855
908 1264
909 741
910 793
911 10561
912 468
913 723
914 9003
915 1487
916 621
917 584
918 733
919 663
920 754
921 4819
922 941
923 735
924 820
925 487
926 505
927 385
928 549
929 768
930 1052
931 477
932 498
933 1051
934 856
935 794
936 1093
937 712
938 917
939 601
940 668
941 566
942 468
943 455
944 500
945 1031
946 3455
947 456
948 424
949 595
950 646
951 515
952 619
953 1128
954 1061
955 577
956 943
957 831
958 629
959 376
960 399
961 760
962 588
963 381
964 746
965 1173
966 438
967 719
968 583
969 868
970 584
971 507
972 406
973 934
974 1008
975 654
976 528
977 1040
978 1053
979 754
980 532
981 1196
982 529
983 3167
984 827
985 978
986 1791
987 5305
988 343
989 1111
990 557
991 1052
992 648
993 1802
994 619
995 1466
996 536
997 767
998 433
999 675
1000 1519
1001 1232
1002 909
1003 656
1004 704
1005 611
1006 704
1007 1084
1008 991
1009 735
1010 719
1011 506
1012 776
1013 877
1014 557
1015 495
1016 1287
1017 613
1018 1727
1019 923
1020 558
1021 598
1022 931
1023 1218
1024 582
1025 640
1026 940
1027 652
1028 385
1029 2669
1030 1992
1031 1664
1032 1335
1033 1363
1034 1677
1035 708
1036 681
1037 1187
1038 1321
1039 926
1040 461
1041 608
1042 1240
1043 1017
1044 931
1045 598
1046 2227
1047 598
1048 827
1049 499
1050 2469
1051 685
1052 919
1053 990
1054 925
1055 860
1056 426
1057 2869
1058 2212
1059 574
1060 470
1061 511
1062 763
1063 382
1064 399
1065 471
1066 651
1067 486
1068 523
1069 473
1070 489
1071 929
1072 694
1073 417
1074 759
1075 504
1076 662
1077 632
1078 408
1079 418
1080 846
1081 432
1082 1457
1083 18953
1084 872
1085 298
1086 725
1087 1304
1088 569
1089 257
1090 948
1091 504
1092 6712
1093 461
1094 553
1095 1220
1096 739
1097 392
1098 650
1099 448
1100 421
1101 316
1102 454
1103 450
1104 507
1105 990
1106 703
1107 1792
1108 1123
1109 763
1110 1318
1111 1119
1112 5162
1113 425
1114 1763
1115 374
1116 661
1117 814
1118 630
1119 783
1120 484
1121 2149
1122 1060
1123 379
1124 364
1125 383
1126 1029
1127 574
1128 639
1129 287
1130 772
1131 871
1132 568
1133 649
1134 840
1135 959
1136 457
1137 471
1138 665
1139 700
1140 6009
1141 688
1142 1002
1143 1376
1144 636
1145 862
1146 719
1147 896
1148 1402
1149 682
1150 628
1151 812
1152 1180
1153 731
1154 985
1155 626
1156 489
1157 763
1158 698
1159 2698
1160 2993
1161 812
1162 3634
1163 3198
1164 1880
1165 2034
1166 4141
1167 2930
1168 1238
1169 1362
1170 946
1171 861
1172 927
1173 911
1174 1408
1175 4641
1176 1097
1177 1020
1178 1532
1179 1376
1180 1738
1181 1202
1182 1135
1183 1235
1184 1660
1185 5630
1186 16498
1187 2246
1188 1600
1189 8568
1190 2006
1191 1647
1192 915
1193 1071
1194 2443
1195 918
1196 1469
1197 2021
1198 1010
1199 1472
1200 1013
1201 1315
1202 2594
1203 990
1204 1237
1205 1792
1206 1782
1207 1294
1208 1225
1209 674
1210 734
1211 1020
1212 1386
1213 1553
1214 1403
1215 1059
1216 1020
1217 1404
1218 2312
1219 1578
1220 4461
1221 1549
1222 2694
1223 1038
1224 991
1225 957
1226 1761
1227 2984
1228 1230
1229 1408
1230 6683
1231 1912
1232 1229
1233 1213
1234 2326
1235 1085
1236 1991
1237 1151
1238 1096
1239 1320
1240 1616
1241 1365
1242 1581
1243 1326
1244 1233
1245 1012
1246 1301
1247 1016
1248 921
1249 1750
1250 1991
1251 1681
1252 3077
1253 1729
1254 3560
1255 1498
1256 1747
1257 988
1258 1068
1259 1994
1260 1794
1261 880
1262 1392
1263 862
1264 1253
1265 1280
1266 4456
1267 1770
1268 967
1269 785
1270 2613
1271 1541
1272 1119
1273 735
1274 1841
1275 4134
1276 2009
1277 2107
1278 1101
1279 4530
1280 1778
1281 1460
1282 1423
1283 2394
1284 3184
1285 3458
1286 3623
1287 3568
1288 2293
1289 1746
1290 1568
1291 2094
1292 904
1293 1387
1294 3303
1295 1070
1296 1575
1297 6918
1298 1068
1299 862
1300 1483
1301 4156
1302 1660
1303 3089
1304 728
1305 744
1306 2421
1307 1078
1308 2325
1309 1293
1310 1233
1311 1366
1312 998
1313 903
1314 49977
1315 2908
1316 992
1317 1925
1318 975
1319 1518
1320 886
1321 1196
1322 1250
1323 1265
1324 1201
1325 793
1326 1030
1327 4839
1328 1109
1329 1657
1330 1320
1331 1200
1332 3714
1333 2037
1334 16743
1335 1523
1336 976
1337 944
1338 1439
1339 1380
1340 1036
1341 2268
1342 3315
1343 1172
1344 925
1345 993
1346 2236
1347 2432
1348 834
1349 1677
1350 3401
1351 1355
1352 4373
1353 2077
1354 20334
1355 1121
1356 3320
1357 3121
1358 2116
1359 3240
1360 4395
1361 1177
1362 1738
1363 4006
1364 1211
1365 787
1366 1021
1367 628
1368 1052
1369 672
1370 1111
1371 826
1372 856
1373 1025
1374 8007
1375 3063
1376 5335
1377 1744
1378 2200
1379 1962
1380 6542
1381 965
1382 795
1383 1170
1384 2666
1385 1701
1386 2067
1387 691
1388 5605
1389 1330
1390 3184
1391 1112
1392 1351
1393 1040
1394 2776
1395 1027
1396 4388
1397 899
1398 1457
1399 1257
1400 1572
1401 899
1402 1085
1403 1423
1404 15239
1405 1769
1406 8259
1407 1830
1408 2851
1409 2701
1410 1958
1411 1021
1412 2138
1413 779
1414 383298
1415 861
1416 2064
1417 3264
1418 3094
1419 2075
1420 966
1421 869
1422 6164
1423 827
1424 13356
1425 845
1426 47198
1427 3411
1428 612
1429 1127
1430 2760
1431 830
1432 2050
1433 850
1434 1077336
1435 2283
1436 3514
1437 1444
1438 1860
1439 982
1440 25966
1441 1411
1442 1395311
1443 595
1444 7506
1445 789
1446 8843
1447 878
1448 5473
1449 659
1450 1626
1451 687
1452 20832
1453 1113
1454 2781640
1455 2712
1456 5946
1457 2201
1458 3467
1459 1334
1460 1658
1461 695
1462 32603
1463 1462
1464 3000480
1465 1889
1466 162733
1467 1179
1468 567685
1469 894
1470 5592
1471 1007
1472 5939
1473 1276
1474 60588
1475 628
1476 2190
1477 614
1478 1779
1479 3477
1480 2491
1481 1210
1482 7336
1483 834
1484 285581
1485 687
1486 5314
1487 1645
1488 832
1489 2069
1490 5242
1491 2309
1492 1157
1493 835
1494 133531
1495 853
1496 4069
1497 640
1498 6910
1499 1874
1500 2590
1501 565
1502 11216
1503 1191
1504 2467
1505 675
1506 1359592
1507 1183
1508 1157
1509 968
1510 281237
1511 684
1512 4957
1513 10323
1514 42558662
1515 0
1516 0
1517 0
1518 0
1519 0
1520 0
1521 0
1522 0
1523 0
1524 0
1525 0
1526 0
1527 0
1528 0
1529 0
1530 0
1531 0
1532 0
1533 0
1534 0
1535 0
1536 0
1537 0
1538 0
1539 0
1540 0
1541 0
1542 0
1543 0
1544 0
1545 0
1546 0
1547 0
1548 0
1549 0
1550 0
1551 0
1552 0
1553 0
1554 0
1555 0
1556 0
1557 0
1558 0
1559 0
1560 0
1561 0
1562 0
1563 0
1564 0
1565 0
1566 0
1567 0
1568 0
1569 0
1570 0
1571 0
1572 0
1573 0
1574 0
1575 0
1576 0
1577 0
1578 0
1579 0
1580 0
1581 0
1582 0
1583 0
1584 0
1585 0
1586 0
1587 0
1588 0
1589 0
1590 0
1591 0
1592 0
1593 0
1594 0
1595 0
1596 0
1597 0
1598 0
1599 0
