0 0
1 0
2 0
3 0
4 0
5 0
6 0
7 0
8 0
9 0
10 0
11 0
12 0
13 0
14 0
15 0
16 0
17 0
18 0
19 0
20 0
21 0
22 0
23 0
24 0
25 0
26 0
27 0
28 0
29 0
30 0
31 0
32 0
33 0
34 0
35 0
36 0
37 0
38 0
39 0
40 0
41 0
42 0
43 0
44 0
45 0
46 0
47 0
48 0
49 0
50 0
51 0
52 0
53 0
54 0
55 0
56 0
57 0
58 0
59 0
60 26162132
61 8601
62 404640
63 7445
64 5871
65 178496
66 9245862
67 29611
68 156588
69 158509
70 39423
71 48965
72 75240
73 15562
74 879901
75 36336
76 21438
77 66482
78 449414
79 28125
80 11609
81 143954
82 81345
83 10933
84 5677
85 65633
86 102629
87 21445
88 60757
89 8054
90 71214
91 3748
92 11304
93 19679
94 114335
95 19111
96 18894
97 8044
98 50644
99 6400
100 4312
101 28962
102 81440
103 86923
104 3256
105 4306
106 180874
107 182425
108 3454
109 15221
110 14069
111 11797
112 10703
113 4364
114 9255
115 3005
116 4111
117 2767
118 39049
119 9587
120 17766
121 26385
122 14770
123 2521
124 15396
125 10273
126 10462
127 7907
128 9663
129 3105
130 9100
131 7772
132 5230
133 2762
134 25071
135 4757
136 3350
137 6573
138 3457
139 2236
140 4382
141 15619
142 2285
143 3249
144 2908
145 2330
146 6034
147 3426
148 13872
149 29977
150 37297
151 3250
152 2571
153 2656
154 4263
155 12123
156 7228
157 3832
158 17972
159 8107
160 3740
161 5067
162 3345
163 3693
164 3014
165 2534
166 4907
167 3639
168 2844
169 2467
170 3385
171 2668
172 2697
173 2680
174 2460
175 1999
176 1869
177 4017
178 2900
179 4041
180 3205
181 3953
182 2039
183 3187
184 4394
185 2625
186 3354
187 1769
188 2236
189 1209
190 3974
191 1951
192 1245
193 2054
194 2911
195 4909
196 5172
197 1862
198 1421
199 5078
200 2296
201 2950
202 3082
203 2332
204 7212
205 2147
206 4118
207 5335
208 1758
209 3414
210 4840
211 10422
212 1432
213 1443
214 2048
215 5999
216 3406
217 2365
218 23680
219 10951
220 1609
221 8509
222 2705
223 1481
224 16332
225 4357
226 4089
227 2805
228 1679
229 997
230 2435
231 3919
232 10826
233 1367
234 1895
235 1342
236 3041
237 4579
238 1713
239 1651
240 2287
241 2433
242 3538
243 1896
244 2257
245 1629
246 1523
247 7104
248 1081
249 1928
250 2335
251 8515
252 2758
253 4065
254 1289
255 1724
256 928
257 2727
258 5158
259 2279
260 5042
261 1807
262 2516
263 1496
264 2816
265 19741
266 4851
267 2459
268 1501
269 1739
270 1087
271 1177
272 2075
273 2599
274 2016
275 7529
276 1867
277 1502
278 3572
279 1943
280 2371
281 1397
282 2115
283 1409
284 1924
285 1288
286 2667
287 2584
288 1453
289 1817
290 1253
291 3471
292 3113
293 1446
294 1926
295 1169
296 1653
297 3768
298 9477
299 16078
300 7930
301 1699
302 1964
303 1810
304 2125
305 1629
306 8357
307 1172
308 1914
309 986
310 1648
311 4632
312 1535
313 712
314 1860
315 997
316 1930
317 2277
318 2027
319 1729
320 1876
321 2472
322 1496
323 1343
324 2987
325 1346
326 2348
327 7640
328 4309
329 6979
330 7785
331 7312
332 1373
333 1489
334 1590
335 2358
336 11622
337 10895
338 9344
339 4087
340 1227
341 32670
342 3057
343 1656
344 1123
345 1337
346 2887
347 6848
348 7353
349 6375
350 3252
351 2355
352 2984
353 3883
354 3519
355 4032
356 5097
357 3449
358 94478
359 81760
360 66262
361 63959
362 60304
363 25953
364 1924
365 1398
366 2363
367 2014
368 1253
369 1103
370 1933
371 9118
372 16264
373 8291
374 8125
375 5423
376 2652
377 11774
378 7049
379 2637
380 2111
381 2293
382 4287
383 30748
384 18618
385 9148
386 6382
387 4506
388 7817
389 2051
390 3914
391 3204
392 3657
393 5386
394 2219
395 2282
396 1766
397 5300
398 2159
399 1436
400 3035
401 3087
402 3756
403 4977
404 6175
405 6362
406 3983
407 4543
408 1967
409 17619
410 1810
411 3679
412 1661
413 7826
414 9328
415 6289
416 1773
417 5538
418 2982
419 6923
420 1599
421 10971
422 2072
423 41544
424 2617
425 9473
426 2328
427 9168
428 2104
429 4833
430 1785
431 5319
432 2273
433 4430
434 1807
435 3121
436 2347
437 3317
438 2161
439 6470
440 84703
441 4513
442 2460
443 4639
444 5209
445 13723
446 5264
447 4679
448 2310
449 3461
450 2407
451 4220
452 3420
453 4607
454 2314
455 2470
456 2430
457 3032
458 4537
459 2453
460 2004
461 2806
462 2119
463 3255
464 1890
465 15901
466 1882
467 3024
468 2464
469 2487
470 3463
471 2833
472 2329
473 5004
474 2559
475 3886
476 3109
477 4093
478 2658
479 4198
480 12950
481 4851
482 5520
483 3492
484 3873
485 4934
486 2768
487 4109
488 3228
489 3353
490 2910
491 3080
492 3510
493 2686
494 2996
495 3668
496 4513
497 4252
498 5179
499 61598
500 3288
501 3136
502 3775
503 3709
504 3367
505 3345
506 4910
507 26250
508 3643
509 4654
510 6922
511 8641
512 4034
513 3242
514 3673
515 4552
516 4498
517 4858
518 5350
519 6107
520 3899
521 4252
522 5687
523 5106
524 4347
525 4914
526 2965
527 7884
528 2991
529 2537
530 4332
531 5192
532 3061
533 4965
534 5438
535 3643
536 2779
537 3327
538 2740
539 3889
540 3142
541 6786
542 3252
543 4341
544 2722
545 3813
546 4910
547 3981
548 3969
549 2950
550 3027
551 3598
552 4247
553 5695
554 6108
555 4649
556 4075
557 3891
558 3665
559 6143
560 8457
561 10841
562 4757
563 3248
564 3604
565 3145
566 3632
567 3518
568 3469
569 7402
570 3478
571 3628
572 3825
573 3034
574 3295
575 35792
576 3844
577 4220
578 3271
579 2563
580 2578
581 2655
582 2594
583 2880
584 2389
585 3798
586 3742
587 2713
588 2050
589 3476
590 162346
591 5817
592 4109
593 3395
594 3597
595 3182
596 2555
597 3146
598 3691
599 7984
600 2759
601 4028
602 4452
603 3752
604 3196
605 3067
606 4651
607 3577
608 4333
609 5944
610 5360
611 3523
612 5002
613 3314
614 3644
615 2937
616 2802
617 2913
618 3675
619 3349
620 3150
621 2477
622 3509
623 2327
624 2776
625 3080
626 4179
627 4990
628 4217
629 3035
630 2873
631 2428
632 2254
633 2076
634 2963
635 3105
636 4210
637 3260
638 3148
639 2413
640 2549
641 2591
642 3624
643 2908
644 2139
645 2892
646 2933
647 2703
648 2584
649 2675
650 2371
651 2481
652 1825
653 2053
654 2966
655 2419
656 2097
657 7615
658 2516
659 2448
660 2445
661 2857
662 4027
663 2564
664 2711
665 1857
666 3027
667 2272
668 2406
669 3044
670 3364
671 2528
672 2225
673 2715
674 2922
675 1607
676 1873
677 1778
678 2311
679 2013
680 2139
681 2007
682 2109
683 1915
684 2060
685 2096
686 1824
687 1743
688 1639
689 1760
690 2429
691 25028
692 1690
693 1850
694 2458
695 3516
696 2015
697 1576
698 2111
699 1896
700 1984
701 2840
702 4311
703 2838
704 1780
705 2045
706 2171
707 2488
708 1435
709 1668
710 2662
711 1874
712 1608
713 1716
714 9149
715 1538
716 2772
717 1744
718 1981
719 2145
720 3618
721 1759
722 1598
723 1328
724 1316
725 1196
726 2044
727 1680
728 1743
729 2348
730 1602
731 1649
732 1481
733 1563
734 1261
735 2037
736 1280
737 1864
738 1836
739 2059
740 1030
741 2367
742 1454
743 2078
744 1069
745 1731
746 5393
747 3356
748 1324
749 1538
750 4343
751 1371
752 7017
753 2462
754 2712
755 1762
756 1451
757 1430
758 2283
759 2123
760 1671
761 6132
762 2597
763 2687
764 12355
765 2047
766 2290
767 1914
768 1363
769 2316
770 4998
771 2136
772 990
773 2810
774 2282
775 1676
776 971
777 2136
778 2830
779 1485
780 1765
781 1611
782 3161
783 1508
784 868
785 1299
786 3187
787 2185
788 1703
789 1213
790 2124
791 880
792 1320
793 1371
794 1753
795 917
796 899
797 1206
798 2316
799 1235
800 1430
801 1558
802 1792
803 1331
804 1536
805 1850
806 1579
807 1079
808 1059
809 1632
810 1755
811 2002
812 850
813 2061
814 3293
815 1395
816 841
817 2014
818 1589
819 2293
820 1958
821 1126
822 1272
823 1645
824 1400
825 1852
826 1962
827 1129
828 867
829 1418
830 1923
831 2149
832 1361
833 2994
834 1035
835 1057
836 1143
837 1379
838 1074
839 1164
840 2011
841 4801
842 5898
843 3861
844 14641
845 1614
846 2349
847 751
848 1276
849 922
850 2749
851 3752
852 1056
853 814
854 1726
855 1142
856 684
857 831
858 1923
859 1459
860 671
861 797
862 6322
863 865
864 1057
865 1667
866 1331
867 1094
868 1822
869 1165
870 675
871 582
872 421
873 1591
874 1519
875 963
876 24169
877 1058
878 827
879 35475
880 494
881 1089
882 677
883 755
884 685
885 913
886 1328
887 846
888 763
889 1175
890 916
891 15917
892 584
893 1665
894 882
895 826
896 1000
897 990
898 1807
899 726
900 863
901 593
902 756
903 481
904 1871
905 880
906 1911
907 913
908 1444
909 777
910 814
911 11811
912 570
913 851
914 11017
915 1717
916 729
917 611
918 880
919 797
920 869
921 5641
922 1057
923 829
924 1004
925 574
926 647
927 454
928 631
929 947
930 1294
931 519
932 575
933 1246
934 1015
935 886
936 1281
937 816
938 1082
939 712
940 723
941 651
942 503
943 489
944 638
945 1090
946 3994
947 540
948 486
949 628
950 744
951 523
952 526
953 1072
954 1062
955 568
956 454
957 935
958 740
959 421
960 413
961 916
962 677
963 568
964 751
965 1691
966 578
967 860
968 682
969 1294
970 694
971 456
972 448
973 999
974 1181
975 707
976 648
977 1101
978 1271
979 844
980 564
981 1262
982 551
983 3839
984 942
985 1071
986 1890
987 5953
988 348
989 1199
990 617
991 1092
992 681
993 1967
994 670
995 1728
996 607
997 744
998 575
999 728
1000 1623
1001 1191
1002 808
1003 345
1004 645
1005 594
1006 651
1007 1084
1008 997
1009 828
1010 740
1011 564
1012 799
1013 1050
1014 626
1015 546
1016 1552
1017 783
1018 1885
1019 1310
1020 648
1021 717
1022 1652
1023 1305
1024 672
1025 651
1026 998
1027 709
1028 415
1029 729
1030 457
1031 765
1032 974
1033 558
1034 1409
1035 480
1036 537
1037 1011
1038 1540
1039 421
1040 455
1041 531
1042 811
1043 850
1044 868
1045 538
1046 2141
1047 573
1048 841
1049 504
1050 2720
1051 682
1052 903
1053 982
1054 1025
1055 918
1056 428
1057 2504
1058 1145
1059 520
1060 500
1061 484
1062 581
1063 363
1064 429
1065 379
1066 681
1067 541
1068 558
1069 495
1070 547
1071 984
1072 721
1073 544
1074 869
1075 610
1076 817
1077 652
1078 491
1079 417
1080 908
1081 482
1082 776
1083 546
1084 989
1085 357
1086 989
1087 1535
1088 562
1089 342
1090 1040
1091 488
1092 9204
1093 549
1094 574
1095 1397
1096 817
1097 488
1098 728
1099 523
1100 502
1101 386
1102 607
1103 532
1104 655
1105 1375
1106 670
1107 577
1108 848
1109 564
1110 512
1111 768
1112 470
1113 526
1114 3784
1115 433
1116 772
1117 1054
1118 740
1119 917
1120 459
1121 2348
1122 1836
1123 383
1124 403
1125 451
1126 1159
1127 706
1128 719
1129 362
1130 831
1131 973
1132 580
1133 599
1134 891
1135 1012
1136 627
1137 576
1138 770
1139 829
1140 15436
1141 877
1142 1119
1143 1607
1144 862
1145 1002
1146 706
1147 956
1148 1482
1149 907
1150 684
1151 1132
1152 1494
1153 660
1154 1246
1155 642
1156 532
1157 865
1158 1147
1159 3049
1160 3194
1161 751
1162 2381
1163 788
1164 604
1165 1155
1166 2847
1167 1295
1168 827
1169 1314
1170 991
1171 739
1172 699
1173 668
1174 1241
1175 4698
1176 604
1177 778
1178 1349
1179 1446
1180 1501
1181 1355
1182 1594
1183 1149
1184 5001
1185 6202
1186 19773
1187 2669
1188 1642
1189 9979
1190 2143
1191 1854
1192 957
1193 1136
1194 2833
1195 1024
1196 1817
1197 2245
1198 1113
1199 1457
1200 1215
1201 1373
1202 2857
1203 770
1204 1628
1205 1729
1206 1973
1207 1252
1208 1554
1209 770
1210 901
1211 886
1212 1571
1213 1596
1214 1350
1215 1127
1216 1058
1217 1580
1218 1842
1219 1970
1220 4917
1221 1612
1222 3351
1223 1256
1224 1216
1225 1244
1226 1907
1227 3386
1228 1345
1229 1669
1230 7247
1231 2638
1232 1198
1233 1289
1234 2366
1235 1109
1236 1881
1237 1384
1238 1439
1239 1267
1240 1485
1241 1369
1242 1389
1243 1082
1244 1137
1245 1174
1246 1455
1247 933
1248 893
1249 1153
1250 1816
1251 1315
1252 3021
1253 1737
1254 9694
1255 1628
1256 1886
1257 1136
1258 1110
1259 2210
1260 1941
1261 779
1262 1508
1263 1162
1264 1583
1265 1515
1266 4768
1267 2791
1268 1044
1269 903
1270 2832
1271 1971
1272 1495
1273 1054
1274 1791
1275 4708
1276 2358
1277 2386
1278 1233
1279 5867
1280 1675
1281 1334
1282 1549
1283 1522
1284 1105
1285 1272
1286 1340
1287 1793
1288 972
1289 1120
1290 997
1291 2087
1292 764
1293 1515
1294 6434
1295 1129
1296 1703
1297 7769
1298 1311
1299 1246
1300 1706
1301 5286
1302 1742
1303 3762
1304 784
1305 1325
1306 2782
1307 1406
1308 1078
1309 1534
1310 1346
1311 1715
1312 916
1313 868
1314 45682
1315 3078
1316 978
1317 2017
1318 1426
1319 1623
1320 989
1321 1325
1322 1286
1323 1397
1324 1873
1325 810
1326 960
1327 3814
1328 1505
1329 1680
1330 1452
1331 1398
1332 4149
1333 2537
1334 1542
1335 2062
1336 1234
1337 802
1338 1611
1339 1366
1340 1242
1341 2171
1342 3734
1343 885
1344 916
1345 1311
1346 2311
1347 2690
1348 931
1349 9655
1350 6587
1351 1430
1352 2672
1353 2393
1354 21522
1355 1190
1356 3857
1357 3563
1358 2716
1359 3644
1360 5214
1361 1252
1362 1844
1363 5835
1364 12284
1365 874
1366 1760
1367 740
1368 1075
1369 794
1370 1269
1371 997
1372 917
1373 1236
1374 18953
1375 3475
1376 6173
1377 1953
1378 2600
1379 2261
1380 6994
1381 1084
1382 882
1383 1277
1384 2582
1385 1875
1386 3618
1387 664
1388 3849
1389 1453
1390 3822
1391 1311
1392 1616
1393 967
1394 3785
1395 1228
1396 1502
1397 902
1398 1758
1399 1255
1400 1696
1401 1118
1402 1224
1403 1467
1404 10344
1405 2014
1406 8138
1407 1780
1408 3097
1409 2996
1410 1977
1411 1086
1412 3324
1413 804
1414 334166
1415 939
1416 1679
1417 2590
1418 3606
1419 2352
1420 883
1421 1062
1422 6000
1423 941
1424 21874
1425 836
1426 117997
1427 3677
1428 739
1429 1172
1430 1422
1431 816
1432 1212
1433 926
1434 1203141
1435 2626
1436 5880
1437 1626
1438 1862
1439 964
1440 27878
1441 1338
1442 1533661
1443 654
1444 8504
1445 778
1446 8850
1447 1024
1448 9204
1449 731
1450 1581
1451 840
1452 5976
1453 1452
1454 3058033
1455 1384
1456 7346
1457 2355
1458 3983
1459 1282
1460 1256
1461 774
1462 36465
1463 1790
1464 3561872
1465 1101
1466 43179
1467 1220
1468 628907
1469 958
1470 6734
1471 1059
1472 11105
1473 1317
1474 79153
1475 854
1476 2426
1477 937
1478 2107
1479 3637
1480 2779
1481 1503
1482 9322
1483 956
1484 293483
1485 775
1486 7153
1487 1741
1488 820
1489 2360
1490 5370
1491 2739
1492 1824
1493 767
1494 237062
1495 890
1496 8153
1497 579
1498 6807
1499 2012
1500 2300
1501 739
1502 14426
1503 1176
1504 7484
1505 724
1506 1426599
1507 1341
1508 562
1509 1291
1510 289042
1511 749
1512 4365
1513 9623
1514 47972323
1515 0
1516 0
1517 0
1518 0
1519 0
1520 0
1521 0
1522 0
1523 0
1524 0
1525 0
1526 0
1527 0
1528 0
1529 0
1530 0
1531 0
1532 0
1533 0
1534 0
1535 0
1536 0
1537 0
1538 0
1539 0
1540 0
1541 0
1542 0
1543 0
1544 0
1545 0
1546 0
1547 0
1548 0
1549 0
1550 0
1551 0
1552 0
1553 0
1554 0
1555 0
1556 0
1557 0
1558 0
1559 0
1560 0
1561 0
1562 0
1563 0
1564 0
1565 0
1566 0
1567 0
1568 0
1569 0
1570 0
1571 0
1572 0
1573 0
1574 0
1575 0
1576 0
1577 0
1578 0
1579 0
1580 0
1581 0
1582 0
1583 0
1584 0
1585 0
1586 0
1587 0
1588 0
1589 0
1590 0
1591 0
1592 0
1593 0
1594 0
1595 0
1596 0
1597 0
1598 0
1599 0
