0 0
1 0
2 0
3 0
4 0
5 0
6 0
7 0
8 0
9 0
10 0
11 0
12 0
13 0
14 0
15 0
16 0
17 0
18 0
19 0
20 0
21 0
22 0
23 0
24 0
25 0
26 0
27 0
28 0
29 0
30 0
31 0
32 0
33 0
34 0
35 0
36 0
37 0
38 0
39 0
40 0
41 0
42 0
43 0
44 0
45 0
46 0
47 0
48 0
49 0
50 0
51 0
52 0
53 0
54 0
55 0
56 0
57 0
58 0
59 0
60 28710489
61 13770
62 542049
63 8669
64 81576
65 218809
66 9120182
67 26116
68 166701
69 124857
70 228582
71 59496
72 86196
73 34967
74 949307
75 95455
76 26651
77 114083
78 750131
79 2944330
80 27262
81 115080
82 195020
83 4079787
84 26043
85 183716
86 191538
87 68418
88 167603
89 48351
90 368917
91 132672
92 374031
93 113704
94 545081
95 169930
96 50903
97 23185
98 234141
99 64112
100 1464414
101 23799
102 192656
103 105180
104 14097
105 15626
106 213298
107 185895
108 9886
109 9433
110 105410
111 106861
112 11721
113 9865
114 19413
115 7213
116 11203
117 4947
118 71979
119 85854
120 24398
121 12672
122 37791
123 5861
124 359742
125 16802
126 19145
127 13391
128 64869
129 7726
130 10184
131 14728
132 23406
133 21696
134 68636
135 14729
136 9958
137 14155
138 14754
139 12110
140 16271
141 39233
142 22684
143 12580
144 14380
145 14083
146 21738
147 9083
148 16346
149 59892
150 44083
151 7019
152 7189
153 5106
154 12153
155 16800
156 15779
157 21664
158 24690
159 27898
160 13144
161 17118
162 9780
163 42602
164 7682
165 4991
166 10282
167 6705
168 10116
169 3624
170 4398
171 7955
172 3193
173 4136
174 74343
175 3990
176 2520
177 3134
178 3495
179 5759
180 5055
181 3946
182 13242
183 3404
184 3613
185 5483
186 9307
187 2965
188 3085
189 2009
190 4897
191 5848
192 2022
193 7203
194 6298
195 6337
196 3768
197 1757
198 1661
199 5582
200 2940
201 5058
202 10270
203 2484
204 7074
205 2518
206 4399
207 5420
208 2115
209 3592
210 5002
211 6408
212 1483
213 2230
214 620614
215 3428
216 5010
217 2350
218 34011
219 5782
220 1851
221 9184
222 3644
223 1937
224 16463
225 5219
226 4862
227 2870
228 1619
229 1662
230 3415
231 5585
232 11465
233 3123
234 3978
235 1729
236 3612
237 4738
238 2152
239 2088
240 2541
241 2567
242 3512
243 3512
244 2688
245 5622
246 2708
247 6388
248 1766
249 2291
250 3224
251 6046
252 6660
253 4584
254 5222
255 4960
256 1475
257 6160
258 9936
259 2246
260 6143
261 4553
262 4754
263 3234
264 3622
265 22146
266 7830
267 3059
268 1981
269 5970
270 2775
271 1338
272 2554
273 3117
274 4379
275 5516
276 2395
277 1662
278 4164
279 2210
280 2721
281 1616
282 2310
283 2385
284 2180
285 1752
286 2953
287 2591
288 1824
289 1831
290 2044
291 4003
292 3240
293 1797
294 3010
295 1553
296 1895
297 3791
298 10298
299 16748
300 8142
301 1707
302 2290
303 2191
304 2534
305 2020
306 8763
307 1498
308 2383
309 1798
310 2684
311 5216
312 2189
313 1280
314 2482
315 1536
316 2550
317 2202
318 2235
319 2679
320 2271
321 1938
322 2230
323 1344
324 2384
325 1826
326 2550
327 7385
328 5017
329 8618
330 8202
331 6968
332 1461
333 976
334 1549
335 2482
336 11896
337 10366
338 9103
339 4264
340 1775
341 33381
342 5030
343 2430
344 1857
345 2284
346 3559
347 7052
348 7726
349 6500
350 3273
351 2576
352 3301
353 3677
354 7148
355 3961
356 5226
357 2907
358 93717
359 80701
360 66201
361 63604
362 59901
363 26086
364 1902
365 1240
366 2666
367 2177
368 1472
369 1206
370 2151
371 9467
372 16348
373 8582
374 8130
375 5318
376 2643
377 13130
378 7483
379 2480
380 2322
381 2191
382 3830
383 30709
384 16387
385 9187
386 6452
387 4848
388 8282
389 2251
390 3681
391 3241
392 3426
393 5386
394 2170
395 2532
396 1905
397 5360
398 2306
399 1575
400 2719
401 3327
402 4008
403 4241
404 4968
405 4300
406 3916
407 4242
408 2161
409 17699
410 1926
411 3869
412 1936
413 8137
414 2993
415 7028
416 4379
417 9319
418 9974
419 24809
420 43148
421 82624
422 96239
423 146776
424 117531
425 130526
426 124028
427 119190
428 94948
429 79906
430 67823
431 68443
432 62846
433 77986
434 105285
435 159922
436 240168
437 353499
438 499132
439 675179
440 929428
441 996254
442 1073181
443 1071327
444 970235
445 811922
446 596899
447 403540
448 243885
449 133234
450 62453
451 27501
452 11265
453 6379
454 5080
455 2729
456 2454
457 3076
458 4619
459 3036
460 2180
461 2890
462 2407
463 3320
464 1206844
465 15953
466 2672
467 3218
468 3363
469 3460
470 3607
471 3556
472 2959
473 4226
474 3774
475 4336
476 3233
477 3676
478 2785
479 4249
480 12980
481 4243
482 5651
483 3532
484 5019
485 5161
486 2873
487 3977
488 3134
489 3634
490 2896
491 3385
492 3507
493 2588
494 2635
495 3424
496 4458
497 8493
498 4904
499 61177
500 3217
501 3186
502 3554
503 3677
504 3351
505 3111
506 5473
507 26117
508 3818
509 4739
510 7040
511 8653
512 4230
513 3409
514 4088
515 4773
516 4442
517 4900
518 5485
519 6003
520 3860
521 4429
522 5542
523 4884
524 4392
525 4462
526 2677
527 7871
528 2977
529 2488
530 4234
531 5221
532 2920
533 4936
534 5414
535 3630
536 2651
537 3395
538 2747
539 3687
540 2895
541 3262
542 2987
543 3833
544 2937
545 3645
546 4828
547 3719
548 3723
549 2857
550 3108
551 3170
552 3531
553 5230
554 6113
555 4259
556 4340
557 3858
558 3407
559 4528
560 8528
561 10419
562 4911
563 3231
564 3883
565 3179
566 3732
567 3922
568 3601
569 7244
570 3703
571 3711
572 3696
573 3093
574 3336
575 35606
576 3993
577 4044
578 3403
579 2596
580 2699
581 2799
582 2703
583 3198
584 2928
585 3669
586 3678
587 2827
588 2327
589 3681
590 185202
591 5236
592 4222
593 3610
594 3577
595 3124
596 2590
597 2978
598 3276
599 6553
600 2924
601 3910
602 4517
603 3889
604 3288
605 3023
606 3930
607 3603
608 4701
609 5809
610 5333
611 3486
612 4839
613 3082
614 3775
615 6979
616 2816
617 2898
618 4094
619 3103
620 2851
621 2625
622 3241
623 2341
624 2899
625 3016
626 4424
627 4837
628 4159
629 2966
630 2849
631 2371
632 4049
633 1988
634 3242
635 3044
636 4328
637 3002
638 3061
639 2326
640 2506
641 2515
642 3558
643 2786
644 2190
645 2186
646 3138
647 2861
648 2720
649 2776
650 2377
651 1853
652 1990
653 2107
654 4498
655 2667
656 2285
657 3310
658 2413
659 2476
660 2600
661 2897
662 3787
663 2201
664 2737
665 2343
666 3094
667 3396
668 2223
669 2944
670 4353
671 2150
672 2328
673 2851
674 3238
675 1670
676 1813
677 1780
678 2385
679 2065
680 2157
681 1762
682 2186
683 1989
684 2273
685 1742
686 1692
687 1611
688 1807
689 2090
690 2345
691 25082
692 1790
693 1810
694 2185
695 1925
696 1992
697 1748
698 2174
699 1867
700 1908
701 2777
702 4329
703 2996
704 1722
705 2010
706 2190
707 2670
708 1507
709 1766
710 2289
711 1921
712 1526
713 1837
714 8283
715 1505
716 2990
717 1690
718 1869
719 2143
720 3588
721 1734
722 1601
723 1226
724 1298
725 1123
726 2817
727 1860
728 1685
729 2451
730 1900
731 1399
732 1509
733 1671
734 1494
735 2049
736 1332
737 1767
738 2232
739 2009
740 1092
741 2275
742 2056
743 2084
744 1021
745 1848
746 4396
747 3396
748 1467
749 1882
750 4642
751 1276
752 6999
753 2266
754 2349
755 1491
756 1398
757 1397
758 2694
759 2011
760 1626
761 6021
762 4386
763 2469
764 10404
765 2059
766 3465
767 6985
768 4462
769 1758
770 5086
771 1668
772 1058
773 2559
774 2417
775 1562
776 871
777 2011
778 2670
779 1457
780 1678
781 1375
782 3697
783 1757
784 908
785 1104
786 3478
787 2073
788 1544
789 970
790 2243
791 1130
792 1574
793 1035
794 3095
795 1429
796 905
797 1234
798 2357
799 1241
800 1464
801 1380
802 1989
803 1116
804 1622
805 1341
806 1587
807 832
808 1029
809 1649
810 1695
811 1281
812 840
813 1710
814 4509
815 1038
816 884
817 1345
818 1717
819 1784
820 2909
821 747
822 1251
823 1271
824 1127
825 1256
826 2147
827 849
828 838
829 1059
830 1721
831 1636
832 1398
833 2736
834 1274
835 648
836 747
837 1221
838 1026
839 1627
840 1818
841 4050
842 5614
843 4647
844 14604
845 1520
846 2423
847 740
848 1174
849 873
850 2947
851 2623
852 759
853 789
854 1925
855 1173
856 698
857 835
858 2111
859 1327
860 668
861 761
862 6240
863 871
864 1026
865 1630
866 1524
867 1046
868 1710
869 1113
870 642
871 538
872 466
873 1534
874 1433
875 1021
876 24083
877 1130
878 730
879 35152
880 460
881 1163
882 767
883 780
884 642
885 856
886 1297
887 733
888 823
889 1130
890 932
891 15798
892 651
893 1510
894 953
895 797
896 1043
897 981
898 1804
899 664
900 875
901 604
902 781
903 454
904 1903
905 770
906 2027
907 942
908 1389
909 812
910 806
911 11668
912 511
913 905
914 10922
915 1646
916 740
917 665
918 789
919 779
920 354051
921 5445
922 1792
923 848
924 841
925 542
926 615
927 426
928 632
929 865
930 1461
931 544
932 584
933 1170
934 985
935 903
936 1212
937 759
938 1113
939 668
940 752
941 666
942 516
943 516
944 579
945 4066235
946 3991
947 516
948 514
949 648
950 728
951 649
952 521
953 1412
954 1145
955 915
956 476
957 2474
958 782
959 720
960 433
961 957
962 796
963 519
964 755
965 1414
966 629
967 742
968 690
969 1286
970 877
971 488
972 419
973 1066
974 1131
975 828
976 628
977 1091
978 1171
979 842
980 566
981 1290
982 540
983 3636
984 979
985 1200
986 1995
987 5909
988 354
989 1198
990 664
991 1090
992 625
993 2040
994 873
995 1635
996 479
997 757
998 623
999 742
1000 1412
1001 1214
1002 971
1003 452
1004 706
1005 619
1006 655
1007 1182
1008 961
1009 737
1010 970
1011 561
1012 770
1013 1035
1014 1246
1015 562
1016 1676
1017 897
1018 2185
1019 1359
1020 4291
1021 672
1022 1383
1023 1309
1024 615
1025 676
1026 1176
1027 696
1028 408
1029 1783
1030 1172
1031 1178
1032 1193
1033 16739
1034 1803
1035 625
1036 581
1037 1090
1038 1736
1039 448
1040 451
1041 15608
1042 1205
1043 978
1044 987
1045 569
1046 2286
1047 698
1048 971
1049 516
1050 2874
1051 644
1052 927
1053 976
1054 1372
1055 887
1056 427
1057 11802
1058 2420
1059 703
1060 473
1061 746
1062 565
1063 883
1064 394
1065 1944
1066 722
1067 1734
1068 582
1069 568
1070 518
1071 950
1072 757
1073 391
1074 649
1075 683
1076 774
1077 704
1078 480
1079 427
1080 891
1081 468
1082 1418
1083 9495
1084 1008
1085 369
1086 925
1087 1516
1088 572
1089 335
1090 1120
1091 477
1092 7162
1093 487
1094 530
1095 1410
1096 815
1097 469
1098 785
1099 489
1100 453
1101 404
1102 521
1103 2226
1104 540
1105 1191
1106 667
1107 480
1108 830
1109 541
1110 847
1111 753
1112 478
1113 502
1114 1608
1115 421
1116 733
1117 879
1118 708
1119 835
1120 436
1121 2361
1122 1650
1123 382
1124 416
1125 427
1126 1180
1127 567
1128 637
1129 422
1130 917
1131 960
1132 670
1133 631
1134 870
1135 970
1136 576
1137 665
1138 816
1139 752
1140 6562
1141 762
1142 1146
1143 1856
1144 790
1145 934
1146 923
1147 1024
1148 1602
1149 892
1150 797
1151 1088
1152 1429
1153 803
1154 282952
1155 600
1156 517
1157 800
1158 915
1159 2859
1160 3224
1161 770
1162 3309
1163 2146
1164 1354
1165 1749
1166 3545
1167 1940
1168 1019
1169 1370
1170 928
1171 748
1172 675
1173 761
1174 1407
1175 5015
1176 981
1177 983
1178 1710
1179 1605
1180 1533
1181 1267
1182 1374
1183 1245
1184 2851
1185 6190
1186 19360
1187 2442
1188 1705
1189 9620
1190 1937
1191 1905
1192 943
1193 1245
1194 2762
1195 1022
1196 1494
1197 2419
1198 911
1199 1504
1200 1147
1201 1403
1202 3226
1203 885
1204 12776
1205 1720
1206 2522
1207 1375
1208 1317
1209 829
1210 1368
1211 974
1212 1657
1213 1655
1214 1672
1215 1112
1216 1047
1217 1106
1218 32565
1219 1730
1220 4776
1221 1579
1222 1770
1223 1120
1224 1012
1225 1096
1226 2881
1227 3581
1228 1321
1229 1596
1230 18160
1231 2278
1232 1163
1233 1393
1234 3324
1235 1143
1236 1710
1237 1160
1238 2464
1239 1333
1240 1561
1241 1555
1242 4960
1243 1374
1244 1127
1245 1195
1246 1762
1247 1052
1248 1049
1249 1354
1250 2848
1251 1489
1252 3260
1253 1763
1254 7873
1255 1502
1256 1908
1257 1197
1258 1746
1259 2027
1260 4198
1261 826
1262 2700
1263 1075
1264 1997
1265 1427
1266 7951
1267 2108
1268 811
1269 926
1270 4264
1271 1798
1272 1285
1273 813
1274 2843
1275 4386
1276 2113
1277 2283
1278 2656
1279 5017
1280 1432
1281 1501
1282 2439
1283 2028
1284 2329
1285 2108
1286 3595
1287 2615
1288 1571
1289 1203
1290 20240
1291 2268
1292 900
1293 1575
1294 14979
1295 1134
1296 1782
1297 7633
1298 1886
1299 1075
1300 1669
1301 4717
1302 15714
1303 3290
1304 832
1305 981
1306 3219
1307 1227
1308 1042
1309 1492
1310 2492
1311 1492
1312 1034
1313 957
1314 59069
1315 2991
1316 1054
1317 2227
1318 2322
1319 1605
1320 1037
1321 1311
1322 2915
1323 1424
1324 1695
1325 762
1326 21184
1327 3994
1328 1358
1329 1812
1330 2647
1331 1268
1332 4030
1333 2446
1334 4526
1335 1781
1336 4058
1337 940
1338 10694
1339 1396
1340 1044
1341 2009
1342 44578
1343 1122
1344 761
1345 1233
1346 5144
1347 2650
1348 980
1349 3908
1350 10132
1351 1548
1352 1773
1353 2335
1354 20056
1355 1193
1356 3659
1357 3444
1358 3759
1359 3593
1360 5272
1361 1130
1362 4626
1363 13600
1364 1102
1365 973
1366 2954
1367 782
1368 986
1369 748
1370 2239
1371 1002
1372 868
1373 1254
1374 9167
1375 3593
1376 6024
1377 1892
1378 4184
1379 2439
1380 6981
1381 1094
1382 1682
1383 1276
1384 3877
1385 17858
1386 46327
1387 834
1388 6123
1389 1370
1390 4732
1391 1385
1392 6364
1393 1130
1394 4606
1395 1122
1396 5850
1397 892
1398 29410
1399 1328
1400 1497
1401 1066
1402 2633
1403 1552
1404 8954
1405 1965
1406 9345
1407 1936
1408 3267
1409 3080
1410 17205
1411 56184
1412 3117
1413 953
1414 707039
1415 1051
1416 1670
1417 4778
1418 6032
1419 2321
1420 986
1421 1180
1422 12322
1423 911
1424 24159
1425 925
1426 57608
1427 3782
1428 680
1429 1175
1430 3366
1431 872
1432 1219
1433 1012
1434 1189605
1435 2692
1436 5623
1437 1539
1438 3492
1439 996
1440 34687
1441 1433
1442 1490310
1443 701
1444 593384
1445 823
1446 11354
1447 945
1448 8603
1449 746
1450 1842
1451 855
1452 25468
1453 1239
1454 2913492
1455 2217
1456 44154
1457 2277
1458 8001
1459 1481
1460 8457
1461 781
1462 38573
1463 1717
1464 3542886
1465 84686
1466 67794
1467 546347
1468 948886
1469 150907
1470 84528
1471 6474
1472 9398
1473 1382
1474 88078
1475 578
1476 2509
1477 785
1478 2469
1479 3609
1480 2214494
1481 1346
1482 8408
1483 1027
1484 323455
1485 700
1486 5033
1487 1707
1488 801
1489 2305
1490 4911
1491 2588
1492 1373
1493 856
1494 232311
1495 1168
1496 12864
1497 649
1498 13326
1499 2098
1500 2517
1501 660
1502 6413
1503 1197
1504 2157
1505 766
1506 1754313
1507 1239
1508 660
1509 1045
1510 309321
1511 744
1512 3790
1513 14763
1514 55174801
1515 0
1516 0
1517 0
1518 0
1519 0
1520 0
1521 0
1522 0
1523 0
1524 0
1525 0
1526 0
1527 0
1528 0
1529 0
1530 0
1531 0
1532 0
1533 0
1534 0
1535 0
1536 0
1537 0
1538 0
1539 0
1540 0
1541 0
1542 0
1543 0
1544 0
1545 0
1546 0
1547 0
1548 0
1549 0
1550 0
1551 0
1552 0
1553 0
1554 0
1555 0
1556 0
1557 0
1558 0
1559 0
1560 0
1561 0
1562 0
1563 0
1564 0
1565 0
1566 0
1567 0
1568 0
1569 0
1570 0
1571 0
1572 0
1573 0
1574 0
1575 0
1576 0
1577 0
1578 0
1579 0
1580 0
1581 0
1582 0
1583 0
1584 0
1585 0
1586 0
1587 0
1588 0
1589 0
1590 0
1591 0
1592 0
1593 0
1594 0
1595 0
1596 0
1597 0
1598 0
1599 0
