0 0
1 0
2 0
3 0
4 0
5 0
6 0
7 0
8 0
9 0
10 0
11 0
12 0
13 0
14 0
15 0
16 0
17 0
18 0
19 0
20 0
21 0
22 0
23 0
24 0
25 0
26 0
27 0
28 0
29 0
30 0
31 0
32 0
33 0
34 0
35 0
36 0
37 0
38 0
39 0
40 0
41 0
42 0
43 0
44 0
45 0
46 0
47 0
48 0
49 0
50 0
51 0
52 0
53 0
54 0
55 0
56 0
57 0
58 0
59 0
60 23558220
61 12811
62 364967
63 7911
64 7519
65 168286
66 8443943
67 18891
68 142553
69 112719
70 53944
71 47381
72 80064
73 19419
74 788850
75 48134
76 24522
77 102489
78 382929
79 48980
80 18739
81 136860
82 75683
83 6650
84 10529
85 61038
86 104348
87 34090
88 59654
89 7329
90 60700
91 4126
92 15629
93 13157
94 127929
95 16624
96 27607
97 9583
98 49754
99 14318
100 4966
101 13591
102 78209
103 78657
104 4131
105 6864
106 162494
107 167853
108 4673
109 5946
110 19150
111 14657
112 10879
113 5795
114 16700
115 4149
116 6349
117 4658
118 47860
119 10105
120 19016
121 16163
122 24612
123 3760
124 16348
125 11889
126 11406
127 4832
128 9857
129 3873
130 4733
131 7800
132 7175
133 3426
134 23281
135 5335
136 3599
137 7181
138 4856
139 3273
140 5856
141 14945
142 3350
143 3797
144 4667
145 3392
146 6623
147 4770
148 8995
149 27109
150 34043
151 3494
152 3075
153 2792
154 4813
155 9802
156 6518
157 4519
158 16512
159 8075
160 3984
161 5264
162 3310
163 7568
164 3044
165 3835
166 5011
167 3657
168 3137
169 2787
170 3608
171 2762
172 2606
173 3025
174 3102
175 2212
176 2244
177 4016
178 3097
179 4248
180 3719
181 3003
182 2479
183 3556
184 3070
185 2730
186 4071
187 2233
188 2378
189 1598
190 4277
191 2118
192 1773
193 2175
194 3119
195 2091
196 2854
197 1695
198 1765
199 12175
200 2299
201 2883
202 3093
203 2311
204 6583
205 2431
206 4284
207 5176
208 2289
209 3410
210 4618
211 3700
212 1677
213 1792
214 2191
215 2623
216 3178
217 2324
218 16883
219 6506
220 1885
221 7698
222 2648
223 1592
224 14872
225 3879
226 4069
227 2944
228 1847
229 1261
230 2441
231 3629
232 9287
233 1692
234 2132
235 1492
236 2959
237 4516
238 1786
239 1807
240 2408
241 2584
242 1953
243 2000
244 2207
245 1564
246 1447
247 5633
248 1525
249 1804
250 2504
251 1559
252 2768
253 3789
254 1260
255 1800
256 1096
257 2632
258 4891
259 1875
260 5806
261 2108
262 2491
263 1811
264 2405
265 17211
266 4680
267 2109
268 1623
269 4652
270 1090
271 1307
272 1984
273 2731
274 1890
275 4257
276 1868
277 1380
278 3326
279 1933
280 2343
281 1220
282 2111
283 1541
284 1889
285 1363
286 2510
287 2578
288 1551
289 1266
290 1359
291 3201
292 2995
293 1410
294 1700
295 1232
296 1625
297 3655
298 8024
299 13957
300 6861
301 1486
302 1770
303 1846
304 2033
305 1837
306 7130
307 1109
308 2526
309 1293
310 2108
311 4949
312 1707
313 946
314 1905
315 1346
316 1559
317 1775
318 1882
319 1647
320 1857
321 1145
322 1560
323 1210
324 1905
325 1233
326 1785
327 5912
328 3763
329 6257
330 6240
331 3207
332 1249
333 762
334 1261
335 2418
336 10389
337 8329
338 8280
339 3816
340 1338
341 29510
342 5063
343 1513
344 1258
345 1496
346 2948
347 6198
348 6708
349 5701
350 2750
351 2031
352 2842
353 3286
354 5181
355 4318
356 6118
357 2439
358 85208
359 74222
360 59268
361 58224
362 53640
363 23275
364 1679
365 1064
366 2287
367 1873
368 1221
369 1029
370 2158
371 8418
372 14499
373 7717
374 7220
375 4826
376 2443
377 11531
378 6466
379 2380
380 1845
381 2147
382 1889
383 27239
384 15077
385 8430
386 5838
387 4400
388 6900
389 1992
390 3352
391 3007
392 3270
393 4779
394 2132
395 2302
396 1624
397 4817
398 2079
399 1490
400 2359
401 2640
402 3655
403 3899
404 5065
405 3697
406 3327
407 3792
408 1705
409 15925
410 1712
411 3234
412 1461
413 6786
414 2822
415 5046
416 1487
417 4776
418 2897
419 6342
420 1908
421 10112
422 1723
423 36953
424 2370
425 8618
426 1878
427 8066
428 2015
429 4329
430 1513
431 4612
432 1823
433 4124
434 1471
435 2766
436 2092
437 3037
438 1779
439 5793
440 74709
441 4356
442 2121
443 4213
444 4513
445 12135
446 3516
447 4084
448 1978
449 3390
450 2198
451 3644
452 3222
453 4008
454 2815
455 2474
456 2195
457 2720
458 4154
459 2269
460 1916
461 2560
462 1846
463 3052
464 1527
465 14034
466 1716
467 2581
468 2357
469 2351
470 3287
471 2600
472 2180
473 3448
474 2690
475 3554
476 3538
477 3398
478 2426
479 3931
480 11761
481 3170
482 5058
483 3295
484 5366
485 4904
486 2545
487 4575
488 2870
489 3484
490 2653
491 3009
492 3230
493 2262
494 2623
495 3281
496 4227
497 3143
498 3927
499 54518
500 3013
501 2667
502 3345
503 3311
504 3167
505 5189
506 4718
507 23414
508 3460
509 4553
510 6093
511 7515
512 3644
513 2949
514 3519
515 4040
516 4003
517 4256
518 4967
519 5250
520 3540
521 3956
522 4728
523 4494
524 3970
525 4415
526 2683
527 7029
528 2695
529 2291
530 3841
531 4547
532 2713
533 4433
534 4719
535 3241
536 2491
537 2855
538 2410
539 3462
540 2760
541 2939
542 2734
543 3944
544 2794
545 3206
546 3690
547 3548
548 3318
549 2797
550 2682
551 3201
552 3368
553 4815
554 5288
555 3838
556 3382
557 3594
558 3307
559 4147
560 7664
561 8415
562 4193
563 2872
564 3187
565 2723
566 3060
567 3228
568 2945
569 6149
570 3024
571 3228
572 3185
573 2663
574 2759
575 32014
576 3400
577 3588
578 3036
579 2236
580 2388
581 2568
582 2392
583 2589
584 2301
585 3321
586 3370
587 2368
588 2101
589 3286
590 145306
591 5209
592 3577
593 3213
594 3211
595 2922
596 2248
597 2769
598 3229
599 6929
600 2753
601 3552
602 4224
603 3494
604 2891
605 2534
606 3724
607 3172
608 4045
609 5125
610 4670
611 3111
612 4219
613 3176
614 3232
615 4505
616 2438
617 2486
618 3225
619 3046
620 2530
621 2238
622 3291
623 2009
624 2506
625 2692
626 3895
627 4335
628 3830
629 2854
630 2667
631 2146
632 2132
633 1918
634 3192
635 2831
636 3877
637 2821
638 2826
639 2092
640 2304
641 2197
642 2906
643 2258
644 1871
645 1873
646 2631
647 2447
648 2402
649 2409
650 2051
651 1788
652 1773
653 1867
654 2590
655 2341
656 1980
657 3655
658 2254
659 2284
660 2125
661 2590
662 3137
663 2069
664 2584
665 1556
666 2366
667 2046
668 2071
669 2810
670 2833
671 1962
672 2028
673 2560
674 2783
675 1533
676 1721
677 1571
678 2039
679 1834
680 1933
681 1674
682 2017
683 1805
684 2097
685 1695
686 1535
687 1480
688 1557
689 1686
690 2148
691 22209
692 1588
693 1595
694 1858
695 1753
696 1702
697 1322
698 1908
699 1551
700 1729
701 2446
702 3985
703 2803
704 1564
705 1797
706 2012
707 2353
708 1296
709 1453
710 1775
711 1779
712 1461
713 1705
714 7336
715 1389
716 2495
717 1625
718 1679
719 1889
720 3186
721 1538
722 1368
723 1160
724 1239
725 1182
726 1888
727 1469
728 1556
729 2218
730 1473
731 1383
732 1287
733 1452
734 1035
735 1902
736 1162
737 1602
738 1786
739 1786
740 1032
741 2037
742 1336
743 1910
744 913
745 1548
746 3591
747 3053
748 1334
749 1550
750 3832
751 1396
752 6267
753 2095
754 2079
755 1338
756 1286
757 1270
758 2037
759 2865
760 1376
761 5498
762 2245
763 2216
764 10041
765 1832
766 2198
767 1692
768 1306
769 1646
770 4419
771 1569
772 895
773 2345
774 1977
775 1514
776 907
777 2056
778 2362
779 1360
780 1576
781 1194
782 2843
783 1246
784 808
785 997
786 2997
787 1606
788 1453
789 1998
790 1797
791 760
792 1221
793 918
794 1665
795 793
796 856
797 1181
798 2003
799 1141
800 1278
801 1316
802 1675
803 1005
804 1408
805 1369
806 1423
807 714
808 945
809 1142
810 1489
811 1144
812 692
813 1571
814 1666
815 873
816 759
817 1185
818 1498
819 1670
820 3005
821 688
822 1083
823 987
824 1118
825 940
826 1810
827 721
828 741
829 938
830 1657
831 1375
832 1242
833 2521
834 1060
835 632
836 642
837 1037
838 877
839 1363
840 2104
841 3124
842 5085
843 2989
844 13213
845 1417
846 2222
847 627
848 1066
849 806
850 2554
851 2311
852 857
853 666
854 1232
855 1033
856 609
857 766
858 1609
859 1209
860 573
861 628
862 5578
863 794
864 889
865 1423
866 1460
867 938
868 1694
869 1028
870 637
871 554
872 435
873 1390
874 1253
875 848
876 21291
877 965
878 696
879 31562
880 430
881 993
882 634
883 683
884 634
885 743
886 1104
887 770
888 789
889 990
890 760
891 14222
892 857
893 1480
894 751
895 746
896 872
897 795
898 1567
899 659
900 816
901 552
902 686
903 452
904 1700
905 672
906 1832
907 787
908 1310
909 704
910 685
911 10271
912 464
913 712
914 9057
915 1508
916 660
917 576
918 693
919 653
920 755
921 4951
922 998
923 712
924 808
925 574
926 526
927 394
928 608
929 805
930 1176
931 469
932 466
933 1100
934 897
935 836
936 1140
937 726
938 955
939 607
940 644
941 559
942 480
943 471
944 530
945 918
946 3389
947 466
948 428
949 552
950 650
951 561
952 433
953 1353
954 1027
955 848
956 415
957 2691
958 762
959 1013
960 375
961 805
962 542
963 362
964 704
965 1260
966 460
967 13921
968 578
969 1003
970 633
971 471
972 407
973 973
974 1007
975 678
976 557
977 982
978 1151
979 789
980 498
981 1132
982 548
983 3361
984 888
985 1015
986 1792
987 5297
988 306
989 1128
990 596
991 1072
992 600
993 1808
994 713
995 1549
996 451
997 703
998 441
999 687
1000 1359
1001 1045
1002 759
1003 416
1004 609
1005 609
1006 575
1007 1046
1008 938
1009 771
1010 651
1011 529
1012 747
1013 873
1014 515
1015 510
1016 1196
1017 613
1018 1663
1019 1238
1020 700
1021 594
1022 673
1023 1250
1024 552
1025 584
1026 1510
1027 622
1028 399
1029 1062
1030 773
1031 844
1032 960
1033 664
1034 1142
1035 457
1036 479
1037 931
1038 1416
1039 373
1040 426
1041 524
1042 846
1043 879
1044 840
1045 490
1046 2069
1047 540
1048 790
1049 484
1050 2411
1051 590
1052 762
1053 834
1054 721
1055 801
1056 386
1057 1788
1058 1778
1059 489
1060 441
1061 607
1062 508
1063 793
1064 363
1065 1746
1066 908
1067 1438
1068 510
1069 522
1070 453
1071 819
1072 620
1073 368
1074 533
1075 521
1076 706
1077 644
1078 442
1079 387
1080 807
1081 426
1082 935
1083 4540
1084 870
1085 329
1086 700
1087 1299
1088 503
1089 301
1090 1084
1091 429
1092 7873
1093 474
1094 493
1095 1248
1096 763
1097 388
1098 709
1099 446
1100 393
1101 338
1102 487
1103 425
1104 513
1105 1123
1106 589
1107 430
1108 783
1109 506
1110 672
1111 702
1112 371
1113 428
1114 1274
1115 364
1116 644
1117 873
1118 615
1119 741
1120 396
1121 2160
1122 570
1123 339
1124 357
1125 381
1126 1041
1127 560
1128 599
1129 316
1130 810
1131 875
1132 481
1133 558
1134 759
1135 933
1136 491
1137 537
1138 644
1139 771
1140 3336
1141 764
1142 951
1143 1541
1144 672
1145 762
1146 779
1147 1161
1148 1347
1149 703
1150 575
1151 1096
1152 1286
1153 555
1154 1141
1155 582
1156 436
1157 729
1158 934
1159 2623
1160 3170
1161 649
1162 2593
1163 1429
1164 774
1165 1202
1166 2707
1167 1573
1168 670
1169 1160
1170 812
1171 612
1172 610
1173 600
1174 1297
1175 4264
1176 682
1177 694
1178 1308
1179 1352
1180 1224
1181 1235
1182 1156
1183 1228
1184 2778
1185 5445
1186 15894
1187 2140
1188 1386
1189 8518
1190 1832
1191 1598
1192 724
1193 1091
1194 2256
1195 912
1196 1416
1197 2077
1198 862
1199 1398
1200 1115
1201 1198
1202 2555
1203 820
1204 1348
1205 1519
1206 1535
1207 1174
1208 1244
1209 751
1210 877
1211 792
1212 1375
1213 1443
1214 1260
1215 912
1216 1009
1217 1052
1218 1530
1219 1502
1220 4147
1221 1507
1222 1461
1223 907
1224 1004
1225 949
1226 1696
1227 2969
1228 1220
1229 1511
1230 6455
1231 2027
1232 1460
1233 1215
1234 2111
1235 971
1236 1782
1237 1458
1238 1133
1239 1291
1240 1298
1241 1309
1242 1317
1243 936
1244 890
1245 1077
1246 1108
1247 1148
1248 883
1249 1084
1250 1611
1251 1231
1252 2849
1253 1692
1254 3631
1255 1526
1256 1641
1257 827
1258 1100
1259 1797
1260 1657
1261 968
1262 1262
1263 1051
1264 1161
1265 1378
1266 4124
1267 2506
1268 902
1269 784
1270 3006
1271 1559
1272 1170
1273 872
1274 1358
1275 4070
1276 1936
1277 2138
1278 1183
1279 3951
1280 1222
1281 1329
1282 1434
1283 1612
1284 1585
1285 1546
1286 1912
1287 1730
1288 1083
1289 946
1290 1059
1291 1861
1292 799
1293 1228
1294 4221
1295 1243
1296 1591
1297 6882
1298 1188
1299 952
1300 1553
1301 4704
1302 1480
1303 3175
1304 942
1305 818
1306 2973
1307 901
1308 965
1309 1569
1310 1057
1311 1433
1312 1103
1313 903
1314 37424
1315 2599
1316 992
1317 1853
1318 1546
1319 1619
1320 925
1321 1287
1322 1135
1323 1111
1324 1339
1325 697
1326 1089
1327 3521
1328 1193
1329 1566
1330 1228
1331 1236
1332 3789
1333 2037
1334 1775
1335 1339
1336 1061
1337 727
1338 1501
1339 1179
1340 1063
1341 1884
1342 3286
1343 951
1344 699
1345 1068
1346 2321
1347 2356
1348 799
1349 4971
1350 1490
1351 1285
1352 1612
1353 2117
1354 31575
1355 1002
1356 2782
1357 3256
1358 2195
1359 3253
1360 4487
1361 1044
1362 1843
1363 5954
1364 11876
1365 812
1366 906
1367 729
1368 1310
1369 766
1370 1198
1371 903
1372 848
1373 1201
1374 5546
1375 3137
1376 5434
1377 1797
1378 2591
1379 2024
1380 6223
1381 926
1382 729
1383 1178
1384 2412
1385 1562
1386 3241
1387 600
1388 4368
1389 1253
1390 3609
1391 1154
1392 1405
1393 914
1394 3478
1395 1334
1396 2362
1397 773
1398 931
1399 1160
1400 1433
1401 934
1402 1251
1403 1434
1404 18734
1405 1777
1406 9327
1407 1623
1408 2876
1409 2697
1410 3863
1411 1035
1412 3396
1413 712
1414 353293
1415 851
1416 1601
1417 2291
1418 3409
1419 1990
1420 779
1421 887
1422 3495
1423 784
1424 15253
1425 793
1426 45685
1427 3280
1428 582
1429 1015
1430 1113
1431 828
1432 1029
1433 856
1434 1062223
1435 2334
1436 2330
1437 1409
1438 1880
1439 919
1440 21618
1441 1624
1442 1374258
1443 606
1444 5685
1445 691
1446 15058
1447 882
1448 9891
1449 714
1450 3263
1451 939
1452 15186
1453 950
1454 2774611
1455 1532
1456 8918
1457 2181
1458 3474
1459 1192
1460 1096
1461 656
1462 31579
1463 1326
1464 3087034
1465 1232
1466 122395
1467 1077
1468 481807
1469 791
1470 3580
1471 1081
1472 5532
1473 1208
1474 84317
1475 550
1476 1897
1477 677
1478 4695
1479 3148
1480 2597
1481 1210
1482 8939
1483 771
1484 272683
1485 672
1486 3626
1487 1489
1488 723
1489 2015
1490 6009
1491 2308
1492 599
1493 785
1494 217619
1495 876
1496 6518
1497 566
1498 8421
1499 1824
1500 1781
1501 590
1502 8340
1503 1137
1504 2146
1505 620
1506 1303492
1507 1148
1508 549
1509 1354
1510 297308
1511 703
1512 8398
1513 2672
1514 43363863
1515 0
1516 0
1517 0
1518 0
1519 0
1520 0
1521 0
1522 0
1523 0
1524 0
1525 0
1526 0
1527 0
1528 0
1529 0
1530 0
1531 0
1532 0
1533 0
1534 0
1535 0
1536 0
1537 0
1538 0
1539 0
1540 0
1541 0
1542 0
1543 0
1544 0
1545 0
1546 0
1547 0
1548 0
1549 0
1550 0
1551 0
1552 0
1553 0
1554 0
1555 0
1556 0
1557 0
1558 0
1559 0
1560 0
1561 0
1562 0
1563 0
1564 0
1565 0
1566 0
1567 0
1568 0
1569 0
1570 0
1571 0
1572 0
1573 0
1574 0
1575 0
1576 0
1577 0
1578 0
1579 0
1580 0
1581 0
1582 0
1583 0
1584 0
1585 0
1586 0
1587 0
1588 0
1589 0
1590 0
1591 0
1592 0
1593 0
1594 0
1595 0
1596 0
1597 0
1598 0
1599 0
