0 0
1 0
2 0
3 0
4 0
5 0
6 0
7 0
8 0
9 0
10 0
11 0
12 0
13 0
14 0
15 0
16 0
17 0
18 0
19 0
20 0
21 0
22 0
23 0
24 0
25 0
26 0
27 0
28 0
29 0
30 0
31 0
32 0
33 0
34 0
35 0
36 0
37 0
38 0
39 0
40 0
41 0
42 0
43 0
44 0
45 0
46 0
47 0
48 0
49 0
50 0
51 0
52 0
53 0
54 0
55 0
56 0
57 0
58 0
59 0
60 26456835
61 11561
62 407979
63 8636
64 8526
65 182490
66 9437459
67 17799
68 159800
69 125414
70 45765
71 53342
72 80478
73 19642
74 888341
75 60447
76 18002
77 115911
78 421273
79 70710
80 14162
81 148114
82 81004
83 4335
84 6489
85 119055
86 110233
87 41999
88 62799
89 7107
90 72415
91 4943
92 7833
93 17007
94 124999
95 19006
96 18338
97 9254
98 49429
99 8591
100 4902
101 19018
102 88400
103 86809
104 4187
105 5541
106 182568
107 185221
108 4381
109 7367
110 19428
111 9391
112 9570
113 5714
114 10884
115 3597
116 6372
117 3504
118 42692
119 13077
120 18652
121 22005
122 29392
123 4288
124 18792
125 12900
126 10503
127 5501
128 10197
129 3560
130 3912
131 8618
132 6705
133 3655
134 24803
135 5306
136 3963
137 7406
138 5306
139 6624
140 5865
141 14203
142 2861
143 3786
144 3485
145 3523
146 6339
147 4018
148 9858
149 30295
150 37850
151 4214
152 3252
153 3613
154 5211
155 10133
156 5029
157 4716
158 18428
159 8802
160 4315
161 12003
162 3294
163 4601
164 2830
165 3131
166 7277
167 4147
168 2780
169 3140
170 3495
171 2311
172 2510
173 3029
174 2729
175 2535
176 2274
177 2541
178 3171
179 4549
180 3842
181 3322
182 2306
183 2977
184 3135
185 2937
186 2698
187 2126
188 2643
189 2081
190 4380
191 2072
192 1697
193 2365
194 2784
195 1735
196 1800
197 1683
198 1798
199 5360
200 2409
201 1565
202 2582
203 2409
204 9353
205 3022
206 4152
207 5741
208 1652
209 4521
210 4954
211 7188
212 1509
213 10796
214 2202
215 2938
216 3771
217 2351
218 21801
219 10606
220 1948
221 8925
222 4660
223 2004
224 16688
225 4418
226 4333
227 2986
228 1981
229 1365
230 2567
231 4135
232 10879
233 1476
234 2109
235 2491
236 3622
237 5020
238 1894
239 1897
240 2417
241 2420
242 1932
243 2265
244 2503
245 1432
246 1623
247 6561
248 1701
249 2156
250 2991
251 19940
252 3331
253 4628
254 10619
255 2096
256 1568
257 10365
258 12434
259 2180
260 7735
261 1679
262 2653
263 4788
264 2627
265 21249
266 6667
267 2454
268 1728
269 3585
270 1174
271 1160
272 3283
273 2762
274 2163
275 4274
276 1857
277 1665
278 4271
279 2248
280 2547
281 1467
282 2246
283 2021
284 2364
285 1335
286 2297
287 2662
288 1528
289 1229
290 1364
291 3908
292 3565
293 1568
294 1821
295 1238
296 1720
297 3992
298 10033
299 18249
300 8285
301 1756
302 1902
303 1797
304 2012
305 1586
306 7636
307 955
308 2581
309 1060
310 2528
311 4600
312 1436
313 730
314 1730
315 1115
316 1736
317 2054
318 1946
319 1653
320 1978
321 1049
322 1467
323 1152
324 1701
325 1330
326 2979
327 6681
328 4526
329 7633
330 7322
331 3587
332 1394
333 1116
334 1516
335 2340
336 10549
337 9866
338 9502
339 3946
340 1259
341 32946
342 3200
343 2327
344 1193
345 1343
346 2888
347 6902
348 7532
349 6417
350 2896
351 2273
352 3017
353 4488
354 3414
355 3890
356 5107
357 2487
358 94800
359 81764
360 66489
361 64226
362 60503
363 26112
364 1826
365 1165
366 2675
367 2113
368 1276
369 1168
370 1846
371 9655
372 16299
373 9093
374 8258
375 5635
376 2594
377 12412
378 7347
379 2651
380 2216
381 2245
382 2820
383 31572
384 16842
385 9122
386 6495
387 4726
388 7453
389 2420
390 3982
391 3280
392 3726
393 5317
394 2309
395 2438
396 1991
397 5490
398 2086
399 1526
400 2797
401 3010
402 3826
403 4382
404 5047
405 3797
406 4185
407 4081
408 1946
409 18220
410 2275
411 3961
412 1689
413 7980
414 3317
415 5551
416 1716
417 5550
418 2971
419 7029
420 1492
421 11324
422 2123
423 41993
424 2831
425 9934
426 2139
427 8898
428 1974
429 4949
430 1561
431 5592
432 2155
433 4396
434 1405
435 3272
436 2249
437 3247
438 2103
439 6456
440 84983
441 4865
442 2431
443 4622
444 5096
445 14292
446 3809
447 4713
448 2214
449 3681
450 2372
451 4362
452 3744
453 4730
454 3744
455 3224
456 2459
457 3238
458 4522
459 2558
460 2050
461 2971
462 1801
463 2994
464 1834
465 16019
466 1988
467 2824
468 2411
469 2451
470 3582
471 2759
472 2351
473 4277
474 2612
475 4065
476 2242
477 3784
478 2759
479 4420
480 13176
481 3495
482 5690
483 3529
484 4987
485 5430
486 3093
487 5932
488 4464
489 3742
490 3001
491 3384
492 3670
493 2571
494 2721
495 3635
496 4492
497 3994
498 4219
499 61718
500 3379
501 3069
502 3652
503 3799
504 3317
505 3273
506 5397
507 26691
508 3781
509 4652
510 6908
511 8589
512 4029
513 3306
514 3649
515 4494
516 4616
517 4820
518 5579
519 5702
520 3831
521 4377
522 5249
523 5007
524 4429
525 4702
526 2828
527 7820
528 2981
529 2516
530 4231
531 5313
532 2988
533 4919
534 5261
535 3465
536 2581
537 3224
538 2571
539 3922
540 3002
541 3088
542 3256
543 3760
544 2828
545 3628
546 4289
547 3958
548 3833
549 2954
550 3056
551 3313
552 3515
553 5317
554 6041
555 5356
556 3988
557 3876
558 3954
559 4613
560 8785
561 9361
562 5281
563 3297
564 3726
565 3076
566 4166
567 3719
568 3551
569 7474
570 3426
571 3694
572 3630
573 3139
574 3271
575 35791
576 4080
577 4198
578 3252
579 2518
580 2671
581 2707
582 2524
583 3086
584 2793
585 3704
586 3521
587 2706
588 2038
589 3664
590 118681
591 5848
592 4185
593 3587
594 3380
595 3212
596 2522
597 2992
598 3482
599 7221
600 2864
601 4083
602 4654
603 3936
604 3390
605 3041
606 4377
607 3524
608 4692
609 5832
610 5163
611 3650
612 4980
613 3197
614 3757
615 3330
616 2930
617 2901
618 3784
619 3395
620 2948
621 2651
622 3528
623 2262
624 2831
625 3074
626 4461
627 4915
628 4357
629 2929
630 2860
631 2355
632 2541
633 2097
634 3058
635 3042
636 4409
637 3128
638 3373
639 2633
640 2877
641 2522
642 3980
643 2894
644 3195
645 2233
646 3056
647 4027
648 2773
649 2936
650 2434
651 2476
652 2128
653 2285
654 5898
655 2817
656 2572
657 5919
658 2507
659 2717
660 2613
661 2885
662 3642
663 2428
664 3021
665 1970
666 2957
667 2299
668 2342
669 2974
670 3229
671 2562
672 2238
673 2835
674 2890
675 1627
676 1968
677 1822
678 2630
679 2033
680 2411
681 1834
682 1989
683 1960
684 2238
685 1800
686 1643
687 1652
688 1889
689 1857
690 2373
691 25250
692 1794
693 1877
694 2241
695 1952
696 1975
697 1772
698 2193
699 1876
700 1973
701 2899
702 4722
703 3019
704 1798
705 2080
706 2038
707 2653
708 1393
709 1883
710 2483
711 1940
712 1551
713 1810
714 8473
715 1619
716 2779
717 1864
718 1841
719 2118
720 3689
721 1675
722 1523
723 1335
724 1348
725 1285
726 1957
727 2336
728 1771
729 2386
730 1519
731 1576
732 1479
733 1581
734 1158
735 2045
736 1428
737 1778
738 1837
739 2141
740 1071
741 2401
742 1414
743 2048
744 1041
745 1802
746 4769
747 3446
748 1798
749 1641
750 4234
751 1286
752 7067
753 2290
754 2508
755 1453
756 1451
757 1433
758 2222
759 2095
760 1563
761 6124
762 2522
763 2510
764 16094
765 2002
766 2397
767 1931
768 1526
769 1646
770 5095
771 1655
772 1054
773 2802
774 2269
775 1549
776 983
777 1798
778 2777
779 1441
780 1761
781 1305
782 3314
783 1371
784 933
785 1226
786 3337
787 1811
788 1652
789 934
790 2128
791 815
792 1256
793 920
794 1838
795 820
796 862
797 1461
798 2414
799 1355
800 2156
801 1226
802 1715
803 1194
804 1623
805 1390
806 1563
807 846
808 1139
809 1302
810 1737
811 1347
812 976
813 1826
814 2204
815 1059
816 912
817 1365
818 1759
819 2563
820 3217
821 849
822 1244
823 1201
824 1201
825 1268
826 2070
827 844
828 818
829 990
830 1975
831 1732
832 1428
833 2723
834 990
835 680
836 843
837 1131
838 1017
839 1746
840 1926
841 3814
842 5049
843 3741
844 14701
845 1511
846 2321
847 731
848 1124
849 803
850 2847
851 2796
852 943
853 743
854 1438
855 1228
856 728
857 799
858 1877
859 1319
860 647
861 665
862 6419
863 842
864 1008
865 1721
866 1237
867 1049
868 1940
869 1156
870 616
871 596
872 448
873 1621
874 1469
875 997
876 24389
877 1121
878 813
879 35537
880 479
881 1139
882 613
883 863
884 696
885 971
886 1274
887 779
888 881
889 1131
890 853
891 16102
892 590
893 1600
894 998
895 766
896 1015
897 846
898 1742
899 690
900 898
901 583
902 804
903 468
904 1847
905 694
906 1931
907 869
908 1427
909 770
910 912
911 11852
912 475
913 770
914 7465
915 1561
916 742
917 710
918 744
919 781
920 811
921 5601
922 946
923 861
924 897
925 599
926 545
927 449
928 646
929 865
930 1243
931 554
932 557
933 1277
934 983
935 966
936 1257
937 851
938 1098
939 760
940 789
941 664
942 507
943 497
944 651
945 1148
946 3724
947 522
948 504
949 658
950 787
951 549
952 741
953 1132
954 1149
955 652
956 1031
957 887
958 770
959 456
960 443
961 993
962 532
963 450
964 702
965 1379
966 559
967 774
968 673
969 1028
970 641
971 532
972 449
973 1148
974 1189
975 722
976 626
977 1090
978 1093
979 916
980 573
981 1274
982 566
983 3752
984 991
985 1139
986 2045
987 5988
988 361
989 1260
990 700
991 1276
992 728
993 2021
994 599
995 1737
996 626
997 738
998 527
999 741
1000 1573
1001 1184
1002 831
1003 436
1004 691
1005 644
1006 699
1007 1170
1008 979
1009 820
1010 628
1011 562
1012 897
1013 991
1014 573
1015 577
1016 1691
1017 922
1018 2242
1019 1346
1020 598
1021 715
1022 1078
1023 1329
1024 648
1025 643
1026 1005
1027 766
1028 446
1029 775
1030 488
1031 781
1032 966
1033 601
1034 1035
1035 458
1036 520
1037 997
1038 1607
1039 414
1040 399
1041 527
1042 790
1043 938
1044 894
1045 525
1046 2248
1047 556
1048 841
1049 491
1050 2576
1051 677
1052 871
1053 929
1054 1175
1055 839
1056 402
1057 2189
1058 1873
1059 527
1060 434
1061 530
1062 624
1063 388
1064 439
1065 379
1066 639
1067 522
1068 590
1069 519
1070 511
1071 933
1072 757
1073 555
1074 567
1075 724
1076 910
1077 771
1078 534
1079 428
1080 855
1081 431
1082 742
1083 530
1084 1017
1085 338
1086 801
1087 1478
1088 600
1089 323
1090 937
1091 543
1092 8333
1093 538
1094 595
1095 1430
1096 846
1097 436
1098 708
1099 538
1100 399
1101 410
1102 576
1103 564
1104 564
1105 1303
1106 668
1107 1807
1108 1185
1109 865
1110 1648
1111 1264
1112 5237
1113 512
1114 1482
1115 409
1116 731
1117 967
1118 731
1119 924
1120 487
1121 2251
1122 499
1123 329
1124 386
1125 415
1126 1143
1127 570
1128 637
1129 357
1130 846
1131 1008
1132 536
1133 617
1134 951
1135 1007
1136 499
1137 578
1138 643
1139 881
1140 3415
1141 776
1142 1088
1143 1697
1144 856
1145 901
1146 742
1147 1068
1148 1472
1149 786
1150 755
1151 1252
1152 1322
1153 800
1154 1025
1155 647
1156 486
1157 871
1158 827
1159 2965
1160 3267
1161 620
1162 2261
1163 996
1164 545
1165 1302
1166 2852
1167 1362
1168 858
1169 1286
1170 810
1171 748
1172 826
1173 768
1174 1313
1175 4629
1176 699
1177 885
1178 1452
1179 1308
1180 1415
1181 1203
1182 1392
1183 1195
1184 3257
1185 6088
1186 18380
1187 2394
1188 1734
1189 9572
1190 2163
1191 2044
1192 904
1193 1173
1194 2847
1195 967
1196 1569
1197 2386
1198 978
1199 1509
1200 989
1201 1364
1202 2773
1203 894
1204 1729
1205 1577
1206 1852
1207 1404
1208 1467
1209 755
1210 828
1211 968
1212 1379
1213 1657
1214 1730
1215 1052
1216 968
1217 1620
1218 1773
1219 1862
1220 4988
1221 1696
1222 2854
1223 1121
1224 1008
1225 1117
1226 1880
1227 3437
1228 1420
1229 1520
1230 7486
1231 2205
1232 1187
1233 1167
1234 2455
1235 1198
1236 1936
1237 1245
1238 1291
1239 2313
1240 1321
1241 1399
1242 1287
1243 961
1244 893
1245 1246
1246 1379
1247 1060
1248 988
1249 1016
1250 1938
1251 1321
1252 2768
1253 1788
1254 4727
1255 1635
1256 1882
1257 1223
1258 1042
1259 2055
1260 1927
1261 771
1262 1665
1263 1044
1264 1147
1265 1419
1266 4401
1267 2988
1268 1079
1269 982
1270 3319
1271 1813
1272 1166
1273 893
1274 1587
1275 5055
1276 2199
1277 2391
1278 1278
1279 5312
1280 1647
1281 1627
1282 1463
1283 1487
1284 1229
1285 1094
1286 1343
1287 1441
1288 924
1289 1058
1290 1068
1291 2112
1292 856
1293 1830
1294 6062
1295 1104
1296 2086
1297 7593
1298 1265
1299 1066
1300 1672
1301 4821
1302 1532
1303 3583
1304 863
1305 1231
1306 2995
1307 1097
1308 1130
1309 1503
1310 1675
1311 1674
1312 1128
1313 1171
1314 37754
1315 3317
1316 1052
1317 2195
1318 1230
1319 1635
1320 1077
1321 1332
1322 1339
1323 1362
1324 2057
1325 899
1326 1072
1327 4201
1328 1283
1329 1801
1330 1475
1331 1428
1332 4471
1333 2307
1334 1204
1335 1715
1336 1270
1337 1031
1338 1561
1339 1388
1340 1164
1341 1880
1342 3679
1343 1081
1344 4866
1345 1289
1346 2435
1347 2626
1348 945
1349 9060
1350 4492
1351 1549
1352 2312
1353 2396
1354 15730
1355 1303
1356 3865
1357 3615
1358 2082
1359 3595
1360 5113
1361 1204
1362 1894
1363 7039
1364 6418
1365 679
1366 1201
1367 846
1368 1223
1369 796
1370 1174
1371 971
1372 1246
1373 1232
1374 16697
1375 3575
1376 6140
1377 1963
1378 2675
1379 2452
1380 7135
1381 1089
1382 978
1383 1331
1384 2625
1385 1833
1386 2525
1387 831
1388 3575
1389 1401
1390 3826
1391 1248
1392 1562
1393 1088
1394 2878
1395 1213
1396 2874
1397 914
1398 1991
1399 1270
1400 1649
1401 1089
1402 1244
1403 1593
1404 11752
1405 1997
1406 5397
1407 1976
1408 3282
1409 3131
1410 4386
1411 1169
1412 3257
1413 899
1414 442223
1415 1137
1416 1727
1417 3103
1418 2620
1419 2366
1420 1852
1421 1189
1422 5355
1423 856
1424 27768
1425 906
1426 50168
1427 3582
1428 763
1429 1185
1430 1541
1431 838
1432 1260
1433 1105
1434 1278262
1435 2632
1436 5531
1437 1629
1438 1979
1439 1020
1440 28138
1441 1484
1442 1672847
1443 662
1444 9852
1445 784
1446 9821
1447 933
1448 11627
1449 661
1450 1783
1451 992
1452 23193
1453 1334
1454 3228915
1455 1447
1456 16194
1457 2315
1458 3680
1459 1290
1460 1083
1461 648
1462 36028
1463 1956
1464 3467638
1465 1207
1466 80145
1467 1235
1468 626659
1469 945
1470 4728
1471 1058
1472 9353
1473 1398
1474 74710
1475 710
1476 2501
1477 708
1478 2024
1479 3657
1480 2855
1481 1453
1482 9176
1483 865
1484 330418
1485 765
1486 8562
1487 1858
1488 842
1489 2323
1490 4924
1491 2595
1492 1017
1493 787
1494 169134
1495 858
1496 7491
1497 672
1498 8524
1499 2114
1500 2684
1501 645
1502 16594
1503 2376
1504 2463
1505 830
1506 1312789
1507 1290
1508 2258
1509 1026
1510 293516
1511 754
1512 3763
1513 4553
1514 47748999
1515 0
1516 0
1517 0
1518 0
1519 0
1520 0
1521 0
1522 0
1523 0
1524 0
1525 0
1526 0
1527 0
1528 0
1529 0
1530 0
1531 0
1532 0
1533 0
1534 0
1535 0
1536 0
1537 0
1538 0
1539 0
1540 0
1541 0
1542 0
1543 0
1544 0
1545 0
1546 0
1547 0
1548 0
1549 0
1550 0
1551 0
1552 0
1553 0
1554 0
1555 0
1556 0
1557 0
1558 0
1559 0
1560 0
1561 0
1562 0
1563 0
1564 0
1565 0
1566 0
1567 0
1568 0
1569 0
1570 0
1571 0
1572 0
1573 0
1574 0
1575 0
1576 0
1577 0
1578 0
1579 0
1580 0
1581 0
1582 0
1583 0
1584 0
1585 0
1586 0
1587 0
1588 0
1589 0
1590 0
1591 0
1592 0
1593 0
1594 0
1595 0
1596 0
1597 0
1598 0
1599 0
