0 0
1 0
2 0
3 0
4 0
5 0
6 0
7 0
8 0
9 0
10 0
11 0
12 0
13 0
14 0
15 0
16 0
17 0
18 0
19 0
20 0
21 0
22 0
23 0
24 0
25 0
26 0
27 0
28 0
29 0
30 0
31 0
32 0
33 0
34 0
35 0
36 0
37 0
38 0
39 0
40 0
41 0
42 0
43 0
44 0
45 0
46 0
47 0
48 0
49 0
50 0
51 0
52 0
53 0
54 0
55 0
56 0
57 0
58 0
59 0
60 23237235
61 11938
62 364806
63 8867
64 9284
65 162508
66 8243571
67 17501
68 144302
69 113788
70 48138
71 48779
72 70896
73 16080
74 774205
75 30275
76 11295
77 102251
78 377094
79 35009
80 10628
81 80178
82 66712
83 4028
84 4665
85 61433
86 93890
87 35668
88 58302
89 8503
90 54501
91 4901
92 42677
93 17454
94 106379
95 15867
96 15403
97 8928
98 45637
99 8081
100 5893
101 9778
102 76569
103 77506
104 3887
105 7828
106 164571
107 166481
108 4407
109 20449
110 12033
111 36287
112 7917
113 5564
114 12586
115 4654
116 4890
117 3679
118 53570
119 11182
120 17880
121 20551
122 24591
123 6288
124 6801
125 10524
126 12308
127 4718
128 9298
129 3290
130 5092
131 7213
132 5587
133 3605
134 22160
135 5743
136 3500
137 5947
138 4580
139 8244
140 5678
141 24357
142 3424
143 5092
144 5534
145 2811
146 6086
147 3503
148 8479
149 26984
150 34153
151 3551
152 2869
153 2693
154 4633
155 8793
156 7776
157 4623
158 16653
159 7988
160 3957
161 5050
162 3679
163 3857
164 3147
165 2783
166 20641
167 3882
168 3185
169 3917
170 4270
171 5180
172 2992
173 3880
174 2592
175 2301
176 1949
177 3684
178 3018
179 4148
180 3521
181 2894
182 2283
183 3898
184 2822
185 2449
186 5044
187 1977
188 2359
189 1511
190 3889
191 3079
192 1397
193 2326
194 2797
195 2005
196 1698
197 1707
198 1658
199 4729
200 2566
201 3178
202 2589
203 2296
204 8433
205 2270
206 3941
207 4995
208 1771
209 3081
210 4545
211 2896
212 1445
213 1939
214 1850
215 2221
216 4102
217 2336
218 17669
219 11327
220 1608
221 7860
222 5208
223 1665
224 15076
225 4145
226 4188
227 2622
228 1894
229 1174
230 2469
231 4911
232 9677
233 1669
234 2120
235 1632
236 2938
237 4557
238 2029
239 1644
240 2409
241 2324
242 1771
243 2033
244 2316
245 1333
246 1993
247 5762
248 1722
249 1851
250 2115
251 6191
252 2665
253 3802
254 1401
255 1835
256 1002
257 2666
258 5067
259 1982
260 2156
261 2456
262 2279
263 1444
264 2450
265 16828
266 4273
267 2122
268 1802
269 2819
270 1174
271 1090
272 1953
273 2658
274 2081
275 3180
276 2088
277 1435
278 2638
279 2212
280 2392
281 1362
282 2128
283 1357
284 1814
285 1224
286 2113
287 2473
288 1231
289 1302
290 1495
291 3523
292 3036
293 1556
294 1674
295 1186
296 1704
297 3875
298 7164
299 12743
300 7694
301 2235
302 1817
303 1924
304 2066
305 1758
306 7156
307 1043
308 2215
309 1274
310 1921
311 4736
312 1855
313 948
314 1771
315 1709
316 1878
317 1797
318 1953
319 1496
320 1851
321 1021
322 1781
323 1234
324 1705
325 1605
326 2640
327 5884
328 3658
329 6138
330 6204
331 3156
332 1247
333 717
334 1034
335 2126
336 9792
337 9391
338 8521
339 3738
340 1227
341 29656
342 3833
343 1681
344 1244
345 1457
346 2667
347 6176
348 6857
349 5546
350 2670
351 2927
352 3085
353 4036
354 4828
355 3578
356 4567
357 2191
358 83297
359 73411
360 59180
361 57058
362 53317
363 23769
364 1896
365 1367
366 2166
367 2034
368 1171
369 993
370 1559
371 8134
372 14427
373 8550
374 7109
375 4556
376 2485
377 10528
378 6263
379 2380
380 1923
381 2013
382 1912
383 28063
384 15804
385 9300
386 5702
387 4483
388 6952
389 2025
390 3239
391 2748
392 3368
393 4829
394 1840
395 2194
396 1552
397 4795
398 1734
399 1297
400 2175
401 2445
402 3451
403 3593
404 4711
405 3161
406 3456
407 4126
408 1640
409 15665
410 1510
411 3404
412 1639
413 6899
414 2107
415 4740
416 1693
417 4996
418 2655
419 6201
420 1405
421 10128
422 1740
423 37306
424 2462
425 8641
426 2030
427 8019
428 1827
429 4361
430 1692
431 5107
432 1969
433 4010
434 1468
435 2943
436 2137
437 3123
438 2198
439 5834
440 76230
441 4307
442 2032
443 4096
444 4557
445 12222
446 3421
447 4177
448 2277
449 3187
450 2314
451 3449
452 3222
453 3943
454 2143
455 2194
456 2097
457 2691
458 3963
459 2199
460 1784
461 2520
462 1856
463 3101
464 1695
465 14391
466 1648
467 2512
468 2053
469 2363
470 1746
471 2724
472 2137
473 3157
474 2421
475 3515
476 2174
477 3348
478 2322
479 3962
480 11759
481 3070
482 5269
483 3100
484 4400
485 4991
486 2590
487 3697
488 2971
489 3335
490 2672
491 2946
492 3217
493 2309
494 2629
495 2990
496 4223
497 3602
498 3855
499 55291
500 2976
501 2693
502 3365
503 3336
504 3011
505 2936
506 4618
507 23535
508 3308
509 4418
510 6073
511 7613
512 3706
513 2901
514 3569
515 3898
516 4079
517 4211
518 4923
519 5147
520 3309
521 3909
522 5046
523 4383
524 3735
525 4129
526 2503
527 7276
528 2589
529 2379
530 4093
531 4472
532 2519
533 4494
534 4475
535 3399
536 2587
537 2926
538 2937
539 3294
540 2617
541 2806
542 2913
543 3551
544 2654
545 3386
546 3877
547 3545
548 3733
549 2630
550 2605
551 3365
552 3445
553 4904
554 5317
555 4094
556 3456
557 3410
558 3494
559 4094
560 7673
561 9214
562 4115
563 2827
564 3277
565 2610
566 3212
567 3254
568 3375
569 6322
570 2861
571 3243
572 3392
573 2860
574 2995
575 32251
576 3257
577 3677
578 3021
579 2217
580 2428
581 2373
582 2291
583 2580
584 2246
585 3253
586 3107
587 2248
588 1837
589 3288
590 97583
591 4932
592 3605
593 3010
594 2965
595 2651
596 2227
597 2801
598 3115
599 6726
600 2534
601 3822
602 4338
603 3384
604 2828
605 2679
606 3387
607 3036
608 4040
609 5252
610 4965
611 3254
612 4083
613 2925
614 3349
615 4393
616 2745
617 2549
618 3360
619 3046
620 2579
621 9266
622 2882
623 2042
624 2422
625 2802
626 3744
627 4447
628 3904
629 2582
630 2443
631 2052
632 2137
633 1799
634 2670
635 2632
636 3811
637 2833
638 2863
639 2097
640 2314
641 2221
642 3408
643 2244
644 1874
645 1866
646 2569
647 2506
648 2210
649 2708
650 6548
651 4725
652 1662
653 6468
654 2708
655 2602
656 1918
657 4559
658 1974
659 3377
660 2149
661 3945
662 3252
663 2880
664 2511
665 1713
666 2647
667 2038
668 2221
669 2569
670 2839
671 1929
672 1913
673 2499
674 2789
675 1524
676 1698
677 1554
678 2036
679 1701
680 2085
681 1939
682 1991
683 1823
684 2083
685 1643
686 1464
687 1527
688 1694
689 1545
690 2133
691 22541
692 1671
693 1624
694 1989
695 1701
696 1793
697 1434
698 1858
699 1660
700 1805
701 2531
702 3815
703 2816
704 1641
705 1840
706 2121
707 2232
708 1319
709 1498
710 1762
711 1781
712 1363
713 1707
714 7439
715 1390
716 2427
717 1639
718 1660
719 2020
720 3217
721 1543
722 1378
723 1101
724 1237
725 1154
726 1870
727 1610
728 1549
729 2254
730 1394
731 1623
732 1267
733 1498
734 1195
735 2405
736 1172
737 1630
738 1886
739 1875
740 924
741 2089
742 1381
743 1878
744 966
745 1603
746 5544
747 2998
748 1236
749 1462
750 3863
751 1236
752 6220
753 2075
754 2580
755 1397
756 1324
757 1337
758 1943
759 1765
760 1397
761 5495
762 2178
763 2304
764 10375
765 1929
766 1991
767 1906
768 1279
769 1593
770 4589
771 1491
772 872
773 2324
774 1881
775 1417
776 900
777 1625
778 2214
779 1290
780 1635
781 1151
782 2877
783 1136
784 777
785 1042
786 2933
787 1683
788 1500
789 931
790 2328
791 823
792 1309
793 1363
794 1560
795 825
796 820
797 1719
798 2037
799 1142
800 1240
801 1233
802 1691
803 1072
804 1483
805 1246
806 1300
807 688
808 898
809 1137
810 1492
811 1222
812 707
813 1577
814 3532
815 899
816 981
817 1189
818 1531
819 1636
820 4210
821 765
822 1078
823 1040
824 973
825 949
826 1789
827 752
828 856
829 898
830 1497
831 1495
832 1279
833 2474
834 1074
835 561
836 950
837 1025
838 1086
839 1684
840 2371
841 3404
842 5475
843 3462
844 13317
845 1243
846 2209
847 648
848 983
849 711
850 2101
851 2242
852 809
853 687
854 1231
855 1032
856 632
857 708
858 1683
859 1147
860 592
861 649
862 5743
863 733
864 966
865 1477
866 1357
867 885
868 1661
869 1063
870 539
871 549
872 481
873 1350
874 1126
875 871
876 21734
877 886
878 713
879 31792
880 395
881 965
882 539
883 763
884 612
885 753
886 1157
887 667
888 898
889 1052
890 751
891 14431
892 622
893 1473
894 830
895 759
896 856
897 770
898 1670
899 583
900 809
901 568
902 707
903 440
904 1569
905 735
906 1686
907 787
908 1315
909 708
910 673
911 10536
912 377
913 657
914 6868
915 1468
916 660
917 595
918 717
919 677
920 821
921 5142
922 888
923 752
924 734
925 568
926 510
927 408
928 577
929 813
930 1463
931 519
932 512
933 1140
934 890
935 859
936 1106
937 692
938 907
939 572
940 662
941 589
942 1006
943 490
944 579
945 998
946 3459
947 461
948 476
949 550
950 649
951 482
952 448
953 1000
954 998
955 522
956 397
957 820
958 685
959 383
960 344
961 848
962 665
963 373
964 698
965 1288
966 463
967 954
968 571
969 884
970 594
971 451
972 415
973 941
974 974
975 677
976 567
977 991
978 1166
979 791
980 521
981 1075
982 518
983 3372
984 833
985 1018
986 1708
987 5308
988 304
989 1118
990 633
991 1004
992 607
993 1838
994 807
995 1515
996 428
997 671
998 485
999 647
1000 1313
1001 1105
1002 717
1003 378
1004 588
1005 551
1006 563
1007 987
1008 899
1009 738
1010 804
1011 489
1012 734
1013 919
1014 460
1015 485
1016 1318
1017 678
1018 1576
1019 1180
1020 453
1021 632
1022 689
1023 1190
1024 565
1025 613
1026 1102
1027 707
1028 402
1029 1173
1030 748
1031 889
1032 993
1033 608
1034 1030
1035 469
1036 491
1037 1010
1038 1281
1039 382
1040 378
1041 495
1042 782
1043 831
1044 809
1045 454
1046 1981
1047 527
1048 813
1049 457
1050 2306
1051 612
1052 769
1053 907
1054 872
1055 798
1056 356
1057 4030
1058 797
1059 414
1060 453
1061 530
1062 560
1063 350
1064 395
1065 352
1066 573
1067 478
1068 591
1069 447
1070 450
1071 790
1072 624
1073 376
1074 496
1075 486
1076 758
1077 651
1078 2340
1079 362
1080 809
1081 393
1082 904
1083 4431
1084 838
1085 317
1086 768
1087 1293
1088 540
1089 288
1090 1088
1091 497
1092 7637
1093 418
1094 475
1095 1296
1096 671
1097 392
1098 568
1099 508
1100 469
1101 432
1102 532
1103 415
1104 548
1105 1157
1106 605
1107 444
1108 809
1109 485
1110 524
1111 662
1112 423
1113 466
1114 936
1115 383
1116 661
1117 904
1118 659
1119 787
1120 425
1121 2108
1122 857
1123 312
1124 320
1125 346
1126 962
1127 571
1128 609
1129 325
1130 713
1131 911
1132 465
1133 612
1134 837
1135 814
1136 411
1137 509
1138 670
1139 823
1140 9741
1141 604
1142 1039
1143 1399
1144 616
1145 916
1146 662
1147 839
1148 1337
1149 807
1150 804
1151 1222
1152 1398
1153 560
1154 1467
1155 760
1156 514
1157 750
1158 1013
1159 2768
1160 2992
1161 637
1162 2373
1163 1286
1164 854
1165 1208
1166 2915
1167 1422
1168 863
1169 1077
1170 818
1171 653
1172 639
1173 559
1174 1150
1175 4361
1176 804
1177 686
1178 1340
1179 1288
1180 1473
1181 1055
1182 1354
1183 817
1184 3317
1185 5400
1186 16322
1187 2258
1188 1515
1189 8426
1190 1870
1191 1769
1192 701
1193 1002
1194 2579
1195 871
1196 1691
1197 2082
1198 968
1199 1297
1200 975
1201 1286
1202 2568
1203 727
1204 1513
1205 1377
1206 1729
1207 1133
1208 1237
1209 681
1210 613
1211 811
1212 1283
1213 1440
1214 1216
1215 899
1216 901
1217 953
1218 2611
1219 1640
1220 4271
1221 1212
1222 1388
1223 1093
1224 918
1225 1149
1226 1508
1227 3204
1228 1187
1229 1558
1230 6066
1231 2223
1232 1065
1233 1036
1234 2155
1235 1089
1236 1646
1237 1220
1238 1108
1239 966
1240 1397
1241 1205
1242 1007
1243 1041
1244 1003
1245 1032
1246 1093
1247 852
1248 807
1249 1139
1250 2002
1251 1280
1252 2912
1253 1623
1254 2268
1255 1319
1256 1698
1257 904
1258 821
1259 2006
1260 1725
1261 792
1262 1337
1263 1012
1264 1179
1265 1265
1266 5589
1267 4704
1268 955
1269 854
1270 2536
1271 1607
1272 1058
1273 830
1274 1372
1275 3916
1276 2011
1277 2222
1278 1102
1279 5734
1280 1150
1281 1094
1282 1627
1283 1587
1284 1442
1285 1588
1286 1836
1287 1825
1288 1065
1289 975
1290 1024
1291 2172
1292 837
1293 1372
1294 5161
1295 964
1296 1528
1297 6923
1298 1104
1299 976
1300 1385
1301 4662
1302 1470
1303 3227
1304 635
1305 867
1306 2366
1307 958
1308 989
1309 1388
1310 1172
1311 1353
1312 948
1313 929
1314 32356
1315 2802
1316 919
1317 1908
1318 909
1319 1320
1320 982
1321 1188
1322 1234
1323 1103
1324 1223
1325 788
1326 840
1327 3599
1328 1154
1329 1533
1330 1306
1331 1142
1332 3970
1333 2183
1334 2064
1335 1431
1336 1157
1337 783
1338 1421
1339 1224
1340 997
1341 1810
1342 3422
1343 826
1344 840
1345 1088
1346 2542
1347 2371
1348 886
1349 9949
1350 2317
1351 1331
1352 1710
1353 2104
1354 23957
1355 1222
1356 3396
1357 3591
1358 2036
1359 3223
1360 4488
1361 1078
1362 1852
1363 9502
1364 1505
1365 2256
1366 982
1367 543
1368 1195
1369 634
1370 1325
1371 909
1372 899
1373 1014
1374 4210
1375 3165
1376 5586
1377 1643
1378 2712
1379 1979
1380 6614
1381 1012
1382 841
1383 1210
1384 2286
1385 1664
1386 2473
1387 751
1388 3645
1389 1339
1390 3427
1391 1112
1392 1448
1393 991
1394 3617
1395 1094
1396 1370
1397 773
1398 8000
1399 1243
1400 1544
1401 1060
1402 2666
1403 1439
1404 9783
1405 2081
1406 5184
1407 4451
1408 2912
1409 7284
1410 2703
1411 1072
1412 56608
1413 835
1414 304979
1415 916
1416 1578
1417 5587
1418 3421
1419 2134
1420 946
1421 961
1422 3306
1423 781
1424 12549
1425 854
1426 40323
1427 3328
1428 593
1429 1172
1430 2283
1431 854
1432 971
1433 813
1434 1181240
1435 2375
1436 4094
1437 1419
1438 1677
1439 773
1440 27014
1441 1299
1442 1361180
1443 610
1444 14489
1445 749
1446 9452
1447 867
1448 4573
1449 677
1450 1402
1451 755
1452 16854
1453 966
1454 2705030
1455 1518
1456 7337
1457 2035
1458 3752
1459 1337
1460 1309
1461 633
1462 38600
1463 1365
1464 3108416
1465 1046
1466 92525
1467 1020
1468 509995
1469 698
1470 53537
1471 909
1472 15477
1473 1215
1474 76790
1475 554
1476 2083
1477 719
1478 1930
1479 3273
1480 2665
1481 1225
1482 6878
1483 729
1484 227900
1485 620
1486 2510
1487 1612
1488 743
1489 2099
1490 8662
1491 2273
1492 1052
1493 789
1494 217148
1495 762
1496 15100
1497 487
1498 8924
1499 1870
1500 1964
1501 584
1502 13087
1503 1501
1504 2765
1505 595
1506 1325199
1507 1184
1508 600
1509 989
1510 233023
1511 643
1512 3681
1513 4416
1514 41982099
1515 0
1516 0
1517 0
1518 0
1519 0
1520 0
1521 0
1522 0
1523 0
1524 0
1525 0
1526 0
1527 0
1528 0
1529 0
1530 0
1531 0
1532 0
1533 0
1534 0
1535 0
1536 0
1537 0
1538 0
1539 0
1540 0
1541 0
1542 0
1543 0
1544 0
1545 0
1546 0
1547 0
1548 0
1549 0
1550 0
1551 0
1552 0
1553 0
1554 0
1555 0
1556 0
1557 0
1558 0
1559 0
1560 0
1561 0
1562 0
1563 0
1564 0
1565 0
1566 0
1567 0
1568 0
1569 0
1570 0
1571 0
1572 0
1573 0
1574 0
1575 0
1576 0
1577 0
1578 0
1579 0
1580 0
1581 0
1582 0
1583 0
1584 0
1585 0
1586 0
1587 0
1588 0
1589 0
1590 0
1591 0
1592 0
1593 0
1594 0
1595 0
1596 0
1597 0
1598 0
1599 0
