0 0
1 0
2 0
3 0
4 0
5 0
6 0
7 0
8 0
9 0
10 0
11 0
12 0
13 0
14 0
15 0
16 0
17 0
18 0
19 0
20 0
21 0
22 0
23 0
24 0
25 0
26 0
27 0
28 0
29 0
30 0
31 0
32 0
33 0
34 0
35 0
36 0
37 0
38 0
39 0
40 0
41 0
42 0
43 0
44 0
45 0
46 0
47 0
48 0
49 0
50 0
51 0
52 0
53 0
54 0
55 0
56 0
57 0
58 0
59 0
60 26405149
61 16820
62 411278
63 10299
64 9104
65 186069
66 9319220
67 22330
68 159412
69 131868
70 46419
71 54958
72 76303
73 22895
74 874466
75 50322
76 18667
77 83954
78 412674
79 37094
80 14707
81 137550
82 77236
83 8571
84 7076
85 67021
86 103176
87 25118
88 63263
89 6020
90 66136
91 10257
92 9436
93 4661
94 114165
95 18988
96 23737
97 10005
98 48375
99 12357
100 11096
101 10434
102 93053
103 88502
104 4969
105 7401
106 183744
107 186024
108 5323
109 43260
110 16856
111 15624
112 9806
113 6438
114 14860
115 9941
116 61631
117 4553
118 44987
119 13399
120 19886
121 5306
122 21378
123 4841
124 21294
125 13194
126 18536
127 5933
128 10504
129 4282
130 7593
131 10363
132 6635
133 4538
134 26580
135 6530
136 4274
137 9305
138 5171
139 8587
140 6682
141 16651
142 6925
143 4311
144 4227
145 3879
146 10511
147 4593
148 9958
149 30914
150 39007
151 3896
152 4104
153 4027
154 5033
155 11489
156 6949
157 5317
158 18738
159 9299
160 4895
161 6266
162 5726
163 5896
164 4031
165 3688
166 6236
167 4355
168 4098
169 4855
170 5021
171 3683
172 3830
173 3393
174 3366
175 2643
176 3154
177 3032
178 4205
179 4945
180 4910
181 4184
182 2728
183 3376
184 4386
185 3401
186 3997
187 16328
188 2792
189 2060
190 4722
191 2456
192 1822
193 2583
194 3527
195 2118
196 3896
197 1982
198 2021
199 5497
200 2820
201 2783
202 3276
203 2558
204 10227
205 3145
206 9247
207 5770
208 2589
209 3089
210 6364
211 3145
212 2578
213 2382
214 1896
215 2759
216 3575
217 2840
218 20852
219 14990
220 4233
221 10927
222 6564
223 1967
224 17343
225 4842
226 5681
227 4002
228 3304
229 1668
230 3710
231 4751
232 11367
233 2099
234 3129
235 2125
236 3697
237 5226
238 2791
239 2532
240 3101
241 3294
242 4033
243 2914
244 3387
245 2290
246 2109
247 7062
248 1765
249 2620
250 3099
251 2301
252 3627
253 5258
254 2361
255 2835
256 1600
257 3252
258 6303
259 2348
260 5279
261 2135
262 3329
263 2540
264 10825
265 28752
266 9378
267 6555
268 2275
269 3182
270 1489
271 1579
272 2453
273 3035
274 2562
275 5784
276 2401
277 2333
278 3368
279 2541
280 2821
281 1684
282 3059
283 1561
284 2286
285 7447
286 2831
287 3612
288 1160
289 1435
290 1747
291 3968
292 3825
293 2288
294 2399
295 1862
296 1816
297 4053
298 9778
299 16351
300 8409
301 1834
302 1930
303 2099
304 2320
305 1887
306 8182
307 1884
308 2010
309 1239
310 1867
311 5369
312 1407
313 1135
314 2300
315 1343
316 1418
317 1801
318 2122
319 1683
320 2270
321 1644
322 2047
323 1453
324 2314
325 1538
326 2724
327 7030
328 4397
329 7076
330 7681
331 3712
332 1420
333 1201
334 1293
335 2475
336 11169
337 11094
338 9924
339 4052
340 1426
341 33454
342 4552
343 1807
344 1536
345 1702
346 3241
347 7020
348 7827
349 6349
350 2818
351 2435
352 3203
353 3880
354 4841
355 4113
356 5065
357 2349
358 96115
359 83245
360 66745
361 63854
362 60295
363 26210
364 2169
365 1478
366 2678
367 2269
368 1342
369 1289
370 2621
371 9495
372 16136
373 8658
374 8373
375 5492
376 2659
377 12559
378 9108
379 2615
380 2157
381 2445
382 2557
383 30869
384 18210
385 9261
386 6930
387 4961
388 7824
389 2245
390 4158
391 3542
392 4282
393 5384
394 2395
395 2400
396 1867
397 5885
398 2174
399 2518
400 2842
401 3180
402 4152
403 5246
404 5080
405 4720
406 4011
407 4285
408 1932
409 17652
410 2017
411 3477
412 1766
413 8087
414 3019
415 5626
416 1872
417 5683
418 3383
419 7340
420 1601
421 11595
422 2267
423 42764
424 2874
425 9784
426 2545
427 9301
428 2116
429 4881
430 1646
431 5745
432 2397
433 4936
434 1981
435 3415
436 2352
437 3443
438 2206
439 6724
440 85074
441 4707
442 2557
443 4613
444 5187
445 13488
446 4732
447 4680
448 2407
449 3548
450 2670
451 4028
452 3648
453 4639
454 5294
455 3122
456 2594
457 3105
458 4733
459 2606
460 1997
461 3234
462 2330
463 4076
464 1940
465 16367
466 2277
467 2937
468 2473
469 2911
470 5789
471 2915
472 2409
473 3816
474 2874
475 3661
476 2482
477 3441
478 2802
479 4200
480 13294
481 5540
482 5911
483 3506
484 5647
485 5096
486 2775
487 4839
488 3289
489 3544
490 4110
491 3277
492 3744
493 2620
494 2888
495 3350
496 4931
497 3251
498 4324
499 61968
500 3550
501 2911
502 3960
503 3671
504 3502
505 3237
506 5255
507 26548
508 3864
509 4681
510 7011
511 8958
512 4286
513 3537
514 3911
515 4800
516 4688
517 4998
518 5774
519 6313
520 4276
521 4664
522 5960
523 5268
524 4942
525 5017
526 3267
527 8298
528 3376
529 3249
530 4752
531 5412
532 3288
533 5171
534 5770
535 3899
536 2963
537 3398
538 2871
539 3790
540 3156
541 3229
542 3177
543 3977
544 2979
545 3725
546 4453
547 3974
548 3855
549 3022
550 2827
551 3927
552 4295
553 5570
554 6045
555 4374
556 3783
557 3744
558 3740
559 4984
560 8573
561 10807
562 4811
563 3219
564 4556
565 3187
566 3462
567 3527
568 3403
569 7486
570 3609
571 3688
572 3735
573 3178
574 3211
575 36135
576 3757
577 3838
578 3547
579 2618
580 2590
581 2695
582 2623
583 3132
584 2493
585 3611
586 3867
587 2533
588 2126
589 3621
590 146774
591 5606
592 4194
593 3323
594 3517
595 3185
596 2500
597 3224
598 3593
599 8108
600 2826
601 4014
602 4819
603 3782
604 3110
605 2921
606 5379
607 3694
608 4438
609 5803
610 5431
611 3606
612 4785
613 3236
614 3794
615 3782
616 2884
617 2830
618 3713
619 3274
620 2855
621 2562
622 3189
623 2381
624 2714
625 3136
626 4427
627 4929
628 4289
629 3051
630 2881
631 2356
632 2458
633 2011
634 3334
635 2994
636 4259
637 3098
638 3076
639 2490
640 2656
641 2530
642 3677
643 2700
644 2122
645 2201
646 2936
647 2695
648 2542
649 2679
650 2623
651 2008
652 1909
653 2185
654 2945
655 2552
656 2081
657 2139
658 2617
659 2298
660 2515
661 2968
662 3283
663 3703
664 2650
665 1844
666 4076
667 2269
668 2381
669 2801
670 7677
671 3079
672 2139
673 2656
674 3172
675 1700
676 1908
677 1939
678 2314
679 2086
680 2169
681 1775
682 2323
683 2156
684 2539
685 1925
686 1942
687 1871
688 2156
689 1985
690 2478
691 25087
692 1889
693 1872
694 2242
695 1907
696 1944
697 1711
698 2238
699 2125
700 1919
701 2880
702 5553
703 3069
704 1695
705 2080
706 2203
707 2506
708 1391
709 1720
710 2798
711 2062
712 1570
713 1845
714 8060
715 1481
716 2719
717 1643
718 2019
719 2198
720 3638
721 1686
722 1802
723 1263
724 1417
725 1240
726 2053
727 1771
728 1732
729 2362
730 1797
731 1813
732 1439
733 1621
734 1190
735 2179
736 1412
737 1934
738 2126
739 2050
740 1027
741 2307
742 1474
743 2070
744 1063
745 1885
746 5586
747 3331
748 1408
749 1622
750 4334
751 1338
752 7018
753 2636
754 2227
755 2193
756 1456
757 1350
758 2224
759 2319
760 1589
761 6300
762 2598
763 2951
764 10161
765 2497
766 2420
767 2104
768 1484
769 3765
770 5016
771 3055
772 1045
773 3228
774 2130
775 1652
776 885
777 2683
778 2745
779 1569
780 1693
781 1906
782 3199
783 1935
784 956
785 1597
786 3559
787 2755
788 1637
789 1597
790 2028
791 990
792 1322
793 1067
794 1993
795 1065
796 914
797 1539
798 2148
799 1490
800 1485
801 2245
802 1975
803 1755
804 1752
805 2573
806 1541
807 1550
808 996
809 2123
810 1665
811 3422
812 778
813 2701
814 3767
815 2188
816 871
817 3174
818 1808
819 3184
820 3956
821 1878
822 1187
823 2450
824 1249
825 3525
826 2210
827 1991
828 1007
829 2538
830 1654
831 3403
832 1289
833 3473
834 1232
835 1624
836 749
837 1940
838 1030
839 1942
840 2147
841 4741
842 7452
843 3919
844 14297
845 1716
846 2495
847 769
848 1129
849 885
850 2886
851 2850
852 1074
853 814
854 1486
855 1171
856 702
857 837
858 2147
859 1346
860 680
861 752
862 6127
863 913
864 1061
865 1697
866 1598
867 1131
868 1853
869 1287
870 622
871 590
872 456
873 1659
874 1570
875 978
876 24216
877 1080
878 787
879 35835
880 494
881 1169
882 825
883 928
884 695
885 836
886 1356
887 909
888 894
889 1200
890 1024
891 16477
892 622
893 1726
894 921
895 815
896 1053
897 961
898 1876
899 795
900 916
901 684
902 777
903 525
904 1824
905 795
906 2080
907 871
908 1435
909 843
910 749
911 12129
912 522
913 801
914 10134
915 1776
916 723
917 729
918 846
919 821
920 932
921 5661
922 1177
923 856
924 973
925 583
926 648
927 461
928 657
929 961
930 1605
931 602
932 540
933 1238
934 977
935 939
936 1234
937 833
938 1294
939 685
940 696
941 666
942 526
943 517
944 639
945 1122
946 3988
947 527
948 556
949 661
950 744
951 530
952 520
953 1056
954 1390
955 555
956 431
957 906
958 901
959 1366
960 449
961 1357
962 867
963 526
964 1065
965 1544
966 1554
967 911
968 833
969 1030
970 803
971 527
972 436
973 1086
974 1159
975 749
976 619
977 1124
978 1354
979 845
980 576
981 1344
982 556
983 3674
984 993
985 1162
986 2152
987 5992
988 349
989 1266
990 668
991 1120
992 737
993 2093
994 949
995 1642
996 527
997 723
998 575
999 779
1000 1460
1001 1237
1002 966
1003 397
1004 673
1005 546
1006 636
1007 1159
1008 948
1009 792
1010 848
1011 536
1012 841
1013 1025
1014 537
1015 600
1016 1510
1017 706
1018 2010
1019 1309
1020 2615
1021 706
1022 999
1023 1396
1024 640
1025 637
1026 1181
1027 719
1028 452
1029 918
1030 577
1031 839
1032 1009
1033 664
1034 1517
1035 475
1036 486
1037 1017
1038 1257
1039 449
1040 424
1041 551
1042 1029
1043 873
1044 1423
1045 577
1046 2235
1047 607
1048 847
1049 495
1050 2794
1051 650
1052 883
1053 1046
1054 837
1055 885
1056 445
1057 3666
1058 2117
1059 477
1060 499
1061 613
1062 579
1063 364
1064 429
1065 385
1066 826
1067 532
1068 607
1069 509
1070 480
1071 945
1072 685
1073 421
1074 756
1075 494
1076 968
1077 716
1078 610
1079 384
1080 912
1081 482
1082 1053
1083 2388
1084 989
1085 395
1086 935
1087 1483
1088 642
1089 330
1090 1162
1091 528
1092 9504
1093 572
1094 608
1095 1454
1096 863
1097 483
1098 916
1099 524
1100 518
1101 402
1102 659
1103 527
1104 734
1105 1139
1106 918
1107 585
1108 943
1109 515
1110 539
1111 748
1112 453
1113 510
1114 1204
1115 409
1116 749
1117 964
1118 755
1119 885
1120 556
1121 2263
1122 1378
1123 399
1124 381
1125 439
1126 1147
1127 721
1128 763
1129 603
1130 1036
1131 988
1132 621
1133 592
1134 923
1135 965
1136 521
1137 575
1138 946
1139 875
1140 4231
1141 676
1142 1181
1143 1654
1144 836
1145 878
1146 903
1147 903
1148 1433
1149 755
1150 754
1151 1333
1152 1478
1153 593
1154 1380
1155 827
1156 595
1157 1002
1158 1250
1159 2997
1160 3190
1161 737
1162 2631
1163 1162
1164 672
1165 1189
1166 2957
1167 1538
1168 834
1169 1247
1170 956
1171 762
1172 704
1173 742
1174 1432
1175 4941
1176 758
1177 768
1178 1551
1179 1538
1180 1510
1181 1344
1182 1294
1183 1021
1184 4613
1185 6032
1186 18368
1187 2382
1188 1671
1189 9632
1190 1951
1191 1974
1192 860
1193 1170
1194 3004
1195 1264
1196 1605
1197 2300
1198 1276
1199 1609
1200 1207
1201 1281
1202 3180
1203 918
1204 1322
1205 1674
1206 1877
1207 1466
1208 1479
1209 780
1210 1160
1211 1054
1212 1529
1213 1548
1214 1453
1215 1138
1216 1106
1217 1193
1218 2092
1219 1728
1220 5049
1221 1549
1222 1629
1223 1182
1224 1228
1225 1215
1226 2092
1227 3390
1228 1679
1229 1614
1230 7418
1231 2610
1232 1183
1233 1108
1234 2628
1235 1125
1236 2139
1237 1467
1238 1206
1239 1410
1240 1555
1241 1574
1242 1477
1243 1119
1244 1063
1245 1193
1246 1294
1247 1213
1248 1100
1249 1048
1250 1956
1251 1202
1252 3156
1253 1922
1254 2689
1255 1543
1256 2083
1257 1027
1258 1217
1259 2609
1260 1881
1261 965
1262 1604
1263 1160
1264 1477
1265 1519
1266 4836
1267 3185
1268 1069
1269 946
1270 2887
1271 1726
1272 1185
1273 989
1274 1718
1275 4395
1276 2148
1277 2464
1278 1253
1279 5917
1280 1868
1281 1245
1282 1672
1283 1687
1284 1261
1285 1293
1286 1574
1287 1745
1288 1008
1289 887
1290 1267
1291 2106
1292 825
1293 1504
1294 5803
1295 1228
1296 1890
1297 7898
1298 1495
1299 1105
1300 1790
1301 4640
1302 1691
1303 3639
1304 738
1305 1035
1306 2966
1307 1057
1308 1136
1309 1363
1310 1471
1311 1609
1312 1135
1313 889
1314 42403
1315 3151
1316 1184
1317 2079
1318 1567
1319 1589
1320 1088
1321 1377
1322 1511
1323 1418
1324 1893
1325 861
1326 1191
1327 3905
1328 1420
1329 1746
1330 1641
1331 1600
1332 4313
1333 2360
1334 3715
1335 1406
1336 995
1337 801
1338 1834
1339 1393
1340 1353
1341 2091
1342 3643
1343 1045
1344 842
1345 1311
1346 2333
1347 2674
1348 958
1349 11846
1350 2205
1351 1413
1352 1982
1353 2546
1354 31962
1355 1197
1356 3610
1357 3402
1358 3510
1359 3823
1360 5008
1361 1295
1362 2285
1363 11771
1364 3420
1365 969
1366 1365
1367 652
1368 1001
1369 742
1370 1494
1371 931
1372 830
1373 1140
1374 15693
1375 3451
1376 6127
1377 1982
1378 2985
1379 2329
1380 7691
1381 1091
1382 887
1383 1476
1384 2873
1385 1755
1386 2861
1387 799
1388 4115
1389 1426
1390 3589
1391 1277
1392 1763
1393 1066
1394 4042
1395 1152
1396 1870
1397 914
1398 1690
1399 1379
1400 1960
1401 1090
1402 1301
1403 1506
1404 18152
1405 2018
1406 9243
1407 1710
1408 3205
1409 3023
1410 3213
1411 1086
1412 2721
1413 910
1414 469604
1415 1023
1416 1570
1417 2000
1418 3378
1419 2235
1420 1101
1421 990
1422 4683
1423 889
1424 13575
1425 920
1426 59289
1427 3764
1428 631
1429 1174
1430 4446
1431 840
1432 883
1433 898
1434 1180009
1435 2568
1436 3495
1437 1663
1438 2209
1439 1049
1440 38294
1441 1387
1442 1482192
1443 651
1444 7497
1445 787
1446 10729
1447 1052
1448 6342
1449 879
1450 2004
1451 1006
1452 5321
1453 1239
1454 3027239
1455 1641
1456 90327
1457 2368
1458 3982
1459 1400
1460 1388
1461 769
1462 35520
1463 1977
1464 3470853
1465 1118
1466 35413
1467 1163
1468 615324
1469 907
1470 6416
1471 1052
1472 6842
1473 1371
1474 129916
1475 573
1476 2300
1477 942
1478 2914
1479 3783
1480 2869
1481 1447
1482 6899
1483 876
1484 334319
1485 792
1486 7308
1487 1762
1488 871
1489 2318
1490 4954
1491 2645
1492 927
1493 810
1494 164094
1495 793
1496 8135
1497 599
1498 7269
1499 2157
1500 2240
1501 709
1502 15816
1503 1344
1504 2219
1505 1984
1506 1401886
1507 1290
1508 1751
1509 997
1510 294765
1511 730
1512 9412
1513 3541
1514 47965975
1515 0
1516 0
1517 0
1518 0
1519 0
1520 0
1521 0
1522 0
1523 0
1524 0
1525 0
1526 0
1527 0
1528 0
1529 0
1530 0
1531 0
1532 0
1533 0
1534 0
1535 0
1536 0
1537 0
1538 0
1539 0
1540 0
1541 0
1542 0
1543 0
1544 0
1545 0
1546 0
1547 0
1548 0
1549 0
1550 0
1551 0
1552 0
1553 0
1554 0
1555 0
1556 0
1557 0
1558 0
1559 0
1560 0
1561 0
1562 0
1563 0
1564 0
1565 0
1566 0
1567 0
1568 0
1569 0
1570 0
1571 0
1572 0
1573 0
1574 0
1575 0
1576 0
1577 0
1578 0
1579 0
1580 0
1581 0
1582 0
1583 0
1584 0
1585 0
1586 0
1587 0
1588 0
1589 0
1590 0
1591 0
1592 0
1593 0
1594 0
1595 0
1596 0
1597 0
1598 0
1599 0
