0 0
1 0
2 0
3 0
4 0
5 0
6 0
7 0
8 0
9 0
10 0
11 0
12 0
13 0
14 0
15 0
16 0
17 0
18 0
19 0
20 0
21 0
22 0
23 0
24 0
25 0
26 0
27 0
28 0
29 0
30 0
31 0
32 0
33 0
34 0
35 0
36 0
37 0
38 0
39 0
40 0
41 0
42 0
43 0
44 0
45 0
46 0
47 0
48 0
49 0
50 0
51 0
52 0
53 0
54 0
55 0
56 0
57 0
58 0
59 0
60 26513866
61 10701
62 409554
63 8244
64 6967
65 181582
66 9985189
67 17009
68 159480
69 125239
70 49225
71 52788
72 83892
73 12437
74 875144
75 32668
76 13766
77 214311
78 458542
79 57718
80 23010
81 74537
82 78028
83 6538
84 10174
85 87255
86 129656
87 86771
88 65280
89 8506
90 60576
91 10235
92 45747
93 12057
94 119561
95 21948
96 18669
97 9471
98 49543
99 72426
100 12713
101 18670
102 88631
103 87522
104 5377
105 7193
106 183648
107 185076
108 4742
109 5773
110 13101
111 45518
112 10619
113 5295
114 10270
115 7699
116 5564
117 3877
118 52974
119 12057
120 18800
121 13645
122 48619
123 7009
124 20162
125 10918
126 14287
127 5101
128 10380
129 3380
130 4665
131 7707
132 5524
133 3323
134 25606
135 5353
136 3459
137 6963
138 4269
139 9351
140 5472
141 27059
142 6014
143 3856
144 4380
145 2923
146 7133
147 3775
148 12203
149 29976
150 38809
151 3426
152 2974
153 2908
154 6211
155 10570
156 7369
157 5562
158 18411
159 8984
160 4077
161 5412
162 3730
163 6984
164 2756
165 3004
166 4957
167 3955
168 3070
169 3385
170 4016
171 3960
172 2824
173 3149
174 3067
175 2369
176 2418
177 2844
178 3208
179 4192
180 3620
181 3693
182 2363
183 3095
184 3430
185 2443
186 4497
187 3968
188 2416
189 1460
190 4069
191 2051
192 1468
193 2294
194 3205
195 3627
196 2892
197 1642
198 1459
199 5307
200 2635
201 2893
202 2407
203 2380
204 9896
205 3015
206 7502
207 5473
208 2132
209 3463
210 5265
211 5424
212 2171
213 2592
214 1697
215 2429
216 3548
217 2579
218 22431
219 7844
220 1884
221 8811
222 5445
223 1721
224 16744
225 5002
226 4452
227 2995
228 2197
229 1382
230 2673
231 5029
232 11428
233 1852
234 2355
235 1769
236 3111
237 5355
238 2278
239 1966
240 2527
241 2542
242 4167
243 2238
244 2534
245 1955
246 1642
247 6375
248 1514
249 2054
250 7453
251 3341
252 5637
253 4433
254 2746
255 4183
256 1133
257 3820
258 7214
259 2014
260 5010
261 3008
262 2737
263 1751
264 3301
265 22635
266 5211
267 2757
268 1772
269 6853
270 1386
271 1306
272 2450
273 3025
274 2244
275 4638
276 2154
277 1626
278 3664
279 2246
280 2629
281 1363
282 2392
283 1289
284 2006
285 1723
286 2190
287 3416
288 1047
289 1585
290 1426
291 3999
292 3357
293 2401
294 1983
295 1233
296 1832
297 3939
298 9162
299 16571
300 7889
301 1584
302 1830
303 2117
304 2290
305 1714
306 9128
307 1800
308 5122
309 1147
310 1905
311 5164
312 1524
313 979
314 1906
315 1322
316 1732
317 1839
318 2110
319 1541
320 2040
321 1613
322 1834
323 1180
324 2038
325 1410
326 3235
327 6868
328 4662
329 7867
330 8365
331 4082
332 1862
333 2910
334 1366
335 2368
336 11486
337 11381
338 9161
339 5003
340 2307
341 33453
342 3801
343 1876
344 1515
345 1722
346 3237
347 7284
348 7654
349 6631
350 3046
351 3903
352 3194
353 4286
354 4983
355 4045
356 5435
357 2406
358 95951
359 83774
360 66660
361 64856
362 60507
363 26011
364 2058
365 1239
366 2426
367 2164
368 1246
369 1117
370 1930
371 9373
372 16620
373 10391
374 8286
375 5826
376 2680
377 12140
378 7467
379 2560
380 2223
381 2275
382 2071
383 31862
384 16683
385 10848
386 208541
387 30190
388 8680
389 2293
390 3678
391 3424
392 5479
393 5634
394 2469
395 2363
396 1760
397 5344
398 2071
399 1452
400 2885
401 3265
402 4172
403 4343
404 5529
405 4722
406 3968
407 5765
408 1903
409 18027
410 3663
411 4524
412 1888
413 8287
414 2237
415 5866
416 1772
417 5895
418 2994
419 7112
420 1563
421 11422
422 2000
423 42141
424 2662
425 9650
426 2220
427 8865
428 2106
429 4891
430 1802
431 5436
432 2510
433 5020
434 1663
435 3420
436 2214
437 3392
438 2167
439 6640
440 85427
441 4924
442 2452
443 4701
444 5448
445 14174
446 4993
447 5073
448 2048
449 3605
450 2483
451 4078
452 3712
453 4666
454 2267
455 2441
456 2519
457 3015
458 4650
459 2360
460 1968
461 2839
462 2044
463 3679
464 1796
465 16082
466 2082
467 2864
468 2419
469 2615
470 4418
471 2960
472 2494
473 3257
474 2499
475 3635
476 2995
477 3534
478 2648
479 4221
480 13295
481 3268
482 5402
483 3402
484 4972
485 5089
486 2872
487 4197
488 3100
489 3574
490 2989
491 3136
492 3404
493 2569
494 2861
495 3648
496 4839
497 3768
498 4406
499 62152
500 3303
501 2844
502 3837
503 3521
504 3451
505 3384
506 5132
507 26500
508 3889
509 4560
510 6863
511 8562
512 4156
513 3190
514 3840
515 4377
516 4451
517 4906
518 5328
519 5814
520 3812
521 4475
522 5863
523 5157
524 4607
525 4860
526 2829
527 8204
528 2787
529 2605
530 4085
531 5110
532 3112
533 4919
534 5212
535 3550
536 2893
537 3227
538 3679
539 3793
540 2921
541 3208
542 3229
543 4156
544 2799
545 3526
546 4066
547 3950
548 3796
549 2923
550 3135
551 3496
552 3724
553 5753
554 5964
555 4534
556 3607
557 4044
558 3587
559 5330
560 8595
561 10444
562 4828
563 3262
564 3941
565 3031
566 3871
567 3670
568 4050
569 7737
570 3468
571 3638
572 3865
573 3091
574 3179
575 35991
576 3895
577 4311
578 3216
579 2535
580 2688
581 2843
582 2558
583 2949
584 2539
585 3601
586 3849
587 2600
588 2187
589 3476
590 157558
591 5511
592 4097
593 3348
594 3417
595 3123
596 2320
597 3111
598 3472
599 7452
600 2845
601 4286
602 5181
603 3832
604 3223
605 3163
606 4728
607 3688
608 4494
609 6171
610 5499
611 3706
612 4781
613 3315
614 3637
615 4494
616 3054
617 2824
618 4038
619 4569
620 3329
621 11912
622 3402
623 2277
624 2857
625 3128
626 4628
627 5090
628 4170
629 3190
630 2996
631 2399
632 2391
633 2172
634 3090
635 3184
636 4229
637 3124
638 3334
639 2358
640 2521
641 2527
642 3581
643 2665
644 2202
645 2037
646 2995
647 2793
648 2556
649 3123
650 2386
651 6103
652 1791
653 7993
654 2910
655 2817
656 1993
657 3391
658 2419
659 200124
660 2381
661 23623
662 3493
663 2434
664 2714
665 1876
666 3055
667 2354
668 2557
669 2894
670 3270
671 2173
672 2310
673 2825
674 2940
675 1564
676 1889
677 1637
678 2318
679 2075
680 2366
681 1735
682 2239
683 3799
684 2071
685 2006
686 1704
687 1551
688 1716
689 1764
690 2338
691 25372
692 1832
693 1950
694 2196
695 1928
696 1873
697 1621
698 2125
699 1889
700 1947
701 2845
702 4463
703 3030
704 1689
705 2152
706 2367
707 2559
708 1352
709 1759
710 2034
711 2029
712 1507
713 1981
714 8188
715 1637
716 2951
717 1667
718 1936
719 2077
720 3668
721 1657
722 1600
723 1243
724 1307
725 1264
726 2252
727 1768
728 1753
729 2328
730 1637
731 1675
732 1451
733 1630
734 1480
735 2740
736 1382
737 1748
738 1924
739 2106
740 1080
741 2258
742 1423
743 2169
744 1001
745 1854
746 4731
747 3483
748 1375
749 1672
750 4272
751 1532
752 7010
753 2301
754 2291
755 1499
756 1403
757 1385
758 2248
759 2036
760 1584
761 6342
762 2574
763 2515
764 22728
765 2027
766 2418
767 2305
768 1452
769 1728
770 5172
771 1678
772 938
773 2618
774 2445
775 1643
776 1102
777 2151
778 3157
779 1765
780 1829
781 1286
782 3432
783 1334
784 880
785 1162
786 3550
787 1900
788 1736
789 1037
790 2577
791 920
792 1458
793 972
794 2072
795 821
796 883
797 2163
798 2322
799 1185
800 1361
801 1282
802 1858
803 1133
804 1576
805 1372
806 1517
807 785
808 1116
809 1202
810 1592
811 1325
812 852
813 1724
814 4818
815 972
816 1080
817 1420
818 1605
819 1858
820 3656
821 849
822 1248
823 1182
824 1252
825 1152
826 2123
827 911
828 820
829 962
830 1900
831 1772
832 1429
833 2855
834 1076
835 693
836 1106
837 1198
838 1241
839 1427
840 2298
841 4195
842 6245
843 3982
844 14340
845 1458
846 2608
847 720
848 1111
849 824
850 2729
851 2471
852 949
853 835
854 1304
855 1090
856 664
857 851
858 1757
859 1321
860 653
861 737
862 6516
863 851
864 1047
865 1669
866 1427
867 1039
868 2510
869 1166
870 655
871 633
872 557
873 1697
874 1437
875 996
876 24504
877 1076
878 816
879 35650
880 492
881 1004
882 1104
883 1002
884 661
885 850
886 1307
887 834
888 1118
889 1104
890 868
891 16214
892 547
893 1539
894 1107
895 800
896 1053
897 935
898 1760
899 744
900 936
901 620
902 820
903 505
904 1840
905 819
906 2004
907 1253
908 1418
909 793
910 917
911 11950
912 499
913 781
914 9093
915 1645
916 743
917 657
918 847
919 752
920 899
921 5585
922 1141
923 904
924 867
925 616
926 528
927 448
928 614
929 908
930 1322
931 568
932 585
933 1214
934 936
935 1019
936 1238
937 726
938 1136
939 649
940 690
941 621
942 1184
943 519
944 585
945 1077
946 4077
947 512
948 529
949 687
950 688
951 642
952 553
953 1446
954 1093
955 925
956 432
957 2370
958 781
959 658
960 399
961 896
962 637
963 476
964 715
965 1475
966 577
967 792
968 639
969 1026
970 717
971 465
972 447
973 1188
974 1249
975 792
976 580
977 1050
978 1353
979 6574
980 668
981 1226
982 1171
983 3641
984 922
985 1219
986 1968
987 6030
988 374
989 1247
990 700
991 1192
992 687
993 2066
994 647
995 1671
996 535
997 735
998 460
999 774
1000 1526
1001 1295
1002 1112
1003 618
1004 883
1005 695
1006 777
1007 1258
1008 1124
1009 853
1010 844
1011 587
1012 787
1013 1056
1014 570
1015 561
1016 1386
1017 673
1018 1708
1019 1247
1020 625
1021 730
1022 748
1023 1382
1024 655
1025 653
1026 1089
1027 731
1028 478
1029 1177
1030 825
1031 956
1032 1056
1033 759
1034 1202
1035 513
1036 537
1037 1352
1038 1762
1039 419
1040 478
1041 506
1042 872
1043 886
1044 931
1045 598
1046 2291
1047 620
1048 856
1049 473
1050 2738
1051 725
1052 910
1053 980
1054 1191
1055 830
1056 438
1057 5569
1058 1960
1059 515
1060 464
1061 683
1062 731
1063 842
1064 389
1065 1962
1066 792
1067 1791
1068 610
1069 583
1070 468
1071 1002
1072 791
1073 407
1074 809
1075 497
1076 796
1077 714
1078 475
1079 421
1080 931
1081 489
1082 955
1083 4030
1084 1002
1085 342
1086 832
1087 1495
1088 586
1089 341
1090 1075
1091 474
1092 8678
1093 511
1094 511
1095 1415
1096 839
1097 425
1098 773
1099 495
1100 493
1101 523
1102 562
1103 459
1104 586
1105 1170
1106 655
1107 501
1108 870
1109 506
1110 599
1111 744
1112 489
1113 487
1114 2262
1115 421
1116 795
1117 1002
1118 749
1119 897
1120 437
1121 2420
1122 527
1123 357
1124 371
1125 404
1126 1170
1127 1015
1128 709
1129 376
1130 902
1131 1021
1132 542
1133 620
1134 774
1135 918
1136 485
1137 506
1138 827
1139 1001
1140 2552
1141 847
1142 1188
1143 1711
1144 861
1145 1047
1146 767
1147 987
1148 1543
1149 873
1150 759
1151 1009
1152 1462
1153 591
1154 1277
1155 669
1156 535
1157 832
1158 1031
1159 3023
1160 3251
1161 879
1162 2618
1163 1388
1164 864
1165 1401
1166 3171
1167 1592
1168 805
1169 1200
1170 1106
1171 787
1172 770
1173 790
1174 1312
1175 4843
1176 755
1177 993
1178 1482
1179 1401
1180 1548
1181 1180
1182 1401
1183 1070
1184 2589
1185 6142
1186 17940
1187 2522
1188 1734
1189 9500
1190 2299
1191 2068
1192 772
1193 1108
1194 2739
1195 1102
1196 1728
1197 2338
1198 1095
1199 1796
1200 996
1201 1314
1202 2733
1203 948
1204 1596
1205 1740
1206 1912
1207 1362
1208 1393
1209 692
1210 967
1211 984
1212 1544
1213 1700
1214 1554
1215 1154
1216 968
1217 1145
1218 2489
1219 1749
1220 4862
1221 1469
1222 1671
1223 1046
1224 1145
1225 1098
1226 1916
1227 3541
1228 1471
1229 1548
1230 7040
1231 2460
1232 1098
1233 1211
1234 2471
1235 1161
1236 1962
1237 1364
1238 1300
1239 1143
1240 1488
1241 1305
1242 1456
1243 1021
1244 1274
1245 1223
1246 1598
1247 1024
1248 1051
1249 1280
1250 1984
1251 1348
1252 3162
1253 1749
1254 4304
1255 1634
1256 1902
1257 1086
1258 1025
1259 2134
1260 1888
1261 797
1262 1528
1263 1063
1264 1521
1265 1507
1266 4956
1267 2827
1268 1081
1269 1002
1270 3023
1271 1910
1272 1196
1273 883
1274 1772
1275 4268
1276 2255
1277 2284
1278 1300
1279 5051
1280 1423
1281 1297
1282 1454
1283 1578
1284 1526
1285 1699
1286 1767
1287 2085
1288 1303
1289 1057
1290 1189
1291 2346
1292 884
1293 1612
1294 4744
1295 1124
1296 1761
1297 7912
1298 1250
1299 1043
1300 1716
1301 4858
1302 1478
1303 3948
1304 690
1305 1223
1306 2848
1307 1102
1308 1256
1309 1573
1310 6331
1311 1575
1312 1091
1313 1016
1314 39398
1315 3247
1316 1157
1317 2061
1318 1308
1319 1795
1320 969
1321 1270
1322 1533
1323 1490
1324 1492
1325 906
1326 1278
1327 3920
1328 1380
1329 1835
1330 1554
1331 1312
1332 4097
1333 2473
1334 1455
1335 1655
1336 1952
1337 939
1338 1699
1339 1314
1340 1253
1341 1975
1342 3678
1343 1072
1344 942
1345 1311
1346 2501
1347 2769
1348 942
1349 6267
1350 5043
1351 1562
1352 1828
1353 2386
1354 20623
1355 1467
1356 3378
1357 3919
1358 2925
1359 3643
1360 5083
1361 1193
1362 2145
1363 11311
1364 2198
1365 2469
1366 2012
1367 747
1368 1499
1369 825
1370 1310
1371 1026
1372 1013
1373 1353
1374 17248
1375 3590
1376 6315
1377 1928
1378 2713
1379 2360
1380 7260
1381 1093
1382 851
1383 1330
1384 2696
1385 1879
1386 2867
1387 814
1388 3290
1389 1548
1390 3625
1391 1326
1392 1895
1393 1088
1394 2695
1395 1329
1396 4526
1397 1120
1398 1395
1399 1275
1400 1697
1401 1222
1402 1436
1403 1553
1404 9152
1405 2488
1406 6749
1407 5726
1408 3217
1409 9173
1410 2527
1411 1145
1412 2538
1413 874
1414 345147
1415 1032
1416 1730
1417 8646
1418 4065
1419 2302
1420 915
1421 1172
1422 4948
1423 909
1424 21930
1425 911
1426 61571
1427 3912
1428 719
1429 1242
1430 1820
1431 881
1432 912
1433 992
1434 1245134
1435 2527
1436 6575
1437 1588
1438 1838
1439 972
1440 31132
1441 1418
1442 1524973
1443 698
1444 5347
1445 762
1446 91548
1447 1087
1448 9549
1449 848
1450 2123
1451 835
1452 10543
1453 1128
1454 3120546
1455 1738
1456 14818
1457 2320
1458 3508
1459 1318
1460 2483
1461 772
1462 46726
1463 1745
1464 3752366
1465 1207
1466 46294
1467 1300
1468 662430
1469 847
1470 6735
1471 1070
1472 7518
1473 1467
1474 79253
1475 775
1476 2438
1477 768
1478 1502
1479 3742
1480 2825
1481 1446
1482 12658
1483 954
1484 380255
1485 690
1486 7489
1487 1829
1488 812
1489 2276
1490 4803
1491 2748
1492 1251
1493 827
1494 286122
1495 938
1496 12767
1497 553
1498 10981
1499 2166
1500 1906
1501 707
1502 7419
1503 1141
1504 3029
1505 1996
1506 1493481
1507 1271
1508 859
1509 1306
1510 326939
1511 721
1512 10401
1513 12426
1514 47792051
1515 0
1516 0
1517 0
1518 0
1519 0
1520 0
1521 0
1522 0
1523 0
1524 0
1525 0
1526 0
1527 0
1528 0
1529 0
1530 0
1531 0
1532 0
1533 0
1534 0
1535 0
1536 0
1537 0
1538 0
1539 0
1540 0
1541 0
1542 0
1543 0
1544 0
1545 0
1546 0
1547 0
1548 0
1549 0
1550 0
1551 0
1552 0
1553 0
1554 0
1555 0
1556 0
1557 0
1558 0
1559 0
1560 0
1561 0
1562 0
1563 0
1564 0
1565 0
1566 0
1567 0
1568 0
1569 0
1570 0
1571 0
1572 0
1573 0
1574 0
1575 0
1576 0
1577 0
1578 0
1579 0
1580 0
1581 0
1582 0
1583 0
1584 0
1585 0
1586 0
1587 0
1588 0
1589 0
1590 0
1591 0
1592 0
1593 0
1594 0
1595 0
1596 0
1597 0
1598 0
1599 0
