0 0
1 0
2 0
3 0
4 0
5 0
6 0
7 0
8 0
9 0
10 0
11 0
12 0
13 0
14 0
15 0
16 0
17 0
18 0
19 0
20 0
21 0
22 0
23 0
24 0
25 0
26 0
27 0
28 0
29 0
30 0
31 0
32 0
33 0
34 0
35 0
36 0
37 0
38 0
39 0
40 0
41 0
42 0
43 0
44 0
45 0
46 0
47 0
48 0
49 0
50 0
51 0
52 0
53 0
54 0
55 0
56 0
57 0
58 0
59 0
60 26198540
61 8288
62 401958
63 6209
64 4464
65 176569
66 9264713
67 15934
68 150357
69 120060
70 44735
71 50537
72 84738
73 41485
74 873916
75 48244
76 13223
77 117261
78 415849
79 61222
80 10156
81 104856
82 75507
83 3574
84 8658
85 65469
86 112467
87 26732
88 60567
89 5555
90 66969
91 4107
92 8484
93 10680
94 121863
95 18477
96 20116
97 8024
98 46084
99 28822
100 5875
101 25419
102 90553
103 85381
104 3939
105 5921
106 178354
107 180307
108 17765
109 6285
110 15117
111 13811
112 8314
113 4493
114 16327
115 3248
116 4433
117 3227
118 76403
119 10541
120 17336
121 13679
122 34793
123 2984
124 14734
125 12190
126 11968
127 4996
128 10884
129 3699
130 3147
131 7661
132 5452
133 3596
134 24464
135 5166
136 3057
137 6880
138 4175
139 3004
140 4820
141 17627
142 2452
143 3305
144 3460
145 2551
146 6585
147 3684
148 11669
149 29776
150 38370
151 3371
152 2865
153 3143
154 4119
155 9580
156 8279
157 4569
158 17620
159 8333
160 3969
161 5167
162 3287
163 3872
164 2478
165 2981
166 18806
167 3417
168 2832
169 2668
170 3481
171 5063
172 2701
173 2677
174 2570
175 2159
176 2152
177 2391
178 3297
179 4458
180 3741
181 3003
182 2184
183 3280
184 2918
185 2511
186 5009
187 1621
188 2429
189 1324
190 4132
191 1745
192 1396
193 2187
194 3618
195 5710
196 2778
197 4189
198 2156
199 6189
200 3383
201 4740
202 2390
203 2427
204 7239
205 2587
206 3956
207 5469
208 2013
209 3358
210 5774
211 4241
212 2046
213 2333
214 1497
215 2253
216 5140
217 2223
218 19791
219 8528
220 2250
221 8489
222 2975
223 2108
224 16119
225 4407
226 4550
227 3436
228 1732
229 1385
230 2608
231 4758
232 10470
233 1790
234 2186
235 1946
236 3178
237 4801
238 2287
239 1865
240 2497
241 2305
242 3239
243 1939
244 5991
245 1913
246 2030
247 6139
248 1132
249 1959
250 2378
251 1664
252 2926
253 4273
254 1463
255 1832
256 994
257 3067
258 5299
259 1875
260 2022
261 2138
262 2873
263 1746
264 2647
265 21497
266 4998
267 2292
268 1783
269 1772
270 1143
271 1221
272 2151
273 3187
274 2167
275 3583
276 2039
277 1652
278 2808
279 2131
280 2866
281 1434
282 2252
283 1268
284 2191
285 1167
286 2200
287 3122
288 874
289 1648
290 1386
291 3931
292 3497
293 1588
294 1830
295 1169
296 1560
297 4427
298 9890
299 17110
300 7876
301 1662
302 1724
303 2068
304 2383
305 2176
306 8368
307 1357
308 2213
309 1409
310 2339
311 5398
312 1993
313 1445
314 2507
315 1598
316 1954
317 2802
318 2394
319 1888
320 2419
321 1264
322 1849
323 1489
324 2137
325 1687
326 2241
327 6819
328 4567
329 7535
330 7857
331 3923
332 1496
333 1065
334 1361
335 2498
336 11551
337 11010
338 9789
339 4595
340 1804
341 32965
342 5142
343 2769
344 2506
345 2717
346 4048
347 7322
348 8285
349 6711
350 3302
351 2514
352 3417
353 3906
354 9088
355 3955
356 5162
357 2918
358 95806
359 81649
360 65634
361 63573
362 59516
363 25857
364 1841
365 1246
366 2724
367 2148
368 1162
369 1154
370 1803
371 9252
372 16468
373 9121
374 8133
375 5368
376 2694
377 12546
378 7423
379 2754
380 2165
381 2312
382 1971
383 30674
384 16896
385 9033
386 6301
387 4884
388 7371
389 2221
390 3814
391 3143
392 3721
393 5149
394 2237
395 2453
396 1972
397 5322
398 2202
399 1500
400 2461
401 2869
402 3871
403 4293
404 5501
405 3849
406 4024
407 4340
408 2019
409 17672
410 1788
411 3621
412 1716
413 7975
414 2244
415 5684
416 1698
417 5699
418 2951
419 10976
420 1671
421 11078
422 1976
423 41258
424 2640
425 9563
426 2181
427 8979
428 2044
429 4815
430 1668
431 5411
432 2155
433 4950
434 1585
435 3055
436 2186
437 3274
438 2139
439 6445
440 83373
441 4682
442 2510
443 4593
444 5168
445 13516
446 3766
447 4528
448 2148
449 3596
450 2433
451 4269
452 3644
453 4335
454 4254
455 2354
456 2385
457 3046
458 4719
459 2581
460 1773
461 2795
462 2246
463 3534
464 1815
465 15648
466 1889
467 2955
468 2397
469 2390
470 2042
471 2819
472 2369
473 5581
474 2770
475 3447
476 2217
477 3499
478 3008
479 4082
480 12961
481 4696
482 5269
483 3441
484 7673
485 4986
486 2866
487 4153
488 3157
489 3537
490 2873
491 3259
492 3623
493 2535
494 2820
495 3466
496 4880
497 3427
498 4241
499 60600
500 3383
501 2979
502 4408
503 3828
504 3407
505 3208
506 5273
507 25816
508 3814
509 4657
510 6909
511 8638
512 3927
513 3335
514 3764
515 4558
516 4464
517 4746
518 5341
519 5929
520 3911
521 4313
522 5533
523 5037
524 4418
525 4720
526 2824
527 8040
528 3014
529 2655
530 4224
531 5163
532 2976
533 4846
534 5180
535 3621
536 2504
537 3183
538 2814
539 3711
540 2861
541 3179
542 3020
543 3965
544 3031
545 3691
546 3864
547 3534
548 3645
549 3111
550 2922
551 3579
552 3491
553 5287
554 5643
555 4170
556 4269
557 3838
558 3589
559 4470
560 8619
561 11006
562 4577
563 3067
564 3628
565 3011
566 3425
567 3661
568 3158
569 7222
570 3351
571 3508
572 3772
573 3011
574 3266
575 35177
576 3641
577 3897
578 3201
579 2332
580 2575
581 2620
582 2635
583 2956
584 2559
585 3652
586 3719
587 2594
588 2222
589 3788
590 188495
591 5676
592 3932
593 3584
594 3871
595 3073
596 2407
597 3080
598 3372
599 7416
600 2898
601 4051
602 4719
603 3737
604 3267
605 2838
606 4108
607 3587
608 4727
609 5860
610 5350
611 3439
612 4698
613 3198
614 3900
615 9147
616 2864
617 2881
618 3639
619 3001
620 2872
621 2653
622 3417
623 2271
624 2693
625 2967
626 4273
627 4892
628 4405
629 2937
630 3025
631 2250
632 2486
633 2063
634 3037
635 2948
636 4139
637 3084
638 3353
639 2410
640 2371
641 2560
642 4137
643 9759
644 2114
645 2115
646 2957
647 2889
648 2511
649 2799
650 2512
651 2018
652 1806
653 2082
654 2830
655 2628
656 2183
657 3931
658 2400
659 2147
660 2405
661 3032
662 3693
663 2666
664 3086
665 1847
666 3605
667 2400
668 2533
669 3302
670 3491
671 2434
672 2344
673 3011
674 3064
675 1597
676 1919
677 1840
678 2457
679 2128
680 2226
681 1798
682 2130
683 1945
684 2274
685 1779
686 1669
687 1606
688 1776
689 1867
690 2432
691 24825
692 1795
693 1800
694 2113
695 2144
696 2013
697 2577
698 2214
699 1843
700 1982
701 2772
702 4390
703 3062
704 1760
705 2077
706 2285
707 2667
708 1329
709 1733
710 2133
711 1929
712 1620
713 1807
714 8115
715 1552
716 2732
717 1665
718 1991
719 2243
720 3790
721 1744
722 1523
723 1278
724 1309
725 1185
726 2209
727 1814
728 1681
729 2269
730 1640
731 1602
732 1406
733 1699
734 1249
735 1998
736 1274
737 1948
738 1934
739 2179
740 1070
741 2318
742 1479
743 2075
744 988
745 1739
746 5461
747 3535
748 1385
749 1614
750 4362
751 1733
752 6945
753 2256
754 2204
755 1449
756 1448
757 1419
758 2169
759 2047
760 1546
761 5963
762 2683
763 2519
764 11331
765 2036
766 2385
767 2124
768 1528
769 1759
770 5174
771 1594
772 1002
773 2523
774 2263
775 1495
776 932
777 1728
778 2661
779 1427
780 1618
781 1335
782 3419
783 1257
784 869
785 1082
786 3286
787 1834
788 1554
789 1039
790 2095
791 890
792 1740
793 1147
794 2408
795 1139
796 963
797 1318
798 2233
799 1238
800 1472
801 1355
802 1807
803 1172
804 1703
805 1411
806 1535
807 800
808 1097
809 1199
810 1705
811 1418
812 788
813 1776
814 3065
815 940
816 828
817 1371
818 1881
819 1940
820 5334
821 783
822 1421
823 1197
824 1182
825 1144
826 2092
827 799
828 822
829 984
830 1796
831 1771
832 1394
833 2809
834 1268
835 734
836 768
837 1165
838 1042
839 1496
840 2157
841 4059
842 6027
843 3940
844 14342
845 1394
846 2318
847 744
848 1067
849 715
850 2523
851 2521
852 923
853 720
854 1480
855 1132
856 668
857 836
858 1700
859 1292
860 659
861 635
862 6258
863 828
864 965
865 1576
866 1463
867 1030
868 1857
869 1233
870 751
871 588
872 465
873 1535
874 1411
875 913
876 23908
877 1014
878 842
879 34948
880 414
881 1174
882 810
883 790
884 644
885 794
886 1317
887 848
888 918
889 1194
890 885
891 15777
892 806
893 1588
894 973
895 746
896 960
897 880
898 1730
899 696
900 866
901 565
902 935
903 460
904 1888
905 729
906 1948
907 779
908 1403
909 795
910 722
911 11502
912 481
913 780
914 7517
915 1611
916 716
917 759
918 820
919 711
920 878
921 5572
922 1113
923 903
924 893
925 595
926 641
927 446
928 588
929 893
930 1419
931 566
932 7721
933 1164
934 991
935 926
936 1259
937 796
938 1108
939 614
940 720
941 685
942 524
943 501
944 543
945 1122
946 3901
947 537
948 508
949 616
950 741
951 602
952 519
953 1079
954 1193
955 519
956 471
957 876
958 785
959 505
960 417
961 928
962 591
963 454
964 676
965 1368
966 556
967 1082
968 649
969 1054
970 689
971 481
972 395
973 1084
974 1172
975 722
976 562
977 1100
978 1413
979 879
980 593
981 1243
982 569
983 3625
984 965
985 1150
986 1986
987 5953
988 383
989 1232
990 679
991 1228
992 711
993 2053
994 792
995 1668
996 485
997 768
998 511
999 728
1000 1452
1001 1202
1002 888
1003 397
1004 654
1005 594
1006 648
1007 1145
1008 986
1009 782
1010 759
1011 558
1012 830
1013 972
1014 540
1015 596
1016 1584
1017 805
1018 2116
1019 1591
1020 1187
1021 700
1022 760
1023 1356
1024 658
1025 601
1026 1025
1027 782
1028 413
1029 2307
1030 1590
1031 1435
1032 1180
1033 1224
1034 1644
1035 708
1036 626
1037 1102
1038 1834
1039 498
1040 607
1041 596
1042 1263
1043 976
1044 951
1045 610
1046 2332
1047 670
1048 901
1049 513
1050 2770
1051 693
1052 910
1053 1011
1054 1014
1055 871
1056 480
1057 12400
1058 1224
1059 557
1060 522
1061 563
1062 651
1063 454
1064 417
1065 390
1066 744
1067 534
1068 576
1069 479
1070 685
1071 950
1072 760
1073 391
1074 643
1075 517
1076 833
1077 687
1078 480
1079 417
1080 911
1081 440
1082 1485
1083 14269
1084 1003
1085 370
1086 842
1087 1448
1088 584
1089 315
1090 1106
1091 438
1092 8555
1093 549
1094 606
1095 1394
1096 808
1097 408
1098 729
1099 506
1100 441
1101 373
1102 658
1103 490
1104 644
1105 1204
1106 658
1107 514
1108 831
1109 479
1110 785
1111 777
1112 491
1113 502
1114 1922
1115 453
1116 720
1117 939
1118 699
1119 875
1120 452
1121 2386
1122 612
1123 370
1124 448
1125 418
1126 1194
1127 562
1128 597
1129 313
1130 849
1131 1036
1132 537
1133 595
1134 798
1135 930
1136 485
1137 481
1138 754
1139 756
1140 8106
1141 609
1142 1206
1143 1687
1144 918
1145 961
1146 776
1147 967
1148 1328
1149 827
1150 633
1151 1174
1152 1313
1153 651
1154 1162
1155 482
1156 659
1157 877
1158 1133
1159 2975
1160 3360
1161 841
1162 3478
1163 2740
1164 1651
1165 1757
1166 3950
1167 2514
1168 1186
1169 1336
1170 1102
1171 807
1172 865
1173 971
1174 1535
1175 5104
1176 941
1177 871
1178 1682
1179 1718
1180 1755
1181 1404
1182 1228
1183 1309
1184 3399
1185 6145
1186 17552
1187 2455
1188 1801
1189 9643
1190 2163
1191 1962
1192 760
1193 1262
1194 2498
1195 1027
1196 1518
1197 2322
1198 1056
1199 1501
1200 1203
1201 1453
1202 2977
1203 1008
1204 1287
1205 1604
1206 1864
1207 1298
1208 1446
1209 724
1210 845
1211 1024
1212 1491
1213 1711
1214 1461
1215 1258
1216 1114
1217 1120
1218 1653
1219 1653
1220 4645
1221 1672
1222 1540
1223 1136
1224 1235
1225 1174
1226 1964
1227 3773
1228 1449
1229 1658
1230 7593
1231 2357
1232 1189
1233 1253
1234 2606
1235 1211
1236 2005
1237 1330
1238 1368
1239 1703
1240 1503
1241 1760
1242 1616
1243 1265
1244 1105
1245 1257
1246 1388
1247 1069
1248 927
1249 1635
1250 1961
1251 1874
1252 3430
1253 2035
1254 4302
1255 1721
1256 1768
1257 1010
1258 1114
1259 2204
1260 2912
1261 811
1262 1572
1263 1270
1264 1345
1265 1483
1266 4909
1267 6860
1268 1079
1269 957
1270 3229
1271 1855
1272 1188
1273 875
1274 1580
1275 4641
1276 2074
1277 2397
1278 1301
1279 5870
1280 1555
1281 1298
1282 1583
1283 2307
1284 2979
1285 2810
1286 3353
1287 3200
1288 1772
1289 1741
1290 1565
1291 2267
1292 996
1293 1664
1294 3860
1295 1116
1296 1667
1297 7559
1298 1291
1299 1148
1300 1644
1301 4610
1302 1559
1303 3656
1304 806
1305 1027
1306 2436
1307 1219
1308 1044
1309 1559
1310 1678
1311 1607
1312 1156
1313 954
1314 35216
1315 3061
1316 1108
1317 2232
1318 1147
1319 1711
1320 1064
1321 1488
1322 1375
1323 1388
1324 1417
1325 837
1326 955
1327 3884
1328 1270
1329 1632
1330 1466
1331 1245
1332 4142
1333 2340
1334 1487
1335 1756
1336 1013
1337 931
1338 1738
1339 1449
1340 1153
1341 2135
1342 3554
1343 1185
1344 722
1345 1175
1346 2509
1347 2621
1348 891
1349 6627
1350 1587
1351 1511
1352 2153
1353 2300
1354 34941
1355 1253
1356 3685
1357 3400
1358 2030
1359 3521
1360 4978
1361 1177
1362 1928
1363 8330
1364 4825
1365 714
1366 2182
1367 765
1368 1373
1369 853
1370 1209
1371 973
1372 887
1373 1175
1374 4594
1375 3508
1376 6053
1377 2081
1378 2805
1379 2364
1380 6971
1381 1182
1382 803
1383 1344
1384 2812
1385 1777
1386 2904
1387 698
1388 5664
1389 1304
1390 3561
1391 1323
1392 1571
1393 1135
1394 3031
1395 1225
1396 2166
1397 920
1398 1833
1399 1262
1400 2218
1401 1038
1402 1260
1403 1606
1404 11382
1405 1955
1406 15480
1407 1741
1408 3149
1409 3013
1410 3270
1411 1138
1412 2261
1413 904
1414 450180
1415 1106
1416 1542
1417 2188
1418 3688
1419 2190
1420 1070
1421 1118
1422 5442
1423 831
1424 18884
1425 932
1426 50878
1427 3777
1428 694
1429 1272
1430 3032
1431 812
1432 1032
1433 1055
1434 1199133
1435 2552
1436 4788
1437 1621
1438 1946
1439 1020
1440 37440
1441 1230
1442 1506663
1443 716
1444 6492
1445 809
1446 11568
1447 1069
1448 7670
1449 774
1450 2010
1451 916
1452 11057
1453 1369
1454 3323866
1455 2532
1456 11907
1457 2352
1458 3923
1459 1426
1460 2028
1461 748
1462 41171
1463 2901
1464 3320460
1465 1233
1466 142372
1467 1130
1468 613781
1469 877
1470 83007
1471 1024
1472 7675
1473 1398
1474 70266
1475 627
1476 2562
1477 819
1478 2428
1479 3714
1480 2700
1481 1313
1482 13199
1483 954
1484 322439
1485 787
1486 3610
1487 1723
1488 707
1489 2287
1490 4589
1491 2539
1492 1759
1493 878
1494 241165
1495 924
1496 16086
1497 637
1498 8420
1499 2084
1500 2295
1501 637
1502 11066
1503 1186
1504 1511
1505 827
1506 1491868
1507 1243
1508 967
1509 1021
1510 309523
1511 770
1512 4952
1513 10801
1514 47627723
1515 0
1516 0
1517 0
1518 0
1519 0
1520 0
1521 0
1522 0
1523 0
1524 0
1525 0
1526 0
1527 0
1528 0
1529 0
1530 0
1531 0
1532 0
1533 0
1534 0
1535 0
1536 0
1537 0
1538 0
1539 0
1540 0
1541 0
1542 0
1543 0
1544 0
1545 0
1546 0
1547 0
1548 0
1549 0
1550 0
1551 0
1552 0
1553 0
1554 0
1555 0
1556 0
1557 0
1558 0
1559 0
1560 0
1561 0
1562 0
1563 0
1564 0
1565 0
1566 0
1567 0
1568 0
1569 0
1570 0
1571 0
1572 0
1573 0
1574 0
1575 0
1576 0
1577 0
1578 0
1579 0
1580 0
1581 0
1582 0
1583 0
1584 0
1585 0
1586 0
1587 0
1588 0
1589 0
1590 0
1591 0
1592 0
1593 0
1594 0
1595 0
1596 0
1597 0
1598 0
1599 0
