0 0
1 0
2 0
3 0
4 0
5 0
6 0
7 0
8 0
9 0
10 0
11 0
12 0
13 0
14 0
15 0
16 0
17 0
18 0
19 0
20 0
21 0
22 0
23 0
24 0
25 0
26 0
27 0
28 0
29 0
30 0
31 0
32 0
33 0
34 0
35 0
36 0
37 0
38 0
39 0
40 0
41 0
42 0
43 0
44 0
45 0
46 0
47 0
48 0
49 0
50 0
51 0
52 0
53 0
54 0
55 0
56 0
57 0
58 0
59 0
60 22436366
61 6834
62 354980
63 3953
64 2672
65 156873
66 8033662
67 15920
68 136295
69 107517
70 44450
71 49701
72 74126
73 9932
74 756242
75 25151
76 8288
77 92647
78 367084
79 29303
80 12983
81 26950
82 63823
83 8385
84 3980
85 65987
86 86101
87 27315
88 54033
89 5566
90 54815
91 10512
92 8442
93 12277
94 97724
95 15805
96 7360
97 7004
98 43603
99 10494
100 9245
101 5174
102 77121
103 76123
104 3069
105 6596
106 159571
107 163277
108 3210
109 3821
110 17886
111 6236
112 8252
113 4062
114 13702
115 5927
116 3270
117 10283
118 56330
119 7780
120 15943
121 11063
122 24064
123 3102
124 13305
125 9106
126 7515
127 3785
128 8641
129 2746
130 7667
131 7935
132 8461
133 2532
134 20335
135 4046
136 2807
137 5587
138 3315
139 2145
140 3902
141 12397
142 5350
143 2758
144 4064
145 2201
146 12526
147 2805
148 7773
149 25669
150 31956
151 2907
152 2925
153 2612
154 4683
155 9321
156 6578
157 4256
158 15643
159 7936
160 3547
161 4345
162 3247
163 3987
164 2978
165 2838
166 4442
167 3927
168 2400
169 5656
170 2957
171 2753
172 2041
173 2520
174 2316
175 1947
176 1871
177 2167
178 3697
179 3387
180 3241
181 2670
182 1850
183 3181
184 3619
185 5517
186 2861
187 2035
188 2194
189 1344
190 3843
191 1854
192 1112
193 1985
194 2824
195 1800
196 3256
197 3171
198 1338
199 4501
200 2389
201 1537
202 2915
203 2066
204 5939
205 2009
206 7152
207 4614
208 1536
209 2927
210 4432
211 4112
212 1288
213 1427
214 1606
215 2432
216 3118
217 2206
218 18201
219 4822
220 1322
221 7211
222 2736
223 1188
224 14419
225 3524
226 3713
227 2328
228 1737
229 779
230 2108
231 3435
232 9335
233 1137
234 2436
235 1190
236 2608
237 4041
238 1791
239 1411
240 2105
241 1859
242 2960
243 1740
244 2090
245 1142
246 1300
247 5516
248 1015
249 1671
250 1895
251 13383
252 5157
253 3838
254 1412
255 3828
256 844
257 2249
258 13718
259 1780
260 5382
261 2591
262 2531
263 1389
264 2791
265 18723
266 4517
267 2524
268 1595
269 1672
270 1102
271 1149
272 1952
273 2848
274 2187
275 6725
276 1749
277 1235
278 3239
279 2176
280 2138
281 1379
282 2004
283 1585
284 1685
285 1405
286 2258
287 2371
288 1176
289 1058
290 1432
291 3159
292 2961
293 1452
294 3118
295 1051
296 1353
297 3330
298 8199
299 14019
300 7454
301 1432
302 1647
303 1651
304 2178
305 1876
306 7349
307 1868
308 1832
309 1270
310 2113
311 4601
312 1703
313 1149
314 2011
315 1773
316 1662
317 1767
318 1981
319 1679
320 1995
321 3160
322 1672
323 1498
324 3109
325 1528
326 2002
327 7302
328 4330
329 7041
330 7065
331 3286
332 1290
333 1324
334 1200
335 2358
336 10254
337 9754
338 8192
339 4072
340 1429
341 29339
342 5404
343 2278
344 2028
345 2176
346 3476
347 6488
348 6737
349 5833
350 2546
351 2279
352 2837
353 3216
354 6814
355 3446
356 4368
357 1973
358 84710
359 73010
360 58440
361 56300
362 52979
363 23347
364 1790
365 1202
366 2291
367 1928
368 1069
369 1131
370 1916
371 8457
372 14502
373 8863
374 7034
375 4779
376 2228
377 11103
378 5987
379 2329
380 1762
381 1993
382 2600
383 27130
384 14951
385 7901
386 5558
387 4225
388 6527
389 1877
390 3466
391 2973
392 3210
393 4871
394 1853
395 2091
396 1665
397 4781
398 2041
399 1375
400 2195
401 2490
402 3813
403 3917
404 4437
405 4347
406 3602
407 3829
408 1766
409 15392
410 1610
411 3306
412 1650
413 6850
414 2045
415 4910
416 1426
417 4908
418 2578
419 6267
420 1345
421 9953
422 1836
423 36622
424 2467
425 8927
426 2139
427 8044
428 1785
429 4488
430 1520
431 5064
432 1873
433 4016
434 1406
435 3034
436 2274
437 2995
438 1909
439 5952
440 74848
441 4376
442 2218
443 4392
444 4486
445 12190
446 3340
447 3972
448 2066
449 3141
450 2129
451 3651
452 2926
453 4071
454 2120
455 3150
456 2120
457 2882
458 4301
459 2231
460 1692
461 2614
462 1939
463 3121
464 1543
465 14090
466 1577
467 2593
468 2334
469 2291
470 2638
471 2640
472 2276
473 2729
474 2444
475 3396
476 1958
477 3170
478 2480
479 3608
480 11667
481 4402
482 4573
483 2967
484 4328
485 4495
486 2374
487 3850
488 2750
489 3255
490 2653
491 2960
492 2964
493 2271
494 2364
495 3330
496 4204
497 3269
498 3721
499 54338
500 2901
501 2598
502 3372
503 3363
504 3100
505 2892
506 4793
507 22937
508 3103
509 4074
510 6231
511 7797
512 3504
513 2825
514 3503
515 4041
516 3890
517 4340
518 4742
519 5411
520 3195
521 3981
522 4868
523 4597
524 3888
525 4140
526 2458
527 7225
528 2635
529 2302
530 4066
531 4499
532 2909
533 4529
534 4831
535 3252
536 2503
537 2893
538 2251
539 3293
540 2729
541 2728
542 2844
543 3474
544 2623
545 3192
546 3723
547 3388
548 3275
549 2679
550 2880
551 2870
552 3156
553 4598
554 5491
555 3908
556 3454
557 3408
558 3302
559 3970
560 7517
561 9197
562 3844
563 2901
564 3492
565 2772
566 3286
567 3066
568 2968
569 6419
570 3122
571 3198
572 3198
573 2656
574 2862
575 31779
576 3313
577 3478
578 2782
579 2183
580 2354
581 2275
582 2282
583 2473
584 2183
585 3129
586 3260
587 2347
588 2025
589 3174
590 127419
591 5235
592 3749
593 3142
594 3211
595 2565
596 2203
597 2525
598 3182
599 6828
600 2585
601 3941
602 4626
603 3239
604 2837
605 2570
606 3869
607 3181
608 4211
609 5233
610 4769
611 3139
612 4115
613 2989
614 3259
615 7034
616 2679
617 2616
618 3538
619 2844
620 2585
621 2430
622 2927
623 2094
624 2487
625 2670
626 3769
627 4426
628 3746
629 2637
630 2739
631 2107
632 2077
633 1792
634 2759
635 2555
636 3754
637 2704
638 2864
639 2078
640 2482
641 2200
642 3317
643 2343
644 1846
645 1829
646 2832
647 2595
648 2184
649 2422
650 1938
651 1816
652 1776
653 1944
654 2670
655 2550
656 1804
657 3598
658 2094
659 2052
660 2269
661 2609
662 2913
663 1972
664 2440
665 1720
666 2642
667 2021
668 2327
669 2676
670 2796
671 2349
672 2024
673 2535
674 2607
675 1366
676 1716
677 1614
678 2223
679 1862
680 1826
681 1546
682 1912
683 1797
684 1904
685 1574
686 1524
687 1446
688 1863
689 1565
690 2264
691 22205
692 1660
693 1593
694 1935
695 1625
696 1874
697 2955
698 1985
699 1576
700 1740
701 2686
702 3708
703 2649
704 1544
705 1882
706 1862
707 2349
708 1271
709 1457
710 2401
711 1789
712 1386
713 1607
714 7094
715 1421
716 2611
717 1508
718 1737
719 1924
720 3234
721 1568
722 1412
723 1127
724 1237
725 1009
726 1595
727 1480
728 1461
729 2102
730 1465
731 1332
732 1325
733 1528
734 1093
735 1818
736 1193
737 1587
738 1852
739 1857
740 883
741 2058
742 1285
743 1916
744 909
745 1571
746 4833
747 3001
748 1195
749 1457
750 3802
751 1126
752 6101
753 1981
754 2026
755 1322
756 1304
757 1247
758 1924
759 1837
760 1320
761 5192
762 2313
763 2139
764 5460
765 1791
766 2076
767 1972
768 1344
769 1529
770 4445
771 1502
772 793
773 2521
774 2099
775 1258
776 810
777 1530
778 2504
779 1315
780 1492
781 1202
782 3006
783 1145
784 789
785 1062
786 3091
787 1609
788 1487
789 842
790 1971
791 733
792 1417
793 1000
794 2066
795 1005
796 795
797 1387
798 2095
799 1115
800 1253
801 1311
802 1630
803 1157
804 1470
805 1264
806 1426
807 792
808 974
809 1114
810 1525
811 1260
812 779
813 1587
814 2264
815 823
816 732
817 1245
818 1380
819 1691
820 4254
821 694
822 1128
823 1012
824 1051
825 1102
826 1843
827 710
828 704
829 944
830 1708
831 1305
832 1156
833 2429
834 999
835 517
836 747
837 1059
838 823
839 1324
840 2114
841 3647
842 5280
843 3687
844 12581
845 1225
846 2293
847 594
848 1090
849 685
850 2542
851 2319
852 641
853 678
854 1288
855 1052
856 675
857 749
858 1638
859 1138
860 629
861 650
862 5557
863 839
864 895
865 1458
866 1107
867 956
868 1655
869 1158
870 602
871 603
872 468
873 1418
874 1398
875 865
876 21369
877 1008
878 717
879 31281
880 402
881 956
882 644
883 816
884 553
885 826
886 1261
887 684
888 1033
889 1095
890 852
891 14145
892 551
893 1452
894 851
895 701
896 906
897 774
898 1557
899 655
900 755
901 589
902 697
903 419
904 1655
905 671
906 1738
907 808
908 1331
909 765
910 688
911 10394
912 490
913 799
914 10030
915 1607
916 654
917 584
918 709
919 745
920 729
921 5067
922 971
923 783
924 737
925 533
926 559
927 357
928 573
929 798
930 1303
931 483
932 556
933 1084
934 853
935 877
936 1186
937 711
938 977
939 575
940 628
941 537
942 487
943 481
944 563
945 1027
946 3862
947 446
948 427
949 619
950 648
951 558
952 470
953 970
954 1191
955 485
956 482
957 778
958 707
959 391
960 361
961 834
962 536
963 376
964 622
965 1310
966 447
967 662
968 547
969 831
970 621
971 444
972 388
973 928
974 1021
975 654
976 544
977 986
978 1136
979 756
980 503
981 1183
982 516
983 3180
984 867
985 951
986 1699
987 5245
988 277
989 1080
990 590
991 1054
992 660
993 1712
994 634
995 1372
996 420
997 690
998 462
999 677
1000 1306
1001 1049
1002 735
1003 345
1004 577
1005 528
1006 564
1007 996
1008 882
1009 702
1010 622
1011 519
1012 705
1013 914
1014 586
1015 482
1016 1207
1017 534
1018 1425
1019 1270
1020 529
1021 615
1022 945
1023 1197
1024 575
1025 567
1026 892
1027 632
1028 369
1029 1900
1030 1154
1031 1221
1032 1034
1033 912
1034 1389
1035 531
1036 537
1037 1108
1038 1345
1039 385
1040 487
1041 529
1042 970
1043 864
1044 857
1045 550
1046 2046
1047 575
1048 807
1049 485
1050 2446
1051 609
1052 847
1053 925
1054 943
1055 788
1056 449
1057 2181
1058 1013
1059 496
1060 486
1061 521
1062 672
1063 395
1064 404
1065 346
1066 661
1067 447
1068 561
1069 452
1070 456
1071 858
1072 667
1073 393
1074 581
1075 654
1076 714
1077 600
1078 445
1079 379
1080 854
1081 393
1082 1254
1083 10161
1084 889
1085 303
1086 718
1087 1335
1088 531
1089 304
1090 920
1091 498
1092 8424
1093 504
1094 477
1095 1172
1096 765
1097 360
1098 704
1099 441
1100 392
1101 351
1102 466
1103 486
1104 483
1105 1083
1106 526
1107 506
1108 754
1109 441
1110 683
1111 620
1112 400
1113 447
1114 1886
1115 407
1116 651
1117 853
1118 636
1119 761
1120 441
1121 1996
1122 441
1123 329
1124 349
1125 399
1126 1016
1127 568
1128 593
1129 353
1130 799
1131 914
1132 501
1133 549
1134 796
1135 840
1136 488
1137 462
1138 744
1139 989
1140 11166
1141 716
1142 966
1143 1499
1144 741
1145 947
1146 679
1147 914
1148 1297
1149 705
1150 623
1151 1005
1152 1256
1153 773
1154 1167
1155 682
1156 553
1157 660
1158 879
1159 2697
1160 2919
1161 857
1162 3099
1163 2147
1164 1373
1165 1463
1166 3284
1167 2190
1168 1081
1169 1377
1170 1070
1171 849
1172 756
1173 730
1174 1400
1175 4520
1176 777
1177 779
1178 1429
1179 1437
1180 1363
1181 1185
1182 1186
1183 1191
1184 2506
1185 5455
1186 16720
1187 2203
1188 1640
1189 8532
1190 1716
1191 1733
1192 835
1193 1177
1194 2594
1195 991
1196 1459
1197 2315
1198 873
1199 1453
1200 871
1201 1208
1202 2406
1203 776
1204 2179
1205 1469
1206 1702
1207 1312
1208 1390
1209 734
1210 873
1211 1045
1212 1527
1213 1536
1214 1485
1215 1023
1216 1075
1217 1146
1218 2261
1219 1644
1220 4259
1221 1353
1222 1319
1223 1109
1224 918
1225 875
1226 1649
1227 2754
1228 1392
1229 1574
1230 5841
1231 2101
1232 1044
1233 1279
1234 2159
1235 1106
1236 1745
1237 1117
1238 1179
1239 1232
1240 1310
1241 1441
1242 1289
1243 1243
1244 1169
1245 1101
1246 1078
1247 1003
1248 779
1249 1414
1250 1847
1251 1550
1252 2907
1253 1695
1254 8290
1255 1308
1256 1723
1257 862
1258 971
1259 1904
1260 1680
1261 749
1262 1428
1263 1081
1264 1174
1265 1104
1266 3697
1267 3681
1268 949
1269 966
1270 2770
1271 1692
1272 898
1273 682
1274 1737
1275 3973
1276 1887
1277 2164
1278 1212
1279 5214
1280 1540
1281 977
1282 1307
1283 1816
1284 2145
1285 2219
1286 2524
1287 2635
1288 1467
1289 1258
1290 1130
1291 2085
1292 768
1293 1276
1294 5643
1295 973
1296 1585
1297 6716
1298 1257
1299 960
1300 1584
1301 4123
1302 1402
1303 3272
1304 725
1305 1062
1306 2342
1307 1127
1308 911
1309 1246
1310 1290
1311 1430
1312 884
1313 992
1314 48044
1315 2861
1316 1057
1317 2087
1318 1590
1319 1438
1320 962
1321 1251
1322 1309
1323 1204
1324 1073
1325 738
1326 1118
1327 3495
1328 1253
1329 1424
1330 1377
1331 1176
1332 3685
1333 2004
1334 1281
1335 1439
1336 1413
1337 747
1338 1625
1339 1309
1340 1122
1341 1943
1342 3290
1343 944
1344 755
1345 1078
1346 2254
1347 2399
1348 830
1349 3619
1350 3243
1351 1291
1352 1662
1353 2004
1354 32845
1355 1135
1356 3042
1357 2994
1358 1685
1359 3149
1360 4384
1361 1141
1362 1855
1363 4157
1364 2714
1365 695
1366 1421
1367 687
1368 863
1369 670
1370 1143
1371 881
1372 892
1373 1070
1374 12151
1375 3197
1376 5243
1377 1756
1378 2360
1379 2184
1380 6363
1381 989
1382 1156
1383 1166
1384 4676
1385 1616
1386 3300
1387 640
1388 2634
1389 1249
1390 3378
1391 1058
1392 1531
1393 960
1394 3318
1395 953
1396 2713
1397 766
1398 617
1399 1084
1400 1715
1401 968
1402 1081
1403 1298
1404 7066
1405 1783
1406 10886
1407 1946
1408 2751
1409 2677
1410 4207
1411 1032
1412 3898
1413 761
1414 439843
1415 965
1416 1470
1417 3441
1418 3547
1419 2056
1420 11760
1421 1010
1422 3612
1423 732
1424 15424
1425 730
1426 48931
1427 3380
1428 712
1429 1126
1430 1156
1431 823
1432 805
1433 805
1434 1069485
1435 2264
1436 4737
1437 1408
1438 1518
1439 767
1440 23900
1441 1132
1442 1395364
1443 589
1444 16254
1445 798
1446 9310
1447 970
1448 4829
1449 683
1450 1613
1451 760
1452 3819
1453 1473
1454 2571128
1455 2038
1456 14901
1457 2188
1458 3563
1459 1371
1460 1104
1461 798
1462 34976
1463 1284
1464 3033764
1465 1111
1466 51688
1467 1166
1468 477705
1469 787
1470 3281
1471 975
1472 3533
1473 1160
1474 58580
1475 489
1476 2194
1477 655
1478 1673
1479 3307
1480 2383
1481 1224
1482 7985
1483 812
1484 290918
1485 689
1486 5182
1487 1470
1488 711
1489 2070
1490 19803
1491 2313
1492 868
1493 757
1494 173676
1495 780
1496 19419
1497 541
1498 8050
1499 1847
1500 2035
1501 620
1502 11989
1503 1634
1504 2016
1505 669
1506 1276428
1507 1163
1508 3199
1509 953
1510 249804
1511 705
1512 4672
1513 8716
1514 40951877
1515 0
1516 0
1517 0
1518 0
1519 0
1520 0
1521 0
1522 0
1523 0
1524 0
1525 0
1526 0
1527 0
1528 0
1529 0
1530 0
1531 0
1532 0
1533 0
1534 0
1535 0
1536 0
1537 0
1538 0
1539 0
1540 0
1541 0
1542 0
1543 0
1544 0
1545 0
1546 0
1547 0
1548 0
1549 0
1550 0
1551 0
1552 0
1553 0
1554 0
1555 0
1556 0
1557 0
1558 0
1559 0
1560 0
1561 0
1562 0
1563 0
1564 0
1565 0
1566 0
1567 0
1568 0
1569 0
1570 0
1571 0
1572 0
1573 0
1574 0
1575 0
1576 0
1577 0
1578 0
1579 0
1580 0
1581 0
1582 0
1583 0
1584 0
1585 0
1586 0
1587 0
1588 0
1589 0
1590 0
1591 0
1592 0
1593 0
1594 0
1595 0
1596 0
1597 0
1598 0
1599 0
