0 0
1 0
2 0
3 0
4 0
5 0
6 0
7 0
8 0
9 0
10 0
11 0
12 0
13 0
14 0
15 0
16 0
17 0
18 0
19 0
20 0
21 0
22 0
23 0
24 0
25 0
26 0
27 0
28 0
29 0
30 0
31 0
32 0
33 0
34 0
35 0
36 0
37 0
38 0
39 0
40 0
41 0
42 0
43 0
44 0
45 0
46 0
47 0
48 0
49 0
50 0
51 0
52 0
53 0
54 0
55 0
56 0
57 0
58 0
59 0
60 25764370
61 16996
62 406572
63 9784
64 8139
65 182710
66 10494151
67 21283
68 157845
69 126092
70 50525
71 53744
72 76726
73 17040
74 861957
75 61802
76 15460
77 139114
78 417503
79 49014
80 20472
81 133966
82 76297
83 5006
84 7858
85 68041
86 104224
87 49402
88 62108
89 6406
90 62824
91 11993
92 74015
93 13956
94 123248
95 16775
96 17880
97 9668
98 48480
99 19068
100 11431
101 13352
102 85606
103 86636
104 4899
105 9526
106 181926
107 184441
108 4996
109 8056
110 24003
111 72151
112 9786
113 6163
114 9754
115 10202
116 6299
117 4160
118 48386
119 12148
120 19770
121 13155
122 28160
123 10577
124 24691
125 12599
126 13135
127 6422
128 11224
129 3936
130 4184
131 8240
132 6380
133 4628
134 25150
135 5431
136 5363
137 7571
138 5434
139 13060
140 5616
141 35612
142 6573
143 4116
144 5794
145 3777
146 7448
147 4448
148 10225
149 30355
150 37248
151 4369
152 4059
153 2892
154 4953
155 14930
156 12077
157 4595
158 18220
159 8727
160 4340
161 5647
162 3778
163 7787
164 3001
165 3491
166 4945
167 4719
168 2655
169 2541
170 3346
171 3219
172 6456
173 5174
174 2857
175 2540
176 2682
177 2936
178 2680
179 4225
180 3735
181 3354
182 2500
183 4197
184 3088
185 2675
186 4604
187 3643
188 2847
189 1656
190 4673
191 2323
192 1518
193 2542
194 2928
195 2554
196 1803
197 1668
198 1736
199 5156
200 2376
201 1965
202 3047
203 2412
204 7685
205 2190
206 7274
207 5503
208 2063
209 3999
210 4763
211 3677
212 1575
213 2353
214 2079
215 2612
216 3654
217 2479
218 19057
219 6059
220 2104
221 8320
222 3720
223 1842
224 18528
225 4924
226 4338
227 2846
228 2032
229 1393
230 2809
231 4732
232 9829
233 2057
234 2846
235 2145
236 3337
237 5461
238 2377
239 1805
240 2755
241 2531
242 3349
243 2217
244 2555
245 1605
246 1852
247 6204
248 1692
249 2158
250 2466
251 2039
252 3055
253 4280
254 1720
255 2030
256 1126
257 3101
258 5446
259 2461
260 3631
261 2289
262 3231
263 1811
264 2637
265 19755
266 4896
267 2438
268 1948
269 7928
270 1292
271 1449
272 2101
273 2827
274 2133
275 3655
276 2028
277 1569
278 3092
279 2133
280 2548
281 1650
282 2069
283 1717
284 2226
285 1506
286 2821
287 2724
288 2701
289 1547
290 1400
291 3488
292 3249
293 1543
294 2054
295 1301
296 1807
297 4071
298 8727
299 15270
300 8039
301 3229
302 4230
303 1958
304 2332
305 5780
306 60567
307 2080
308 3470
309 1153
310 1803
311 4427
312 1474
313 873
314 2046
315 1231
316 1457
317 1634
318 2002
319 1503
320 1891
321 948
322 1691
323 1240
324 1980
325 2260
326 2011
327 6681
328 4259
329 7170
330 6958
331 3807
332 1387
333 4766
334 1441
335 2383
336 10948
337 10778
338 8998
339 4282
340 1904
341 32745
342 4426
343 1898
344 1298
345 1610
346 3282
347 6917
348 7425
349 6443
350 3073
351 4147
352 3461
353 3334
354 4677
355 4324
356 5243
357 2595
358 93656
359 82989
360 65364
361 63208
362 59753
363 25885
364 1989
365 1112
366 2214
367 2131
368 1378
369 1093
370 1690
371 9185
372 16020
373 8818
374 8414
375 5675
376 2617
377 11872
378 7608
379 2641
380 2038
381 2397
382 2210
383 31572
384 16564
385 12091
386 441773
387 55593
388 8364
389 2570
390 3714
391 3227
392 7988
393 6080
394 2817
395 2578
396 1635
397 5282
398 2118
399 1569
400 2710
401 2649
402 3807
403 4305
404 5478
405 3550
406 3614
407 5484
408 2002
409 17660
410 6058
411 4062
412 1832
413 7821
414 2089
415 5558
416 1917
417 5780
418 2955
419 6911
420 1480
421 11194
422 2002
423 41475
424 2686
425 9576
426 2206
427 8990
428 2084
429 4915
430 1657
431 5554
432 2190
433 4320
434 1456
435 3308
436 2234
437 3333
438 2306
439 6394
440 84435
441 4701
442 2471
443 4760
444 5682
445 13761
446 4031
447 4645
448 2186
449 3590
450 2447
451 3961
452 3661
453 4380
454 3155
455 3048
456 2619
457 3108
458 4680
459 2577
460 2088
461 2809
462 2278
463 3335
464 1833
465 15722
466 1857
467 2897
468 2508
469 2680
470 2725
471 3015
472 2359
473 4106
474 2672
475 3604
476 2329
477 3512
478 2777
479 4478
480 12979
481 3717
482 5263
483 3611
484 5688
485 5422
486 2989
487 4864
488 4328
489 3653
490 3692
491 3453
492 3442
493 2569
494 2669
495 3572
496 4634
497 3901
498 4212
499 61301
500 3447
501 3016
502 4113
503 3677
504 3484
505 3131
506 5149
507 25922
508 3814
509 4864
510 6948
511 8310
512 3978
513 3273
514 3759
515 4598
516 4455
517 4705
518 5461
519 5715
520 3821
521 4248
522 5251
523 4934
524 4432
525 5979
526 3292
527 7908
528 2836
529 2626
530 3973
531 5209
532 3292
533 4824
534 5257
535 3693
536 2848
537 3147
538 3531
539 3665
540 3160
541 3036
542 3103
543 3728
544 2882
545 3626
546 4127
547 3975
548 3666
549 2856
550 2887
551 3184
552 3537
553 5340
554 5920
555 4284
556 3639
557 3628
558 3883
559 4236
560 8705
561 9205
562 4419
563 3026
564 3643
565 3092
566 3603
567 3572
568 4024
569 7269
570 3279
571 3579
572 3584
573 2997
574 3217
575 35596
576 3724
577 3748
578 3214
579 2436
580 2695
581 2565
582 2467
583 2680
584 2435
585 3528
586 3402
587 2559
588 2099
589 3582
590 152091
591 5342
592 4038
593 3467
594 3330
595 3103
596 2489
597 3414
598 3445
599 6873
600 2821
601 4019
602 4720
603 3763
604 3167
605 3037
606 3937
607 3479
608 4584
609 5634
610 5157
611 3359
612 4749
613 3301
614 3586
615 3893
616 3021
617 2915
618 3794
619 4127
620 2822
621 19353
622 3177
623 2412
624 2851
625 3262
626 4418
627 5004
628 4215
629 2984
630 3078
631 2419
632 2429
633 2082
634 3010
635 3004
636 4148
637 3191
638 3177
639 2447
640 2655
641 3013
642 4264
643 2798
644 3144
645 2127
646 2790
647 2899
648 2713
649 3673
650 2304
651 9434
652 1864
653 13589
654 2892
655 2833
656 3253
657 3558
658 2355
659 428583
660 2396
661 44232
662 3238
663 1925
664 2707
665 1907
666 2607
667 2248
668 2346
669 3070
670 3262
671 2111
672 2188
673 2685
674 3170
675 1691
676 2014
677 1947
678 2484
679 2272
680 2537
681 1838
682 2051
683 5804
684 2128
685 2469
686 1894
687 1560
688 1745
689 1758
690 2273
691 25154
692 1886
693 1762
694 2201
695 2011
696 1938
697 1648
698 2136
699 1825
700 1952
701 2919
702 4497
703 3111
704 1760
705 2049
706 2393
707 2489
708 1442
709 1673
710 1973
711 2165
712 1603
713 2072
714 7787
715 1605
716 2694
717 1740
718 2060
719 2247
720 3710
721 1811
722 1535
723 1330
724 1356
725 1213
726 1993
727 1651
728 1755
729 2348
730 1528
731 1425
732 1450
733 1698
734 1188
735 3224
736 1337
737 1784
738 1880
739 2090
740 1019
741 2241
742 1469
743 2146
744 1029
745 1921
746 4396
747 3405
748 1434
749 1605
750 4217
751 1310
752 6917
753 2249
754 2213
755 1516
756 1470
757 1414
758 2213
759 3715
760 1618
761 6307
762 2531
763 2410
764 10620
765 2023
766 2240
767 2022
768 1548
769 1745
770 4809
771 1656
772 911
773 2658
774 2178
775 1589
776 1034
777 2114
778 2701
779 1565
780 1773
781 1402
782 3246
783 1260
784 906
785 1059
786 3290
787 1841
788 1547
789 978
790 3160
791 864
792 1453
793 958
794 1770
795 936
796 849
797 2841
798 2264
799 1360
800 1947
801 1293
802 1698
803 1015
804 1516
805 1366
806 1474
807 825
808 1009
809 1236
810 1478
811 1361
812 845
813 1760
814 16695
815 926
816 1216
817 1321
818 1432
819 1872
820 3041
821 830
822 1205
823 1185
824 1034
825 1184
826 2083
827 1024
828 800
829 955
830 1697
831 1576
832 1366
833 2720
834 1093
835 991
836 1283
837 1131
838 1349
839 1230
840 2887
841 3732
842 5854
843 4359
844 14213
845 1375
846 2533
847 772
848 1203
849 798
850 2576
851 2203
852 1390
853 779
854 1315
855 1149
856 700
857 836
858 1653
859 1348
860 629
861 696
862 6174
863 814
864 1053
865 1609
866 1420
867 1033
868 2113
869 1196
870 647
871 586
872 482
873 1534
874 1332
875 963
876 24166
877 1092
878 841
879 35123
880 515
881 1078
882 628
883 929
884 685
885 837
886 1359
887 771
888 914
889 1212
890 837
891 15786
892 1441
893 1551
894 910
895 829
896 947
897 834
898 1712
899 702
900 922
901 621
902 760
903 631
904 1851
905 829
906 1967
907 945
908 1515
909 834
910 859
911 11679
912 461
913 765
914 9223
915 1666
916 726
917 634
918 819
919 803
920 885
921 5569
922 997
923 856
924 915
925 555
926 563
927 478
928 587
929 918
930 1480
931 525
932 586
933 1300
934 970
935 891
936 1220
937 773
938 1068
939 660
940 785
941 616
942 1580
943 513
944 621
945 1183
946 3978
947 507
948 512
949 699
950 726
951 571
952 719
953 1504
954 1123
955 933
956 906
957 2408
958 782
959 632
960 424
961 909
962 593
963 726
964 777
965 1795
966 573
967 832
968 662
969 969
970 604
971 510
972 474
973 1061
974 1216
975 793
976 655
977 1097
978 1163
979 14560
980 837
981 1308
982 1891
983 3688
984 922
985 1408
986 1841
987 5927
988 333
989 1232
990 659
991 1085
992 763
993 2046
994 653
995 1834
996 520
997 736
998 537
999 752
1000 1389
1001 1243
1002 894
1003 696
1004 736
1005 621
1006 678
1007 1125
1008 940
1009 813
1010 735
1011 541
1012 847
1013 999
1014 890
1015 601
1016 1499
1017 574
1018 1333
1019 1126
1020 603
1021 647
1022 755
1023 1337
1024 629
1025 678
1026 1021
1027 711
1028 456
1029 967
1030 697
1031 841
1032 1016
1033 724
1034 1068
1035 514
1036 511
1037 1355
1038 1534
1039 402
1040 472
1041 567
1042 882
1043 941
1044 890
1045 597
1046 2128
1047 621
1048 867
1049 505
1050 2547
1051 640
1052 878
1053 960
1054 589
1055 867
1056 392
1057 7921
1058 1509
1059 486
1060 446
1061 730
1062 632
1063 891
1064 356
1065 1925
1066 622
1067 1763
1068 605
1069 576
1070 436
1071 995
1072 733
1073 357
1074 487
1075 531
1076 712
1077 728
1078 459
1079 400
1080 822
1081 434
1082 862
1083 2802
1084 1024
1085 361
1086 805
1087 1354
1088 592
1089 307
1090 1056
1091 443
1092 7924
1093 509
1094 525
1095 1345
1096 774
1097 480
1098 641
1099 567
1100 407
1101 626
1102 464
1103 532
1104 510
1105 1272
1106 628
1107 1658
1108 1091
1109 840
1110 1295
1111 1269
1112 4650
1113 487
1114 1372
1115 419
1116 699
1117 984
1118 701
1119 878
1120 501
1121 2231
1122 535
1123 386
1124 427
1125 421
1126 1060
1127 621
1128 651
1129 302
1130 731
1131 957
1132 519
1133 565
1134 849
1135 939
1136 553
1137 476
1138 631
1139 847
1140 5433
1141 742
1142 1118
1143 1623
1144 874
1145 938
1146 763
1147 1007
1148 1420
1149 710
1150 845
1151 865
1152 1569
1153 580
1154 1193
1155 544
1156 640
1157 760
1158 796
1159 2918
1160 3140
1161 593
1162 2320
1163 1253
1164 801
1165 1330
1166 3026
1167 1579
1168 768
1169 1210
1170 836
1171 577
1172 744
1173 692
1174 1309
1175 4818
1176 743
1177 704
1178 1250
1179 1419
1180 1503
1181 1619
1182 1372
1183 1094
1184 2677
1185 5974
1186 17526
1187 2340
1188 1566
1189 9467
1190 2238
1191 1903
1192 810
1193 1499
1194 2762
1195 1290
1196 1620
1197 2187
1198 1163
1199 1734
1200 1167
1201 1325
1202 2780
1203 923
1204 1230
1205 1732
1206 2063
1207 1528
1208 1335
1209 657
1210 802
1211 883
1212 1566
1213 1694
1214 1394
1215 1149
1216 1099
1217 1077
1218 1929
1219 1833
1220 4774
1221 1432
1222 1777
1223 1116
1224 1179
1225 1293
1226 1728
1227 3205
1228 1654
1229 1577
1230 6834
1231 2385
1232 1196
1233 1256
1234 2436
1235 1106
1236 2106
1237 1430
1238 1110
1239 1115
1240 1414
1241 1312
1242 1281
1243 959
1244 1231
1245 1189
1246 1936
1247 1005
1248 1196
1249 1169
1250 1832
1251 1261
1252 3162
1253 1786
1254 6171
1255 1649
1256 2017
1257 1061
1258 1088
1259 1952
1260 1683
1261 984
1262 1526
1263 1232
1264 1416
1265 1518
1266 4232
1267 2823
1268 1105
1269 1000
1270 2905
1271 1766
1272 1235
1273 904
1274 1580
1275 4422
1276 2202
1277 2394
1278 1319
1279 4790
1280 1503
1281 1207
1282 1310
1283 1684
1284 1480
1285 1362
1286 1588
1287 1677
1288 1132
1289 974
1290 1239
1291 2265
1292 889
1293 1470
1294 4740
1295 1276
1296 1801
1297 7581
1298 1233
1299 1210
1300 1668
1301 4837
1302 1611
1303 3577
1304 762
1305 1418
1306 2809
1307 1258
1308 1056
1309 1431
1310 1336
1311 1514
1312 1126
1313 950
1314 43321
1315 3195
1316 1140
1317 2024
1318 1458
1319 1549
1320 1034
1321 1275
1322 1407
1323 1442
1324 2042
1325 791
1326 1189
1327 3814
1328 1475
1329 1669
1330 1434
1331 1438
1332 4229
1333 2443
1334 1149
1335 1442
1336 907
1337 867
1338 1459
1339 1347
1340 1100
1341 2124
1342 3445
1343 920
1344 813
1345 1235
1346 2228
1347 2660
1348 904
1349 4255
1350 1909
1351 1439
1352 1629
1353 2413
1354 31347
1355 1468
1356 3171
1357 4274
1358 2910
1359 3516
1360 4882
1361 1302
1362 2038
1363 12255
1364 1491
1365 3834
1366 1688
1367 661
1368 1295
1369 798
1370 1208
1371 949
1372 1058
1373 1256
1374 34044
1375 3429
1376 6243
1377 1972
1378 2694
1379 2641
1380 8156
1381 1047
1382 766
1383 1294
1384 2512
1385 1904
1386 3699
1387 810
1388 6616
1389 1481
1390 3795
1391 1543
1392 1609
1393 1098
1394 3344
1395 1404
1396 2525
1397 950
1398 1154
1399 1382
1400 1695
1401 1114
1402 1207
1403 1679
1404 11127
1405 3065
1406 13673
1407 9100
1408 3268
1409 13640
1410 2904
1411 1136
1412 2611
1413 926
1414 321727
1415 1010
1416 1660
1417 3947
1418 3163
1419 2309
1420 1266
1421 1041
1422 5313
1423 878
1424 20998
1425 881
1426 46308
1427 3698
1428 641
1429 1133
1430 2918
1431 940
1432 937
1433 946
1434 1227859
1435 2561
1436 5254
1437 1623
1438 1891
1439 1036
1440 25131
1441 1888
1442 1500028
1443 666
1444 10993
1445 837
1446 11992
1447 1042
1448 7463
1449 1005
1450 1531
1451 915
1452 12199
1453 1247
1454 2907247
1455 1516
1456 12183
1457 2352
1458 3688
1459 1371
1460 1238
1461 904
1462 35740
1463 1980
1464 3529004
1465 1090
1466 66547
1467 3002
1468 590540
1469 845
1470 25138
1471 1032
1472 6392
1473 1408
1474 67766
1475 660
1476 2493
1477 701
1478 2422
1479 3722
1480 2830
1481 1402
1482 37502
1483 876
1484 320387
1485 775
1486 5623
1487 1678
1488 750
1489 2411
1490 4413
1491 2680
1492 916
1493 895
1494 285252
1495 878
1496 25172
1497 624
1498 7934
1499 2177
1500 2419
1501 637
1502 26458
1503 1117
1504 2022
1505 831
1506 1411187
1507 1401
1508 1145
1509 1077
1510 285495
1511 1008
1512 2858
1513 6418
1514 46266563
1515 0
1516 0
1517 0
1518 0
1519 0
1520 0
1521 0
1522 0
1523 0
1524 0
1525 0
1526 0
1527 0
1528 0
1529 0
1530 0
1531 0
1532 0
1533 0
1534 0
1535 0
1536 0
1537 0
1538 0
1539 0
1540 0
1541 0
1542 0
1543 0
1544 0
1545 0
1546 0
1547 0
1548 0
1549 0
1550 0
1551 0
1552 0
1553 0
1554 0
1555 0
1556 0
1557 0
1558 0
1559 0
1560 0
1561 0
1562 0
1563 0
1564 0
1565 0
1566 0
1567 0
1568 0
1569 0
1570 0
1571 0
1572 0
1573 0
1574 0
1575 0
1576 0
1577 0
1578 0
1579 0
1580 0
1581 0
1582 0
1583 0
1584 0
1585 0
1586 0
1587 0
1588 0
1589 0
1590 0
1591 0
1592 0
1593 0
1594 0
1595 0
1596 0
1597 0
1598 0
1599 0
