0 0
1 0
2 0
3 0
4 0
5 0
6 0
7 0
8 0
9 0
10 0
11 0
12 0
13 0
14 0
15 0
16 0
17 0
18 0
19 0
20 0
21 0
22 0
23 0
24 0
25 0
26 0
27 0
28 0
29 0
30 0
31 0
32 0
33 0
34 0
35 0
36 0
37 0
38 0
39 0
40 0
41 0
42 0
43 0
44 0
45 0
46 0
47 0
48 0
49 0
50 0
51 0
52 0
53 0
54 0
55 0
56 0
57 0
58 0
59 0
60 26587104
61 12024
62 407420
63 8557
64 8480
65 179467
66 9146650
67 16806
68 155279
69 124703
70 37048
71 54502
72 73012
73 12403
74 869892
75 23928
76 9709
77 124843
78 401068
79 27957
80 12302
81 66483
82 76302
83 6863
84 7212
85 68179
86 94484
87 43269
88 61160
89 6432
90 68101
91 4230
92 8917
93 8305
94 126097
95 18433
96 12937
97 9019
98 46630
99 9470
100 7906
101 4150
102 83335
103 85791
104 7801
105 5823
106 181613
107 182582
108 4326
109 4706
110 11409
111 9505
112 10767
113 7155
114 18538
115 4398
116 6165
117 3988
118 52521
119 9008
120 18190
121 12168
122 29649
123 3496
124 14229
125 10748
126 10438
127 5157
128 10025
129 3251
130 4396
131 7460
132 6334
133 3623
134 26006
135 5725
136 3279
137 7450
138 4961
139 3264
140 4713
141 15227
142 3173
143 3860
144 3606
145 3010
146 7086
147 3733
148 9938
149 29621
150 37424
151 4502
152 3384
153 3369
154 6611
155 9587
156 5917
157 4819
158 18069
159 8520
160 4346
161 13035
162 3530
163 3430
164 2760
165 3051
166 7588
167 4130
168 2790
169 2411
170 3989
171 3661
172 2333
173 3053
174 2552
175 2691
176 2049
177 2690
178 3433
179 4248
180 4035
181 3373
182 2345
183 3349
184 3302
185 2356
186 3459
187 2459
188 2483
189 1723
190 4681
191 2496
192 1576
193 2165
194 3134
195 1864
196 2300
197 1847
198 1603
199 4847
200 2450
201 2322
202 2875
203 2347
204 7923
205 2484
206 4257
207 5495
208 2123
209 3239
210 5033
211 5148
212 2166
213 2922
214 2105
215 2753
216 3680
217 2540
218 24833
219 4734
220 1999
221 8352
222 2635
223 2057
224 16405
225 4321
226 4384
227 2960
228 2158
229 1597
230 2674
231 4185
232 10524
233 1600
234 2855
235 1666
236 3142
237 4838
238 2106
239 1809
240 2518
241 2632
242 2252
243 2395
244 2492
245 1419
246 1614
247 6454
248 1546
249 1998
250 2781
251 2662
252 3027
253 4141
254 2313
255 1912
256 1132
257 3382
258 5609
259 1884
260 2636
261 2024
262 2986
263 1807
264 2882
265 21478
266 5445
267 2502
268 1728
269 2480
270 1194
271 1232
272 2213
273 2843
274 2679
275 4496
276 1889
277 1606
278 3866
279 2190
280 2468
281 1418
282 2817
283 1684
284 2181
285 1413
286 2720
287 3206
288 940
289 1170
290 1592
291 3596
292 3372
293 1683
294 3517
295 1349
296 1752
297 3843
298 9533
299 16004
300 7667
301 1712
302 1801
303 1961
304 2346
305 1776
306 8109
307 1048
308 3140
309 1231
310 2349
311 4700
312 1613
313 1014
314 2151
315 1271
316 2127
317 1940
318 2137
319 1721
320 2114
321 1208
322 2124
323 1415
324 2108
325 1274
326 2776
327 6678
328 4245
329 7845
330 8024
331 4100
332 1521
333 983
334 1173
335 2797
336 11503
337 10465
338 9452
339 4363
340 1997
341 33010
342 4718
343 1987
344 1660
345 1967
346 3620
347 7114
348 7451
349 6434
350 2813
351 2249
352 3181
353 3526
354 6472
355 3991
356 5156
357 2412
358 93945
359 82027
360 65923
361 63443
362 59973
363 25894
364 1909
365 1080
366 2547
367 2173
368 1304
369 1229
370 2396
371 9734
372 16209
373 9157
374 8401
375 5410
376 2709
377 11716
378 8046
379 2568
380 2016
381 2048
382 4508
383 30619
384 15638
385 9083
386 6930
387 4932
388 7994
389 2309
390 3854
391 3235
392 3458
393 5333
394 2291
395 2278
396 1822
397 5517
398 2437
399 1624
400 2561
401 3192
402 4675
403 4410
404 5413
405 3821
406 3600
407 4621
408 2083
409 17650
410 2015
411 3985
412 1741
413 8070
414 2745
415 5732
416 1696
417 5606
418 3041
419 7218
420 1662
421 11177
422 1854
423 41334
424 2763
425 9514
426 2699
427 9056
428 1958
429 4825
430 1623
431 5645
432 2192
433 4864
434 1763
435 2962
436 2217
437 3595
438 2409
439 6433
440 84033
441 4813
442 3478
443 4618
444 4983
445 13548
446 5056
447 4501
448 2085
449 3600
450 2675
451 3953
452 3539
453 4313
454 3423
455 4110
456 2324
457 3052
458 4877
459 2554
460 2024
461 2755
462 1994
463 2848
464 1859
465 15720
466 2177
467 3007
468 2732
469 2675
470 4350
471 2763
472 2217
473 6482
474 3002
475 3757
476 2595
477 3565
478 2939
479 4179
480 13050
481 3308
482 5552
483 3469
484 5725
485 5195
486 2882
487 4285
488 2914
489 3608
490 3387
491 3414
492 3408
493 2691
494 2681
495 3359
496 4567
497 3547
498 4847
499 61035
500 3385
501 3067
502 3719
503 3929
504 3401
505 3136
506 5499
507 26240
508 3635
509 4608
510 6829
511 8677
512 4171
513 3186
514 3923
515 4420
516 4633
517 4646
518 5436
519 5754
520 3820
521 4361
522 5541
523 4771
524 4210
525 4632
526 2879
527 7675
528 3043
529 2623
530 4688
531 5140
532 3054
533 5064
534 5254
535 3640
536 2769
537 3244
538 2900
539 3621
540 2847
541 3282
542 3050
543 3947
544 3123
545 3622
546 5645
547 3681
548 3658
549 2824
550 3134
551 3191
552 3610
553 5498
554 6084
555 4389
556 3796
557 3915
558 3648
559 4589
560 8546
561 9450
562 5855
563 3068
564 3630
565 2876
566 3699
567 3544
568 3401
569 6809
570 3700
571 3536
572 3548
573 2944
574 3325
575 35648
576 3896
577 4031
578 3381
579 2536
580 2527
581 2520
582 2434
583 2886
584 2592
585 3733
586 3901
587 2657
588 2140
589 3440
590 167678
591 5282
592 4025
593 3742
594 3655
595 3222
596 2465
597 3040
598 3501
599 6941
600 2991
601 4010
602 4806
603 3967
604 3216
605 2902
606 4280
607 3722
608 5034
609 5734
610 5512
611 3838
612 4727
613 3287
614 3680
615 5513
616 2865
617 2920
618 3991
619 3545
620 2815
621 2599
622 3383
623 2252
624 2779
625 3030
626 4673
627 4811
628 4197
629 2925
630 2861
631 2408
632 2366
633 2106
634 3670
635 2999
636 4372
637 3072
638 3114
639 2268
640 2430
641 2566
642 4453
643 2701
644 2145
645 2312
646 2950
647 2798
648 2782
649 2712
650 2773
651 1975
652 2363
653 2303
654 6324
655 2899
656 2402
657 3752
658 2763
659 2356
660 2715
661 2764
662 3408
663 2081
664 2767
665 1860
666 3692
667 2293
668 2395
669 2972
670 3210
671 2943
672 2261
673 2890
674 3215
675 2293
676 1813
677 1702
678 2561
679 2090
680 2372
681 1860
682 2326
683 2076
684 2255
685 1823
686 1660
687 1638
688 1747
689 1762
690 2448
691 25070
692 1865
693 1799
694 2089
695 1877
696 1984
697 2572
698 2625
699 2159
700 1908
701 2912
702 4544
703 3098
704 1773
705 2123
706 2605
707 2613
708 1476
709 1879
710 2519
711 1952
712 1585
713 1838
714 8429
715 1525
716 2714
717 1840
718 1928
719 2042
720 3561
721 1719
722 1760
723 1288
724 1336
725 1207
726 2042
727 1673
728 1714
729 2372
730 1788
731 1421
732 1381
733 1587
734 1177
735 2138
736 1316
737 1891
738 2096
739 2052
740 1076
741 2364
742 1538
743 2202
744 984
745 1802
746 4673
747 3303
748 1541
749 1602
750 4287
751 1368
752 6898
753 2370
754 2466
755 1407
756 1450
757 1442
758 2169
759 1943
760 1645
761 5923
762 3274
763 2488
764 26092
765 1935
766 3061
767 2006
768 1522
769 1783
770 5361
771 1602
772 1036
773 2680
774 2327
775 1465
776 961
777 1701
778 2976
779 1494
780 1745
781 1342
782 3626
783 1335
784 824
785 1117
786 3740
787 1744
788 1544
789 996
790 2139
791 851
792 1509
793 975
794 3154
795 1045
796 930
797 1315
798 2288
799 1292
800 1451
801 1276
802 2093
803 1125
804 1756
805 1366
806 1595
807 804
808 1049
809 1188
810 1853
811 1331
812 831
813 1624
814 3564
815 1014
816 898
817 1311
818 2381
819 1825
820 4098
821 761
822 1277
823 1151
824 1243
825 1193
826 2278
827 816
828 858
829 1069
830 1895
831 1659
832 1244
833 2817
834 1324
835 681
836 759
837 1133
838 1008
839 1581
840 2430
841 3822
842 7181
843 3677
844 14497
845 1560
846 2414
847 786
848 1165
849 846
850 3275
851 2913
852 851
853 777
854 1625
855 1180
856 735
857 781
858 2045
859 1326
860 703
861 722
862 6228
863 840
864 1037
865 1669
866 1603
867 1029
868 2067
869 1187
870 809
871 553
872 493
873 1543
874 1804
875 984
876 24129
877 1059
878 828
879 35148
880 444
881 1099
882 905
883 829
884 641
885 874
886 1314
887 800
888 916
889 1163
890 1189
891 15926
892 523
893 1569
894 1002
895 786
896 999
897 837
898 2037
899 738
900 927
901 577
902 866
903 460
904 1861
905 796
906 2163
907 1127
908 1346
909 758
910 920
911 11871
912 478
913 855
914 10888
915 1676
916 761
917 631
918 792
919 762
920 854
921 5476
922 1353
923 814
924 886
925 557
926 560
927 429
928 654
929 872
930 1662
931 554
932 596
933 1272
934 1240
935 872
936 1214
937 743
938 1346
939 708
940 713
941 663
942 527
943 489
944 586
945 1047
946 4429
947 507
948 554
949 630
950 691
951 579
952 488
953 1065
954 1360
955 512
956 467
957 906
958 799
959 405
960 426
961 919
962 839
963 419
964 760
965 1397
966 506
967 804
968 627
969 1120
970 893
971 470
972 430
973 998
974 1189
975 707
976 1832
977 1069
978 1409
979 854
980 566
981 1418
982 627
983 3541
984 949
985 1157
986 2219
987 5917
988 358
989 1333
990 664
991 1140
992 737
993 2062
994 936
995 1725
996 523
997 798
998 514
999 697
1000 1491
1001 1173
1002 1207
1003 426
1004 724
1005 649
1006 1920
1007 2336
1008 945
1009 833
1010 957
1011 593
1012 884
1013 1086
1014 1720
1015 589
1016 1470
1017 701
1018 1836
1019 1169
1020 508
1021 678
1022 1121
1023 1280
1024 628
1025 625
1026 1422
1027 627
1028 490
1029 1308
1030 998
1031 1084
1032 1076
1033 786
1034 1640
1035 543
1036 554
1037 1080
1038 2713
1039 426
1040 471
1041 524
1042 1279
1043 910
1044 962
1045 532
1046 2455
1047 642
1048 888
1049 520
1050 2945
1051 692
1052 952
1053 1013
1054 953
1055 954
1056 411
1057 3880
1058 1151
1059 570
1060 456
1061 569
1062 617
1063 396
1064 433
1065 380
1066 975
1067 521
1068 618
1069 451
1070 505
1071 940
1072 708
1073 421
1074 918
1075 659
1076 733
1077 669
1078 498
1079 381
1080 929
1081 459
1082 1604
1083 6262
1084 982
1085 362
1086 785
1087 1467
1088 568
1089 324
1090 1358
1091 524
1092 8135
1093 480
1094 998
1095 1420
1096 797
1097 431
1098 1064
1099 481
1100 538
1101 366
1102 492
1103 509
1104 514
1105 1236
1106 921
1107 544
1108 854
1109 502
1110 798
1111 712
1112 412
1113 566
1114 1898
1115 434
1116 663
1117 946
1118 738
1119 862
1120 551
1121 2315
1122 1911
1123 377
1124 402
1125 433
1126 1549
1127 681
1128 689
1129 365
1130 1104
1131 1015
1132 610
1133 633
1134 767
1135 1026
1136 610
1137 537
1138 1613
1139 875
1140 13004
1141 715
1142 1096
1143 1756
1144 920
1145 842
1146 1057
1147 933
1148 1507
1149 825
1150 664
1151 1003
1152 1527
1153 725
1154 1485
1155 654
1156 575
1157 834
1158 1396
1159 3085
1160 3410
1161 929
1162 3168
1163 1678
1164 1063
1165 1496
1166 3306
1167 1904
1168 1163
1169 1251
1170 1297
1171 731
1172 820
1173 772
1174 1480
1175 4889
1176 803
1177 957
1178 1633
1179 1466
1180 1670
1181 1241
1182 1374
1183 1094
1184 2244
1185 6013
1186 20729
1187 2546
1188 1735
1189 9538
1190 1937
1191 1776
1192 946
1193 1141
1194 3328
1195 977
1196 1538
1197 2498
1198 1293
1199 1382
1200 1259
1201 1384
1202 3005
1203 865
1204 1361
1205 1585
1206 1758
1207 1254
1208 1467
1209 913
1210 1049
1211 872
1212 1510
1213 1642
1214 1532
1215 1139
1216 1026
1217 1104
1218 2241
1219 1673
1220 4816
1221 1490
1222 1415
1223 1081
1224 1017
1225 1173
1226 2236
1227 3505
1228 1300
1229 1554
1230 7873
1231 2178
1232 1180
1233 1313
1234 3025
1235 1256
1236 1895
1237 1331
1238 1354
1239 1466
1240 1545
1241 1631
1242 1683
1243 1116
1244 1187
1245 1282
1246 1230
1247 1099
1248 1047
1249 1250
1250 2389
1251 1494
1252 3034
1253 1828
1254 4394
1255 1623
1256 1836
1257 1104
1258 1339
1259 2065
1260 1797
1261 995
1262 1657
1263 1094
1264 1302
1265 1425
1266 3435
1267 2807
1268 1183
1269 892
1270 3793
1271 1788
1272 1186
1273 889
1274 2167
1275 4594
1276 2246
1277 2296
1278 1242
1279 5110
1280 1710
1281 1374
1282 1800
1283 1886
1284 1793
1285 1849
1286 2359
1287 2209
1288 1314
1289 1072
1290 1782
1291 2295
1292 883
1293 1560
1294 8023
1295 1076
1296 1736
1297 7519
1298 1719
1299 1106
1300 1713
1301 4753
1302 1857
1303 3518
1304 832
1305 826
1306 3499
1307 1038
1308 1051
1309 1424
1310 1648
1311 1634
1312 1034
1313 1097
1314 35717
1315 3075
1316 1095
1317 2056
1318 1380
1319 1763
1320 1045
1321 1336
1322 1690
1323 1337
1324 1344
1325 866
1326 1143
1327 3845
1328 1446
1329 1602
1330 1740
1331 1339
1332 4106
1333 2346
1334 2676
1335 1653
1336 1060
1337 787
1338 1851
1339 1526
1340 1076
1341 2061
1342 3631
1343 1042
1344 826
1345 1296
1346 2889
1347 2539
1348 896
1349 3026
1350 8637
1351 1507
1352 1631
1353 2412
1354 22659
1355 1221
1356 3001
1357 3449
1358 8791
1359 3663
1360 4889
1361 1321
1362 2382
1363 4840
1364 15661
1365 779
1366 1742
1367 777
1368 1393
1369 808
1370 1598
1371 976
1372 1414
1373 1249
1374 7392
1375 3472
1376 6161
1377 1895
1378 3613
1379 2499
1380 6955
1381 1025
1382 855
1383 1308
1384 2793
1385 1765
1386 3130
1387 816
1388 7802
1389 1249
1390 3838
1391 1314
1392 1751
1393 1092
1394 3216
1395 1034
1396 2499
1397 875
1398 883
1399 1235
1400 1647
1401 1055
1402 1837
1403 1542
1404 7799
1405 1907
1406 15479
1407 2256
1408 3160
1409 2959
1410 4372
1411 1099
1412 5010
1413 918
1414 404695
1415 1049
1416 1636
1417 4456
1418 3446
1419 2148
1420 1145
1421 1098
1422 5568
1423 941
1424 17500
1425 885
1426 49489
1427 3742
1428 683
1429 1095
1430 2343
1431 940
1432 1103
1433 1116
1434 1168177
1435 2650
1436 5048
1437 1666
1438 1916
1439 994
1440 30090
1441 1967
1442 1625101
1443 715
1444 9423
1445 817
1446 9958
1447 978
1448 5599
1449 770
1450 1951
1451 819
1452 8843
1453 1420
1454 3069017
1455 1941
1456 8515
1457 2280
1458 4259
1459 1240
1460 1011
1461 756
1462 39408
1463 1476
1464 3514400
1465 1670
1466 72206
1467 1187
1468 708238
1469 934
1470 7654
1471 1047
1472 6147
1473 1359
1474 76472
1475 737
1476 2451
1477 748
1478 1885
1479 3520
1480 2778
1481 1262
1482 9428
1483 1154
1484 296890
1485 804
1486 6944
1487 1669
1488 763
1489 2322
1490 5120
1491 2527
1492 934
1493 823
1494 157189
1495 846
1496 12304
1497 624
1498 9493
1499 2008
1500 2249
1501 630
1502 7850
1503 1242
1504 4022
1505 698
1506 1376534
1507 1287
1508 1177
1509 1377
1510 296261
1511 705
1512 5873
1513 10531
1514 48641718
1515 0
1516 0
1517 0
1518 0
1519 0
1520 0
1521 0
1522 0
1523 0
1524 0
1525 0
1526 0
1527 0
1528 0
1529 0
1530 0
1531 0
1532 0
1533 0
1534 0
1535 0
1536 0
1537 0
1538 0
1539 0
1540 0
1541 0
1542 0
1543 0
1544 0
1545 0
1546 0
1547 0
1548 0
1549 0
1550 0
1551 0
1552 0
1553 0
1554 0
1555 0
1556 0
1557 0
1558 0
1559 0
1560 0
1561 0
1562 0
1563 0
1564 0
1565 0
1566 0
1567 0
1568 0
1569 0
1570 0
1571 0
1572 0
1573 0
1574 0
1575 0
1576 0
1577 0
1578 0
1579 0
1580 0
1581 0
1582 0
1583 0
1584 0
1585 0
1586 0
1587 0
1588 0
1589 0
1590 0
1591 0
1592 0
1593 0
1594 0
1595 0
1596 0
1597 0
1598 0
1599 0
