0 0
1 0
2 0
3 0
4 0
5 0
6 0
7 0
8 0
9 0
10 0
11 0
12 0
13 0
14 0
15 0
16 0
17 0
18 0
19 0
20 0
21 0
22 0
23 0
24 0
25 0
26 0
27 0
28 0
29 0
30 0
31 0
32 0
33 0
34 0
35 0
36 0
37 0
38 0
39 0
40 0
41 0
42 0
43 0
44 0
45 0
46 0
47 0
48 0
49 0
50 0
51 0
52 0
53 0
54 0
55 0
56 0
57 0
58 0
59 0
60 26230047
61 11744
62 407729
63 8104
64 7435
65 181374
66 9087142
67 16354
68 158260
69 124233
70 43747
71 52108
72 80035
73 12601
74 869410
75 23443
76 10341
77 99217
78 404386
79 24024
80 11329
81 89035
82 74234
83 4105
84 5321
85 69817
86 102068
87 35441
88 60964
89 6302
90 59894
91 5799
92 13370
93 8824
94 133425
95 18637
96 24599
97 8393
98 49945
99 7357
100 23169
101 12785
102 91419
103 86439
104 3589
105 10158
106 180675
107 183117
108 4245
109 7537
110 19523
111 17534
112 9621
113 5273
114 12484
115 3740
116 5990
117 3240
118 52231
119 9312
120 19980
121 10047
122 17818
123 2942
124 11328
125 11580
126 14827
127 4468
128 9733
129 3097
130 3805
131 8241
132 6051
133 3448
134 25185
135 5022
136 3244
137 12691
138 7004
139 3089
140 5960
141 16785
142 3592
143 21923
144 6636
145 2537
146 6383
147 3264
148 11305
149 29448
150 37541
151 3539
152 4115
153 2695
154 6799
155 9323
156 10220
157 4102
158 18104
159 8829
160 10094
161 5252
162 3654
163 3183
164 2966
165 2923
166 6278
167 4334
168 2533
169 2110
170 4167
171 4314
172 1849
173 2870
174 2643
175 2530
176 1966
177 2420
178 4705
179 4098
180 4240
181 3089
182 2366
183 4517
184 3152
185 1986
186 4664
187 1762
188 2235
189 1286
190 4038
191 1903
192 1363
193 2119
194 2912
195 3924
196 1552
197 1520
198 1551
199 5009
200 2416
201 3022
202 2763
203 2172
204 6780
205 1983
206 4248
207 5207
208 1755
209 3261
210 5048
211 2807
212 1428
213 1841
214 2027
215 2827
216 7133
217 2285
218 22061
219 8816
220 1676
221 8161
222 3621
223 2095
224 16408
225 3847
226 4256
227 2601
228 1636
229 1090
230 2987
231 4765
232 10868
233 1502
234 4215
235 1468
236 2975
237 4667
238 2519
239 1701
240 2450
241 2984
242 2531
243 2134
244 2559
245 1495
246 9405
247 6209
248 8664
249 1892
250 2221
251 1684
252 2832
253 4140
254 1490
255 1793
256 984
257 8806
258 5467
259 1887
260 4377
261 2564
262 3178
263 1626
264 2845
265 21810
266 4620
267 2188
268 1878
269 1955
270 1246
271 1079
272 2241
273 2975
274 2091
275 3615
276 2430
277 1410
278 2752
279 2169
280 2519
281 1596
282 2263
283 1689
284 2170
285 1509
286 2374
287 2591
288 1347
289 1387
290 2318
291 4066
292 3464
293 1601
294 2184
295 1251
296 1747
297 3904
298 9446
299 16182
300 8480
301 1648
302 1730
303 1920
304 2268
305 1691
306 8402
307 1020
308 8393
309 1690
310 1780
311 5238
312 1532
313 917
314 2017
315 1210
316 1530
317 1633
318 2196
319 1504
320 1845
321 1292
322 1937
323 1205
324 2065
325 1353
326 2250
327 6508
328 4462
329 7683
330 7638
331 3956
332 1400
333 1098
334 1532
335 2142
336 11912
337 10380
338 8995
339 3925
340 1364
341 33127
342 5855
343 1781
344 1353
345 1893
346 3689
347 6965
348 7744
349 6407
350 2983
351 2538
352 3156
353 3456
354 4858
355 3946
356 4942
357 2842
358 95753
359 82804
360 67082
361 64178
362 59667
363 25891
364 1847
365 1174
366 2947
367 2333
368 1317
369 1168
370 1949
371 9534
372 16372
373 10444
374 7981
375 5339
376 2772
377 13063
378 6795
379 2688
380 7686
381 2347
382 2033
383 30909
384 17697
385 9307
386 6473
387 4613
388 7974
389 2221
390 3447
391 3144
392 3517
393 5401
394 2275
395 2427
396 2027
397 5584
398 2123
399 1463
400 2502
401 2875
402 4398
403 4320
404 5270
405 3801
406 3855
407 4159
408 2070
409 18140
410 1946
411 4138
412 1745
413 8243
414 2289
415 5875
416 1782
417 5777
418 3261
419 7161
420 1557
421 11049
422 1831
423 41774
424 2641
425 9642
426 2516
427 9012
428 2237
429 5018
430 1617
431 5648
432 2527
433 3832
434 1527
435 2976
436 2218
437 3278
438 2039
439 6471
440 84305
441 4748
442 2523
443 4618
444 5231
445 13904
446 3676
447 4320
448 2188
449 3634
450 2563
451 4193
452 3321
453 4395
454 2484
455 3940
456 2431
457 2991
458 4749
459 2379
460 1975
461 2790
462 2011
463 3238
464 1787
465 15971
466 2069
467 2854
468 2928
469 2674
470 2040
471 2809
472 2318
473 3450
474 2947
475 3895
476 2397
477 3423
478 2477
479 3890
480 13127
481 3323
482 4975
483 3451
484 3841
485 4578
486 2762
487 5077
488 3076
489 3500
490 3067
491 3121
492 3471
493 2647
494 2700
495 3175
496 4578
497 3310
498 4334
499 61738
500 3390
501 2933
502 3687
503 3913
504 3409
505 3143
506 5433
507 26773
508 3782
509 4677
510 6957
511 8746
512 4047
513 3323
514 4099
515 4540
516 4910
517 4796
518 5494
519 5798
520 3714
521 4357
522 5299
523 4863
524 4598
525 4687
526 2781
527 7786
528 3048
529 2558
530 4428
531 5027
532 2868
533 4816
534 5491
535 3425
536 2811
537 3314
538 2692
539 3696
540 3096
541 3210
542 3047
543 3699
544 3014
545 3782
546 4349
547 3965
548 3730
549 3069
550 3078
551 3259
552 3795
553 5470
554 6288
555 4464
556 4062
557 4060
558 4099
559 5375
560 8500
561 10282
562 4623
563 3240
564 3915
565 3019
566 3828
567 3798
568 3347
569 7250
570 3570
571 3540
572 3708
573 3036
574 3200
575 36041
576 3711
577 4003
578 3294
579 2433
580 2668
581 2714
582 2659
583 3030
584 2569
585 3743
586 3539
587 2672
588 2190
589 3703
590 121144
591 5318
592 3985
593 3449
594 3566
595 3274
596 2552
597 3112
598 3504
599 7415
600 2757
601 4203
602 5393
603 3869
604 3259
605 3132
606 4178
607 3624
608 4884
609 6101
610 5518
611 3704
612 4951
613 3246
614 3624
615 4393
616 3075
617 2912
618 3904
619 3373
620 2754
621 2649
622 3331
623 2410
624 2721
625 3017
626 4526
627 4938
628 4397
629 2992
630 2834
631 2453
632 2490
633 2070
634 3275
635 2994
636 4602
637 3041
638 3301
639 2300
640 2548
641 2520
642 3704
643 2684
644 2143
645 1991
646 3177
647 2730
648 2769
649 3025
650 3383
651 1968
652 2156
653 2106
654 2861
655 2926
656 2023
657 2931
658 2477
659 2411
660 2495
661 2914
662 3250
663 2055
664 2789
665 2248
666 3091
667 3369
668 2512
669 3012
670 3326
671 2295
672 2188
673 2773
674 3105
675 1459
676 1848
677 1957
678 2555
679 2146
680 2241
681 1807
682 2290
683 2017
684 2250
685 1921
686 1714
687 1617
688 2059
689 3390
690 2229
691 24894
692 1855
693 1758
694 2165
695 1860
696 2020
697 2561
698 2196
699 2142
700 1932
701 2641
702 4310
703 3036
704 1792
705 2158
706 2394
707 2694
708 1470
709 1701
710 2137
711 1937
712 1569
713 1752
714 7990
715 1548
716 2735
717 1762
718 2067
719 2088
720 3675
721 1808
722 1665
723 1259
724 1340
725 1230
726 2094
727 1689
728 1746
729 2361
730 1648
731 1365
732 1468
733 1544
734 1158
735 2093
736 1372
737 1802
738 2065
739 2113
740 996
741 2376
742 1459
743 2130
744 1082
745 1813
746 3689
747 3524
748 1421
749 1659
750 4279
751 1336
752 6957
753 2275
754 2273
755 1573
756 1416
757 1408
758 2175
759 1914
760 1659
761 5872
762 2624
763 2475
764 21855
765 2006
766 2416
767 2302
768 1589
769 1832
770 5207
771 1743
772 1009
773 2655
774 2398
775 1575
776 949
777 1715
778 2963
779 1487
780 1820
781 1341
782 3310
783 1319
784 1002
785 1068
786 3529
787 2159
788 1617
789 993
790 2225
791 1171
792 1297
793 996
794 2033
795 1134
796 898
797 1307
798 2228
799 1221
800 1465
801 1349
802 1999
803 1117
804 1690
805 1439
806 1598
807 984
808 1187
809 1548
810 1753
811 1391
812 895
813 1733
814 3098
815 989
816 843
817 1333
818 1738
819 2128
820 3809
821 804
822 1320
823 1169
824 1203
825 1077
826 2071
827 882
828 930
829 931
830 1743
831 1825
832 1440
833 2727
834 1201
835 670
836 764
837 1126
838 1031
839 1272
840 2441
841 4270
842 6211
843 3696
844 14194
845 1493
846 2532
847 722
848 1092
849 781
850 2874
851 2510
852 872
853 788
854 1579
855 1154
856 708
857 806
858 1838
859 1313
860 694
861 768
862 6504
863 854
864 1006
865 1682
866 1451
867 1311
868 1793
869 1267
870 690
871 584
872 571
873 1485
874 1370
875 950
876 23949
877 1043
878 804
879 35622
880 453
881 1044
882 742
883 935
884 636
885 860
886 1323
887 800
888 1278
889 1193
890 918
891 16021
892 593
893 1578
894 1111
895 843
896 1015
897 898
898 1919
899 723
900 947
901 693
902 790
903 474
904 2104
905 774
906 1913
907 986
908 1521
909 827
910 768
911 12045
912 520
913 753
914 9919
915 1664
916 748
917 671
918 785
919 741
920 784
921 5701
922 1286
923 836
924 933
925 619
926 636
927 436
928 642
929 850
930 1473
931 559
932 545
933 1228
934 922
935 908
936 1238
937 795
938 1087
939 645
940 730
941 632
942 484
943 532
944 610
945 1166
946 3970
947 479
948 469
949 597
950 750
951 518
952 533
953 1096
954 1167
955 523
956 424
957 949
958 760
959 439
960 378
961 927
962 718
963 445
964 708
965 1338
966 586
967 801
968 617
969 983
970 697
971 469
972 394
973 1140
974 1165
975 742
976 603
977 1095
978 1307
979 840
980 564
981 1289
982 596
983 3686
984 927
985 1172
986 1945
987 5953
988 340
989 1296
990 639
991 1152
992 746
993 2063
994 848
995 1679
996 586
997 811
998 516
999 747
1000 1653
1001 1181
1002 914
1003 405
1004 662
1005 575
1006 667
1007 1139
1008 958
1009 834
1010 735
1011 572
1012 850
1013 988
1014 693
1015 605
1016 1421
1017 659
1018 1632
1019 1384
1020 2490
1021 688
1022 763
1023 1295
1024 615
1025 643
1026 1087
1027 717
1028 442
1029 1048
1030 671
1031 834
1032 1069
1033 664
1034 1135
1035 503
1036 516
1037 1212
1038 1505
1039 455
1040 405
1041 496
1042 1008
1043 935
1044 905
1045 567
1046 2220
1047 563
1048 797
1049 483
1050 2578
1051 620
1052 871
1053 1036
1054 889
1055 900
1056 389
1057 10188
1058 1370
1059 541
1060 492
1061 565
1062 777
1063 382
1064 414
1065 380
1066 705
1067 530
1068 572
1069 534
1070 483
1071 967
1072 683
1073 403
1074 629
1075 487
1076 754
1077 705
1078 494
1079 378
1080 912
1081 451
1082 7026
1083 3220
1084 961
1085 363
1086 824
1087 1462
1088 593
1089 316
1090 1246
1091 480
1092 8438
1093 518
1094 583
1095 1356
1096 805
1097 422
1098 817
1099 430
1100 453
1101 371
1102 464
1103 474
1104 568
1105 1115
1106 652
1107 442
1108 868
1109 531
1110 839
1111 717
1112 437
1113 485
1114 2826
1115 399
1116 725
1117 1025
1118 691
1119 841
1120 479
1121 2321
1122 865
1123 356
1124 383
1125 408
1126 1132
1127 546
1128 654
1129 325
1130 834
1131 953
1132 508
1133 728
1134 885
1135 936
1136 507
1137 533
1138 746
1139 892
1140 6511
1141 665
1142 1052
1143 1601
1144 708
1145 824
1146 789
1147 1167
1148 1362
1149 755
1150 834
1151 1129
1152 1400
1153 699
1154 1260
1155 691
1156 499
1157 821
1158 813
1159 3357
1160 3299
1161 840
1162 2820
1163 1578
1164 832
1165 1376
1166 2979
1167 1630
1168 896
1169 1224
1170 950
1171 729
1172 669
1173 699
1174 1620
1175 4896
1176 834
1177 831
1178 1531
1179 1349
1180 1580
1181 1217
1182 1167
1183 1135
1184 3839
1185 6094
1186 17828
1187 2288
1188 1802
1189 9812
1190 2149
1191 1768
1192 802
1193 1178
1194 2770
1195 1134
1196 1651
1197 2668
1198 924
1199 1426
1200 1161
1201 1387
1202 2856
1203 894
1204 1418
1205 1697
1206 1828
1207 1265
1208 1408
1209 851
1210 736
1211 853
1212 1510
1213 1646
1214 1690
1215 1120
1216 1087
1217 1529
1218 2025
1219 1763
1220 5149
1221 1686
1222 2995
1223 1037
1224 1085
1225 1083
1226 2018
1227 3277
1228 1453
1229 1525
1230 7351
1231 2329
1232 1183
1233 1548
1234 2491
1235 1184
1236 1973
1237 1208
1238 1287
1239 1329
1240 1387
1241 1439
1242 1286
1243 1070
1244 1063
1245 1200
1246 1216
1247 1061
1248 916
1249 1104
1250 2141
1251 1336
1252 2949
1253 1871
1254 3778
1255 1353
1256 1945
1257 1148
1258 1111
1259 2229
1260 1838
1261 835
1262 1438
1263 1124
1264 1333
1265 1494
1266 3322
1267 2553
1268 1128
1269 976
1270 3037
1271 1712
1272 1225
1273 760
1274 1576
1275 4595
1276 2196
1277 2453
1278 1192
1279 4158
1280 1468
1281 1238
1282 2076
1283 1554
1284 1447
1285 1582
1286 1589
1287 1829
1288 1088
1289 916
1290 1488
1291 2174
1292 939
1293 1475
1294 10842
1295 1028
1296 1699
1297 7589
1298 1327
1299 1165
1300 1647
1301 4599
1302 1653
1303 3508
1304 756
1305 894
1306 3460
1307 1190
1308 1021
1309 1473
1310 1326
1311 1511
1312 1269
1313 976
1314 38566
1315 3369
1316 1071
1317 2215
1318 1131
1319 1587
1320 1109
1321 1351
1322 1496
1323 1378
1324 1322
1325 816
1326 905
1327 4059
1328 1225
1329 1800
1330 1583
1331 1337
1332 4253
1333 2312
1334 2984
1335 1564
1336 992
1337 788
1338 1624
1339 1436
1340 1132
1341 1992
1342 3546
1343 1182
1344 779
1345 1233
1346 2417
1347 2603
1348 899
1349 7177
1350 4691
1351 1458
1352 1528
1353 2317
1354 31461
1355 1223
1356 3957
1357 3474
1358 2047
1359 3662
1360 5062
1361 1128
1362 2111
1363 5703
1364 5312
1365 870
1366 1304
1367 893
1368 1659
1369 796
1370 1196
1371 933
1372 1493
1373 1103
1374 19680
1375 3497
1376 6071
1377 1895
1378 2998
1379 2181
1380 7074
1381 1191
1382 766
1383 1298
1384 3856
1385 1775
1386 2454
1387 733
1388 6370
1389 1315
1390 3781
1391 1304
1392 1520
1393 1040
1394 3102
1395 1138
1396 3258
1397 863
1398 912
1399 1304
1400 1785
1401 1143
1402 1187
1403 1513
1404 16487
1405 2015
1406 3569
1407 1590
1408 3142
1409 3020
1410 2735
1411 1198
1412 4030
1413 918
1414 352471
1415 1060
1416 1682
1417 4257
1418 3025
1419 2302
1420 1846
1421 1060
1422 6843
1423 1028
1424 19930
1425 885
1426 42572
1427 3760
1428 687
1429 1249
1430 2671
1431 911
1432 1415
1433 1031
1434 1144915
1435 2599
1436 4421
1437 1636
1438 2118
1439 959
1440 25123
1441 1509
1442 1519316
1443 678
1444 8983
1445 889
1446 10618
1447 910
1448 5360
1449 861
1450 2177
1451 833
1452 6371
1453 1230
1454 2901907
1455 1745
1456 25562
1457 2399
1458 3875
1459 1370
1460 6953
1461 733
1462 51100
1463 1457
1464 3516391
1465 1148
1466 128955
1467 1679
1468 532455
1469 865
1470 4835
1471 1146
1472 5188
1473 1346
1474 73052
1475 593
1476 2634
1477 634
1478 2474
1479 3656
1480 2854
1481 1387
1482 14961
1483 951
1484 306133
1485 743
1486 8667
1487 1791
1488 823
1489 2422
1490 4002
1491 2527
1492 2479
1493 787
1494 166018
1495 800
1496 16622
1497 605
1498 8415
1499 2054
1500 2184
1501 642
1502 8391
1503 1195
1504 1690
1505 731
1506 1389101
1507 1270
1508 1817
1509 1030
1510 269756
1511 688
1512 4694
1513 7357
1514 47715557
1515 0
1516 0
1517 0
1518 0
1519 0
1520 0
1521 0
1522 0
1523 0
1524 0
1525 0
1526 0
1527 0
1528 0
1529 0
1530 0
1531 0
1532 0
1533 0
1534 0
1535 0
1536 0
1537 0
1538 0
1539 0
1540 0
1541 0
1542 0
1543 0
1544 0
1545 0
1546 0
1547 0
1548 0
1549 0
1550 0
1551 0
1552 0
1553 0
1554 0
1555 0
1556 0
1557 0
1558 0
1559 0
1560 0
1561 0
1562 0
1563 0
1564 0
1565 0
1566 0
1567 0
1568 0
1569 0
1570 0
1571 0
1572 0
1573 0
1574 0
1575 0
1576 0
1577 0
1578 0
1579 0
1580 0
1581 0
1582 0
1583 0
1584 0
1585 0
1586 0
1587 0
1588 0
1589 0
1590 0
1591 0
1592 0
1593 0
1594 0
1595 0
1596 0
1597 0
1598 0
1599 0
