0 0
1 0
2 0
3 0
4 0
5 0
6 0
7 0
8 0
9 0
10 0
11 0
12 0
13 0
14 0
15 0
16 0
17 0
18 0
19 0
20 0
21 0
22 0
23 0
24 0
25 0
26 0
27 0
28 0
29 0
30 0
31 0
32 0
33 0
34 0
35 0
36 0
37 0
38 0
39 0
40 0
41 0
42 0
43 0
44 0
45 0
46 0
47 0
48 0
49 0
50 0
51 0
52 0
53 0
54 0
55 0
56 0
57 0
58 0
59 0
60 26410554
61 16128
62 410558
63 11012
64 12497
65 186607
66 9755440
67 20723
68 210679
69 131543
70 41981
71 54599
72 121323
73 22279
74 880291
75 56716
76 28071
77 133258
78 440224
79 62821
80 29969
81 168945
82 76830
83 8253
84 7079
85 79887
86 113711
87 37480
88 64089
89 6415
90 65411
91 9414
92 11179
93 6642
94 120517
95 17213
96 25576
97 9839
98 50088
99 25289
100 10760
101 11339
102 77010
103 87558
104 4926
105 7095
106 182509
107 184471
108 5815
109 7462
110 19397
111 18232
112 9869
113 6982
114 12906
115 10410
116 87923
117 4657
118 72863
119 12654
120 20288
121 10328
122 41637
123 4989
124 15816
125 14847
126 17266
127 6020
128 11048
129 5008
130 12338
131 9710
132 6417
133 4876
134 27388
135 6789
136 4281
137 8376
138 5296
139 2957
140 6543
141 18858
142 7152
143 4281
144 4123
145 3502
146 8708
147 4515
148 10353
149 31242
150 37624
151 4679
152 4037
153 3865
154 5640
155 11466
156 9151
157 5771
158 18747
159 9022
160 4758
161 6590
162 4572
163 12629
164 3301
165 4658
166 5518
167 4204
168 5201
169 3595
170 4564
171 5894
172 3683
173 4591
174 3690
175 2864
176 3389
177 7156
178 6382
179 5560
180 4764
181 3747
182 3216
183 3791
184 6051
185 3319
186 6048
187 16595
188 3092
189 2101
190 4795
191 2648
192 2022
193 2730
194 3644
195 2341
196 3720
197 2150
198 1973
199 6005
200 3060
201 3732
202 4169
203 2996
204 7162
205 2972
206 9345
207 5627
208 2306
209 3867
210 5804
211 4743
212 1970
213 2046
214 2582
215 3342
216 4973
217 2736
218 19149
219 10146
220 3322
221 9157
222 4645
223 1989
224 17675
225 4825
226 4954
227 3265
228 2263
229 1525
230 3126
231 5561
232 11529
233 1924
234 2807
235 1941
236 3670
237 4935
238 2519
239 1945
240 2727
241 2656
242 3625
243 2359
244 2678
245 1552
246 9512
247 7012
248 1414
249 5722
250 2648
251 1908
252 6708
253 4314
254 1890
255 4984
256 1282
257 3217
258 7950
259 2174
260 6889
261 3794
262 2946
263 2339
264 12923
265 30831
266 10021
267 7392
268 2195
269 8949
270 1614
271 1447
272 2244
273 3165
274 2538
275 5149
276 2457
277 1698
278 3019
279 2314
280 2756
281 1575
282 2414
283 1738
284 2270
285 1641
286 2585
287 2971
288 1816
289 1293
290 1429
291 4306
292 3820
293 2053
294 2200
295 1532
296 1661
297 4100
298 9457
299 15880
300 8022
301 2421
302 1864
303 2269
304 2500
305 2198
306 8398
307 2190
308 2921
309 1579
310 2507
311 5882
312 2159
313 1582
314 2814
315 1795
316 2481
317 2409
318 2587
319 2077
320 2662
321 3815
322 1929
323 1838
324 3667
325 2159
326 2503
327 8168
328 4827
329 8025
330 8564
331 3867
332 1583
333 1510
334 1445
335 2437
336 11183
337 10146
338 9495
339 4773
340 1938
341 33455
342 4793
343 2781
344 2307
345 2879
346 4001
347 7317
348 8151
349 6581
350 3023
351 2698
352 3172
353 3595
354 8847
355 4061
356 5347
357 2369
358 96379
359 82912
360 66468
361 63432
362 59998
363 26000
364 2130
365 1430
366 2752
367 2201
368 1326
369 1206
370 1768
371 9547
372 16753
373 8595
374 8140
375 5595
376 2890
377 11564
378 7875
379 2836
380 2247
381 2660
382 2368
383 31009
384 16208
385 9225
386 6364
387 4729
388 7932
389 2477
390 3820
391 3438
392 4077
393 5511
394 2175
395 2511
396 1928
397 5617
398 2236
399 1506
400 2724
401 2834
402 3714
403 4368
404 5115
405 4819
406 4208
407 4427
408 2003
409 17881
410 2036
411 4121
412 2054
413 8136
414 2098
415 5713
416 1981
417 5971
418 3149
419 7133
420 1568
421 10966
422 1791
423 41643
424 2962
425 9788
426 2153
427 9183
428 2048
429 4828
430 1721
431 5706
432 2270
433 5187
434 1573
435 3345
436 2252
437 3513
438 2208
439 6315
440 84492
441 4855
442 2276
443 4730
444 5090
445 13999
446 3837
447 4906
448 2330
449 3695
450 2393
451 4149
452 3521
453 4482
454 2595
455 3294
456 2449
457 3048
458 4594
459 2546
460 2026
461 3101
462 2084
463 3826
464 1714
465 15838
466 1900
467 2893
468 2585
469 2585
470 3578
471 2847
472 2312
473 3478
474 2759
475 3541
476 2356
477 3708
478 3249
479 4395
480 13187
481 3640
482 5562
483 3659
484 4941
485 5486
486 3011
487 4224
488 3033
489 3557
490 3096
491 3359
492 3675
493 2618
494 2878
495 3490
496 4654
497 3392
498 4068
499 61698
500 3507
501 3044
502 3849
503 4078
504 3588
505 3385
506 5469
507 26459
508 3938
509 4923
510 7098
511 8876
512 4503
513 3746
514 4137
515 4956
516 4713
517 5207
518 5856
519 6118
520 4360
521 4691
522 6054
523 5168
524 4632
525 4681
526 2916
527 8226
528 3279
529 2788
530 4339
531 5229
532 3013
533 4790
534 5402
535 3767
536 2693
537 3072
538 2640
539 3625
540 2918
541 3289
542 3057
543 4037
544 3150
545 3601
546 3974
547 3722
548 3549
549 2970
550 3047
551 3484
552 3741
553 5117
554 5798
555 5013
556 3739
557 3729
558 3958
559 4899
560 8726
561 9445
562 4547
563 3200
564 3833
565 3140
566 3523
567 3713
568 3452
569 7291
570 4292
571 3424
572 3841
573 3094
574 3339
575 35819
576 3681
577 3931
578 3099
579 2546
580 2658
581 2643
582 2592
583 2970
584 2485
585 3568
586 3615
587 2636
588 2200
589 3762
590 121709
591 5248
592 4057
593 3443
594 3370
595 2928
596 2559
597 3066
598 3339
599 7080
600 2772
601 3918
602 4418
603 3859
604 3207
605 3057
606 4200
607 3463
608 4644
609 5584
610 5513
611 3513
612 4854
613 3267
614 3779
615 8501
616 2993
617 2983
618 3742
619 3617
620 2939
621 2677
622 3539
623 2274
624 2624
625 3113
626 4497
627 4869
628 4183
629 3020
630 2949
631 2405
632 2616
633 2214
634 3038
635 3024
636 4131
637 2965
638 3035
639 2248
640 2524
641 2574
642 3536
643 2679
644 2017
645 2080
646 3057
647 2768
648 2539
649 2551
650 2180
651 2162
652 2046
653 2151
654 3072
655 2420
656 2113
657 2712
658 2371
659 2508
660 2444
661 2940
662 3321
663 2351
664 2778
665 1901
666 3105
667 2269
668 2317
669 2924
670 3330
671 2393
672 2233
673 2818
674 2872
675 1641
676 1858
677 1735
678 2336
679 2081
680 2023
681 1785
682 2054
683 2048
684 2238
685 1752
686 1853
687 1649
688 1980
689 1851
690 2219
691 25269
692 1850
693 1802
694 2095
695 1968
696 1924
697 1630
698 2131
699 1877
700 1926
701 2979
702 4169
703 2965
704 1841
705 2155
706 2342
707 2643
708 1402
709 1750
710 2278
711 1964
712 1565
713 1915
714 7646
715 1540
716 2844
717 1878
718 1983
719 2175
720 3639
721 1827
722 1545
723 1369
724 1374
725 1211
726 1909
727 1670
728 1715
729 2270
730 1515
731 1688
732 1519
733 1562
734 1174
735 2077
736 1389
737 1707
738 1898
739 2169
740 1032
741 2316
742 1428
743 2184
744 1075
745 1860
746 4284
747 3326
748 1355
749 1656
750 4244
751 1428
752 6996
753 2348
754 2072
755 1555
756 1512
757 1401
758 2226
759 1954
760 1532
761 5866
762 2567
763 2568
764 7527
765 2013
766 2414
767 1888
768 1483
769 1730
770 5175
771 1676
772 981
773 2818
774 2338
775 1616
776 896
777 2304
778 2783
779 1531
780 1729
781 1394
782 3283
783 1362
784 847
785 1115
786 3432
787 1824
788 1664
789 988
790 2232
791 880
792 1701
793 1161
794 2453
795 1127
796 1020
797 1547
798 2246
799 1304
800 1362
801 1345
802 1897
803 1160
804 1708
805 1367
806 1591
807 858
808 1024
809 1266
810 1624
811 1315
812 778
813 1773
814 4923
815 903
816 886
817 1336
818 1568
819 1822
820 4816
821 823
822 1253
823 1240
824 1138
825 1241
826 2084
827 789
828 787
829 1032
830 1929
831 1602
832 1497
833 2816
834 1074
835 688
836 854
837 1185
838 1062
839 1444
840 2092
841 4377
842 4971
843 3231
844 14472
845 1484
846 2206
847 734
848 1284
849 795
850 2393
851 2577
852 1065
853 763
854 1343
855 1113
856 689
857 831
858 1668
859 1367
860 681
861 740
862 6363
863 914
864 1086
865 1730
866 1357
867 1000
868 1967
869 1128
870 614
871 587
872 478
873 1465
874 1305
875 908
876 24224
877 1058
878 796
879 35298
880 478
881 1133
882 636
883 730
884 676
885 833
886 1319
887 788
888 753
889 1150
890 857
891 15825
892 1019
893 1676
894 855
895 789
896 1023
897 917
898 1599
899 730
900 968
901 587
902 831
903 480
904 1861
905 740
906 1875
907 841
908 1408
909 804
910 906
911 12024
912 550
913 835
914 10721
915 1647
916 747
917 668
918 816
919 779
920 888
921 5502
922 1006
923 848
924 882
925 628
926 638
927 474
928 626
929 863
930 1260
931 514
932 575
933 1253
934 1000
935 916
936 1261
937 824
938 1040
939 700
940 731
941 591
942 501
943 462
944 586
945 1074
946 4203
947 538
948 531
949 690
950 677
951 664
952 512
953 1808
954 1172
955 1244
956 480
957 4097
958 747
959 930
960 428
961 945
962 595
963 525
964 745
965 1457
966 556
967 721
968 682
969 1019
970 621
971 502
972 419
973 1111
974 1171
975 778
976 607
977 1075
978 1369
979 835
980 522
981 1266
982 641
983 3646
984 970
985 1112
986 1842
987 5989
988 380
989 1277
990 647
991 1173
992 722
993 2065
994 625
995 1683
996 519
997 792
998 533
999 717
1000 1417
1001 1210
1002 886
1003 426
1004 713
1005 647
1006 631
1007 1197
1008 1017
1009 757
1010 723
1011 606
1012 840
1013 1113
1014 1821
1015 575
1016 1498
1017 692
1018 1925
1019 1278
1020 737
1021 716
1022 786
1023 1396
1024 662
1025 655
1026 1007
1027 717
1028 420
1029 2218
1030 1621
1031 1486
1032 1247
1033 1147
1034 1547
1035 721
1036 620
1037 1057
1038 1586
1039 518
1040 502
1041 601
1042 1098
1043 999
1044 964
1045 601
1046 2371
1047 696
1048 854
1049 489
1050 2673
1051 749
1052 939
1053 1012
1054 1362
1055 885
1056 477
1057 12072
1058 1216
1059 536
1060 539
1061 847
1062 560
1063 1336
1064 441
1065 3430
1066 649
1067 2943
1068 579
1069 636
1070 489
1071 898
1072 707
1073 451
1074 527
1075 521
1076 789
1077 697
1078 485
1079 441
1080 935
1081 422
1082 1354
1083 13376
1084 932
1085 352
1086 851
1087 1490
1088 589
1089 348
1090 978
1091 486
1092 7937
1093 565
1094 568
1095 1439
1096 797
1097 419
1098 695
1099 511
1100 491
1101 360
1102 618
1103 525
1104 636
1105 1146
1106 643
1107 523
1108 892
1109 517
1110 780
1111 706
1112 507
1113 542
1114 2438
1115 444
1116 700
1117 947
1118 683
1119 915
1120 489
1121 2320
1122 560
1123 372
1124 397
1125 431
1126 1117
1127 614
1128 642
1129 398
1130 825
1131 953
1132 614
1133 688
1134 908
1135 1027
1136 465
1137 503
1138 701
1139 901
1140 10085
1141 769
1142 1142
1143 1691
1144 810
1145 1124
1146 628
1147 1093
1148 1465
1149 782
1150 707
1151 1244
1152 1500
1153 755
1154 1104
1155 562
1156 679
1157 955
1158 1141
1159 3115
1160 3271
1161 790
1162 3281
1163 2780
1164 1634
1165 1674
1166 3652
1167 2621
1168 1271
1169 1369
1170 931
1171 837
1172 775
1173 836
1174 1384
1175 5129
1176 1044
1177 1096
1178 1409
1179 1486
1180 1695
1181 1566
1182 1262
1183 1115
1184 2339
1185 6228
1186 17710
1187 2650
1188 1715
1189 9383
1190 1981
1191 1959
1192 1106
1193 1479
1194 2732
1195 1152
1196 1705
1197 2175
1198 1070
1199 1388
1200 1348
1201 1392
1202 2853
1203 908
1204 1778
1205 1660
1206 1912
1207 1478
1208 1439
1209 763
1210 830
1211 876
1212 1444
1213 1652
1214 1503
1215 1239
1216 1124
1217 1188
1218 1550
1219 1635
1220 4768
1221 1415
1222 1766
1223 1099
1224 1241
1225 1198
1226 1918
1227 3491
1228 1612
1229 1625
1230 6823
1231 2116
1232 1203
1233 1145
1234 2376
1235 1185
1236 1886
1237 1246
1238 1164
1239 1384
1240 1540
1241 1436
1242 1613
1243 1321
1244 1395
1245 1315
1246 1304
1247 1184
1248 1044
1249 1540
1250 1986
1251 1680
1252 3442
1253 1949
1254 4322
1255 1586
1256 2061
1257 952
1258 1204
1259 1991
1260 2046
1261 968
1262 1519
1263 1106
1264 1391
1265 1451
1266 4165
1267 2152
1268 1071
1269 1217
1270 3181
1271 1781
1272 1180
1273 865
1274 1787
1275 4420
1276 2135
1277 2395
1278 1351
1279 4814
1280 1651
1281 1256
1282 1773
1283 2195
1284 2813
1285 2719
1286 3132
1287 3446
1288 1810
1289 1440
1290 1310
1291 2574
1292 1078
1293 1590
1294 7005
1295 1081
1296 2058
1297 7730
1298 1282
1299 1049
1300 1872
1301 4659
1302 1674
1303 3460
1304 824
1305 999
1306 2572
1307 1230
1308 1064
1309 1633
1310 1337
1311 5095
1312 1184
1313 998
1314 33507
1315 3133
1316 1097
1317 2252
1318 1931
1319 1738
1320 965
1321 1422
1322 1301
1323 1472
1324 1619
1325 794
1326 1206
1327 3931
1328 1436
1329 1788
1330 1766
1331 1475
1332 4249
1333 2531
1334 4671
1335 1681
1336 1059
1337 954
1338 1596
1339 1490
1340 1427
1341 2164
1342 3611
1343 1140
1344 846
1345 1307
1346 2504
1347 2774
1348 928
1349 7059
1350 1916
1351 1452
1352 1771
1353 2419
1354 25492
1355 1173
1356 3138
1357 3431
1358 2493
1359 3577
1360 4888
1361 1174
1362 1975
1363 5807
1364 2774
1365 846
1366 1286
1367 712
1368 1239
1369 838
1370 1381
1371 1082
1372 1142
1373 1235
1374 6706
1375 3523
1376 6040
1377 1941
1378 2838
1379 2493
1380 7134
1381 1020
1382 1016
1383 1203
1384 2720
1385 1833
1386 3060
1387 765
1388 3515
1389 1349
1390 3624
1391 1318
1392 5041
1393 1041
1394 2769
1395 1155
1396 2429
1397 939
1398 1012
1399 1294
1400 1712
1401 1051
1402 1158
1403 1485
1404 12172
1405 2043
1406 6937
1407 1922
1408 2914
1409 3007
1410 2404
1411 1147
1412 3249
1413 889
1414 382089
1415 949
1416 2036
1417 7293
1418 2904
1419 2380
1420 886
1421 1081
1422 9882
1423 942
1424 22671
1425 933
1426 54175
1427 3783
1428 768
1429 1214
1430 1749
1431 797
1432 909
1433 1035
1434 1216688
1435 2614
1436 4771
1437 1589
1438 2138
1439 916
1440 25679
1441 1465
1442 1512238
1443 683
1444 9833
1445 788
1446 12828
1447 1001
1448 6071
1449 857
1450 1726
1451 795
1452 8718
1453 1268
1454 2960849
1455 2478
1456 7506
1457 2312
1458 3653
1459 1399
1460 1451
1461 691
1462 39827
1463 1595
1464 3362981
1465 1227
1466 61092
1467 1314
1468 684271
1469 922
1470 15361
1471 1111
1472 76188
1473 1322
1474 60904
1475 626
1476 2636
1477 884
1478 2173
1479 3838
1480 2827
1481 1341
1482 8285
1483 921
1484 330580
1485 880
1486 2946
1487 1657
1488 826
1489 2366
1490 5077
1491 2656
1492 2662
1493 838
1494 304139
1495 934
1496 17329
1497 630
1498 7731
1499 2085
1500 1899
1501 685
1502 11926
1503 4680
1504 3024
1505 734
1506 1619494
1507 1225
1508 8336
1509 1093
1510 277170
1511 747
1512 2679
1513 3872
1514 48479675
1515 0
1516 0
1517 0
1518 0
1519 0
1520 0
1521 0
1522 0
1523 0
1524 0
1525 0
1526 0
1527 0
1528 0
1529 0
1530 0
1531 0
1532 0
1533 0
1534 0
1535 0
1536 0
1537 0
1538 0
1539 0
1540 0
1541 0
1542 0
1543 0
1544 0
1545 0
1546 0
1547 0
1548 0
1549 0
1550 0
1551 0
1552 0
1553 0
1554 0
1555 0
1556 0
1557 0
1558 0
1559 0
1560 0
1561 0
1562 0
1563 0
1564 0
1565 0
1566 0
1567 0
1568 0
1569 0
1570 0
1571 0
1572 0
1573 0
1574 0
1575 0
1576 0
1577 0
1578 0
1579 0
1580 0
1581 0
1582 0
1583 0
1584 0
1585 0
1586 0
1587 0
1588 0
1589 0
1590 0
1591 0
1592 0
1593 0
1594 0
1595 0
1596 0
1597 0
1598 0
1599 0
