0 0
1 0
2 0
3 0
4 0
5 0
6 0
7 0
8 0
9 0
10 0
11 0
12 0
13 0
14 0
15 0
16 0
17 0
18 0
19 0
20 0
21 0
22 0
23 0
24 0
25 0
26 0
27 0
28 0
29 0
30 0
31 0
32 0
33 0
34 0
35 0
36 0
37 0
38 0
39 0
40 0
41 0
42 0
43 0
44 0
45 0
46 0
47 0
48 0
49 0
50 0
51 0
52 0
53 0
54 0
55 0
56 0
57 0
58 0
59 0
60 23487449
61 15418
62 364986
63 11550
64 10760
65 164346
66 8272595
67 18859
68 144345
69 112993
70 45751
71 45773
72 72776
73 22488
74 773301
75 55249
76 18293
77 63716
78 350778
79 45684
80 29800
81 164734
82 74745
83 4326
84 6642
85 81150
86 88157
87 15321
88 55313
89 6420
90 63113
91 4933
92 11743
93 11094
94 118144
95 15972
96 24485
97 7912
98 45235
99 20639
100 32387
101 27547
102 82992
103 76855
104 4126
105 5542
106 166482
107 166539
108 4719
109 7638
110 20472
111 18250
112 8736
113 5699
114 18125
115 4038
116 69404
117 3575
118 37706
119 10168
120 16456
121 16680
122 21554
123 8184
124 12049
125 11959
126 18234
127 4598
128 9195
129 13958
130 5373
131 8418
132 5698
133 3367
134 24796
135 5538
136 3575
137 7562
138 8947
139 2967
140 5285
141 15433
142 3035
143 30974
144 4712
145 3720
146 11816
147 3527
148 11572
149 27530
150 33035
151 3774
152 4592
153 2842
154 4444
155 9155
156 9341
157 4647
158 16712
159 8163
160 13836
161 5481
162 3733
163 11105
164 3091
165 3340
166 4996
167 3917
168 2602
169 2225
170 3169
171 2894
172 2172
173 3035
174 2525
175 2347
176 2264
177 4401
178 2785
179 3918
180 14189
181 2981
182 2726
183 2875
184 3476
185 2676
186 4175
187 15717
188 2431
189 1610
190 4024
191 2207
192 1606
193 2345
194 2792
195 4413
196 1754
197 1577
198 1506
199 4267
200 2337
201 1869
202 3342
203 2290
204 6598
205 1948
206 3969
207 4856
208 2160
209 3129
210 4324
211 4450
212 2371
213 1895
214 2158
215 2484
216 4107
217 2315
218 22310
219 5087
220 4127
221 9326
222 4405
223 1898
224 15110
225 4824
226 5559
227 3527
228 9420
229 1601
230 3159
231 4677
232 9437
233 2156
234 2947
235 2072
236 3763
237 4714
238 2564
239 2118
240 2753
241 2850
242 3706
243 2564
244 2733
245 5374
246 1790
247 6091
248 1603
249 2353
250 3006
251 5880
252 3320
253 4781
254 4896
255 2087
256 1529
257 6096
258 5531
259 2349
260 5213
261 1697
262 3138
263 3278
264 10214
265 24699
266 9367
267 6059
268 2020
269 8072
270 1305
271 1268
272 2332
273 3043
274 1990
275 3454
276 1994
277 1539
278 3032
279 1996
280 2198
281 1430
282 2074
283 1596
284 2025
285 1495
286 2230
287 2601
288 1622
289 1699
290 1366
291 3545
292 3278
293 1840
294 1877
295 1296
296 1572
297 3582
298 7949
299 14169
300 6581
301 1516
302 1785
303 1633
304 1893
305 1500
306 7568
307 845
308 1802
309 1143
310 1692
311 4570
312 1516
313 951
314 2180
315 1161
316 1564
317 1708
318 2209
319 1435
320 1817
321 923
322 1384
323 1110
324 1688
325 1145
326 1874
327 5766
328 3674
329 6193
330 5929
331 3304
332 1153
333 673
334 1207
335 2137
336 9784
337 9437
338 7696
339 3382
340 992
341 28942
342 3093
343 1521
344 1060
345 1264
346 2950
347 6018
348 6459
349 5736
350 2620
351 2239
352 2794
353 3043
354 3653
355 3789
356 5360
357 3070
358 83630
359 72329
360 59797
361 56111
362 53653
363 23285
364 1643
365 1211
366 2040
367 1932
368 1121
369 1067
370 1641
371 8212
372 14481
373 7241
374 7364
375 4954
376 2480
377 10482
378 6272
379 2373
380 10758
381 2016
382 4252
383 27488
384 14067
385 8312
386 5816
387 4405
388 7488
389 2115
390 3619
391 3250
392 3264
393 4939
394 1888
395 2046
396 1582
397 4930
398 2019
399 1580
400 2438
401 2877
402 3567
403 3748
404 4335
405 3220
406 3219
407 3514
408 1755
409 15465
410 2090
411 3071
412 1567
413 6969
414 2183
415 4813
416 1582
417 4869
418 2697
419 6177
420 1640
421 9918
422 2060
423 36833
424 2468
425 8493
426 2089
427 8069
428 1938
429 4297
430 1462
431 4803
432 1828
433 3790
434 1364
435 2793
436 1918
437 2861
438 1888
439 5809
440 74237
441 4210
442 2213
443 4166
444 4324
445 12025
446 3306
447 4053
448 1945
449 3241
450 2193
451 3896
452 3131
453 4259
454 2231
455 2211
456 2166
457 2770
458 4174
459 2483
460 1850
461 2687
462 1815
463 2733
464 1596
465 13875
466 1751
467 2517
468 2334
469 2328
470 2572
471 2548
472 2091
473 3259
474 2271
475 3325
476 2057
477 3282
478 2347
479 3660
480 11587
481 5042
482 4137
483 2973
484 4947
485 4181
486 2351
487 4378
488 3835
489 3202
490 2642
491 2936
492 3241
493 2436
494 4477
495 2969
496 4044
497 3468
498 3991
499 53977
500 3092
501 2745
502 3306
503 3366
504 2957
505 3986
506 4676
507 27986
508 3249
509 4120
510 6142
511 7680
512 3746
513 3107
514 3421
515 4058
516 4114
517 4358
518 4937
519 5402
520 3723
521 4068
522 5086
523 5148
524 4048
525 4681
526 2694
527 7033
528 2899
529 2509
530 4039
531 4776
532 2793
533 4594
534 4746
535 3621
536 2527
537 2932
538 2597
539 3681
540 3933
541 2837
542 2899
543 3264
544 2536
545 3211
546 4168
547 3265
548 3201
549 2504
550 2593
551 2716
552 3303
553 4732
554 5060
555 3915
556 3228
557 3453
558 3347
559 3940
560 7211
561 8332
562 3944
563 2611
564 3277
565 2673
566 3118
567 3035
568 2826
569 6355
570 2887
571 3235
572 3223
573 2592
574 2951
575 31595
576 3373
577 3360
578 2685
579 2191
580 2225
581 2307
582 2265
583 2573
584 2252
585 3382
586 3074
587 2383
588 1945
589 3147
590 191144
591 4615
592 3559
593 3110
594 2874
595 2688
596 2214
597 2762
598 3148
599 6081
600 2440
601 3368
602 3760
603 3395
604 2726
605 2532
606 3673
607 3167
608 3886
609 5282
610 4698
611 2942
612 4241
613 2790
614 3361
615 2805
616 2546
617 2572
618 3268
619 2768
620 2555
621 2387
622 2916
623 1866
624 2417
625 2709
626 3815
627 4307
628 3690
629 2499
630 2418
631 1975
632 2094
633 1693
634 2710
635 2537
636 3724
637 2887
638 2777
639 2048
640 2236
641 2140
642 3830
643 2585
644 2838
645 1745
646 2637
647 2453
648 2268
649 2400
650 1862
651 2258
652 1808
653 1792
654 2527
655 2105
656 1884
657 4617
658 2199
659 1911
660 3081
661 2545
662 3396
663 1702
664 2551
665 2007
666 2278
667 3312
668 2081
669 2699
670 2814
671 1903
672 1928
673 2440
674 2570
675 1421
676 1580
677 1506
678 1965
679 1864
680 1905
681 1595
682 1758
683 1739
684 2016
685 1753
686 1476
687 1438
688 1753
689 1600
690 3159
691 22100
692 1591
693 1609
694 1921
695 1724
696 1603
697 1407
698 1779
699 1612
700 1524
701 2476
702 3978
703 2609
704 1539
705 1659
706 1765
707 2276
708 1197
709 1538
710 1948
711 1736
712 1389
713 1573
714 7179
715 1362
716 2386
717 1534
718 1720
719 1840
720 3186
721 1630
722 1298
723 1206
724 1197
725 1108
726 1729
727 1583
728 1528
729 2065
730 1435
731 1285
732 1260
733 1491
734 1072
735 1795
736 1247
737 1611
738 1825
739 1810
740 918
741 2077
742 1343
743 1986
744 965
745 1555
746 4174
747 3057
748 1159
749 1457
750 3727
751 1150
752 6140
753 2079
754 2005
755 1327
756 1238
757 1267
758 1989
759 1776
760 1362
761 5211
762 2246
763 2163
764 15416
765 1833
766 2006
767 1655
768 1448
769 1544
770 4367
771 1563
772 909
773 2319
774 1882
775 1428
776 808
777 2140
778 2333
779 1428
780 1532
781 1324
782 2949
783 1192
784 749
785 994
786 3061
787 1915
788 1448
789 913
790 1801
791 1108
792 1136
793 861
794 1470
795 1035
796 806
797 1399
798 2091
799 1194
800 1944
801 1226
802 1522
803 1035
804 1438
805 1255
806 1328
807 793
808 923
809 1331
810 1366
811 1322
812 811
813 1586
814 3064
815 881
816 697
817 1113
818 1436
819 1733
820 1540
821 710
822 1197
823 1001
824 1026
825 1062
826 1696
827 700
828 777
829 926
830 1343
831 1342
832 1236
833 2434
834 937
835 584
836 659
837 1041
838 861
839 1396
840 2209
841 2911
842 4646
843 3427
844 12744
845 1371
846 2078
847 623
848 961
849 700
850 2662
851 2746
852 736
853 674
854 1172
855 1042
856 670
857 665
858 1704
859 1146
860 584
861 628
862 5480
863 674
864 958
865 1463
866 1146
867 941
868 1559
869 961
870 894
871 443
872 422
873 1421
874 1214
875 872
876 21308
877 952
878 751
879 31193
880 384
881 931
882 572
883 607
884 606
885 735
886 1135
887 698
888 655
889 1010
890 807
891 14018
892 977
893 1440
894 701
895 694
896 870
897 813
898 1524
899 611
900 777
901 510
902 673
903 412
904 1650
905 974
906 1673
907 743
908 1253
909 709
910 780
911 10409
912 410
913 628
914 7310
915 1462
916 694
917 560
918 723
919 680
920 703
921 4905
922 811
923 682
924 780
925 437
926 478
927 372
928 562
929 729
930 1194
931 513
932 485
933 1129
934 897
935 772
936 1007
937 713
938 923
939 594
940 634
941 571
942 422
943 448
944 516
945 931
946 3309
947 464
948 443
949 587
950 648
951 614
952 664
953 1734
954 1066
955 1372
956 826
957 4454
958 691
959 886
960 372
961 863
962 511
963 450
964 592
965 1373
966 454
967 674
968 571
969 889
970 531
971 442
972 410
973 963
974 1004
975 634
976 525
977 963
978 1137
979 758
980 509
981 1256
982 531
983 3226
984 857
985 1005
986 1700
987 5328
988 375
989 1084
990 578
991 1037
992 661
993 1710
994 637
995 1495
996 432
997 672
998 444
999 662
1000 1268
1001 1077
1002 687
1003 330
1004 522
1005 519
1006 566
1007 964
1008 837
1009 727
1010 675
1011 481
1012 713
1013 981
1014 594
1015 561
1016 1422
1017 647
1018 1456
1019 1037
1020 3388
1021 618
1022 1301
1023 1147
1024 541
1025 559
1026 902
1027 653
1028 371
1029 752
1030 416
1031 692
1032 824
1033 544
1034 883
1035 414
1036 416
1037 838
1038 1392
1039 346
1040 374
1041 500
1042 793
1043 818
1044 794
1045 492
1046 2042
1047 541
1048 733
1049 434
1050 2307
1051 629
1052 751
1053 864
1054 753
1055 755
1056 359
1057 2306
1058 974
1059 573
1060 458
1061 633
1062 456
1063 1154
1064 395
1065 3025
1066 698
1067 2586
1068 521
1069 581
1070 421
1071 849
1072 596
1073 383
1074 466
1075 490
1076 561
1077 620
1078 421
1079 359
1080 762
1081 374
1082 692
1083 660
1084 885
1085 332
1086 752
1087 1341
1088 530
1089 283
1090 822
1091 401
1092 6773
1093 464
1094 465
1095 1254
1096 766
1097 403
1098 600
1099 462
1100 385
1101 350
1102 392
1103 484
1104 435
1105 1156
1106 616
1107 1641
1108 1008
1109 779
1110 1434
1111 1160
1112 4287
1113 436
1114 1278
1115 384
1116 641
1117 901
1118 593
1119 728
1120 399
1121 2065
1122 396
1123 336
1124 359
1125 397
1126 1061
1127 619
1128 541
1129 310
1130 718
1131 885
1132 497
1133 575
1134 882
1135 918
1136 487
1137 455
1138 707
1139 843
1140 10292
1141 719
1142 970
1143 1537
1144 674
1145 772
1146 730
1147 922
1148 1320
1149 828
1150 590
1151 897
1152 1263
1153 630
1154 961
1155 668
1156 454
1157 765
1158 725
1159 2598
1160 2762
1161 621
1162 2079
1163 897
1164 555
1165 1002
1166 2489
1167 1250
1168 684
1169 1031
1170 846
1171 613
1172 471
1173 596
1174 1117
1175 4136
1176 650
1177 606
1178 1449
1179 1169
1180 1343
1181 880
1182 1183
1183 875
1184 1868
1185 5263
1186 17896
1187 2216
1188 1280
1189 8383
1190 1721
1191 1672
1192 614
1193 1073
1194 2310
1195 802
1196 1335
1197 2060
1198 833
1199 1302
1200 1028
1201 1199
1202 2413
1203 778
1204 1106
1205 1501
1206 1564
1207 1081
1208 1226
1209 828
1210 778
1211 753
1212 1255
1213 1443
1214 1542
1215 1003
1216 1009
1217 1006
1218 1663
1219 1461
1220 4336
1221 1425
1222 1506
1223 1024
1224 1086
1225 1048
1226 1736
1227 2814
1228 1089
1229 1338
1230 6778
1231 1941
1232 1361
1233 1128
1234 2361
1235 979
1236 1849
1237 1093
1238 1173
1239 1188
1240 1288
1241 1010
1242 1092
1243 1000
1244 887
1245 1114
1246 1183
1247 891
1248 809
1249 999
1250 1551
1251 982
1252 2651
1253 1634
1254 3011
1255 1394
1256 1646
1257 992
1258 981
1259 1865
1260 1807
1261 829
1262 1412
1263 1106
1264 1036
1265 1246
1266 3696
1267 2832
1268 959
1269 873
1270 2902
1271 1533
1272 1067
1273 728
1274 1561
1275 4287
1276 2024
1277 2119
1278 1038
1279 4669
1280 1266
1281 1387
1282 1320
1283 1203
1284 1048
1285 928
1286 1276
1287 1333
1288 831
1289 828
1290 939
1291 1818
1292 702
1293 1356
1294 5287
1295 965
1296 1565
1297 6897
1298 1074
1299 1014
1300 1476
1301 4252
1302 1485
1303 3221
1304 708
1305 880
1306 2262
1307 915
1308 906
1309 1460
1310 1047
1311 1395
1312 1067
1313 828
1314 36520
1315 2424
1316 883
1317 1868
1318 1028
1319 1613
1320 983
1321 1204
1322 1475
1323 1203
1324 979
1325 745
1326 891
1327 3471
1328 1177
1329 1439
1330 1233
1331 1225
1332 3605
1333 2270
1334 7753
1335 1345
1336 815
1337 698
1338 1401
1339 1345
1340 978
1341 1833
1342 3372
1343 813
1344 906
1345 1006
1346 2211
1347 2338
1348 823
1349 2591
1350 7278
1351 1252
1352 1403
1353 2034
1354 103239
1355 1118
1356 3149
1357 3134
1358 2826
1359 3189
1360 4422
1361 1130
1362 1745
1363 5615
1364 5719
1365 980
1366 1151
1367 625
1368 976
1369 776
1370 1470
1371 965
1372 783
1373 1130
1374 10364
1375 2976
1376 5496
1377 1720
1378 2479
1379 2018
1380 6526
1381 928
1382 654
1383 1177
1384 2334
1385 1662
1386 3598
1387 630
1388 3165
1389 1200
1390 3389
1391 1126
1392 1923
1393 970
1394 3972
1395 994
1396 1795
1397 824
1398 1470
1399 1182
1400 1646
1401 958
1402 1009
1403 1436
1404 14271
1405 1785
1406 5835
1407 1488
1408 2860
1409 9886
1410 2275
1411 1037
1412 2140
1413 764
1414 319528
1415 856
1416 1546
1417 5732
1418 3227
1419 2045
1420 948
1421 986
1422 4631
1423 741
1424 16782
1425 742
1426 41136
1427 3223
1428 641
1429 971
1430 2947
1431 788
1432 1278
1433 820
1434 1036765
1435 2226
1436 4689
1437 1413
1438 1721
1439 845
1440 28740
1441 1268
1442 1366056
1443 578
1444 6884
1445 686
1446 11887
1447 978
1448 3332
1449 691
1450 1738
1451 774
1452 14736
1453 953
1454 2628958
1455 1297
1456 5385
1457 2124
1458 3580
1459 1100
1460 952
1461 697
1462 34305
1463 1963
1464 3074749
1465 998
1466 131272
1467 1037
1468 543560
1469 747
1470 2413
1471 897
1472 6031
1473 1378
1474 78433
1475 470
1476 2049
1477 630
1478 1927
1479 3252
1480 2337
1481 1253
1482 8095
1483 934
1484 270183
1485 665
1486 3752
1487 1542
1488 777
1489 2040
1490 6643
1491 2338
1492 1632
1493 728
1494 136201
1495 778
1496 14530
1497 650
1498 6305
1499 1975
1500 1881
1501 568
1502 8062
1503 1127
1504 2101
1505 1762
1506 1168881
1507 1166
1508 1078
1509 942
1510 214724
1511 736
1512 4128
1513 13499
1514 42317385
1515 0
1516 0
1517 0
1518 0
1519 0
1520 0
1521 0
1522 0
1523 0
1524 0
1525 0
1526 0
1527 0
1528 0
1529 0
1530 0
1531 0
1532 0
1533 0
1534 0
1535 0
1536 0
1537 0
1538 0
1539 0
1540 0
1541 0
1542 0
1543 0
1544 0
1545 0
1546 0
1547 0
1548 0
1549 0
1550 0
1551 0
1552 0
1553 0
1554 0
1555 0
1556 0
1557 0
1558 0
1559 0
1560 0
1561 0
1562 0
1563 0
1564 0
1565 0
1566 0
1567 0
1568 0
1569 0
1570 0
1571 0
1572 0
1573 0
1574 0
1575 0
1576 0
1577 0
1578 0
1579 0
1580 0
1581 0
1582 0
1583 0
1584 0
1585 0
1586 0
1587 0
1588 0
1589 0
1590 0
1591 0
1592 0
1593 0
1594 0
1595 0
1596 0
1597 0
1598 0
1599 0
