0 0
1 0
2 0
3 0
4 0
5 0
6 0
7 0
8 0
9 0
10 0
11 0
12 0
13 0
14 0
15 0
16 0
17 0
18 0
19 0
20 0
21 0
22 0
23 0
24 0
25 0
26 0
27 0
28 0
29 0
30 0
31 0
32 0
33 0
34 0
35 0
36 0
37 0
38 0
39 0
40 0
41 0
42 0
43 0
44 0
45 0
46 0
47 0
48 0
49 0
50 0
51 0
52 0
53 0
54 0
55 0
56 0
57 0
58 0
59 0
60 26253160
61 10088
62 406116
63 6912
64 5481
65 179490
66 9896932
67 13680
68 155555
69 122509
70 39376
71 49292
72 72050
73 15881
74 877201
75 43923
76 15274
77 75588
78 416445
79 33057
80 17700
81 113994
82 156931
83 16257
84 8319
85 85740
86 120434
87 24637
88 63274
89 10958
90 69859
91 8927
92 50911
93 14384
94 131467
95 21586
96 22783
97 8928
98 54234
99 46815
100 11987
101 8449
102 88738
103 86705
104 4220
105 5546
106 182646
107 182883
108 5498
109 4652
110 15587
111 52542
112 7808
113 4824
114 14021
115 9579
116 5586
117 4539
118 46697
119 10863
120 17808
121 14779
122 22076
123 7195
124 14342
125 11004
126 13300
127 4965
128 12491
129 7040
130 11583
131 7582
132 7094
133 4112
134 24455
135 5559
136 3680
137 7401
138 5310
139 6628
140 6133
141 30900
142 5735
143 3803
144 3282
145 3203
146 6295
147 3451
148 9388
149 29734
150 37552
151 3610
152 3099
153 4932
154 4413
155 13868
156 8903
157 4212
158 18268
159 9304
160 4714
161 5034
162 3906
163 3394
164 3234
165 3224
166 4776
167 3867
168 2271
169 1972
170 3070
171 3937
172 2178
173 5084
174 2713
175 2264
176 2511
177 4172
178 4089
179 4062
180 3691
181 3923
182 2190
183 2801
184 6683
185 2527
186 3546
187 2457
188 2327
189 1504
190 4203
191 2022
192 1536
193 2361
194 10892
195 1930
196 8160
197 1523
198 1826
199 5493
200 2296
201 2613
202 4677
203 2428
204 7353
205 1922
206 7539
207 5294
208 2047
209 3502
210 5374
211 5356
212 1533
213 1860
214 2863
215 2887
216 3538
217 2281
218 20843
219 3904
220 1780
221 8183
222 17668
223 2377
224 18936
225 4430
226 5378
227 6402
228 1878
229 1151
230 3185
231 4617
232 10291
233 1825
234 2576
235 1648
236 3136
237 5058
238 12715
239 1649
240 2341
241 2270
242 5304
243 1922
244 2414
245 1588
246 17141
247 6391
248 1156
249 1985
250 11659
251 1678
252 11125
253 5728
254 1480
255 3104
256 2564
257 2639
258 7023
259 3076
260 5696
261 2316
262 3721
263 1609
264 2887
265 21098
266 5514
267 3012
268 2959
269 3295
270 1261
271 1367
272 2206
273 2640
274 3302
275 10183
276 1964
277 1387
278 2796
279 2174
280 2562
281 1550
282 2235
283 1432
284 2098
285 1265
286 2368
287 2766
288 1423
289 1074
290 11136
291 3762
292 3320
293 1538
294 2550
295 1156
296 1757
297 4200
298 10958
299 17498
300 7890
301 3353
302 2100
303 1996
304 2202
305 1646
306 8063
307 1937
308 1842
309 1092
310 1802
311 4315
312 1510
313 773
314 2003
315 1141
316 1510
317 2620
318 2167
319 1535
320 2024
321 3147
322 1800
323 1325
324 3393
325 1988
326 2117
327 8350
328 4569
329 7617
330 8167
331 3773
332 1293
333 3585
334 1394
335 2506
336 11811
337 10166
338 9434
339 4147
340 1351
341 32879
342 5858
343 1944
344 1585
345 1800
346 3684
347 6908
348 7905
349 10009
350 3049
351 3430
352 3347
353 3752
354 5427
355 4059
356 5262
357 2500
358 94600
359 82819
360 66386
361 63681
362 60181
363 25769
364 2039
365 1153
366 2362
367 2084
368 1283
369 1205
370 1911
371 9627
372 16203
373 9032
374 8386
375 5650
376 2670
377 12460
378 7368
379 2733
380 2250
381 2317
382 3353
383 31627
384 16300
385 10906
386 243129
387 30903
388 7742
389 2409
390 3494
391 3227
392 6265
393 5641
394 2624
395 2605
396 1786
397 5420
398 2410
399 1637
400 2651
401 2916
402 3973
403 4633
404 5257
405 8096
406 3940
407 5108
408 1882
409 17739
410 4006
411 3833
412 1687
413 7773
414 4188
415 5736
416 1745
417 5468
418 2805
419 7000
420 1406
421 11306
422 1811
423 41543
424 2774
425 9482
426 2325
427 9165
428 2230
429 4885
430 1595
431 5564
432 2341
433 4268
434 1580
435 3375
436 2337
437 3447
438 2211
439 6570
440 84277
441 4921
442 2570
443 4610
444 5398
445 13754
446 5579
447 4793
448 2166
449 3675
450 2366
451 4149
452 3605
453 4643
454 2429
455 3350
456 2495
457 3259
458 4648
459 2481
460 2003
461 3050
462 1997
463 3628
464 1915
465 15825
466 1972
467 2970
468 2365
469 2564
470 2019
471 2701
472 2487
473 4216
474 2691
475 3856
476 2296
477 3520
478 2730
479 4283
480 13134
481 3461
482 5302
483 3401
484 4063
485 5088
486 2914
487 4114
488 3066
489 3650
490 2892
491 3446
492 3515
493 2677
494 2705
495 3367
496 4610
497 3957
498 4384
499 61236
500 3492
501 2950
502 3911
503 5000
504 3571
505 3300
506 5115
507 26351
508 3675
509 4622
510 6982
511 8498
512 4118
513 3402
514 3770
515 4591
516 4684
517 4828
518 5513
519 6077
520 3792
521 4431
522 5617
523 4934
524 4576
525 4821
526 3009
527 7915
528 2990
529 6251
530 4406
531 5123
532 3039
533 4952
534 5251
535 3432
536 2649
537 3318
538 3292
539 3796
540 3104
541 3110
542 3306
543 3990
544 2893
545 3624
546 4230
547 3667
548 3691
549 2945
550 3149
551 3228
552 3706
553 5471
554 5946
555 4310
556 3768
557 3942
558 3478
559 4488
560 8389
561 9302
562 4645
563 3218
564 4399
565 2977
566 3461
567 3407
568 3901
569 7396
570 7253
571 7308
572 3666
573 3163
574 3171
575 35583
576 3769
577 3990
578 3195
579 2553
580 2689
581 2634
582 2580
583 2873
584 2477
585 3523
586 3498
587 2547
588 2189
589 3531
590 193939
591 5565
592 4102
593 3409
594 3396
595 3299
596 2485
597 3028
598 3583
599 7310
600 2815
601 4042
602 4703
603 3897
604 3230
605 2946
606 4497
607 3478
608 4490
609 5971
610 5282
611 3528
612 4810
613 3238
614 3774
615 4052
616 2967
617 2924
618 3819
619 3395
620 2937
621 13044
622 3321
623 2329
624 2991
625 3156
626 4535
627 4891
628 4359
629 3090
630 2924
631 2366
632 2417
633 1969
634 3094
635 3122
636 4928
637 3308
638 3407
639 2456
640 2760
641 2871
642 4219
643 2622
644 2298
645 2171
646 2964
647 2671
648 2584
649 3030
650 2529
651 6393
652 1908
653 9505
654 2934
655 2706
656 2083
657 4999
658 2592
659 233620
660 2420
661 23822
662 3414
663 2211
664 2790
665 1885
666 3268
667 2273
668 2472
669 2954
670 3336
671 2753
672 2278
673 2824
674 3030
675 1638
676 1935
677 1739
678 2293
679 2141
680 2189
681 1737
682 2229
683 4076
684 2221
685 2052
686 1755
687 1679
688 1936
689 1878
690 2359
691 24981
692 1859
693 1837
694 2115
695 1894
696 1866
697 1578
698 2195
699 1860
700 1836
701 2802
702 4463
703 2961
704 1692
705 2106
706 2250
707 2470
708 1379
709 1816
710 2853
711 2102
712 1533
713 2013
714 8467
715 1470
716 2664
717 1649
718 2055
719 2204
720 3592
721 1745
722 1583
723 1291
724 1361
725 1267
726 2020
727 1744
728 1697
729 2388
730 1645
731 1369
732 1483
733 1581
734 1206
735 2760
736 1334
737 1858
738 1893
739 2080
740 1048
741 2380
742 1497
743 2133
744 1157
745 1769
746 5169
747 3320
748 1738
749 1653
750 4663
751 1350
752 7075
753 2378
754 5498
755 1539
756 1480
757 1429
758 2317
759 2034
760 1551
761 6130
762 2545
763 2408
764 7596
765 2088
766 2333
767 2097
768 1411
769 1688
770 5085
771 1625
772 1029
773 2743
774 2391
775 1622
776 914
777 1765
778 2741
779 1385
780 1921
781 1248
782 3233
783 1274
784 877
785 1114
786 3346
787 1827
788 1631
789 1028
790 2696
791 871
792 1400
793 1013
794 2152
795 890
796 848
797 2085
798 2227
799 1308
800 1378
801 1377
802 1773
803 1194
804 1683
805 1437
806 1612
807 787
808 1069
809 1244
810 1691
811 1339
812 869
813 1798
814 2336
815 939
816 1117
817 1351
818 1763
819 1810
820 1920
821 872
822 1285
823 1120
824 1089
825 1167
826 2005
827 1039
828 845
829 1092
830 1587
831 1617
832 1389
833 2753
834 1122
835 706
836 1159
837 1147
838 3203
839 1688
840 2407
841 3883
842 5555
843 4144
844 14819
845 1501
846 2585
847 650
848 1233
849 870
850 3173
851 2780
852 1081
853 775
854 1758
855 1129
856 725
857 784
858 1946
859 1341
860 688
861 762
862 6338
863 903
864 1105
865 1684
866 1404
867 1113
868 1800
869 1174
870 786
871 563
872 541
873 1492
874 1400
875 954
876 24015
877 1123
878 849
879 35304
880 488
881 1111
882 753
883 779
884 623
885 843
886 1371
887 786
888 828
889 1141
890 1015
891 15933
892 554
893 1504
894 892
895 810
896 982
897 876
898 1763
899 741
900 896
901 671
902 974
903 485
904 1825
905 816
906 1982
907 962
908 1572
909 828
910 935
911 11585
912 515
913 850
914 11710
915 1698
916 706
917 647
918 1122
919 768
920 867
921 5502
922 1459
923 859
924 836
925 581
926 637
927 449
928 644
929 857
930 1519
931 568
932 594
933 1284
934 1206
935 954
936 1233
937 776
938 1072
939 623
940 713
941 650
942 1157
943 527
944 594
945 1144
946 4190
947 519
948 503
949 605
950 965
951 506
952 445
953 1070
954 1140
955 525
956 474
957 945
958 886
959 452
960 439
961 859
962 791
963 461
964 827
965 1416
966 601
967 777
968 605
969 1144
970 691
971 505
972 437
973 1076
974 1217
975 750
976 591
977 1062
978 1182
979 8889
980 770
981 1339
982 1289
983 3711
984 973
985 1250
986 1964
987 5937
988 376
989 1309
990 670
991 1168
992 735
993 1972
994 687
995 1789
996 503
997 746
998 664
999 743
1000 1485
1001 1201
1002 842
1003 609
1004 643
1005 569
1006 661
1007 1154
1008 954
1009 825
1010 713
1011 579
1012 860
1013 1055
1014 496
1015 588
1016 1393
1017 625
1018 1691
1019 1224
1020 2341
1021 663
1022 1086
1023 1306
1024 657
1025 621
1026 1041
1027 701
1028 444
1029 1118
1030 727
1031 931
1032 1049
1033 695
1034 1470
1035 485
1036 523
1037 1252
1038 1418
1039 440
1040 444
1041 623
1042 922
1043 874
1044 974
1045 603
1046 2314
1047 580
1048 899
1049 511
1050 2643
1051 662
1052 900
1053 1073
1054 1033
1055 859
1056 432
1057 7130
1058 2031
1059 452
1060 471
1061 584
1062 691
1063 394
1064 461
1065 381
1066 679
1067 518
1068 678
1069 561
1070 478
1071 934
1072 907
1073 539
1074 595
1075 587
1076 778
1077 685
1078 490
1079 432
1080 951
1081 464
1082 906
1083 3244
1084 961
1085 345
1086 886
1087 1523
1088 621
1089 446
1090 1105
1091 536
1092 8547
1093 539
1094 630
1095 1448
1096 744
1097 404
1098 779
1099 597
1100 431
1101 557
1102 455
1103 555
1104 489
1105 1234
1106 655
1107 553
1108 863
1109 469
1110 681
1111 719
1112 408
1113 476
1114 1481
1115 409
1116 717
1117 994
1118 748
1119 885
1120 553
1121 2348
1122 1381
1123 369
1124 369
1125 442
1126 1141
1127 644
1128 703
1129 355
1130 890
1131 966
1132 513
1133 566
1134 851
1135 954
1136 463
1137 461
1138 825
1139 900
1140 7739
1141 773
1142 10599
1143 1740
1144 936
1145 917
1146 776
1147 897
1148 1468
1149 742
1150 850
1151 877
1152 1481
1153 518
1154 1184
1155 748
1156 603
1157 784
1158 966
1159 3089
1160 3140
1161 804
1162 2626
1163 1397
1164 837
1165 1280
1166 2963
1167 1649
1168 804
1169 1299
1170 1126
1171 795
1172 846
1173 610
1174 1209
1175 4708
1176 772
1177 932
1178 1530
1179 1349
1180 1515
1181 1350
1182 1405
1183 1274
1184 2079
1185 5990
1186 18749
1187 2304
1188 1672
1189 9498
1190 2111
1191 1854
1192 953
1193 1134
1194 2970
1195 1241
1196 1763
1197 2321
1198 1053
1199 1616
1200 1134
1201 1269
1202 3086
1203 997
1204 1996
1205 1856
1206 2075
1207 1479
1208 1521
1209 718
1210 943
1211 1016
1212 1392
1213 1665
1214 1501
1215 1156
1216 1173
1217 1182
1218 1750
1219 1914
1220 4932
1221 1768
1222 1798
1223 1176
1224 1122
1225 1270
1226 1999
1227 3155
1228 1483
1229 1797
1230 7140
1231 2410
1232 1269
1233 1298
1234 2479
1235 1124
1236 1797
1237 1368
1238 1187
1239 1322
1240 1298
1241 1204
1242 1235
1243 1023
1244 968
1245 1270
1246 2033
1247 1030
1248 1062
1249 1156
1250 1825
1251 1456
1252 3079
1253 1898
1254 5928
1255 1528
1256 1926
1257 1077
1258 1030
1259 2191
1260 2096
1261 882
1262 1494
1263 1337
1264 1614
1265 1527
1266 3876
1267 2202
1268 1105
1269 1073
1270 3053
1271 1774
1272 1254
1273 868
1274 1688
1275 4654
1276 2266
1277 2496
1278 1387
1279 5541
1280 1714
1281 1287
1282 1596
1283 1777
1284 1432
1285 1576
1286 1744
1287 2217
1288 1128
1289 1206
1290 1302
1291 2308
1292 842
1293 1541
1294 5404
1295 1211
1296 1829
1297 7704
1298 1289
1299 1309
1300 1504
1301 5067
1302 1659
1303 3644
1304 803
1305 1404
1306 2649
1307 1008
1308 1177
1309 1495
1310 1316
1311 1656
1312 1230
1313 960
1314 35788
1315 2940
1316 1122
1317 2105
1318 1515
1319 1674
1320 1053
1321 1260
1322 1423
1323 1396
1324 1682
1325 808
1326 1190
1327 3892
1328 1458
1329 1812
1330 1672
1331 1382
1332 4282
1333 2391
1334 1242
1335 1728
1336 1078
1337 759
1338 1773
1339 1339
1340 1880
1341 2092
1342 3716
1343 1046
1344 858
1345 1352
1346 2346
1347 2694
1348 953
1349 2559
1350 3967
1351 1552
1352 1549
1353 2430
1354 30910
1355 1507
1356 3584
1357 4015
1358 2700
1359 3610
1360 5027
1361 1306
1362 1979
1363 9509
1364 1221
1365 2460
1366 2022
1367 668
1368 1536
1369 777
1370 1279
1371 1000
1372 2038
1373 1209
1374 18618
1375 3579
1376 6153
1377 1863
1378 2693
1379 2599
1380 7235
1381 1056
1382 941
1383 1295
1384 2896
1385 1827
1386 2378
1387 808
1388 4880
1389 1431
1390 3843
1391 1348
1392 1821
1393 1068
1394 2581
1395 1152
1396 2803
1397 1003
1398 1118
1399 1422
1400 1735
1401 1075
1402 1562
1403 1612
1404 10874
1405 2351
1406 4299
1407 6133
1408 3190
1409 9743
1410 2034
1411 1056
1412 3238
1413 910
1414 352228
1415 983
1416 1652
1417 9231
1418 4261
1419 2315
1420 2758
1421 955
1422 5192
1423 970
1424 23072
1425 907
1426 62433
1427 3724
1428 757
1429 1204
1430 1516
1431 883
1432 985
1433 1001
1434 1332538
1435 2549
1436 4423
1437 1725
1438 1989
1439 1005
1440 37044
1441 2901
1442 1524741
1443 663
1444 12034
1445 750
1446 8827
1447 996
1448 9242
1449 941
1450 3329
1451 964
1452 7600
1453 1269
1454 3015395
1455 1656
1456 6651
1457 2264
1458 3946
1459 1373
1460 1090
1461 726
1462 42198
1463 1600
1464 3514753
1465 1129
1466 41060
1467 1176
1468 692741
1469 959
1470 6167
1471 1259
1472 9904
1473 1414
1474 92059
1475 802
1476 2683
1477 732
1478 1692
1479 3749
1480 2749
1481 1344
1482 24705
1483 951
1484 281317
1485 789
1486 4000
1487 1720
1488 824
1489 2379
1490 8255
1491 2613
1492 797
1493 919
1494 290910
1495 922
1496 13132
1497 615
1498 11082
1499 1987
1500 2417
1501 661
1502 17351
1503 2127
1504 2711
1505 759
1506 1305279
1507 1338
1508 2480
1509 1278
1510 310762
1511 1070
1512 6811
1513 6582
1514 47630499
1515 0
1516 0
1517 0
1518 0
1519 0
1520 0
1521 0
1522 0
1523 0
1524 0
1525 0
1526 0
1527 0
1528 0
1529 0
1530 0
1531 0
1532 0
1533 0
1534 0
1535 0
1536 0
1537 0
1538 0
1539 0
1540 0
1541 0
1542 0
1543 0
1544 0
1545 0
1546 0
1547 0
1548 0
1549 0
1550 0
1551 0
1552 0
1553 0
1554 0
1555 0
1556 0
1557 0
1558 0
1559 0
1560 0
1561 0
1562 0
1563 0
1564 0
1565 0
1566 0
1567 0
1568 0
1569 0
1570 0
1571 0
1572 0
1573 0
1574 0
1575 0
1576 0
1577 0
1578 0
1579 0
1580 0
1581 0
1582 0
1583 0
1584 0
1585 0
1586 0
1587 0
1588 0
1589 0
1590 0
1591 0
1592 0
1593 0
1594 0
1595 0
1596 0
1597 0
1598 0
1599 0
