0 0
1 0
2 0
3 0
4 0
5 0
6 0
7 0
8 0
9 0
10 0
11 0
12 0
13 0
14 0
15 0
16 0
17 0
18 0
19 0
20 0
21 0
22 0
23 0
24 0
25 0
26 0
27 0
28 0
29 0
30 0
31 0
32 0
33 0
34 0
35 0
36 0
37 0
38 0
39 0
40 0
41 0
42 0
43 0
44 0
45 0
46 0
47 0
48 0
49 0
50 0
51 0
52 0
53 0
54 0
55 0
56 0
57 0
58 0
59 0
60 23328832
61 11670
62 359695
63 7821
64 6919
65 160111
66 7998558
67 14458
68 139625
69 110510
70 39316
71 46687
72 68692
73 8891
74 773185
75 14538
76 9491
77 69336
78 365770
79 18793
80 16322
81 55237
82 67425
83 6778
84 6701
85 62855
86 102392
87 30112
88 55201
89 5765
90 59246
91 4710
92 8199
93 9412
94 101134
95 18719
96 17079
97 8779
98 45047
99 49962
100 10568
101 4112
102 74666
103 77060
104 7974
105 6188
106 159961
107 162012
108 3859
109 4873
110 17019
111 13916
112 10243
113 6329
114 10836
115 3696
116 4237
117 3330
118 36174
119 7935
120 16240
121 10896
122 14321
123 2664
124 7933
125 9482
126 12426
127 4396
128 8987
129 2889
130 5461
131 6870
132 4888
133 3459
134 21011
135 4926
136 3320
137 8964
138 5245
139 3160
140 4768
141 16885
142 2566
143 8809
144 3918
145 2305
146 6059
147 3555
148 8856
149 26053
150 33127
151 3370
152 3181
153 3924
154 5693
155 13075
156 8318
157 4062
158 15659
159 7496
160 3469
161 4772
162 3260
163 7960
164 3263
165 2764
166 4174
167 3269
168 2912
169 2736
170 3938
171 4492
172 2340
173 2512
174 2657
175 1991
176 1910
177 2336
178 2963
179 3845
180 3361
181 3173
182 2014
183 2898
184 3278
185 2874
186 4500
187 1535
188 2263
189 1332
190 3757
191 1852
192 1295
193 1949
194 2702
195 1794
196 3234
197 1379
198 1671
199 4700
200 2188
201 3285
202 2467
203 1872
204 7130
205 2451
206 3687
207 4663
208 1988
209 2483
210 4545
211 2563
212 2000
213 1991
214 1458
215 2181
216 3906
217 2259
218 19010
219 6397
220 1617
221 7694
222 2568
223 1507
224 14734
225 3475
226 3823
227 2713
228 1670
229 1089
230 2498
231 4534
232 9980
233 1511
234 2228
235 1415
236 2854
237 4327
238 2207
239 1437
240 2154
241 2250
242 3299
243 2298
244 2247
245 1318
246 1989
247 5444
248 1007
249 1653
250 4561
251 1389
252 2568
253 3579
254 1527
255 1564
256 814
257 5144
258 4678
259 1707
260 4525
261 1997
262 2505
263 1327
264 2013
265 16831
266 4915
267 2347
268 1506
269 5144
270 1053
271 1105
272 1841
273 2510
274 2192
275 5971
276 2040
277 1577
278 3226
279 1898
280 2237
281 1284
282 1850
283 1472
284 1770
285 1262
286 2471
287 3180
288 9403
289 979
290 1318
291 3383
292 3182
293 1329
294 1491
295 1086
296 1732
297 3338
298 7890
299 13932
300 6974
301 1830
302 1541
303 1647
304 2079
305 4846
306 7143
307 763
308 4346
309 884
310 1569
311 4280
312 1164
313 634
314 1885
315 986
316 1371
317 1479
318 1702
319 1372
320 1653
321 10348
322 1424
323 989
324 2043
325 1085
326 2022
327 6149
328 3736
329 6159
330 6842
331 2997
332 1126
333 793
334 1006
335 1898
336 9590
337 9606
338 7846
339 3459
340 868
341 29245
342 4618
343 1532
344 934
345 1046
346 2656
347 5978
348 6494
349 5502
350 2578
351 2182
352 2788
353 2869
354 3449
355 3455
356 4504
357 2231
358 83952
359 73351
360 58305
361 56733
362 52893
363 22639
364 1711
365 1296
366 2171
367 2101
368 1143
369 973
370 1671
371 9081
372 14583
373 8659
374 7004
375 4755
376 2215
377 10649
378 6669
379 2203
380 2057
381 2046
382 2857
383 27036
384 14546
385 8155
386 5570
387 4014
388 6967
389 2034
390 3082
391 3086
392 3350
393 4715
394 2048
395 2156
396 1626
397 4879
398 1750
399 1222
400 2168
401 2377
402 3382
403 4333
404 5141
405 4225
406 3306
407 3647
408 1682
409 15433
410 1651
411 3215
412 1406
413 6740
414 2222
415 4649
416 1455
417 4802
418 2754
419 6168
420 1370
421 9755
422 1562
423 36997
424 2466
425 8434
426 1924
427 7888
428 1770
429 4330
430 1446
431 4748
432 1917
433 3928
434 1978
435 2774
436 2024
437 2787
438 1751
439 5547
440 74499
441 4041
442 2350
443 4262
444 4623
445 11957
446 5025
447 4056
448 1869
449 3123
450 2200
451 3646
452 3063
453 4054
454 3044
455 2150
456 2126
457 2681
458 4885
459 2129
460 1664
461 2464
462 1747
463 3085
464 1570
465 14021
466 1862
467 2563
468 2209
469 2311
470 1791
471 2520
472 2109
473 2274
474 2703
475 3361
476 1986
477 3068
478 2248
479 3559
480 11622
481 2962
482 4855
483 2989
484 4454
485 4382
486 2328
487 3750
488 2682
489 3169
490 2529
491 2892
492 2936
493 2307
494 2258
495 2893
496 4076
497 3003
498 3751
499 54185
500 3001
501 2641
502 3125
503 3245
504 3170
505 2807
506 4860
507 23241
508 3214
509 4000
510 6113
511 7492
512 3538
513 3312
514 3358
515 3775
516 3948
517 4144
518 4825
519 5050
520 3524
521 3858
522 5126
523 4602
524 3884
525 4147
526 2314
527 6916
528 2684
529 2163
530 3681
531 4314
532 2680
533 4320
534 4453
535 3243
536 2461
537 2806
538 2402
539 3227
540 2550
541 2580
542 2662
543 3432
544 2653
545 3309
546 4125
547 3403
548 3229
549 2316
550 2624
551 3273
552 3264
553 4877
554 5519
555 3999
556 3286
557 3487
558 3202
559 3851
560 7651
561 8478
562 4339
563 2795
564 3381
565 2501
566 3375
567 3075
568 3070
569 6305
570 3037
571 3194
572 3361
573 2745
574 2873
575 31751
576 3460
577 4089
578 2816
579 2216
580 2305
581 2367
582 2118
583 2550
584 2253
585 3164
586 3341
587 2480
588 1976
589 3180
590 128926
591 4726
592 3751
593 3415
594 3173
595 2845
596 2068
597 2774
598 3157
599 6631
600 2505
601 3767
602 4437
603 3396
604 2805
605 2763
606 4378
607 3038
608 4181
609 5317
610 4771
611 3124
612 4278
613 2964
614 3301
615 2789
616 2750
617 2542
618 3377
619 2838
620 2928
621 2327
622 4443
623 2368
624 2767
625 2748
626 4236
627 4504
628 3860
629 2680
630 2593
631 2188
632 2178
633 1795
634 2831
635 2759
636 3797
637 2801
638 2821
639 2159
640 2487
641 2379
642 3267
643 2398
644 2061
645 1903
646 2935
647 2636
648 2459
649 2507
650 2349
651 1921
652 1750
653 2057
654 2643
655 2642
656 2075
657 2938
658 2439
659 2077
660 2306
661 2599
662 3201
663 2324
664 2675
665 1749
666 2620
667 2225
668 2460
669 2903
670 3001
671 3363
672 1973
673 2708
674 3736
675 1646
676 1850
677 1607
678 2297
679 1944
680 2133
681 1736
682 1931
683 1946
684 2113
685 1777
686 1707
687 1702
688 1894
689 1761
690 2331
691 22178
692 1793
693 1724
694 2055
695 1871
696 1851
697 1699
698 2203
699 1746
700 1786
701 2732
702 4227
703 2813
704 1687
705 2008
706 2076
707 2370
708 1456
709 1837
710 3053
711 1755
712 1516
713 1728
714 7545
715 1417
716 2540
717 1609
718 1881
719 1953
720 3273
721 1718
722 1694
723 1216
724 1339
725 1228
726 1991
727 1601
728 1738
729 2275
730 1715
731 1565
732 1440
733 1586
734 1136
735 1862
736 1140
737 1637
738 2765
739 1844
740 1075
741 2115
742 1402
743 1878
744 992
745 1638
746 4094
747 3021
748 1535
749 1451
750 3935
751 1216
752 6413
753 2081
754 2205
755 1447
756 1290
757 1310
758 1966
759 1813
760 1421
761 5439
762 2711
763 2193
764 15720
765 1892
766 2154
767 2059
768 1391
769 1610
770 4356
771 1549
772 1003
773 2825
774 1967
775 1332
776 837
777 1790
778 2389
779 1295
780 1530
781 1230
782 2929
783 1168
784 720
785 1017
786 2980
787 1623
788 1422
789 926
790 1769
791 757
792 1055
793 839
794 1510
795 653
796 767
797 1109
798 1948
799 1104
800 1261
801 1151
802 1905
803 1076
804 1615
805 1367
806 1435
807 730
808 953
809 1003
810 1559
811 1197
812 768
813 1497
814 2479
815 863
816 747
817 1230
818 1634
819 1669
820 3703
821 661
822 1110
823 989
824 918
825 985
826 1987
827 674
828 702
829 804
830 1460
831 1397
832 1190
833 2417
834 961
835 557
836 686
837 983
838 822
839 1194
840 2045
841 3433
842 5700
843 3212
844 13119
845 1385
846 2340
847 659
848 1036
849 742
850 2719
851 2430
852 869
853 678
854 1520
855 4593
856 610
857 708
858 1668
859 1181
860 585
861 619
862 5657
863 756
864 911
865 1422
866 1440
867 944
868 1488
869 1044
870 597
871 501
872 447
873 1339
874 1294
875 798
876 21213
877 987
878 670
879 31470
880 357
881 984
882 703
883 846
884 564
885 789
886 1198
887 697
888 967
889 1030
890 1132
891 14102
892 906
893 1427
894 979
895 726
896 877
897 783
898 1562
899 669
900 843
901 629
902 699
903 421
904 1654
905 730
906 1946
907 728
908 1300
909 681
910 717
911 10445
912 469
913 718
914 10091
915 1534
916 591
917 549
918 832
919 790
920 792
921 4921
922 1012
923 766
924 771
925 521
926 536
927 363
928 570
929 791
930 1336
931 498
932 554
933 1165
934 874
935 803
936 1090
937 735
938 1070
939 561
940 627
941 573
942 427
943 477
944 507
945 994
946 3747
947 425
948 456
949 584
950 638
951 550
952 462
953 1240
954 1102
955 837
956 400
957 2465
958 648
959 584
960 366
961 789
962 516
963 387
964 650
965 1253
966 503
967 796
968 615
969 878
970 700
971 426
972 533
973 960
974 1060
975 692
976 571
977 939
978 1258
979 728
980 465
981 1100
982 497
983 3224
984 850
985 1029
986 1736
987 5303
988 283
989 1109
990 601
991 1067
992 634
993 1744
994 699
995 1516
996 430
997 674
998 477
999 657
1000 1217
1001 1053
1002 815
1003 323
1004 560
1005 524
1006 578
1007 934
1008 855
1009 705
1010 654
1011 465
1012 691
1013 899
1014 563
1015 507
1016 1395
1017 701
1018 1719
1019 975
1020 2022
1021 589
1022 961
1023 1167
1024 557
1025 503
1026 980
1027 603
1028 382
1029 722
1030 431
1031 608
1032 826
1033 475
1034 1080
1035 374
1036 453
1037 1015
1038 1318
1039 334
1040 335
1041 557
1042 1244
1043 784
1044 773
1045 445
1046 1970
1047 494
1048 699
1049 423
1050 2261
1051 584
1052 744
1053 849
1054 1070
1055 752
1056 350
1057 6507
1058 1993
1059 426
1060 437
1061 623
1062 605
1063 782
1064 323
1065 1848
1066 673
1067 1617
1068 497
1069 467
1070 414
1071 853
1072 613
1073 426
1074 789
1075 444
1076 744
1077 561
1078 452
1079 366
1080 785
1081 376
1082 3526
1083 461
1084 865
1085 305
1086 770
1087 1274
1088 493
1089 266
1090 947
1091 520
1092 7653
1093 495
1094 546
1095 1256
1096 715
1097 378
1098 864
1099 464
1100 382
1101 329
1102 576
1103 425
1104 518
1105 1035
1106 656
1107 494
1108 755
1109 472
1110 726
1111 661
1112 398
1113 459
1114 1854
1115 377
1116 854
1117 838
1118 678
1119 754
1120 404
1121 2024
1122 1770
1123 318
1124 328
1125 373
1126 925
1127 551
1128 679
1129 252
1130 847
1131 879
1132 431
1133 584
1134 729
1135 809
1136 341
1137 478
1138 745
1139 666
1140 3886
1141 697
1142 1019
1143 1506
1144 726
1145 752
1146 720
1147 877
1148 1225
1149 662
1150 678
1151 1070
1152 1320
1153 582
1154 1047
1155 727
1156 449
1157 655
1158 961
1159 2626
1160 2887
1161 533
1162 2269
1163 887
1164 498
1165 1200
1166 2502
1167 1296
1168 602
1169 1145
1170 902
1171 618
1172 563
1173 619
1174 1245
1175 4026
1176 750
1177 730
1178 1392
1179 1243
1180 1327
1181 1417
1182 1152
1183 862
1184 2185
1185 5519
1186 16646
1187 2184
1188 1469
1189 8374
1190 2031
1191 1666
1192 780
1193 1076
1194 2582
1195 955
1196 1665
1197 2198
1198 1117
1199 1489
1200 1063
1201 1225
1202 2638
1203 799
1204 1943
1205 1498
1206 1753
1207 1146
1208 1290
1209 783
1210 885
1211 946
1212 1368
1213 1327
1214 1328
1215 985
1216 1039
1217 924
1218 1628
1219 1356
1220 4413
1221 1283
1222 1373
1223 974
1224 899
1225 1038
1226 1628
1227 2878
1228 1364
1229 1363
1230 6289
1231 2040
1232 1007
1233 1086
1234 2181
1235 992
1236 1719
1237 1025
1238 917
1239 1080
1240 1331
1241 1249
1242 1045
1243 979
1244 818
1245 887
1246 1092
1247 915
1248 819
1249 827
1250 1790
1251 961
1252 2725
1253 1656
1254 3044
1255 1364
1256 1652
1257 846
1258 1047
1259 1794
1260 1611
1261 788
1262 1275
1263 923
1264 1039
1265 1369
1266 3604
1267 2510
1268 991
1269 931
1270 2703
1271 1511
1272 1042
1273 729
1274 1673
1275 3886
1276 1913
1277 2033
1278 970
1279 4491
1280 1911
1281 1132
1282 1382
1283 1233
1284 973
1285 1067
1286 1086
1287 1511
1288 794
1289 674
1290 1058
1291 1874
1292 672
1293 1246
1294 4941
1295 983
1296 1591
1297 6728
1298 1228
1299 1024
1300 1352
1301 4235
1302 1727
1303 3256
1304 654
1305 732
1306 2737
1307 961
1308 914
1309 1206
1310 3820
1311 1302
1312 1105
1313 904
1314 28069
1315 2907
1316 991
1317 1898
1318 855
1319 1571
1320 859
1321 1182
1322 1224
1323 1285
1324 1768
1325 709
1326 937
1327 3535
1328 1216
1329 1489
1330 1341
1331 1357
1332 3584
1333 2232
1334 1090
1335 1429
1336 938
1337 769
1338 1525
1339 1323
1340 987
1341 1768
1342 3154
1343 870
1344 728
1345 1115
1346 2412
1347 2446
1348 786
1349 4887
1350 3594
1351 1272
1352 1785
1353 2060
1354 25848
1355 1086
1356 3382
1357 3095
1358 2094
1359 3173
1360 4358
1361 1155
1362 1755
1363 13563
1364 756
1365 687
1366 1374
1367 685
1368 2162
1369 784
1370 1444
1371 832
1372 779
1373 1094
1374 12619
1375 3072
1376 5396
1377 1757
1378 2673
1379 2138
1380 6340
1381 997
1382 729
1383 1374
1384 2376
1385 1558
1386 2940
1387 657
1388 4127
1389 1362
1390 3244
1391 1139
1392 2803
1393 941
1394 3103
1395 909
1396 2044
1397 770
1398 778
1399 1207
1400 2819
1401 1009
1402 1059
1403 1437
1404 11876
1405 1715
1406 18283
1407 1471
1408 2779
1409 2642
1410 3877
1411 1028
1412 3879
1413 866
1414 290676
1415 923
1416 1501
1417 1873
1418 3264
1419 1954
1420 1157
1421 961
1422 5918
1423 935
1424 19217
1425 848
1426 51479
1427 3332
1428 514
1429 1090
1430 1293
1431 1018
1432 1448
1433 809
1434 1131893
1435 2259
1436 6663
1437 1423
1438 1568
1439 814
1440 30847
1441 1316
1442 1341718
1443 1157
1444 6215
1445 781
1446 8202
1447 806
1448 4777
1449 594
1450 1702
1451 916
1452 7047
1453 1165
1454 2748921
1455 1337
1456 6834
1457 2129
1458 3415
1459 1192
1460 848
1461 640
1462 32595
1463 1486
1464 3011398
1465 1001
1466 119720
1467 1177
1468 518154
1469 777
1470 8825
1471 947
1472 5787
1473 1147
1474 76135
1475 2463
1476 2210
1477 668
1478 1723
1479 3177
1480 2704
1481 1140
1482 6948
1483 726
1484 275465
1485 754
1486 3786
1487 1536
1488 655
1489 2004
1490 4361
1491 2235
1492 1744
1493 671
1494 158401
1495 797
1496 16544
1497 539
1498 8003
1499 1910
1500 1826
1501 588
1502 15615
1503 1178
1504 1917
1505 1967
1506 1265391
1507 1019
1508 2558
1509 1158
1510 281466
1511 665
1512 4285
1513 14509
1514 41509199
1515 0
1516 0
1517 0
1518 0
1519 0
1520 0
1521 0
1522 0
1523 0
1524 0
1525 0
1526 0
1527 0
1528 0
1529 0
1530 0
1531 0
1532 0
1533 0
1534 0
1535 0
1536 0
1537 0
1538 0
1539 0
1540 0
1541 0
1542 0
1543 0
1544 0
1545 0
1546 0
1547 0
1548 0
1549 0
1550 0
1551 0
1552 0
1553 0
1554 0
1555 0
1556 0
1557 0
1558 0
1559 0
1560 0
1561 0
1562 0
1563 0
1564 0
1565 0
1566 0
1567 0
1568 0
1569 0
1570 0
1571 0
1572 0
1573 0
1574 0
1575 0
1576 0
1577 0
1578 0
1579 0
1580 0
1581 0
1582 0
1583 0
1584 0
1585 0
1586 0
1587 0
1588 0
1589 0
1590 0
1591 0
1592 0
1593 0
1594 0
1595 0
1596 0
1597 0
1598 0
1599 0
