0 0
1 0
2 0
3 0
4 0
5 0
6 0
7 0
8 0
9 0
10 0
11 0
12 0
13 0
14 0
15 0
16 0
17 0
18 0
19 0
20 0
21 0
22 0
23 0
24 0
25 0
26 0
27 0
28 0
29 0
30 0
31 0
32 0
33 0
34 0
35 0
36 0
37 0
38 0
39 0
40 0
41 0
42 0
43 0
44 0
45 0
46 0
47 0
48 0
49 0
50 0
51 0
52 0
53 0
54 0
55 0
56 0
57 0
58 0
59 0
60 26596444
61 14098
62 411567
63 9705
64 8367
65 183410
66 9434719
67 24046
68 177755
69 127607
70 49128
71 55059
72 112181
73 24662
74 887791
75 61193
76 19270
77 90974
78 455414
79 39586
80 17333
81 217942
82 77602
83 13099
84 11376
85 69318
86 116416
87 30907
88 64485
89 9363
90 68297
91 9101
92 11725
93 12457
94 120613
95 21033
96 37093
97 9246
98 48100
99 33197
100 13177
101 12510
102 83887
103 87740
104 4477
105 6906
106 184566
107 185134
108 5069
109 5432
110 15814
111 27640
112 9277
113 5759
114 13395
115 7159
116 5405
117 5318
118 39187
119 12113
120 19579
121 14580
122 17386
123 3942
124 13280
125 12268
126 19552
127 5589
128 11015
129 4366
130 9965
131 8239
132 5959
133 3440
134 25376
135 5579
136 3749
137 7582
138 4290
139 2675
140 5020
141 22194
142 6018
143 5772
144 4059
145 4524
146 6581
147 4372
148 9817
149 31982
150 37602
151 4535
152 3507
153 3465
154 5578
155 11907
156 14831
157 4725
158 18694
159 8665
160 10014
161 5410
162 3644
163 3559
164 3147
165 3244
166 4893
167 4347
168 2629
169 2353
170 3391
171 6901
172 2331
173 3067
174 2422
175 2331
176 2345
177 4184
178 2587
179 5104
180 4288
181 3855
182 2491
183 3392
184 4873
185 2909
186 5495
187 2361
188 2445
189 1655
190 4644
191 2295
192 1684
193 2443
194 3440
195 1741
196 6131
197 1839
198 1848
199 5782
200 2636
201 4587
202 2809
203 2396
204 7191
205 2698
206 7485
207 5299
208 2796
209 2915
210 5005
211 3234
212 2204
213 2276
214 1835
215 2571
216 5347
217 2535
218 21383
219 6535
220 1747
221 8340
222 2793
223 1603
224 16711
225 4664
226 4193
227 2968
228 1764
229 1188
230 2524
231 5248
232 10735
233 1490
234 2083
235 1526
236 3231
237 4806
238 2366
239 1676
240 2505
241 2339
242 3145
243 2136
244 2480
245 1788
246 2523
247 6466
248 1893
249 2090
250 2658
251 1922
252 3206
253 4318
254 1644
255 2005
256 961
257 2613
258 5573
259 1910
260 6304
261 2528
262 2950
263 1990
264 2866
265 18959
266 5199
267 2705
268 1754
269 2105
270 1299
271 1253
272 2034
273 2936
274 2124
275 8148
276 2606
277 1482
278 4305
279 2252
280 2319
281 1422
282 2183
283 1416
284 2145
285 1476
286 2153
287 3127
288 936
289 1211
290 1227
291 4288
292 3278
293 1495
294 2265
295 1137
296 1659
297 3683
298 8825
299 15765
300 7777
301 1715
302 1866
303 1885
304 2300
305 1661
306 8216
307 1815
308 3272
309 1075
310 1699
311 4428
312 1449
313 764
314 1719
315 1069
316 1575
317 1755
318 1939
319 1539
320 1844
321 2896
322 1538
323 1229
324 3037
325 1102
326 1853
327 7591
328 4238
329 7065
330 7397
331 3539
332 1381
333 1439
334 1109
335 2265
336 11695
337 10264
338 10492
339 4184
340 1269
341 33184
342 4159
343 1590
344 1189
345 1521
346 2884
347 6792
348 7519
349 6333
350 3062
351 2479
352 2980
353 3180
354 3505
355 4199
356 5323
357 2354
358 94994
359 83539
360 67503
361 64526
362 60301
363 26265
364 2086
365 1209
366 2521
367 2011
368 1374
369 1191
370 1814
371 9381
372 15907
373 8689
374 8164
375 5473
376 2720
377 11812
378 7133
379 2596
380 2151
381 2391
382 3039
383 30984
384 16750
385 9189
386 6184
387 5113
388 7888
389 2080
390 3588
391 3165
392 3635
393 5242
394 2227
395 2350
396 1698
397 5511
398 2221
399 1572
400 2590
401 2715
402 3808
403 4326
404 5143
405 6404
406 3851
407 4055
408 2273
409 17754
410 1939
411 3637
412 1728
413 7880
414 3580
415 5684
416 1786
417 5201
418 2859
419 7132
420 1453
421 11105
422 2190
423 42123
424 2767
425 9794
426 2308
427 9060
428 2105
429 4813
430 1603
431 5501
432 2461
433 4444
434 1542
435 3191
436 2226
437 3371
438 2093
439 6212
440 85154
441 4909
442 2351
443 4741
444 5099
445 13693
446 5431
447 4678
448 2123
449 3810
450 2446
451 4137
452 3811
453 4750
454 3243
455 3228
456 2431
457 3196
458 4585
459 2632
460 2141
461 3079
462 2324
463 3696
464 1944
465 15900
466 2086
467 3118
468 2409
469 2752
470 2849
471 2755
472 2463
473 2888
474 2817
475 3777
476 2394
477 3791
478 2850
479 4384
480 13203
481 3627
482 5294
483 3482
484 4900
485 5165
486 2819
487 4225
488 3233
489 3884
490 3900
491 3678
492 3560
493 2674
494 2834
495 3459
496 4778
497 3723
498 4297
499 62234
500 3312
501 2953
502 3818
503 3769
504 3643
505 3322
506 5339
507 26773
508 3771
509 4816
510 6939
511 8801
512 4103
513 3253
514 3916
515 4661
516 4732
517 4802
518 5600
519 5829
520 4005
521 4281
522 5191
523 5027
524 4459
525 4890
526 2980
527 7896
528 3034
529 2718
530 4270
531 5275
532 2964
533 5033
534 5955
535 3507
536 2845
537 3281
538 2734
539 3959
540 3158
541 3384
542 3192
543 3902
544 3053
545 3694
546 4078
547 3829
548 3711
549 3053
550 3065
551 3127
552 3554
553 5393
554 5894
555 4249
556 3605
557 3907
558 3527
559 4754
560 8667
561 9537
562 4670
563 3041
564 4440
565 3077
566 3551
567 3660
568 3265
569 6849
570 3385
571 3805
572 3655
573 3106
574 3225
575 36200
576 3734
577 4194
578 3081
579 2443
580 2672
581 2615
582 2405
583 2912
584 2560
585 3597
586 3500
587 2618
588 2221
589 3578
590 176930
591 5455
592 4178
593 3425
594 3502
595 3100
596 2522
597 3141
598 3527
599 7244
600 2806
601 4170
602 4434
603 3848
604 3174
605 3094
606 4043
607 3547
608 4611
609 5763
610 5197
611 3389
612 4669
613 3384
614 3776
615 2935
616 2849
617 2825
618 3574
619 3437
620 2923
621 2624
622 3509
623 2316
624 2731
625 3166
626 4131
627 5039
628 4437
629 3150
630 2939
631 2395
632 2568
633 1980
634 3145
635 3088
636 4434
637 3229
638 3285
639 2368
640 2820
641 2492
642 3704
643 2590
644 2317
645 2155
646 2854
647 2916
648 2696
649 2643
650 2233
651 2013
652 1856
653 3652
654 3175
655 2513
656 2142
657 4208
658 2261
659 2348
660 2431
661 4530
662 3636
663 2164
664 2780
665 2484
666 3172
667 3582
668 2376
669 3275
670 3368
671 2734
672 2342
673 2761
674 3035
675 1636
676 2032
677 1853
678 2262
679 2085
680 2310
681 1925
682 2033
683 2142
684 2260
685 1822
686 1836
687 1811
688 1703
689 1828
690 2271
691 25354
692 1965
693 1847
694 2121
695 2043
696 1999
697 1617
698 2263
699 1880
700 1885
701 2798
702 4444
703 3272
704 1883
705 2096
706 2117
707 2504
708 1408
709 1740
710 2627
711 1919
712 1683
713 1828
714 8475
715 1672
716 2788
717 1807
718 1933
719 2210
720 3594
721 1809
722 1634
723 1340
724 1456
725 1331
726 1946
727 1812
728 1740
729 2498
730 1651
731 1440
732 1441
733 1638
734 1181
735 2029
736 1366
737 1797
738 1823
739 2098
740 1132
741 2292
742 1426
743 2209
744 1078
745 1845
746 5153
747 3397
748 1426
749 1575
750 4355
751 1311
752 6957
753 2400
754 2693
755 1542
756 1412
757 1458
758 2174
759 3516
760 1596
761 6034
762 2547
763 2538
764 14149
765 2125
766 2309
767 1933
768 1492
769 1802
770 4881
771 1763
772 1089
773 2787
774 2160
775 1457
776 1035
777 1888
778 2612
779 1531
780 1851
781 1337
782 3261
783 1277
784 924
785 1068
786 3263
787 2144
788 1837
789 986
790 2128
791 1187
792 1251
793 920
794 1641
795 1161
796 909
797 1449
798 2169
799 1235
800 1627
801 1331
802 1629
803 1227
804 1637
805 1395
806 1543
807 987
808 1171
809 1652
810 1504
811 1447
812 894
813 1751
814 2129
815 1173
816 850
817 1465
818 1501
819 1960
820 4110
821 845
822 1416
823 1143
824 1185
825 1132
826 2013
827 868
828 849
829 986
830 1721
831 1445
832 1330
833 2785
834 1171
835 690
836 829
837 1182
838 959
839 1648
840 2393
841 4062
842 5872
843 3639
844 14990
845 1510
846 2379
847 712
848 1114
849 823
850 3024
851 2596
852 1023
853 811
854 1836
855 1149
856 707
857 786
858 1796
859 1306
860 656
861 722
862 6313
863 899
864 1039
865 1699
866 1528
867 1056
868 1931
869 1180
870 725
871 562
872 488
873 1505
874 1379
875 1001
876 24328
877 1050
878 827
879 35725
880 507
881 989
882 662
883 782
884 720
885 899
886 1304
887 809
888 789
889 1132
890 872
891 16195
892 660
893 1531
894 973
895 820
896 1037
897 953
898 1772
899 720
900 949
901 574
902 798
903 526
904 1868
905 782
906 1851
907 879
908 1437
909 840
910 938
911 12027
912 676
913 766
914 7488
915 1633
916 715
917 743
918 810
919 883
920 909
921 5678
922 1049
923 907
924 867
925 628
926 544
927 463
928 686
929 926
930 1282
931 566
932 583
933 1275
934 1000
935 914
936 1261
937 790
938 1088
939 690
940 796
941 688
942 512
943 559
944 611
945 1103
946 3694
947 551
948 508
949 643
950 725
951 625
952 543
953 1170
954 1186
955 559
956 478
957 969
958 799
959 877
960 457
961 951
962 547
963 415
964 770
965 1373
966 477
967 833
968 635
969 1015
970 670
971 490
972 461
973 1131
974 1199
975 815
976 614
977 1145
978 1416
979 860
980 591
981 1377
982 613
983 3755
984 948
985 1120
986 1943
987 5981
988 343
989 1318
990 678
991 1117
992 691
993 2047
994 641
995 1742
996 502
997 739
998 493
999 739
1000 1447
1001 1173
1002 899
1003 430
1004 689
1005 637
1006 680
1007 1125
1008 996
1009 770
1010 611
1011 568
1012 841
1013 1017
1014 1216
1015 546
1016 1404
1017 657
1018 1857
1019 1341
1020 551
1021 714
1022 802
1023 1438
1024 649
1025 663
1026 986
1027 760
1028 451
1029 741
1030 464
1031 761
1032 956
1033 581
1034 1438
1035 472
1036 541
1037 1022
1038 1414
1039 443
1040 425
1041 532
1042 854
1043 893
1044 940
1045 550
1046 2295
1047 621
1048 848
1049 462
1050 2630
1051 656
1052 897
1053 995
1054 881
1055 908
1056 398
1057 5562
1058 1949
1059 615
1060 505
1061 671
1062 560
1063 404
1064 406
1065 416
1066 629
1067 558
1068 565
1069 533
1070 487
1071 995
1072 787
1073 380
1074 556
1075 526
1076 750
1077 636
1078 499
1079 441
1080 970
1081 469
1082 743
1083 540
1084 1014
1085 365
1086 850
1087 1487
1088 598
1089 319
1090 1003
1091 519
1092 8248
1093 533
1094 605
1095 1466
1096 854
1097 419
1098 738
1099 501
1100 407
1101 406
1102 492
1103 514
1104 555
1105 1219
1106 594
1107 502
1108 806
1109 520
1110 679
1111 784
1112 451
1113 499
1114 9235
1115 425
1116 742
1117 1007
1118 692
1119 886
1120 456
1121 2322
1122 2015
1123 355
1124 423
1125 431
1126 1183
1127 633
1128 779
1129 468
1130 823
1131 940
1132 604
1133 560
1134 839
1135 1053
1136 486
1137 534
1138 732
1139 852
1140 5560
1141 825
1142 1159
1143 1767
1144 866
1145 996
1146 787
1147 964
1148 1568
1149 761
1150 601
1151 1003
1152 1444
1153 779
1154 1159
1155 707
1156 641
1157 877
1158 926
1159 3183
1160 3252
1161 731
1162 2283
1163 918
1164 571
1165 1286
1166 2762
1167 1336
1168 832
1169 1249
1170 921
1171 601
1172 716
1173 607
1174 1321
1175 4595
1176 847
1177 774
1178 1350
1179 1289
1180 1499
1181 1322
1182 1266
1183 1215
1184 2837
1185 6329
1186 18573
1187 2285
1188 1670
1189 9694
1190 2292
1191 1833
1192 858
1193 1355
1194 2547
1195 1080
1196 1603
1197 2403
1198 1033
1199 1526
1200 1119
1201 1351
1202 2986
1203 1055
1204 1515
1205 1946
1206 1888
1207 1411
1208 1390
1209 743
1210 885
1211 965
1212 1497
1213 1656
1214 1238
1215 1159
1216 1187
1217 1165
1218 1654
1219 1744
1220 4765
1221 1474
1222 1606
1223 1028
1224 1161
1225 1181
1226 1824
1227 3820
1228 1665
1229 1666
1230 7059
1231 2599
1232 1213
1233 1273
1234 2455
1235 1143
1236 1801
1237 1343
1238 1157
1239 1288
1240 1566
1241 1471
1242 1280
1243 1089
1244 1010
1245 1304
1246 1239
1247 1176
1248 927
1249 1099
1250 1746
1251 1198
1252 2960
1253 1873
1254 11351
1255 1727
1256 1968
1257 1207
1258 1166
1259 2095
1260 1939
1261 920
1262 1580
1263 1101
1264 1521
1265 1447
1266 4798
1267 3947
1268 1052
1269 1031
1270 2921
1271 1817
1272 1274
1273 965
1274 1874
1275 4270
1276 2287
1277 2435
1278 1240
1279 5598
1280 1653
1281 1314
1282 1383
1283 1579
1284 1118
1285 1190
1286 1368
1287 1738
1288 974
1289 1051
1290 1119
1291 2217
1292 860
1293 1490
1294 5234
1295 1202
1296 1652
1297 7708
1298 1209
1299 1088
1300 1727
1301 5032
1302 1821
1303 3394
1304 1181
1305 965
1306 2687
1307 1032
1308 1164
1309 1504
1310 1267
1311 1636
1312 1030
1313 926
1314 33708
1315 3224
1316 1112
1317 2131
1318 1069
1319 1810
1320 966
1321 1221
1322 1320
1323 1200
1324 1212
1325 724
1326 1136
1327 3849
1328 1471
1329 1634
1330 1442
1331 1409
1332 4196
1333 2310
1334 1294
1335 1619
1336 794
1337 799
1338 1529
1339 1410
1340 1015
1341 2184
1342 3711
1343 893
1344 725
1345 1234
1346 2304
1347 2583
1348 3159
1349 5200
1350 5253
1351 1511
1352 1700
1353 2540
1354 18390
1355 1286
1356 4113
1357 3498
1358 2049
1359 3657
1360 5166
1361 1129
1362 2027
1363 7119
1364 2468
1365 718
1366 2468
1367 719
1368 1239
1369 752
1370 1264
1371 975
1372 1189
1373 1309
1374 8350
1375 3487
1376 6142
1377 1992
1378 2767
1379 2745
1380 7287
1381 1048
1382 882
1383 1382
1384 2878
1385 1917
1386 2541
1387 849
1388 5679
1389 1486
1390 3790
1391 1257
1392 1871
1393 1045
1394 4147
1395 1547
1396 1962
1397 926
1398 1323
1399 1406
1400 2347
1401 1009
1402 1402
1403 1498
1404 13807
1405 2015
1406 5525
1407 1782
1408 3083
1409 3091
1410 3348
1411 1118
1412 4040
1413 949
1414 305240
1415 1122
1416 1612
1417 4853
1418 3624
1419 2293
1420 1004
1421 1123
1422 6307
1423 950
1424 20549
1425 939
1426 35308
1427 3812
1428 735
1429 1198
1430 2345
1431 929
1432 2174
1433 1037
1434 1223672
1435 2639
1436 5609
1437 1803
1438 1984
1439 1026
1440 40770
1441 1615
1442 1490144
1443 696
1444 17188
1445 875
1446 10956
1447 907
1448 7706
1449 737
1450 2390
1451 848
1452 19722
1453 1365
1454 3141870
1455 1416
1456 6619
1457 2431
1458 3630
1459 1281
1460 930
1461 726
1462 40790
1463 1462
1464 3541522
1465 1622
1466 124529
1467 1493
1468 729053
1469 883
1470 13569
1471 1132
1472 9661
1473 1297
1474 91287
1475 567
1476 2539
1477 716
1478 3741
1479 3748
1480 2867
1481 1349
1482 11996
1483 892
1484 316514
1485 839
1486 11191
1487 1808
1488 757
1489 2342
1490 14960
1491 2557
1492 803
1493 924
1494 173773
1495 906
1496 10135
1497 650
1498 9000
1499 2192
1500 3221
1501 694
1502 14698
1503 2112
1504 2112
1505 784
1506 1287969
1507 1470
1508 1268
1509 1867
1510 276839
1511 767
1512 3477
1513 10398
1514 47955068
1515 0
1516 0
1517 0
1518 0
1519 0
1520 0
1521 0
1522 0
1523 0
1524 0
1525 0
1526 0
1527 0
1528 0
1529 0
1530 0
1531 0
1532 0
1533 0
1534 0
1535 0
1536 0
1537 0
1538 0
1539 0
1540 0
1541 0
1542 0
1543 0
1544 0
1545 0
1546 0
1547 0
1548 0
1549 0
1550 0
1551 0
1552 0
1553 0
1554 0
1555 0
1556 0
1557 0
1558 0
1559 0
1560 0
1561 0
1562 0
1563 0
1564 0
1565 0
1566 0
1567 0
1568 0
1569 0
1570 0
1571 0
1572 0
1573 0
1574 0
1575 0
1576 0
1577 0
1578 0
1579 0
1580 0
1581 0
1582 0
1583 0
1584 0
1585 0
1586 0
1587 0
1588 0
1589 0
1590 0
1591 0
1592 0
1593 0
1594 0
1595 0
1596 0
1597 0
1598 0
1599 0
