0 0
1 0
2 0
3 0
4 0
5 0
6 0
7 0
8 0
9 0
10 0
11 0
12 0
13 0
14 0
15 0
16 0
17 0
18 0
19 0
20 0
21 0
22 0
23 0
24 0
25 0
26 0
27 0
28 0
29 0
30 0
31 0
32 0
33 0
34 0
35 0
36 0
37 0
38 0
39 0
40 0
41 0
42 0
43 0
44 0
45 0
46 0
47 0
48 0
49 0
50 0
51 0
52 0
53 0
54 0
55 0
56 0
57 0
58 0
59 0
60 27724979
61 16843
62 410358
63 10001
64 9563
65 185839
66 9745256
67 19452
68 160287
69 128373
70 53616
71 55142
72 80694
73 14791
74 881328
75 38320
76 13147
77 111770
78 443482
79 45824
80 21700
81 123159
82 84350
83 8895
84 7846
85 72014
86 112830
87 35003
88 63071
89 8948
90 66704
91 9193
92 9977
93 8600
94 129514
95 16691
96 21294
97 9285
98 49210
99 18916
100 10657
101 8546
102 87019
103 86259
104 5542
105 6085
106 183327
107 185379
108 4672
109 17639
110 13053
111 21495
112 9428
113 5950
114 11860
115 7964
116 7262
117 3963
118 62535
119 9774
120 19508
121 13778
122 29266
123 4002
124 14492
125 11497
126 10148
127 5380
128 10267
129 3930
130 10444
131 8909
132 5598
133 4496
134 24530
135 5711
136 3516
137 7527
138 4957
139 3060
140 5561
141 16629
142 7154
143 3879
144 3623
145 3197
146 7285
147 4101
148 9958
149 30407
150 37450
151 3780
152 2996
153 2960
154 4295
155 11467
156 13776
157 5651
158 18518
159 8892
160 16697
161 6715
162 3983
163 7172
164 3048
165 3244
166 5510
167 3623
168 3145
169 2557
170 3515
171 3340
172 2507
173 3041
174 2619
175 2585
176 2595
177 3067
178 2994
179 4200
180 3645
181 3591
182 2575
183 3383
184 4048
185 2363
186 3835
187 1895
188 2641
189 1600
190 4760
191 2124
192 1722
193 2439
194 3464
195 2142
196 4513
197 1716
198 1600
199 5538
200 2476
201 3245
202 3282
203 2652
204 7877
205 2824
206 7700
207 5651
208 2514
209 3132
210 4837
211 5120
212 2182
213 2543
214 1834
215 2838
216 4470
217 2489
218 24576
219 3510
220 1888
221 8702
222 2736
223 2031
224 16356
225 4395
226 4257
227 3186
228 1927
229 1359
230 2713
231 4820
232 11015
233 1573
234 2346
235 1726
236 3189
237 4826
238 2159
239 1698
240 2472
241 2407
242 3812
243 2723
244 2563
245 1671
246 1952
247 6294
248 1979
249 2070
250 2398
251 1708
252 4086
253 4211
254 1480
255 2802
256 1206
257 3961
258 6617
259 2239
260 4464
261 2700
262 2875
263 1629
264 2779
265 22288
266 5550
267 2781
268 1742
269 5294
270 1296
271 1473
272 2221
273 2948
274 2591
275 5774
276 2162
277 1540
278 4342
279 2123
280 2560
281 1400
282 2673
283 1328
284 2217
285 1339
286 2488
287 3228
288 2393
289 1357
290 1820
291 4070
292 3480
293 2399
294 1974
295 1240
296 1909
297 3906
298 9607
299 15578
300 7737
301 1923
302 4184
303 2225
304 2467
305 5941
306 62087
307 2211
308 2677
309 1827
310 2507
311 5344
312 2045
313 1223
314 2114
315 1459
316 1755
317 1852
318 2235
319 1838
320 2422
321 3048
322 2111
323 1397
324 2984
325 1448
326 2121
327 8536
328 4772
329 7946
330 8701
331 3968
332 1710
333 1289
334 1214
335 2402
336 11854
337 10419
338 9554
339 4559
340 1568
341 33210
342 5355
343 2358
344 1943
345 1980
346 3487
347 7004
348 7815
349 6584
350 2966
351 2723
352 3280
353 3675
354 7433
355 3865
356 5163
357 2449
358 94225
359 80464
360 66007
361 63531
362 60199
363 26197
364 2086
365 1300
366 2738
367 2097
368 1240
369 1031
370 1986
371 9534
372 16413
373 9374
374 8081
375 5384
376 2734
377 11905
378 7805
379 2643
380 2149
381 2136
382 3522
383 31212
384 15313
385 9265
386 6664
387 4671
388 7582
389 2264
390 3661
391 3244
392 3702
393 5237
394 2175
395 2205
396 1793
397 5294
398 2338
399 1584
400 2443
401 2726
402 3791
403 4664
404 5156
405 5134
406 3911
407 4311
408 1985
409 17986
410 1788
411 4008
412 1758
413 8183
414 1861
415 5708
416 1659
417 5594
418 3163
419 7261
420 1552
421 11542
422 1914
423 41571
424 2670
425 9863
426 2386
427 9035
428 2166
429 4963
430 1748
431 5415
432 2202
433 4772
434 1634
435 3272
436 2333
437 3361
438 2034
439 6177
440 85461
441 4747
442 2447
443 4549
444 4911
445 13743
446 3774
447 4720
448 2198
449 3684
450 2560
451 4139
452 3475
453 4319
454 2311
455 2444
456 2373
457 3207
458 4599
459 2586
460 1871
461 2786
462 2200
463 3590
464 1815
465 15696
466 1918
467 2896
468 2380
469 2574
470 2889
471 2733
472 2447
473 3519
474 2758
475 3702
476 2397
477 3621
478 2671
479 4399
480 13183
481 3757
482 5873
483 3532
484 4943
485 5394
486 2911
487 4967
488 3124
489 3737
490 3219
491 3312
492 3390
493 2546
494 2784
495 3414
496 4632
497 3574
498 4387
499 62053
500 3313
501 2864
502 3516
503 3797
504 3445
505 3152
506 5397
507 26670
508 3584
509 4725
510 6797
511 8385
512 3977
513 3378
514 4014
515 4521
516 4415
517 4683
518 5503
519 5789
520 3735
521 4248
522 5469
523 4913
524 4542
525 4636
526 2877
527 7919
528 3047
529 2692
530 4506
531 5235
532 3028
533 4755
534 5264
535 3665
536 2815
537 3148
538 2757
539 3694
540 3094
541 3250
542 3282
543 4125
544 3112
545 3618
546 5005
547 3944
548 3668
549 2540
550 3403
551 3331
552 3537
553 5284
554 5887
555 4429
556 3850
557 3911
558 3595
559 4532
560 8546
561 9434
562 4708
563 3226
564 4296
565 2984
566 3595
567 3801
568 3517
569 7056
570 3606
571 3654
572 3802
573 3124
574 3295
575 35985
576 3779
577 4102
578 3307
579 2589
580 2778
581 2710
582 2595
583 3006
584 2458
585 3547
586 3811
587 2637
588 2137
589 3537
590 124226
591 5297
592 4184
593 3595
594 3377
595 3165
596 2552
597 3051
598 3543
599 6413
600 2729
601 4103
602 4743
603 3907
604 3433
605 3114
606 4170
607 3579
608 4660
609 5972
610 5568
611 3566
612 4894
613 3313
614 3698
615 7271
616 2933
617 2890
618 4229
619 3617
620 3993
621 3054
622 3394
623 2244
624 2745
625 2969
626 4803
627 4918
628 4267
629 3094
630 2794
631 2409
632 2376
633 1917
634 3105
635 3013
636 4296
637 3056
638 3382
639 2293
640 9857
641 2441
642 3811
643 2662
644 2187
645 2142
646 3242
647 2753
648 2516
649 2614
650 3309
651 2291
652 2269
653 2662
654 3489
655 2807
656 2118
657 3962
658 2570
659 2265
660 2585
661 2878
662 3474
663 2477
664 2805
665 2585
666 3342
667 4717
668 2496
669 2915
670 3130
671 2147
672 2237
673 2806
674 3257
675 1645
676 1909
677 1754
678 2440
679 2101
680 2210
681 1642
682 2128
683 1999
684 2197
685 1670
686 1678
687 1602
688 1719
689 1779
690 2342
691 25446
692 1934
693 1839
694 2093
695 1954
696 1902
697 1788
698 2298
699 1835
700 1962
701 2726
702 4495
703 2870
704 1753
705 2040
706 2336
707 2558
708 1349
709 1914
710 2103
711 1949
712 1588
713 1881
714 8015
715 1538
716 2819
717 1685
718 1882
719 2158
720 3663
721 1742
722 1553
723 1230
724 1372
725 1134
726 1977
727 1633
728 1661
729 2361
730 1766
731 1554
732 1445
733 1594
734 1304
735 2124
736 1351
737 1811
738 2361
739 2075
740 1119
741 2288
742 1486
743 2102
744 1034
745 1803
746 4800
747 3658
748 1851
749 1635
750 4580
751 1375
752 7127
753 2473
754 5326
755 1726
756 1562
757 1353
758 2277
759 2074
760 1548
761 6096
762 2589
763 2681
764 16514
765 2061
766 2360
767 2138
768 1532
769 2404
770 5257
771 2106
772 976
773 2736
774 2413
775 1644
776 941
777 2325
778 2858
779 1543
780 1671
781 1592
782 3349
783 1491
784 948
785 1223
786 3529
787 2731
788 1532
789 1205
790 2272
791 1520
792 1597
793 1082
794 2329
795 1762
796 921
797 1537
798 2280
799 1512
800 1393
801 1526
802 2004
803 1320
804 1575
805 1750
806 1729
807 1375
808 1100
809 2178
810 1750
811 1994
812 838
813 2114
814 2574
815 1338
816 810
817 2012
818 1752
819 2312
820 2357
821 1089
822 1244
823 1513
824 1160
825 1859
826 2099
827 1119
828 835
829 1443
830 2106
831 2225
832 1305
833 3016
834 1355
835 1038
836 779
837 1474
838 1018
839 1546
840 1980
841 4282
842 6163
843 4091
844 14537
845 1480
846 2333
847 734
848 1131
849 809
850 2759
851 2656
852 777
853 772
854 1387
855 1144
856 751
857 793
858 2176
859 1238
860 651
861 728
862 6362
863 780
864 1045
865 1702
866 1648
867 1021
868 1867
869 1181
870 770
871 611
872 500
873 1516
874 1417
875 948
876 24544
877 1056
878 776
879 35573
880 456
881 1047
882 776
883 829
884 663
885 871
886 1315
887 817
888 933
889 1152
890 963
891 15903
892 690
893 1594
894 1002
895 825
896 8127
897 933
898 1939
899 770
900 946
901 597
902 750
903 478
904 1851
905 809
906 1989
907 822
908 1405
909 859
910 784
911 12032
912 468
913 746
914 8863
915 1586
916 750
917 680
918 813
919 764
920 835
921 5579
922 1112
923 826
924 863
925 583
926 526
927 412
928 592
929 848
930 1575
931 563
932 578
933 1203
934 981
935 867
936 1170
937 778
938 1185
939 643
940 655
941 611
942 570
943 495
944 601
945 1119
946 3846
947 537
948 503
949 683
950 699
951 635
952 521
953 1501
954 1158
955 874
956 478
957 2599
958 923
959 655
960 467
961 997
962 768
963 457
964 700
965 1403
966 532
967 890
968 648
969 1010
970 729
971 512
972 429
973 1106
974 1164
975 750
976 629
977 1084
978 1420
979 875
980 591
981 1390
982 577
983 3741
984 966
985 1182
986 2018
987 5985
988 340
989 1236
990 692
991 1233
992 698
993 2897
994 960
995 1686
996 792
997 772
998 483
999 822
1000 1452
1001 1265
1002 957
1003 415
1004 635
1005 599
1006 630
1007 1124
1008 1021
1009 755
1010 868
1011 568
1012 808
1013 1006
1014 640
1015 547
1016 1377
1017 596
1018 1861
1019 1093
1020 833
1021 726
1022 1400
1023 1361
1024 592
1025 651
1026 1293
1027 717
1028 423
1029 1817
1030 1209
1031 1232
1032 1162
1033 982
1034 1571
1035 622
1036 537
1037 1104
1038 1670
1039 455
1040 488
1041 567
1042 1098
1043 976
1044 914
1045 625
1046 2432
1047 662
1048 837
1049 476
1050 2652
1051 669
1052 938
1053 1032
1054 1207
1055 879
1056 410
1057 3215
1058 1785
1059 528
1060 503
1061 685
1062 689
1063 858
1064 423
1065 1889
1066 753
1067 1680
1068 635
1069 643
1070 474
1071 903
1072 937
1073 415
1074 622
1075 542
1076 763
1077 734
1078 466
1079 402
1080 869
1081 471
1082 1357
1083 9964
1084 984
1085 365
1086 843
1087 1536
1088 577
1089 309
1090 1283
1091 413
1092 7093
1093 537
1094 520
1095 1343
1096 800
1097 421
1098 782
1099 534
1100 499
1101 403
1102 558
1103 485
1104 591
1105 1134
1106 749
1107 442
1108 849
1109 510
1110 915
1111 753
1112 456
1113 494
1114 979
1115 453
1116 747
1117 956
1118 690
1119 916
1120 500
1121 2270
1122 940
1123 357
1124 433
1125 450
1126 1131
1127 781
1128 604
1129 366
1130 870
1131 974
1132 572
1133 613
1134 935
1135 1010
1136 468
1137 659
1138 903
1139 969
1140 9995
1141 796
1142 1148
1143 1729
1144 760
1145 1055
1146 728
1147 1032
1148 1375
1149 790
1150 698
1151 1165
1152 1381
1153 793
1154 1499
1155 774
1156 506
1157 803
1158 866
1159 2996
1160 3247
1161 676
1162 3299
1163 2225
1164 1210
1165 1624
1166 3567
1167 2210
1168 910
1169 1375
1170 1048
1171 817
1172 879
1173 735
1174 1308
1175 5044
1176 941
1177 916
1178 1578
1179 1540
1180 1601
1181 1262
1182 1355
1183 1232
1184 2051
1185 6108
1186 19660
1187 2376
1188 1885
1189 9973
1190 2102
1191 1955
1192 1176
1193 1282
1194 2899
1195 1133
1196 1720
1197 2494
1198 1320
1199 1643
1200 1242
1201 1480
1202 2976
1203 798
1204 1726
1205 1686
1206 2005
1207 1292
1208 1404
1209 718
1210 861
1211 937
1212 1412
1213 1720
1214 1760
1215 1082
1216 1106
1217 1087
1218 2732
1219 1677
1220 4686
1221 1474
1222 1662
1223 1261
1224 1174
1225 1071
1226 1913
1227 3185
1228 1456
1229 1509
1230 7556
1231 2272
1232 1076
1233 1198
1234 2508
1235 1177
1236 2137
1237 1261
1238 1498
1239 1436
1240 1572
1241 1363
1242 1497
1243 1380
1244 1107
1245 1221
1246 1308
1247 1049
1248 853
1249 1430
1250 2355
1251 1633
1252 3210
1253 1865
1254 4438
1255 1708
1256 1955
1257 1123
1258 1099
1259 2178
1260 1968
1261 965
1262 1768
1263 1194
1264 1389
1265 1414
1266 3836
1267 2176
1268 1017
1269 1082
1270 3491
1271 1831
1272 1247
1273 924
1274 1763
1275 4696
1276 2149
1277 2346
1278 1292
1279 5208
1280 1335
1281 1391
1282 1943
1283 2065
1284 2107
1285 2308
1286 3098
1287 3001
1288 1647
1289 1291
1290 2005
1291 2298
1292 1119
1293 1566
1294 7806
1295 1217
1296 1763
1297 7506
1298 1472
1299 1232
1300 1751
1301 4967
1302 1801
1303 3255
1304 734
1305 1103
1306 2573
1307 1166
1308 1026
1309 1675
1310 1800
1311 1645
1312 1179
1313 904
1314 33052
1315 3277
1316 1127
1317 2202
1318 1316
1319 1561
1320 978
1321 1363
1322 1406
1323 1404
1324 2376
1325 771
1326 1318
1327 4053
1328 1341
1329 1758
1330 1484
1331 1351
1332 4286
1333 2287
1334 1396
1335 1740
1336 1423
1337 973
1338 1709
1339 1494
1340 1263
1341 2030
1342 3836
1343 1155
1344 1117
1345 1219
1346 2726
1347 2630
1348 854
1349 1925
1350 8143
1351 1483
1352 1652
1353 2275
1354 22994
1355 1241
1356 3137
1357 3592
1358 54053
1359 3658
1360 4921
1361 1272
1362 2046
1363 12974
1364 6379
1365 858
1366 1517
1367 721
1368 1316
1369 848
1370 1330
1371 975
1372 860
1373 1258
1374 18196
1375 3592
1376 6116
1377 1955
1378 3076
1379 2271
1380 7003
1381 1056
1382 927
1383 1360
1384 2705
1385 1638
1386 3043
1387 756
1388 4299
1389 1438
1390 3830
1391 1307
1392 2623
1393 1064
1394 2747
1395 1205
1396 2542
1397 966
1398 888
1399 1304
1400 1773
1401 1018
1402 1431
1403 1615
1404 9779
1405 1920
1406 8877
1407 1710
1408 3060
1409 3344
1410 3492
1411 1175
1412 2844
1413 953
1414 327876
1415 1035
1416 1572
1417 6067
1418 3499
1419 2366
1420 1199
1421 1088
1422 5645
1423 900
1424 17712
1425 876
1426 54554
1427 3749
1428 709
1429 1293
1430 1760
1431 857
1432 1368
1433 1066
1434 1225335
1435 2554
1436 8241
1437 1585
1438 1883
1439 906
1440 32499
1441 1480
1442 1532553
1443 607
1444 6892
1445 760
1446 9782
1447 945
1448 9830
1449 751
1450 1871
1451 1046
1452 16899
1453 1061
1454 3065924
1455 2140
1456 21248
1457 2323
1458 4067
1459 1416
1460 2885
1461 794
1462 32364
1463 1511
1464 3534041
1465 1144
1466 48607
1467 1176
1468 653815
1469 922
1470 3895
1471 1097
1472 5625
1473 1465
1474 166150
1475 686
1476 2685
1477 777
1478 2128
1479 3583
1480 2688
1481 1312
1482 30650
1483 902
1484 299508
1485 768
1486 2840
1487 1716
1488 834
1489 2287
1490 8606
1491 2561
1492 897
1493 735
1494 219407
1495 863
1496 6845
1497 656
1498 8891
1499 1964
1500 2724
1501 727
1502 22607
1503 1431
1504 4049
1505 740
1506 1494744
1507 1231
1508 3369
1509 1083
1510 284172
1511 739
1512 5308
1513 2463
1514 49054062
1515 0
1516 0
1517 0
1518 0
1519 0
1520 0
1521 0
1522 0
1523 0
1524 0
1525 0
1526 0
1527 0
1528 0
1529 0
1530 0
1531 0
1532 0
1533 0
1534 0
1535 0
1536 0
1537 0
1538 0
1539 0
1540 0
1541 0
1542 0
1543 0
1544 0
1545 0
1546 0
1547 0
1548 0
1549 0
1550 0
1551 0
1552 0
1553 0
1554 0
1555 0
1556 0
1557 0
1558 0
1559 0
1560 0
1561 0
1562 0
1563 0
1564 0
1565 0
1566 0
1567 0
1568 0
1569 0
1570 0
1571 0
1572 0
1573 0
1574 0
1575 0
1576 0
1577 0
1578 0
1579 0
1580 0
1581 0
1582 0
1583 0
1584 0
1585 0
1586 0
1587 0
1588 0
1589 0
1590 0
1591 0
1592 0
1593 0
1594 0
1595 0
1596 0
1597 0
1598 0
1599 0
