0 0
1 0
2 0
3 0
4 0
5 0
6 0
7 0
8 0
9 0
10 0
11 0
12 0
13 0
14 0
15 0
16 0
17 0
18 0
19 0
20 0
21 0
22 0
23 0
24 0
25 0
26 0
27 0
28 0
29 0
30 0
31 0
32 0
33 0
34 0
35 0
36 0
37 0
38 0
39 0
40 0
41 0
42 0
43 0
44 0
45 0
46 0
47 0
48 0
49 0
50 0
51 0
52 0
53 0
54 0
55 0
56 0
57 0
58 0
59 0
60 27865478
61 13051
62 512753
63 10510
64 79531
65 181730
66 9432443
67 26316
68 164937
69 124226
70 255154
71 57559
72 88757
73 40924
74 955053
75 119423
76 36048
77 90286
78 647237
79 210649
80 28976
81 173842
82 201336
83 244594
84 21196
85 173770
86 191587
87 73261
88 168951
89 51480
90 379958
91 140115
92 361292
93 126853
94 559464
95 91514
96 57681
97 24868
98 252863
99 82469
100 1482560
101 35493
102 193265
103 107486
104 18574
105 17481
106 203921
107 187435
108 9951
109 14908
110 124067
111 48188
112 11419
113 7941
114 20140
115 6749
116 15951
117 4908
118 46768
119 15957
120 26363
121 24636
122 20488
123 4808
124 326550
125 17411
126 21553
127 13818
128 66305
129 14041
130 8403
131 15511
132 23058
133 21947
134 64605
135 13703
136 11759
137 14819
138 16212
139 31452
140 17470
141 38447
142 24647
143 12407
144 19681
145 13774
146 21289
147 9228
148 14652
149 32506
150 42813
151 6290
152 5782
153 4349
154 12934
155 15601
156 10512
157 24068
158 25124
159 28900
160 6767
161 13700
162 9543
163 43024
164 7581
165 4385
166 10683
167 6177
168 4807
169 4031
170 5487
171 5902
172 3155
173 3939
174 75600
175 4472
176 2410
177 8689
178 3533
179 5871
180 4685
181 3826
182 9965
183 5206
184 3265
185 5171
186 4435
187 3035
188 2942
189 1908
190 5215
191 5767
192 1834
193 7193
194 6104
195 5600
196 2116
197 1739
198 1948
199 5833
200 2486
201 2766
202 9402
203 2417
204 7762
205 3179
206 4804
207 5434
208 2164
209 4034
210 6273
211 4349
212 2151
213 2862
214 1428084
215 3750
216 3854
217 2555
218 34766
219 8074
220 1682
221 8424
222 4581
223 1713
224 16567
225 4762
226 5391
227 2879
228 1729
229 1506
230 3473
231 4510
232 11506
233 3093
234 4023
235 1601
236 3822
237 4816
238 2545
239 1948
240 2380
241 2584
242 3294
243 3153
244 2650
245 1860
246 1880
247 6260
248 1475
249 2136
250 3330
251 1932
252 3294
253 4669
254 1947
255 2202
256 1321
257 2913
258 5993
259 1688
260 4319
261 2924
262 4271
263 1859
264 2606
265 22912
266 6364
267 2834
268 2055
269 4680
270 2085
271 1209
272 2562
273 2926
274 3863
275 3444
276 1963
277 1481
278 3762
279 2291
280 2824
281 1517
282 3692
283 1611
284 2108
285 1455
286 2837
287 2992
288 991
289 1506
290 1546
291 3632
292 3229
293 1824
294 1973
295 1418
296 1810
297 4013
298 10090
299 16001
300 8554
301 2021
302 2154
303 1821
304 2098
305 1818
306 8157
307 1052
308 2363
309 1530
310 2247
311 4862
312 1443
313 829
314 2304
315 1175
316 1864
317 1925
318 2259
319 2525
320 1921
321 946
322 2115
323 1143
324 1755
325 1294
326 2204
327 6904
328 4922
329 8699
330 8318
331 7594
332 1427
333 915
334 1239
335 2445
336 11537
337 10714
338 9655
339 4025
340 1188
341 33521
342 4456
343 2329
344 1328
345 1593
346 3153
347 6776
348 7669
349 6327
350 3329
351 2673
352 3123
353 3803
354 3942
355 3986
356 4928
357 2898
358 96043
359 81535
360 66353
361 64414
362 60681
363 26045
364 1917
365 1376
366 2557
367 2170
368 1264
369 1272
370 1865
371 9482
372 16405
373 8777
374 8428
375 5562
376 2597
377 12317
378 7234
379 2665
380 2132
381 2334
382 2753
383 30673
384 16031
385 9244
386 6772
387 4869
388 7993
389 2441
390 3662
391 3663
392 3608
393 5462
394 2100
395 2499
396 1865
397 5455
398 2045
399 1520
400 2719
401 2817
402 4139
403 4550
404 5140
405 4114
406 4245
407 4321
408 2030
409 18041
410 1850
411 3919
412 2124
413 8034
414 4423
415 6121
416 2077
417 5584
418 2940
419 7285
420 1734
421 11380
422 1951
423 42310
424 2692
425 9571
426 45421
427 9338
428 2079
429 5122
430 1755
431 5590
432 2599
433 4542
434 1620
435 3180
436 2361
437 3355
438 2068
439 6485
440 84640
441 5021
442 2667
443 6320
444 5126
445 14392
446 3745
447 4537
448 2265
449 3841
450 2557
451 4282
452 3545
453 4470
454 2509
455 2938
456 2578
457 3296
458 4561
459 2960
460 1953
461 2941
462 2320
463 3231
464 168525
465 16290
466 2115
467 2765
468 2831
469 2814
470 3001
471 2995
472 2401
473 4221
474 2671
475 3751
476 2397
477 3678
478 2800
479 4511
480 13529
481 3569
482 5542
483 3565
484 7883
485 5351
486 2950
487 4294
488 3208
489 3761
490 3063
491 3226
492 3558
493 2568
494 2900
495 3367
496 4630
497 14248
498 4932
499 61810
500 3463
501 3233
502 3935
503 3894
504 3560
505 3312
506 5499
507 26429
508 3717
509 4575
510 7012
511 8761
512 4179
513 3270
514 3875
515 4680
516 4625
517 4852
518 5620
519 5860
520 3762
521 4734
522 5648
523 5112
524 4515
525 4993
526 2830
527 7963
528 3043
529 2606
530 4543
531 5241
532 3128
533 4987
534 5269
535 3541
536 2631
537 3336
538 2554
539 3909
540 3025
541 3245
542 3156
543 4046
544 3296
545 3949
546 7036
547 3912
548 3697
549 2818
550 3103
551 3544
552 3641
553 5462
554 6024
555 5077
556 4033
557 3975
558 3937
559 4978
560 9062
561 10494
562 4715
563 3182
564 3845
565 3245
566 3867
567 3728
568 3293
569 7547
570 3351
571 3567
572 3569
573 3053
574 3229
575 36204
576 3859
577 4041
578 3265
579 2513
580 2811
581 2753
582 3091
583 3091
584 2660
585 3715
586 3690
587 2778
588 2296
589 3519
590 136046
591 5923
592 4080
593 3676
594 3509
595 3315
596 2488
597 2869
598 3757
599 8111
600 2787
601 4024
602 4530
603 3994
604 3310
605 3032
606 4106
607 3406
608 5122
609 5844
610 5421
611 3492
612 4746
613 3130
614 3838
615 3314
616 2787
617 2882
618 4045
619 3303
620 2921
621 2630
622 3418
623 2282
624 2968
625 3058
626 4514
627 4955
628 4248
629 3012
630 3198
631 2360
632 2541
633 2081
634 3221
635 2976
636 4529
637 3454
638 3300
639 2353
640 2534
641 2545
642 3720
643 2731
644 2255
645 2182
646 3081
647 2948
648 2655
649 2762
650 2361
651 2408
652 2009
653 2212
654 2945
655 2618
656 2021
657 4951
658 3278
659 2261
660 2405
661 2948
662 3469
663 2154
664 2842
665 2010
666 3282
667 2309
668 2405
669 3156
670 5090
671 2307
672 2335
673 2925
674 3071
675 1648
676 1902
677 1680
678 2505
679 2137
680 2164
681 1823
682 2208
683 1993
684 2358
685 1789
686 1829
687 1746
688 1852
689 1893
690 2487
691 25135
692 1741
693 1928
694 2198
695 1922
696 1998
697 1497
698 2256
699 1826
700 1979
701 2978
702 4340
703 3018
704 1774
705 2063
706 2092
707 2604
708 1516
709 1707
710 2040
711 1925
712 1639
713 1907
714 8386
715 1636
716 2740
717 1737
718 1961
719 2130
720 3602
721 1670
722 1651
723 1332
724 1378
725 1199
726 2152
727 2429
728 1783
729 2391
730 1704
731 1482
732 1508
733 1883
734 1705
735 2199
736 1294
737 1831
738 2020
739 2035
740 1038
741 2418
742 1553
743 2324
744 1053
745 1765
746 5000
747 3622
748 1873
749 3401
750 6164
751 1309
752 6980
753 2215
754 2680
755 1586
756 1441
757 1416
758 2479
759 3543
760 1673
761 6137
762 2798
763 2445
764 18149
765 2544
766 6160
767 10073
768 8157
769 1869
770 5076
771 1630
772 1023
773 2640
774 2591
775 1631
776 933
777 2126
778 2826
779 1527
780 2068
781 1479
782 3752
783 2087
784 1216
785 1220
786 3537
787 1824
788 1566
789 1040
790 2263
791 945
792 1227
793 936
794 2327
795 972
796 904
797 1296
798 2412
799 1166
800 1469
801 1464
802 1936
803 1206
804 1752
805 1600
806 1760
807 937
808 1119
809 1317
810 1685
811 1376
812 959
813 1865
814 4276
815 970
816 844
817 1457
818 1727
819 2547
820 2393
821 800
822 1431
823 1128
824 1320
825 1084
826 2126
827 761
828 818
829 1029
830 1813
831 2105
832 1363
833 2768
834 1027
835 667
836 872
837 1218
838 983
839 1461
840 1907
841 5322
842 6170
843 3687
844 14606
845 1531
846 2308
847 779
848 1208
849 820
850 2665
851 2745
852 1127
853 780
854 1582
855 1148
856 731
857 808
858 1730
859 1359
860 702
861 788
862 6279
863 842
864 1110
865 1745
866 1415
867 1120
868 1790
869 1192
870 678
871 622
872 484
873 1496
874 1339
875 955
876 24174
877 1164
878 932
879 35598
880 464
881 1140
882 718
883 805
884 666
885 836
886 1289
887 802
888 860
889 1180
890 997
891 16186
892 687
893 1673
894 995
895 845
896 996
897 863
898 1774
899 779
900 1045
901 720
902 1033
903 534
904 1832
905 761
906 1938
907 812
908 1505
909 823
910 1682134
911 11934
912 542
913 771
914 10746
915 1751
916 767
917 689
918 881
919 771
920 872
921 5562
922 1404
923 792
924 927
925 620
926 588
927 432
928 650
929 823
930 1440
931 536
932 569
933 1224
934 1006
935 906
936 1216
937 785
938 1093
939 691
940 742
941 658
942 479
943 562
944 597
945 236251
946 3655
947 560
948 505
949 621
950 731
951 642
952 489
953 1527
954 1198
955 1006
956 432
957 2747
958 779
959 754
960 477
961 939
962 619
963 476
964 711
965 1366
966 514
967 804
968 620
969 1012
970 769
971 517
972 474
973 1081
974 1132
975 897
976 3372
977 1090
978 1408
979 792
980 624
981 1302
982 637
983 3593
984 980
985 1147
986 1992
987 5943
988 371
989 1293
990 690
991 1176
992 751
993 2036
994 741
995 1672
996 500
997 733
998 483
999 1280
1000 1377
1001 1226
1002 864
1003 379
1004 659
1005 621
1006 686
1007 1170
1008 996
1009 842
1010 714
1011 629
1012 765
1013 1070
1014 476
1015 586
1016 1381
1017 577
1018 1566
1019 1814
1020 2852
1021 706
1022 774
1023 1385
1024 650
1025 656
1026 1021
1027 709
1028 433
1029 744
1030 478
1031 754
1032 897
1033 555
1034 1100
1035 447
1036 551
1037 989
1038 3492
1039 422
1040 442
1041 554
1042 954
1043 858
1044 869
1045 545
1046 2263
1047 595
1048 861
1049 493
1050 2634
1051 671
1052 862
1053 930
1054 1052
1055 852
1056 438
1057 4797
1058 1283
1059 636
1060 476
1061 656
1062 603
1063 767
1064 430
1065 1816
1066 649
1067 1491
1068 696
1069 523
1070 508
1071 963
1072 739
1073 421
1074 583
1075 538
1076 818
1077 705
1078 421
1079 419
1080 940
1081 449
1082 882
1083 479
1084 1011
1085 363
1086 821
1087 1493
1088 605
1089 339
1090 1091
1091 472
1092 8828
1093 536
1094 561
1095 1468
1096 796
1097 407
1098 770
1099 479
1100 589
1101 422
1102 581
1103 2272
1104 567
1105 1225
1106 662
1107 485
1108 859
1109 529
1110 1015
1111 761
1112 515
1113 508
1114 1205
1115 450
1116 719
1117 976
1118 742
1119 871
1120 477
1121 2340
1122 576
1123 408
1124 422
1125 472
1126 1104
1127 607
1128 612
1129 342
1130 795
1131 972
1132 542
1133 594
1134 942
1135 1000
1136 459
1137 539
1138 776
1139 1038
1140 15317
1141 821
1142 1120
1143 1720
1144 846
1145 917
1146 783
1147 1141
1148 1396
1149 802
1150 732
1151 1336
1152 1372
1153 778
1154 1222
1155 696
1156 572
1157 765
1158 915
1159 2852
1160 3293
1161 587
1162 2371
1163 1338
1164 624
1165 1279
1166 2869
1167 1341
1168 758
1169 1154
1170 925
1171 692
1172 683
1173 651
1174 1294
1175 4644
1176 846
1177 664
1178 1589
1179 1308
1180 1663
1181 1313
1182 1392
1183 1127
1184 2082
1185 6166
1186 17925
1187 2349
1188 1575
1189 9619
1190 2046
1191 1876
1192 982
1193 1193
1194 3093
1195 1258
1196 1553
1197 2535
1198 834
1199 1369
1200 1061
1201 1309
1202 3185
1203 910
1204 1543
1205 1787
1206 30416
1207 1288
1208 1455
1209 815
1210 1380
1211 863
1212 1449
1213 1558
1214 2054
1215 1073
1216 1049
1217 1091
1218 32062
1219 1715
1220 4899
1221 1489
1222 1676
1223 1085
1224 1104
1225 1042
1226 2531
1227 3261
1228 1580
1229 1580
1230 17787
1231 2294
1232 1288
1233 1329
1234 2943
1235 1209
1236 1947
1237 1198
1238 2371
1239 1895
1240 1283
1241 1519
1242 4654
1243 1192
1244 974
1245 1042
1246 1923
1247 1111
1248 864
1249 1091
1250 2494
1251 1256
1252 2998
1253 1760
1254 7631
1255 1563
1256 2014
1257 1208
1258 1561
1259 2057
1260 1931
1261 875
1262 2562
1263 1243
1264 1400
1265 1451
1266 7748
1267 3053
1268 942
1269 931
1270 4099
1271 1809
1272 1124
1273 847
1274 27050
1275 4656
1276 2097
1277 2446
1278 2757
1279 5399
1280 1525
1281 1635
1282 2343
1283 1519
1284 1094
1285 1082
1286 2215
1287 1418
1288 878
1289 1044
1290 20187
1291 2173
1292 944
1293 1320
1294 10355
1295 997
1296 1723
1297 7803
1298 1940
1299 1148
1300 1605
1301 4949
1302 2805
1303 3747
1304 717
1305 1290
1306 3453
1307 1058
1308 1057
1309 1514
1310 1669
1311 1568
1312 1566
1313 944
1314 52855
1315 2957
1316 1131
1317 2008
1318 1788
1319 1644
1320 988
1321 1388
1322 2942
1323 1234
1324 1799
1325 853
1326 21418
1327 3931
1328 2531
1329 1680
1330 2593
1331 1223
1332 4150
1333 2394
1334 5051
1335 1665
1336 1231
1337 882
1338 10672
1339 1443
1340 1222
1341 1976
1342 5234
1343 1099
1344 822
1345 1224
1346 5209
1347 2693
1348 952
1349 6320
1350 10402
1351 1418
1352 1947
1353 2435
1354 23721
1355 1247
1356 3763
1357 3496
1358 5196
1359 3710
1360 4955
1361 1272
1362 4673
1363 9850
1364 18003
1365 788
1366 2892
1367 802
1368 1734
1369 976
1370 2090
1371 1016
1372 1248
1373 1174
1374 9261
1375 3467
1376 6042
1377 1952
1378 4105
1379 2387
1380 6892
1381 1066
1382 1534
1383 1272
1384 2842
1385 1845
1386 45285
1387 854
1388 4062
1389 1391
1390 4658
1391 1287
1392 2574
1393 1125
1394 4724
1395 1166
1396 2071
1397 926
1398 30246
1399 1320
1400 1656
1401 1088
1402 2388
1403 1576
1404 11957
1405 1845
1406 9502
1407 2015
1408 3281
1409 3034
1410 13110
1411 1092
1412 4196
1413 885
1414 344426
1415 1079
1416 1656
1417 3717
1418 5107
1419 2235
1420 998
1421 1051
1422 7561
1423 900
1424 19721
1425 870
1426 59751
1427 3712
1428 764
1429 1165
1430 2673
1431 904
1432 944
1433 1056
1434 1219669
1435 2510
1436 4056
1437 1757
1438 3551
1439 948
1440 32898
1441 1357
1442 1529601
1443 738
1444 129896
1445 770
1446 9434
1447 1050
1448 5279
1449 842
1450 5578
1451 961
1452 22593
1453 1257
1454 3010681
1455 1491
1456 6147
1457 2487
1458 184399
1459 1414
1460 1178
1461 774
1462 46083
1463 1511
1464 3570494
1465 20264
1466 186711
1467 257803
1468 757131
1469 1113
1470 1010891
1471 1697555
1472 4641
1473 1514
1474 73269
1475 622
1476 2306
1477 8777
1478 2182
1479 3553
1480 3402902
1481 1427
1482 6792
1483 908
1484 323698
1485 792
1486 6095
1487 1700
1488 764
1489 2298
1490 12727
1491 2613
1492 943
1493 793
1494 227930
1495 941
1496 7201
1497 691
1498 9585
1499 2070
1500 2907
1501 662
1502 5008
1503 1243
1504 2117
1505 703
1506 1834563
1507 1292
1508 865
1509 1119
1510 296482
1511 668
1512 2638
1513 32145
1514 48340405
1515 0
1516 0
1517 0
1518 0
1519 0
1520 0
1521 0
1522 0
1523 0
1524 0
1525 0
1526 0
1527 0
1528 0
1529 0
1530 0
1531 0
1532 0
1533 0
1534 0
1535 0
1536 0
1537 0
1538 0
1539 0
1540 0
1541 0
1542 0
1543 0
1544 0
1545 0
1546 0
1547 0
1548 0
1549 0
1550 0
1551 0
1552 0
1553 0
1554 0
1555 0
1556 0
1557 0
1558 0
1559 0
1560 0
1561 0
1562 0
1563 0
1564 0
1565 0
1566 0
1567 0
1568 0
1569 0
1570 0
1571 0
1572 0
1573 0
1574 0
1575 0
1576 0
1577 0
1578 0
1579 0
1580 0
1581 0
1582 0
1583 0
1584 0
1585 0
1586 0
1587 0
1588 0
1589 0
1590 0
1591 0
1592 0
1593 0
1594 0
1595 0
1596 0
1597 0
1598 0
1599 0
