0 0
1 0
2 0
3 0
4 0
5 0
6 0
7 0
8 0
9 0
10 0
11 0
12 0
13 0
14 0
15 0
16 0
17 0
18 0
19 0
20 0
21 0
22 0
23 0
24 0
25 0
26 0
27 0
28 0
29 0
30 0
31 0
32 0
33 0
34 0
35 0
36 0
37 0
38 0
39 0
40 0
41 0
42 0
43 0
44 0
45 0
46 0
47 0
48 0
49 0
50 0
51 0
52 0
53 0
54 0
55 0
56 0
57 0
58 0
59 0
60 23356235
61 10642
62 360957
63 7144
64 6888
65 160377
66 8005340
67 16993
68 139355
69 111590
70 43539
71 51914
72 68987
73 40788
74 781053
75 19967
76 11005
77 103750
78 359343
79 47546
80 17178
81 52052
82 77429
83 3661
84 5123
85 77257
86 97763
87 40476
88 58041
89 5731
90 58434
91 4729
92 19670
93 31120
94 129602
95 16990
96 15039
97 8802
98 43214
99 27919
100 5300
101 17976
102 70867
103 76664
104 4326
105 6428
106 163191
107 163084
108 4406
109 43219
110 14111
111 21110
112 7601
113 5270
114 15657
115 3557
116 4018
117 3026
118 39446
119 8091
120 16446
121 23015
122 27132
123 4875
124 14234
125 22894
126 10196
127 5246
128 8745
129 3313
130 3324
131 8442
132 5577
133 3645
134 20952
135 7453
136 2792
137 13727
138 4289
139 3164
140 4528
141 18399
142 2783
143 3359
144 3411
145 2868
146 6949
147 4080
148 12927
149 26985
150 32900
151 3899
152 3663
153 5186
154 3946
155 8641
156 7200
157 4742
158 16235
159 7936
160 4242
161 5040
162 3435
163 3781
164 2679
165 2936
166 4281
167 4667
168 2923
169 2551
170 3454
171 4091
172 2496
173 2867
174 2560
175 2919
176 2029
177 2516
178 2617
179 4173
180 3608
181 2745
182 2130
183 2646
184 2850
185 2378
186 4585
187 1875
188 2277
189 1662
190 3781
191 2090
192 1414
193 2394
194 2951
195 5670
196 2966
197 4121
198 2280
199 6032
200 3249
201 4304
202 2778
203 2565
204 6303
205 2357
206 3650
207 5286
208 1901
209 3522
210 5388
211 4740
212 1531
213 1820
214 2015
215 2465
216 4821
217 2168
218 18080
219 6025
220 2510
221 7453
222 2679
223 1808
224 14859
225 4349
226 4700
227 3044
228 1744
229 1255
230 2370
231 4753
232 12574
233 1605
234 2691
235 1715
236 3150
237 4581
238 1915
239 1915
240 2529
241 2066
242 3053
243 2067
244 2295
245 1516
246 2357
247 5742
248 1210
249 1965
250 5447
251 10326
252 2633
253 3925
254 4542
255 1880
256 1198
257 6063
258 4878
259 2404
260 5968
261 2147
262 2359
263 2449
264 2220
265 18117
266 5283
267 2228
268 1514
269 2260
270 1185
271 1282
272 2158
273 2692
274 2159
275 4388
276 2317
277 1388
278 3435
279 1994
280 2365
281 1369
282 1924
283 1627
284 1865
285 1440
286 2048
287 2529
288 1475
289 1585
290 1261
291 3641
292 3141
293 1485
294 1697
295 1146
296 1563
297 3383
298 8216
299 14508
300 7003
301 4529
302 1647
303 1688
304 2061
305 1594
306 7315
307 1125
308 1981
309 1045
310 1754
311 4034
312 1413
313 826
314 1775
315 1677
316 1392
317 1540
318 1902
319 1435
320 1652
321 1141
322 1799
323 1060
324 1615
325 1291
326 1892
327 6073
328 3955
329 6580
330 6416
331 3354
332 1475
333 1217
334 1746
335 2405
336 10559
337 10711
338 8277
339 3772
340 1304
341 29131
342 5576
343 1681
344 1399
345 1600
346 2840
347 6345
348 6949
349 5878
350 2743
351 2443
352 2912
353 3319
354 3989
355 3601
356 4605
357 2810
358 83036
359 71010
360 58983
361 56715
362 53260
363 23837
364 1848
365 1088
366 2141
367 1897
368 1149
369 997
370 1624
371 8847
372 14588
373 9025
374 7699
375 4935
376 2399
377 10660
378 6261
379 2435
380 2023
381 2229
382 2114
383 27952
384 13772
385 8690
386 5704
387 4119
388 6817
389 1989
390 3718
391 2939
392 3295
393 4789
394 1915
395 2258
396 1580
397 4901
398 1972
399 1390
400 2277
401 2626
402 3623
403 3727
404 4760
405 3323
406 3301
407 4088
408 1912
409 15623
410 2049
411 3284
412 1463
413 6935
414 1842
415 4827
416 1638
417 4868
418 2566
419 5991
420 1375
421 9974
422 1702
423 37067
424 2418
425 8537
426 2013
427 8304
428 1873
429 4279
430 1423
431 4912
432 2110
433 3823
434 1619
435 2744
436 2062
437 3011
438 1907
439 5603
440 75111
441 4243
442 2232
443 4196
444 4453
445 12165
446 3354
447 3902
448 1984
449 3328
450 2687
451 3710
452 3292
453 4040
454 2158
455 2896
456 2236
457 6366
458 4081
459 2261
460 1995
461 2460
462 1737
463 3009
464 1644
465 14181
466 1725
467 2533
468 2149
469 2366
470 1743
471 2747
472 2282
473 2626
474 2241
475 3280
476 2021
477 3022
478 2563
479 4202
480 12377
481 4744
482 6141
483 3248
484 4950
485 5356
486 3018
487 4574
488 4216
489 3427
490 2589
491 3018
492 3139
493 2270
494 2697
495 3034
496 4190
497 3317
498 4734
499 54512
500 3054
501 2745
502 3321
503 3542
504 3085
505 2859
506 4403
507 22991
508 3223
509 3978
510 6046
511 7540
512 3642
513 2988
514 3373
515 3983
516 3987
517 4277
518 4611
519 5309
520 3381
521 3704
522 4807
523 4290
524 3796
525 4302
526 2571
527 7444
528 2653
529 2244
530 3922
531 4731
532 2629
533 4243
534 4539
535 3176
536 2305
537 2960
538 2353
539 3256
540 2569
541 2799
542 2723
543 3630
544 2455
545 3283
546 3856
547 3312
548 3398
549 2363
550 2661
551 3052
552 3263
553 4937
554 5412
555 4707
556 3804
557 3396
558 3210
559 3832
560 7485
561 9544
562 4735
563 2864
564 3316
565 2775
566 3272
567 3251
568 3172
569 6433
570 2893
571 3203
572 3236
573 2823
574 2870
575 31417
576 3293
577 3563
578 2901
579 2271
580 2411
581 2505
582 2297
583 2621
584 2347
585 3385
586 3237
587 2338
588 1855
589 3141
590 149208
591 4882
592 3712
593 2949
594 3050
595 2709
596 2299
597 2726
598 3316
599 6253
600 2697
601 3885
602 4491
603 3719
604 2767
605 5820
606 4845
607 3206
608 4315
609 5301
610 4636
611 3331
612 4311
613 2950
614 3381
615 3321
616 2743
617 2495
618 3347
619 3045
620 2623
621 5407
622 3333
623 2063
624 2508
625 2765
626 3904
627 4471
628 4032
629 2801
630 2696
631 2214
632 2102
633 1749
634 2679
635 2879
636 3737
637 2831
638 3474
639 2282
640 2261
641 2291
642 3761
643 2561
644 2768
645 1855
646 2592
647 2369
648 2295
649 2864
650 2009
651 3064
652 1688
653 3589
654 2588
655 2537
656 1857
657 3282
658 2286
659 2249
660 2363
661 2681
662 3157
663 1917
664 2803
665 1705
666 2745
667 2080
668 2216
669 2824
670 3159
671 3362
672 1950
673 2552
674 2770
675 1384
676 1766
677 1650
678 2293
679 1813
680 1813
681 1543
682 1820
683 1778
684 2053
685 1693
686 3175
687 1462
688 1728
689 1663
690 2087
691 22449
692 1603
693 1521
694 1786
695 1737
696 1797
697 2224
698 1834
699 1577
700 1709
701 2548
702 3787
703 2722
704 1670
705 1857
706 2028
707 2371
708 1206
709 1588
710 2965
711 1689
712 1311
713 1657
714 6840
715 1437
716 2417
717 1548
718 1795
719 1859
720 3289
721 1481
722 1424
723 1157
724 1241
725 1114
726 2095
727 1625
728 1639
729 2107
730 1474
731 1395
732 1299
733 1479
734 1101
735 2099
736 1236
737 1689
738 1823
739 1848
740 912
741 2053
742 1356
743 1907
744 941
745 1674
746 3437
747 3090
748 1263
749 1474
750 3974
751 1151
752 6296
753 2325
754 6004
755 2095
756 1407
757 1172
758 2032
759 2162
760 1466
761 5613
762 2241
763 2613
764 11490
765 1825
766 2117
767 2075
768 1324
769 3521
770 4265
771 2751
772 911
773 3169
774 1915
775 1600
776 929
777 2610
778 2462
779 1524
780 1502
781 1828
782 2878
783 1766
784 743
785 1495
786 3031
787 2571
788 1398
789 1577
790 1906
791 929
792 1149
793 908
794 1604
795 967
796 770
797 1639
798 2128
799 1453
800 1876
801 1862
802 1729
803 1634
804 1387
805 2282
806 1389
807 1540
808 1005
809 2092
810 1339
811 3197
812 774
813 2506
814 3937
815 2190
816 757
817 3023
818 1546
819 3073
820 3309
821 1762
822 1061
823 2240
824 965
825 3347
826 1784
827 1740
828 727
829 2162
830 1463
831 3279
832 1257
833 3210
834 1175
835 1580
836 817
837 1798
838 969
839 1762
840 3173
841 3979
842 6611
843 3163
844 12764
845 1464
846 2210
847 758
848 1060
849 737
850 2237
851 2866
852 959
853 844
854 1206
855 1013
856 636
857 690
858 1587
859 1216
860 630
861 655
862 5440
863 775
864 1232
865 1474
866 1192
867 921
868 1590
869 1043
870 582
871 544
872 494
873 1475
874 1181
875 836
876 21651
877 972
878 741
879 31194
880 440
881 959
882 824
883 941
884 578
885 792
886 1149
887 805
888 964
889 1031
890 774
891 14290
892 496
893 1482
894 998
895 751
896 889
897 852
898 1649
899 715
900 794
901 559
902 690
903 436
904 1655
905 744
906 1640
907 798
908 1227
909 763
910 742
911 10491
912 461
913 742
914 9710
915 1564
916 623
917 600
918 685
919 690
920 751
921 4914
922 927
923 725
924 772
925 585
926 481
927 390
928 582
929 816
930 1209
931 494
932 532
933 1113
934 886
935 800
936 1106
937 707
938 914
939 585
940 598
941 580
942 623
943 486
944 537
945 1034
946 3717
947 447
948 446
949 581
950 618
951 563
952 712
953 1120
954 993
955 621
956 895
957 813
958 814
959 414
960 367
961 832
962 481
963 366
964 651
965 1182
966 468
967 682
968 560
969 874
970 563
971 441
972 365
973 958
974 1014
975 660
976 523
977 981
978 1214
979 777
980 522
981 1167
982 498
983 3211
984 850
985 927
986 1659
987 5243
988 378
989 1084
990 570
991 1004
992 656
993 1755
994 640
995 1434
996 517
997 675
998 478
999 671
1000 1406
1001 1095
1002 719
1003 378
1004 576
1005 503
1006 626
1007 1039
1008 815
1009 701
1010 585
1011 506
1012 754
1013 957
1014 562
1015 514
1016 1602
1017 919
1018 1938
1019 1070
1020 1800
1021 623
1022 657
1023 1136
1024 575
1025 592
1026 869
1027 600
1028 423
1029 847
1030 606
1031 767
1032 874
1033 567
1034 974
1035 445
1036 471
1037 1007
1038 1121
1039 371
1040 429
1041 449
1042 721
1043 807
1044 780
1045 518
1046 1983
1047 529
1048 717
1049 437
1050 2225
1051 564
1052 791
1053 835
1054 1216
1055 741
1056 377
1057 11601
1058 2840
1059 464
1060 459
1061 575
1062 658
1063 366
1064 402
1065 371
1066 577
1067 423
1068 513
1069 487
1070 405
1071 822
1072 785
1073 402
1074 564
1075 519
1076 683
1077 633
1078 446
1079 402
1080 847
1081 403
1082 744
1083 2098
1084 887
1085 329
1086 795
1087 1300
1088 530
1089 426
1090 947
1091 551
1092 7019
1093 553
1094 605
1095 1276
1096 698
1097 426
1098 636
1099 499
1100 412
1101 377
1102 683
1103 444
1104 537
1105 1038
1106 852
1107 1763
1108 1025
1109 790
1110 1233
1111 1105
1112 4323
1113 458
1114 1368
1115 371
1116 629
1117 817
1118 631
1119 792
1120 484
1121 2065
1122 511
1123 336
1124 336
1125 416
1126 1091
1127 554
1128 812
1129 324
1130 742
1131 824
1132 538
1133 539
1134 755
1135 799
1136 381
1137 515
1138 690
1139 744
1140 4356
1141 645
1142 977
1143 1518
1144 758
1145 827
1146 743
1147 876
1148 1360
1149 698
1150 735
1151 955
1152 1283
1153 506
1154 1148
1155 732
1156 537
1157 758
1158 828
1159 2756
1160 2965
1161 763
1162 2245
1163 1122
1164 781
1165 1181
1166 2766
1167 1379
1168 852
1169 1025
1170 930
1171 778
1172 647
1173 634
1174 1134
1175 4340
1176 639
1177 671
1178 1356
1179 1227
1180 1386
1181 973
1182 1015
1183 946
1184 1657
1185 5276
1186 15870
1187 2113
1188 1432
1189 8368
1190 1875
1191 1580
1192 704
1193 957
1194 2289
1195 971
1196 1384
1197 2129
1198 1115
1199 1476
1200 1076
1201 1269
1202 2579
1203 708
1204 1863
1205 1459
1206 1696
1207 1233
1208 1235
1209 645
1210 703
1211 950
1212 1455
1213 1516
1214 1442
1215 1010
1216 944
1217 1320
1218 1702
1219 1574
1220 4571
1221 1542
1222 2944
1223 1068
1224 843
1225 842
1226 1564
1227 2935
1228 1305
1229 1334
1230 6385
1231 2129
1232 1207
1233 1079
1234 2297
1235 1034
1236 1572
1237 1076
1238 1069
1239 1044
1240 1279
1241 1093
1242 1024
1243 943
1244 1053
1245 912
1246 1146
1247 1007
1248 911
1249 997
1250 1875
1251 1161
1252 2857
1253 1479
1254 2808
1255 1521
1256 1697
1257 1046
1258 873
1259 1869
1260 1658
1261 833
1262 1357
1263 988
1264 1282
1265 1332
1266 3597
1267 2625
1268 860
1269 716
1270 2538
1271 1598
1272 937
1273 788
1274 1418
1275 3871
1276 1954
1277 2029
1278 1111
1279 3833
1280 2025
1281 1143
1282 1142
1283 1316
1284 1029
1285 1280
1286 1467
1287 1363
1288 920
1289 914
1290 884
1291 1953
1292 664
1293 1267
1294 12924
1295 1134
1296 1575
1297 6739
1298 1102
1299 890
1300 1502
1301 4019
1302 1300
1303 2963
1304 658
1305 923
1306 2180
1307 930
1308 1090
1309 1191
1310 4701
1311 1245
1312 898
1313 783
1314 89485
1315 2811
1316 1018
1317 1728
1318 1114
1319 1451
1320 962
1321 993
1322 1345
1323 976
1324 2597
1325 784
1326 918
1327 3371
1328 1152
1329 1368
1330 1262
1331 1101
1332 3563
1333 2111
1334 1663
1335 1398
1336 844
1337 604
1338 1329
1339 1221
1340 1128
1341 1687
1342 3236
1343 814
1344 729
1345 1112
1346 2877
1347 2320
1348 841
1349 3758
1350 2756
1351 1317
1352 1373
1353 2053
1354 23561
1355 1125
1356 3103
1357 3187
1358 2435
1359 3195
1360 4509
1361 1225
1362 1716
1363 2676
1364 1241
1365 1213
1366 1113
1367 639
1368 1129
1369 614
1370 958
1371 877
1372 1093
1373 1026
1374 11044
1375 3150
1376 5406
1377 1699
1378 2366
1379 2164
1380 6330
1381 973
1382 782
1383 1097
1384 2160
1385 1575
1386 2654
1387 721
1388 4024
1389 1274
1390 3232
1391 1087
1392 1404
1393 976
1394 2851
1395 1013
1396 1809
1397 868
1398 1216
1399 1184
1400 1811
1401 885
1402 1011
1403 1262
1404 13007
1405 1949
1406 8445
1407 2753
1408 2750
1409 4435
1410 3291
1411 1046
1412 2271
1413 744
1414 323698
1415 835
1416 1481
1417 2656
1418 2697
1419 2099
1420 795
1421 1003
1422 3248
1423 806
1424 18550
1425 753
1426 59519
1427 3243
1428 663
1429 1119
1430 1061
1431 781
1432 802
1433 795
1434 1078612
1435 2301
1436 6877
1437 1354
1438 1622
1439 912
1440 32069
1441 1188
1442 1554376
1443 689
1444 5783
1445 710
1446 8581
1447 858
1448 8575
1449 705
1450 1448
1451 814
1452 5360
1453 989
1454 2624608
1455 1333
1456 9270
1457 2074
1458 3249
1459 1152
1460 2157
1461 601
1462 36402
1463 1466
1464 3026258
1465 1227
1466 54584
1467 1111
1468 565190
1469 789
1470 4168
1471 956
1472 3146
1473 1201
1474 62281
1475 565
1476 2336
1477 718
1478 1478
1479 3071
1480 2441
1481 1228
1482 9745
1483 812
1484 251974
1485 683
1486 5930
1487 1599
1488 696
1489 2106
1490 4354
1491 2259
1492 857
1493 787
1494 251532
1495 816
1496 5246
1497 497
1498 6472
1499 1762
1500 3046
1501 634
1502 18534
1503 1220
1504 3248
1505 1988
1506 1258043
1507 1031
1508 420
1509 1232
1510 289945
1511 653
1512 2263
1513 22942
1514 41989126
1515 0
1516 0
1517 0
1518 0
1519 0
1520 0
1521 0
1522 0
1523 0
1524 0
1525 0
1526 0
1527 0
1528 0
1529 0
1530 0
1531 0
1532 0
1533 0
1534 0
1535 0
1536 0
1537 0
1538 0
1539 0
1540 0
1541 0
1542 0
1543 0
1544 0
1545 0
1546 0
1547 0
1548 0
1549 0
1550 0
1551 0
1552 0
1553 0
1554 0
1555 0
1556 0
1557 0
1558 0
1559 0
1560 0
1561 0
1562 0
1563 0
1564 0
1565 0
1566 0
1567 0
1568 0
1569 0
1570 0
1571 0
1572 0
1573 0
1574 0
1575 0
1576 0
1577 0
1578 0
1579 0
1580 0
1581 0
1582 0
1583 0
1584 0
1585 0
1586 0
1587 0
1588 0
1589 0
1590 0
1591 0
1592 0
1593 0
1594 0
1595 0
1596 0
1597 0
1598 0
1599 0
