0 0
1 0
2 0
3 0
4 0
5 0
6 0
7 0
8 0
9 0
10 0
11 0
12 0
13 0
14 0
15 0
16 0
17 0
18 0
19 0
20 0
21 0
22 0
23 0
24 0
25 0
26 0
27 0
28 0
29 0
30 0
31 0
32 0
33 0
34 0
35 0
36 0
37 0
38 0
39 0
40 0
41 0
42 0
43 0
44 0
45 0
46 0
47 0
48 0
49 0
50 0
51 0
52 0
53 0
54 0
55 0
56 0
57 0
58 0
59 0
60 23143518
61 12914
62 360919
63 7875
64 8494
65 161079
66 8147012
67 15789
68 139822
69 112159
70 41244
71 45664
72 74612
73 51054
74 768255
75 18922
76 11024
77 136654
78 357449
79 40119
80 18168
81 112452
82 68274
83 5609
84 6412
85 81306
86 91441
87 56332
88 54750
89 5107
90 59314
91 4083
92 17734
93 3642
94 101922
95 14414
96 22280
97 8338
98 41299
99 13255
100 6207
101 7618
102 75999
103 77048
104 3782
105 5019
106 162152
107 162992
108 4125
109 4144
110 10154
111 18719
112 8583
113 5241
114 12470
115 3740
116 3922
117 2845
118 37419
119 8815
120 16803
121 4860
122 35953
123 3650
124 10396
125 9773
126 12401
127 4178
128 8740
129 2919
130 3646
131 7004
132 4889
133 2975
134 22079
135 4762
136 2740
137 6507
138 4062
139 2437
140 4384
141 16682
142 2590
143 3266
144 2836
145 2880
146 6254
147 3390
148 8728
149 26978
150 33470
151 3344
152 2740
153 2422
154 4203
155 9226
156 13209
157 3997
158 16171
159 7696
160 9952
161 4908
162 3052
163 5816
164 2649
165 2677
166 4351
167 3636
168 2498
169 2158
170 2755
171 3682
172 23206
173 2661
174 2687
175 2148
176 2039
177 2599
178 2556
179 3677
180 3376
181 2775
182 2028
183 2507
184 2981
185 2125
186 4383
187 2762
188 3663
189 1448
190 3742
191 1743
192 1548
193 2126
194 3216
195 3980
196 3752
197 5143
198 2415
199 5677
200 3350
201 3978
202 2498
203 2576
204 6662
205 2376
206 3883
207 5540
208 2444
209 3168
210 5587
211 5148
212 1876
213 2636
214 1561
215 3299
216 4909
217 2422
218 20051
219 6571
220 2605
221 7761
222 2461
223 1887
224 14999
225 4433
226 4405
227 3243
228 1809
229 1413
230 2450
231 4089
232 9107
233 1677
234 2160
235 1813
236 3179
237 4618
238 2055
239 1862
240 2289
241 2200
242 1895
243 1892
244 2253
245 1515
246 1764
247 5763
248 1092
249 2143
250 2170
251 1730
252 8979
253 4006
254 1624
255 6368
256 1115
257 2620
258 9442
259 1897
260 3054
261 4313
262 2594
263 1548
264 3397
265 18677
266 4832
267 2602
268 1529
269 5695
270 1327
271 1301
272 1890
273 2574
274 1706
275 4044
276 1887
277 1440
278 3155
279 1854
280 2150
281 1172
282 1935
283 1241
284 1755
285 1318
286 1957
287 2772
288 839
289 1114
290 1257
291 3182
292 2752
293 1396
294 3621
295 1123
296 1308
297 3816
298 7456
299 12948
300 6971
301 1388
302 1525
303 1671
304 1852
305 1433
306 7072
307 874
308 3753
309 928
310 1555
311 3935
312 1058
313 666
314 1559
315 968
316 1313
317 1407
318 1708
319 1203
320 1768
321 934
322 1427
323 960
324 1714
325 1096
326 1610
327 6019
328 3919
329 6656
330 6410
331 4227
332 1253
333 794
334 1269
335 2430
336 9863
337 8785
338 8312
339 4005
340 1877
341 29563
342 2876
343 1444
344 1198
345 1499
346 3016
347 6157
348 6722
349 5711
350 2655
351 2292
352 2842
353 2890
354 3348
355 4000
356 5239
357 2223
358 83953
359 74138
360 58330
361 56953
362 53087
363 22784
364 1641
365 1147
366 2083
367 1828
368 1325
369 1025
370 1831
371 8310
372 14420
373 8002
374 7314
375 4847
376 2495
377 10899
378 6835
379 2429
380 2006
381 2085
382 2240
383 27473
384 14978
385 8214
386 5625
387 4149
388 7205
389 1872
390 3226
391 2833
392 3248
393 4785
394 1870
395 2128
396 2138
397 4594
398 1672
399 1366
400 2248
401 2325
402 3429
403 4464
404 4401
405 3664
406 3152
407 3600
408 1726
409 15698
410 1572
411 3532
412 1754
413 6922
414 2717
415 4984
416 1582
417 4811
418 2715
419 6343
420 1480
421 10022
422 1697
423 37316
424 2399
425 8569
426 2193
427 8033
428 1923
429 4259
430 1576
431 4852
432 2113
433 3779
434 1463
435 2919
436 2068
437 2826
438 1702
439 5592
440 75065
441 4288
442 2105
443 4196
444 4596
445 12309
446 3290
447 4074
448 1947
449 3502
450 2101
451 3619
452 3312
453 3970
454 1999
455 2198
456 2192
457 2790
458 4165
459 2248
460 1776
461 2631
462 1865
463 2731
464 1652
465 14233
466 1793
467 2469
468 2126
469 2382
470 2466
471 2480
472 2067
473 2261
474 2381
475 3052
476 2138
477 3074
478 2466
479 3809
480 11854
481 3156
482 4859
483 3141
484 4284
485 4635
486 2517
487 3734
488 2789
489 3085
490 2692
491 2782
492 3134
493 2225
494 2422
495 2850
496 4241
497 2730
498 3563
499 54624
500 3153
501 2765
502 3386
503 3225
504 2879
505 3940
506 4662
507 23143
508 3592
509 4215
510 6145
511 7458
512 3496
513 2822
514 3263
515 4013
516 4021
517 4078
518 4774
519 4964
520 3407
521 3904
522 4513
523 4450
524 3919
525 4076
526 2501
527 6984
528 2593
529 2192
530 3676
531 4424
532 2621
533 4191
534 4457
535 2902
536 2413
537 2699
538 2224
539 3173
540 2628
541 2839
542 2631
543 3394
544 2582
545 3065
546 3615
547 3249
548 3248
549 2522
550 2595
551 2994
552 2936
553 4920
554 5136
555 3897
556 3079
557 3155
558 3693
559 4090
560 7673
561 9234
562 4064
563 2844
564 3383
565 2752
566 3081
567 3266
568 2975
569 6386
570 2982
571 3185
572 3120
573 2753
574 2930
575 31947
576 3570
577 3968
578 3192
579 2232
580 2457
581 2368
582 2198
583 2686
584 2188
585 3207
586 3139
587 2397
588 1956
589 3161
590 133731
591 4672
592 3635
593 3123
594 3036
595 2761
596 2320
597 2693
598 3088
599 6387
600 2492
601 3513
602 4111
603 3319
604 2790
605 2518
606 3583
607 3038
608 3941
609 4834
610 4764
611 3141
612 4349
613 2939
614 3253
615 2591
616 2577
617 2603
618 3310
619 3754
620 2565
621 2293
622 3385
623 2065
624 2392
625 2618
626 3843
627 4432
628 3679
629 2609
630 2512
631 2015
632 2064
633 1823
634 2615
635 2603
636 3818
637 2580
638 2731
639 2171
640 2447
641 2175
642 3461
643 2240
644 1940
645 1763
646 2488
647 2511
648 2241
649 2420
650 1981
651 1799
652 1678
653 1819
654 2564
655 2328
656 1785
657 1956
658 2265
659 1939
660 2187
661 2584
662 2834
663 2127
664 2791
665 1985
666 2510
667 3269
668 2085
669 2641
670 3200
671 1960
672 1879
673 2528
674 2616
675 1366
676 1699
677 1500
678 2048
679 1855
680 2040
681 1673
682 1904
683 1687
684 2270
685 1780
686 1553
687 1391
688 1520
689 1675
690 2161
691 22156
692 1761
693 1644
694 1938
695 1679
696 1719
697 1456
698 1845
699 1552
700 1619
701 2435
702 3997
703 2586
704 1500
705 1792
706 1817
707 2271
708 1186
709 1445
710 1689
711 1656
712 1355
713 1556
714 6870
715 1400
716 2434
717 1484
718 1772
719 1933
720 3188
721 1493
722 1369
723 1151
724 1203
725 1122
726 1801
727 1453
728 1547
729 2133
730 1387
731 1289
732 1280
733 1449
734 1055
735 1759
736 1178
737 1596
738 1655
739 1789
740 1011
741 2012
742 1292
743 1875
744 965
745 1631
746 3674
747 3027
748 1416
749 1393
750 3890
751 1189
752 6242
753 2055
754 2909
755 1302
756 1295
757 1243
758 4306
759 1741
760 1421
761 5218
762 2214
763 2155
764 7196
765 1799
766 2150
767 1733
768 1349
769 1560
770 4273
771 1443
772 851
773 2186
774 2117
775 1425
776 1009
777 1979
778 2465
779 1493
780 1543
781 1175
782 2939
783 1144
784 790
785 979
786 3016
787 1921
788 1403
789 871
790 4108
791 1049
792 1170
793 860
794 1598
795 1160
796 759
797 1138
798 2039
799 1130
800 1309
801 1204
802 1531
803 953
804 1461
805 1245
806 1449
807 689
808 959
809 1427
810 1565
811 1163
812 744
813 1582
814 6268
815 919
816 747
817 1255
818 1600
819 1661
820 3046
821 739
822 1079
823 1100
824 1644
825 959
826 1751
827 715
828 769
829 878
830 1628
831 1333
832 1214
833 2510
834 1310
835 642
836 669
837 1058
838 861
839 1100
840 1846
841 3631
842 5123
843 2745
844 13014
845 1360
846 2257
847 669
848 1010
849 667
850 2389
851 1996
852 753
853 712
854 1202
855 1038
856 643
857 722
858 1648
859 1236
860 573
861 618
862 5585
863 775
864 949
865 1480
866 1146
867 958
868 2159
869 1074
870 627
871 454
872 429
873 1359
874 1209
875 863
876 21399
877 943
878 705
879 31682
880 401
881 969
882 602
883 659
884 616
885 754
886 1101
887 710
888 789
889 947
890 729
891 14375
892 596
893 1398
894 811
895 703
896 995
897 785
898 1504
899 586
900 775
901 538
902 682
903 409
904 1604
905 584
906 1752
907 781
908 1266
909 719
910 761
911 10555
912 402
913 626
914 7508
915 1429
916 658
917 552
918 722
919 694
920 792
921 5053
922 933
923 714
924 754
925 550
926 571
927 373
928 561
929 804
930 1106
931 463
932 530
933 1086
934 908
935 932
936 1076
937 748
938 870
939 676
940 666
941 589
942 480
943 478
944 521
945 968
946 3362
947 481
948 476
949 567
950 632
951 516
952 481
953 1301
954 1007
955 771
956 500
957 2120
958 705
959 573
960 380
961 855
962 501
963 465
964 616
965 1279
966 529
967 710
968 550
969 919
970 562
971 444
972 378
973 895
974 1036
975 660
976 590
977 914
978 1047
979 798
980 793
981 1159
982 527
983 3168
984 853
985 1025
986 1734
987 5285
988 319
989 1148
990 609
991 1053
992 628
993 1774
994 615
995 1430
996 470
997 656
998 454
999 685
1000 1368
1001 1115
1002 893
1003 494
1004 715
1005 622
1006 650
1007 1119
1008 959
1009 747
1010 717
1011 503
1012 730
1013 892
1014 991
1015 514
1016 1363
1017 661
1018 1460
1019 1035
1020 764
1021 635
1022 713
1023 1210
1024 634
1025 591
1026 986
1027 674
1028 448
1029 710
1030 465
1031 694
1032 821
1033 546
1034 888
1035 408
1036 460
1037 922
1038 1355
1039 460
1040 367
1041 522
1042 776
1043 795
1044 782
1045 534
1046 2011
1047 543
1048 792
1049 445
1050 2326
1051 526
1052 795
1053 914
1054 764
1055 781
1056 374
1057 13291
1058 826
1059 468
1060 422
1061 631
1062 533
1063 831
1064 343
1065 2130
1066 519
1067 1922
1068 506
1069 542
1070 450
1071 817
1072 707
1073 529
1074 486
1075 455
1076 687
1077 598
1078 442
1079 328
1080 776
1081 402
1082 682
1083 452
1084 822
1085 315
1086 697
1087 1285
1088 497
1089 296
1090 959
1091 374
1092 7050
1093 445
1094 459
1095 1268
1096 705
1097 390
1098 614
1099 383
1100 377
1101 276
1102 523
1103 432
1104 566
1105 896
1106 533
1107 424
1108 729
1109 471
1110 641
1111 564
1112 395
1113 465
1114 2829
1115 375
1116 627
1117 834
1118 636
1119 760
1120 420
1121 2058
1122 564
1123 303
1124 385
1125 394
1126 1013
1127 556
1128 542
1129 288
1130 730
1131 993
1132 483
1133 563
1134 756
1135 826
1136 482
1137 446
1138 605
1139 743
1140 3546
1141 711
1142 1005
1143 1507
1144 767
1145 859
1146 741
1147 849
1148 1354
1149 656
1150 557
1151 997
1152 1267
1153 592
1154 1073
1155 658
1156 428
1157 816
1158 838
1159 2489
1160 2853
1161 583
1162 3893
1163 868
1164 616
1165 1152
1166 2539
1167 1194
1168 583
1169 1142
1170 692
1171 490
1172 688
1173 507
1174 1242
1175 4257
1176 679
1177 703
1178 1230
1179 1336
1180 1347
1181 1366
1182 1239
1183 1019
1184 2545
1185 5335
1186 15858
1187 2098
1188 1400
1189 8532
1190 1808
1191 1649
1192 865
1193 1071
1194 2374
1195 959
1196 1439
1197 2071
1198 1061
1199 1447
1200 1088
1201 1267
1202 2574
1203 732
1204 2349
1205 1588
1206 1798
1207 1227
1208 1348
1209 675
1210 781
1211 779
1212 1411
1213 1400
1214 1456
1215 1030
1216 977
1217 903
1218 2226
1219 1511
1220 4205
1221 1289
1222 1444
1223 974
1224 906
1225 1021
1226 1519
1227 2966
1228 1309
1229 1359
1230 6721
1231 2173
1232 1229
1233 1129
1234 2154
1235 951
1236 2020
1237 1148
1238 1071
1239 1069
1240 1302
1241 1162
1242 1170
1243 979
1244 1019
1245 943
1246 1080
1247 953
1248 961
1249 909
1250 1828
1251 991
1252 2741
1253 1549
1254 2536
1255 1479
1256 1684
1257 934
1258 1049
1259 1752
1260 1653
1261 788
1262 1305
1263 1126
1264 1283
1265 1284
1266 4844
1267 3567
1268 927
1269 769
1270 2770
1271 1498
1272 1069
1273 870
1274 1453
1275 4145
1276 1994
1277 2177
1278 1110
1279 4004
1280 1210
1281 1271
1282 1383
1283 1267
1284 898
1285 1005
1286 1168
1287 1233
1288 876
1289 743
1290 921
1291 1909
1292 738
1293 1216
1294 4003
1295 940
1296 1708
1297 6820
1298 1138
1299 989
1300 1390
1301 4169
1302 1362
1303 2949
1304 650
1305 716
1306 2331
1307 981
1308 878
1309 1330
1310 1385
1311 1431
1312 1031
1313 814
1314 32571
1315 2723
1316 964
1317 1886
1318 1236
1319 1652
1320 980
1321 1093
1322 1173
1323 1138
1324 1200
1325 762
1326 844
1327 3528
1328 1124
1329 1473
1330 1269
1331 1203
1332 3716
1333 1964
1334 1066
1335 1437
1336 811
1337 752
1338 1449
1339 1237
1340 944
1341 1757
1342 3131
1343 870
1344 645
1345 1118
1346 5929
1347 2271
1348 765
1349 4213
1350 4504
1351 1310
1352 2615
1353 2099
1354 22258
1355 1109
1356 3679
1357 3095
1358 2107
1359 3240
1360 4747
1361 1058
1362 1700
1363 7113
1364 11886
1365 829
1366 2185
1367 615
1368 1187
1369 709
1370 1333
1371 983
1372 1085
1373 1004
1374 12334
1375 2992
1376 5554
1377 1845
1378 2542
1379 1885
1380 6329
1381 972
1382 671
1383 1181
1384 2419
1385 1629
1386 2488
1387 696
1388 4031
1389 1296
1390 3229
1391 1249
1392 1585
1393 985
1394 2764
1395 1012
1396 2270
1397 817
1398 1282
1399 1116
1400 1385
1401 951
1402 1068
1403 1395
1404 9475
1405 1810
1406 9647
1407 1510
1408 2924
1409 2605
1410 3678
1411 939
1412 2190
1413 927
1414 300191
1415 930
1416 1538
1417 6292
1418 4855
1419 2119
1420 1131
1421 891
1422 3564
1423 659
1424 27490
1425 829
1426 50902
1427 3324
1428 619
1429 1044
1430 1430
1431 807
1432 1691
1433 952
1434 1146992
1435 2364
1436 5315
1437 1416
1438 1652
1439 870
1440 32620
1441 1328
1442 1410749
1443 545
1444 10961
1445 661
1446 8478
1447 865
1448 7055
1449 608
1450 2879
1451 807
1452 15273
1453 961
1454 2757560
1455 1306
1456 12183
1457 2106
1458 3204
1459 1151
1460 893
1461 631
1462 36540
1463 2014
1464 3044774
1465 944
1466 50272
1467 1067
1468 525641
1469 764
1470 9033
1471 906
1472 26868
1473 1211
1474 65081
1475 657
1476 2142
1477 648
1478 2511
1479 3158
1480 2552
1481 1243
1482 6406
1483 803
1484 247666
1485 747
1486 4814
1487 1549
1488 778
1489 2090
1490 5663
1491 2351
1492 2136
1493 749
1494 227967
1495 789
1496 15927
1497 517
1498 7835
1499 1867
1500 2566
1501 568
1502 23038
1503 1071
1504 2548
1505 778
1506 1153661
1507 1128
1508 1998
1509 1100
1510 306485
1511 641
1512 2930
1513 2491
1514 42152977
1515 0
1516 0
1517 0
1518 0
1519 0
1520 0
1521 0
1522 0
1523 0
1524 0
1525 0
1526 0
1527 0
1528 0
1529 0
1530 0
1531 0
1532 0
1533 0
1534 0
1535 0
1536 0
1537 0
1538 0
1539 0
1540 0
1541 0
1542 0
1543 0
1544 0
1545 0
1546 0
1547 0
1548 0
1549 0
1550 0
1551 0
1552 0
1553 0
1554 0
1555 0
1556 0
1557 0
1558 0
1559 0
1560 0
1561 0
1562 0
1563 0
1564 0
1565 0
1566 0
1567 0
1568 0
1569 0
1570 0
1571 0
1572 0
1573 0
1574 0
1575 0
1576 0
1577 0
1578 0
1579 0
1580 0
1581 0
1582 0
1583 0
1584 0
1585 0
1586 0
1587 0
1588 0
1589 0
1590 0
1591 0
1592 0
1593 0
1594 0
1595 0
1596 0
1597 0
1598 0
1599 0
