0 0
1 0
2 0
3 0
4 0
5 0
6 0
7 0
8 0
9 0
10 0
11 0
12 0
13 0
14 0
15 0
16 0
17 0
18 0
19 0
20 0
21 0
22 0
23 0
24 0
25 0
26 0
27 0
28 0
29 0
30 0
31 0
32 0
33 0
34 0
35 0
36 0
37 0
38 0
39 0
40 0
41 0
42 0
43 0
44 0
45 0
46 0
47 0
48 0
49 0
50 0
51 0
52 0
53 0
54 0
55 0
56 0
57 0
58 0
59 0
60 23095573
61 11460
62 359264
63 7589
64 6593
65 160690
66 8445736
67 15060
68 139070
69 111410
70 41157
71 48084
72 73409
73 17036
74 775756
75 41893
76 17078
77 60938
78 366207
79 50825
80 30699
81 127087
82 71674
83 8251
84 5937
85 71447
86 101651
87 16900
88 56155
89 6624
90 64544
91 3730
92 7580
93 12854
94 109138
95 18397
96 21286
97 8536
98 48277
99 26865
100 14827
101 12750
102 81321
103 77099
104 3828
105 5809
106 161122
107 162792
108 4089
109 6545
110 16635
111 14948
112 9710
113 5014
114 12614
115 3436
116 5154
117 4150
118 36255
119 9095
120 16108
121 20332
122 15451
123 3974
124 13148
125 12043
126 11725
127 4824
128 8960
129 3731
130 8043
131 9014
132 5252
133 3627
134 21965
135 4847
136 3278
137 6447
138 5544
139 3126
140 6467
141 16784
142 2961
143 13807
144 3396
145 3615
146 7377
147 3381
148 8614
149 27060
150 32170
151 3860
152 3001
153 3037
154 4785
155 9515
156 9264
157 4888
158 16366
159 8132
160 4236
161 5387
162 3757
163 14437
164 2878
165 3250
166 4783
167 4201
168 2702
169 2638
170 3043
171 5156
172 2166
173 3108
174 2851
175 2437
176 2243
177 2742
178 2826
179 3859
180 3921
181 3430
182 2410
183 2854
184 3821
185 2899
186 3372
187 1530
188 2463
189 1793
190 3946
191 2176
192 1813
193 2387
194 2933
195 1902
196 3075
197 3243
198 1658
199 5351
200 2437
201 2821
202 3013
203 2305
204 6297
205 2695
206 3761
207 5033
208 1727
209 3747
210 4386
211 4338
212 1498
213 1840
214 2116
215 2490
216 3445
217 2352
218 17151
219 3938
220 1756
221 7613
222 2481
223 2019
224 14849
225 3867
226 4043
227 2735
228 1855
229 1409
230 2415
231 4066
232 9444
233 1523
234 2058
235 1722
236 3060
237 4392
238 1822
239 1937
240 2425
241 2184
242 2041
243 1995
244 2293
245 1591
246 1656
247 5789
248 1571
249 2116
250 2304
251 1726
252 3767
253 3850
254 1446
255 2808
256 1051
257 2806
258 5376
259 2065
260 4532
261 2182
262 2103
263 1450
264 2718
265 19565
266 4758
267 2373
268 1583
269 11381
270 1182
271 1101
272 1909
273 2616
274 2043
275 6043
276 1671
277 1374
278 2622
279 2069
280 2481
281 1254
282 2335
283 1553
284 1691
285 1226
286 2037
287 2331
288 1263
289 1142
290 1322
291 3296
292 3006
293 1411
294 1541
295 1154
296 1554
297 3589
298 7954
299 13871
300 7287
301 1613
302 1685
303 1740
304 1874
305 1410
306 7008
307 865
308 1687
309 1056
310 1497
311 4940
312 1268
313 737
314 1654
315 1101
316 1431
317 1719
318 1796
319 1286
320 1738
321 1714
322 1508
323 1103
324 2185
325 1137
326 2258
327 6518
328 4189
329 7047
330 7255
331 3252
332 1312
333 1176
334 1409
335 2068
336 11130
337 9770
338 7681
339 3527
340 992
341 29007
342 3327
343 1458
344 1066
345 1325
346 2662
347 6112
348 6920
349 5521
350 2758
351 2429
352 2848
353 3277
354 3426
355 3480
356 4694
357 2228
358 85103
359 72672
360 58683
361 56033
362 53149
363 22947
364 1734
365 1020
366 2112
367 1902
368 1179
369 1039
370 1950
371 8377
372 14149
373 7125
374 7091
375 4975
376 2400
377 11116
378 6168
379 2341
380 10911
381 2122
382 2188
383 27336
384 14065
385 8025
386 5639
387 3967
388 6655
389 2121
390 3182
391 2712
392 3220
393 4828
394 1901
395 2259
396 1638
397 4677
398 2007
399 1258
400 2232
401 2437
402 3626
403 3847
404 4883
405 4143
406 3535
407 3814
408 1786
409 15553
410 1533
411 3665
412 1696
413 6929
414 1490
415 4968
416 1503
417 4922
418 2532
419 6359
420 1335
421 10005
422 1816
423 37327
424 2387
425 8644
426 1875
427 8170
428 1912
429 4212
430 1630
431 4878
432 2089
433 3670
434 1387
435 2919
436 1962
437 2959
438 1785
439 5604
440 75005
441 4389
442 2345
443 4234
444 4477
445 11927
446 3453
447 4373
448 1933
449 3115
450 2036
451 3675
452 3312
453 4127
454 2830
455 2317
456 2136
457 2798
458 4108
459 2121
460 1693
461 2587
462 1928
463 2928
464 1737
465 14243
466 1738
467 2551
468 2265
469 2281
470 1895
471 2668
472 2049
473 2541
474 2402
475 3374
476 3058
477 3499
478 2651
479 3983
480 11632
481 3168
482 4602
483 3112
484 4259
485 4564
486 2610
487 4362
488 2973
489 3240
490 3381
491 3368
492 3104
493 2336
494 2387
495 3100
496 4203
497 3511
498 4584
499 54581
500 3058
501 2646
502 3298
503 3574
504 3336
505 2927
506 4551
507 23366
508 3122
509 4029
510 6217
511 7414
512 3636
513 2900
514 3368
515 4099
516 3982
517 4227
518 5087
519 5193
520 3418
521 4078
522 4776
523 4649
524 3743
525 4341
526 2597
527 7002
528 2684
529 2287
530 3909
531 4558
532 2757
533 4314
534 4774
535 3235
536 2463
537 2960
538 2261
539 3132
540 2641
541 2725
542 2765
543 3201
544 2708
545 3370
546 3768
547 3253
548 3274
549 2370
550 2552
551 2866
552 3299
553 4978
554 5474
555 4528
556 3531
557 3426
558 3481
559 4718
560 7620
561 9262
562 4178
563 2761
564 3328
565 2751
566 2981
567 3158
568 2881
569 6613
570 3738
571 3199
572 3277
573 2735
574 2946
575 31752
576 3499
577 3681
578 2867
579 2201
580 2287
581 2354
582 2175
583 2563
584 2169
585 3180
586 3227
587 2287
588 1838
589 3204
590 132055
591 5135
592 3625
593 3059
594 3257
595 2807
596 2175
597 2598
598 3086
599 6776
600 2537
601 3556
602 3924
603 3386
604 2684
605 2640
606 3378
607 2957
608 4037
609 4980
610 4670
611 3031
612 4213
613 2791
614 3216
615 2692
616 2524
617 2617
618 3355
619 3002
620 2717
621 2287
622 2978
623 2047
624 2237
625 2737
626 3911
627 4374
628 3795
629 2691
630 2499
631 2119
632 2291
633 1811
634 2821
635 2983
636 3665
637 2778
638 2733
639 2047
640 2306
641 2306
642 3092
643 2294
644 1971
645 1853
646 2740
647 2480
648 2229
649 2288
650 2207
651 2071
652 1607
653 1854
654 2540
655 2153
656 1921
657 5008
658 2296
659 2209
660 2187
661 2540
662 3219
663 2176
664 2483
665 1698
666 2625
667 2122
668 2031
669 2621
670 2758
671 2013
672 1967
673 2330
674 2725
675 1413
676 1731
677 1559
678 2072
679 1728
680 1936
681 1545
682 2116
683 1737
684 1940
685 1661
686 1576
687 1489
688 1498
689 1543
690 2128
691 22240
692 1635
693 1692
694 1867
695 1702
696 2008
697 3073
698 2023
699 1725
700 1707
701 2543
702 3893
703 2694
704 1604
705 1806
706 1873
707 2281
708 1215
709 1481
710 1895
711 1950
712 1493
713 1583
714 7361
715 1271
716 2395
717 1545
718 1738
719 1923
720 3151
721 1469
722 1337
723 1147
724 1227
725 1073
726 1696
727 1490
728 1474
729 1990
730 1710
731 1219
732 1243
733 1306
734 1235
735 1855
736 1107
737 1681
738 1756
739 1796
740 874
741 2171
742 1328
743 1877
744 927
745 1501
746 4157
747 3000
748 1198
749 1375
750 3788
751 1199
752 6057
753 2000
754 2406
755 1456
756 1222
757 1232
758 2060
759 1756
760 1387
761 5271
762 2495
763 2144
764 3779
765 1744
766 2153
767 1601
768 1309
769 1619
770 4446
771 1500
772 854
773 2428
774 2084
775 1544
776 876
777 2524
778 2617
779 1394
780 1493
781 1296
782 2988
783 1209
784 798
785 1029
786 3165
787 1630
788 1370
789 915
790 1954
791 738
792 1066
793 857
794 1976
795 685
796 767
797 1121
798 2228
799 1116
800 1255
801 1265
802 1708
803 1070
804 1404
805 1255
806 1505
807 878
808 878
809 1120
810 1609
811 1179
812 742
813 1584
814 2658
815 832
816 730
817 1312
818 1519
819 1547
820 2735
821 780
822 1163
823 959
824 961
825 943
826 1800
827 685
828 741
829 943
830 1532
831 1597
832 1220
833 2499
834 1047
835 632
836 672
837 1031
838 861
839 1622
840 1889
841 4430
842 5205
843 3443
844 12702
845 1276
846 2012
847 629
848 1021
849 723
850 3172
851 3175
852 932
853 690
854 1226
855 999
856 677
857 698
858 1751
859 1166
860 587
861 600
862 5580
863 730
864 938
865 1599
866 1264
867 897
868 1561
869 1028
870 555
871 483
872 436
873 1310
874 1217
875 926
876 21503
877 950
878 729
879 31209
880 414
881 918
882 728
883 601
884 595
885 806
886 1135
887 699
888 677
889 1081
890 825
891 14237
892 479
893 1408
894 723
895 736
896 884
897 803
898 1535
899 608
900 797
901 549
902 655
903 374
904 1907
905 653
906 1633
907 736
908 1215
909 698
910 687
911 10372
912 364
913 705
914 7326
915 1395
916 641
917 649
918 701
919 862
920 721
921 5085
922 1650
923 750
924 768
925 520
926 478
927 391
928 587
929 739
930 1189
931 535
932 491
933 1134
934 892
935 786
936 1067
937 648
938 1025
939 556
940 632
941 552
942 535
943 442
944 505
945 973
946 3413
947 456
948 452
949 625
950 612
951 639
952 487
953 2080
954 1050
955 1559
956 384
957 5819
958 672
959 1042
960 352
961 821
962 562
963 482
964 693
965 1324
966 495
967 731
968 577
969 882
970 680
971 423
972 377
973 924
974 1096
975 693
976 523
977 974
978 1131
979 738
980 489
981 1233
982 510
983 3199
984 823
985 955
986 1747
987 5242
988 299
989 1124
990 581
991 1029
992 598
993 1737
994 682
995 1426
996 551
997 745
998 485
999 697
1000 1452
1001 995
1002 826
1003 375
1004 576
1005 515
1006 561
1007 959
1008 854
1009 694
1010 663
1011 474
1012 676
1013 939
1014 519
1015 537
1016 1400
1017 628
1018 1836
1019 980
1020 573
1021 605
1022 748
1023 1158
1024 539
1025 543
1026 991
1027 619
1028 360
1029 651
1030 429
1031 645
1032 808
1033 504
1034 946
1035 381
1036 449
1037 831
1038 1182
1039 320
1040 353
1041 451
1042 749
1043 809
1044 765
1045 504
1046 1965
1047 495
1048 740
1049 452
1050 2265
1051 516
1052 772
1053 912
1054 905
1055 715
1056 378
1057 6148
1058 1205
1059 557
1060 413
1061 795
1062 387
1063 1650
1064 354
1065 4667
1066 631
1067 3770
1068 546
1069 659
1070 415
1071 778
1072 613
1073 518
1074 532
1075 467
1076 669
1077 592
1078 401
1079 349
1080 739
1081 400
1082 686
1083 457
1084 863
1085 298
1086 697
1087 1289
1088 514
1089 276
1090 946
1091 573
1092 7894
1093 506
1094 482
1095 1206
1096 709
1097 394
1098 705
1099 428
1100 373
1101 350
1102 467
1103 389
1104 530
1105 1219
1106 665
1107 439
1108 715
1109 431
1110 636
1111 633
1112 369
1113 425
1114 844
1115 379
1116 651
1117 841
1118 677
1119 766
1120 382
1121 2028
1122 501
1123 325
1124 367
1125 352
1126 970
1127 681
1128 608
1129 354
1130 797
1131 920
1132 456
1133 600
1134 780
1135 875
1136 437
1137 491
1138 845
1139 790
1140 2287
1141 653
1142 1107
1143 1551
1144 681
1145 1027
1146 667
1147 891
1148 1244
1149 716
1150 605
1151 889
1152 1167
1153 532
1154 1046
1155 604
1156 493
1157 763
1158 742
1159 2643
1160 2990
1161 813
1162 2331
1163 999
1164 613
1165 1172
1166 2463
1167 1224
1168 883
1169 1203
1170 932
1171 639
1172 723
1173 635
1174 1233
1175 4124
1176 680
1177 669
1178 1373
1179 1350
1180 1357
1181 1274
1182 1297
1183 1018
1184 1902
1185 5316
1186 15597
1187 2030
1188 1397
1189 8218
1190 1922
1191 1546
1192 683
1193 1037
1194 2505
1195 1226
1196 1418
1197 2117
1198 998
1199 1367
1200 1019
1201 1127
1202 2656
1203 795
1204 1394
1205 1469
1206 1782
1207 1159
1208 1263
1209 717
1210 876
1211 801
1212 1330
1213 1389
1214 1420
1215 1085
1216 976
1217 1447
1218 1689
1219 1736
1220 4565
1221 1491
1222 2787
1223 928
1224 998
1225 1066
1226 1925
1227 2925
1228 1289
1229 1540
1230 6369
1231 2072
1232 1040
1233 1022
1234 2346
1235 941
1236 1742
1237 1255
1238 995
1239 1826
1240 1186
1241 1291
1242 1235
1243 787
1244 840
1245 1068
1246 1058
1247 789
1248 812
1249 1029
1250 1641
1251 1060
1252 2590
1253 1540
1254 3486
1255 1286
1256 1738
1257 742
1258 1044
1259 1781
1260 1700
1261 774
1262 1218
1263 916
1264 1334
1265 1297
1266 5511
1267 3443
1268 903
1269 790
1270 2615
1271 1446
1272 1097
1273 927
1274 1383
1275 4372
1276 1886
1277 2023
1278 995
1279 4373
1280 1330
1281 1352
1282 1256
1283 1297
1284 936
1285 966
1286 1528
1287 1372
1288 834
1289 903
1290 964
1291 1853
1292 683
1293 1367
1294 9590
1295 975
1296 1565
1297 6951
1298 1307
1299 1032
1300 1464
1301 4233
1302 1353
1303 3356
1304 691
1305 1038
1306 2296
1307 990
1308 945
1309 1308
1310 1422
1311 1404
1312 1014
1313 904
1314 91494
1315 2689
1316 883
1317 1858
1318 955
1319 1452
1320 913
1321 1208
1322 1197
1323 1169
1324 1217
1325 661
1326 854
1327 3427
1328 1134
1329 1635
1330 1332
1331 1213
1332 3841
1333 2023
1334 1702
1335 1408
1336 1267
1337 761
1338 1473
1339 1161
1340 966
1341 1589
1342 3119
1343 958
1344 692
1345 1026
1346 2231
1347 2370
1348 827
1349 2642
1350 1705
1351 1345
1352 1342
1353 2214
1354 20471
1355 1156
1356 3513
1357 3057
1358 2212
1359 3310
1360 4296
1361 1398
1362 1768
1363 5454
1364 1166
1365 625
1366 1550
1367 639
1368 1251
1369 663
1370 1418
1371 870
1372 854
1373 956
1374 6378
1375 3057
1376 5473
1377 1660
1378 2440
1379 1951
1380 6077
1381 969
1382 633
1383 1134
1384 2285
1385 1457
1386 2712
1387 749
1388 4364
1389 1190
1390 3135
1391 1102
1392 1549
1393 852
1394 2742
1395 1020
1396 4010
1397 776
1398 823
1399 1029
1400 1507
1401 1037
1402 1348
1403 1351
1404 17612
1405 1667
1406 5076
1407 1772
1408 2779
1409 2578
1410 2113
1411 1002
1412 2038
1413 821
1414 277416
1415 869
1416 1478
1417 1840
1418 4026
1419 1957
1420 843
1421 793
1422 4333
1423 723
1424 16929
1425 763
1426 46656
1427 3441
1428 581
1429 1024
1430 5251
1431 739
1432 703
1433 764
1434 1170536
1435 2250
1436 2806
1437 1581
1438 1716
1439 820
1440 27876
1441 1171
1442 1335476
1443 574
1444 10397
1445 686
1446 8629
1447 907
1448 10728
1449 672
1450 2169
1451 884
1452 8020
1453 928
1454 2862779
1455 1248
1456 7372
1457 2102
1458 3848
1459 1176
1460 1503
1461 575
1462 38927
1463 1385
1464 3012975
1465 944
1466 186016
1467 1038
1468 556404
1469 743
1470 10063
1471 977
1472 5527
1473 1198
1474 65072
1475 511
1476 2069
1477 549
1478 1452
1479 3228
1480 2537
1481 1163
1482 7285
1483 721
1484 298240
1485 630
1486 8485
1487 1610
1488 708
1489 2034
1490 6610
1491 2227
1492 805
1493 726
1494 158585
1495 816
1496 2659
1497 532
1498 11448
1499 1756
1500 2223
1501 624
1502 22255
1503 1036
1504 1818
1505 639
1506 1251493
1507 1078
1508 750
1509 844
1510 243667
1511 589
1512 3326
1513 3223
1514 42688739
1515 0
1516 0
1517 0
1518 0
1519 0
1520 0
1521 0
1522 0
1523 0
1524 0
1525 0
1526 0
1527 0
1528 0
1529 0
1530 0
1531 0
1532 0
1533 0
1534 0
1535 0
1536 0
1537 0
1538 0
1539 0
1540 0
1541 0
1542 0
1543 0
1544 0
1545 0
1546 0
1547 0
1548 0
1549 0
1550 0
1551 0
1552 0
1553 0
1554 0
1555 0
1556 0
1557 0
1558 0
1559 0
1560 0
1561 0
1562 0
1563 0
1564 0
1565 0
1566 0
1567 0
1568 0
1569 0
1570 0
1571 0
1572 0
1573 0
1574 0
1575 0
1576 0
1577 0
1578 0
1579 0
1580 0
1581 0
1582 0
1583 0
1584 0
1585 0
1586 0
1587 0
1588 0
1589 0
1590 0
1591 0
1592 0
1593 0
1594 0
1595 0
1596 0
1597 0
1598 0
1599 0
